Log file open, 09/01/17 00:48:56
LogInit:Display: Running engine for game: Postwar
LogPlatformFile: Not using cached read wrapper
LogInit:Display: RandInit(1465429340) SRandInit(1465429340).
LogTaskGraph: Started task graph with 5 named threads and 8 total threads with 1 sets of task threads.
LogStats: Stats thread started at 0.094043
LogInit: Using libcurl 7.47.1
LogInit:  - built for x86_64-pc-win32
LogInit:  - supports SSL with OpenSSL/1.0.2g
LogInit:  - supports HTTP deflate (compression) using libz 1.2.8
LogInit:  - other features:
LogInit:      CURL_VERSION_SSL
LogInit:      CURL_VERSION_LIBZ
LogInit:      CURL_VERSION_IPV6
LogInit:      CURL_VERSION_ASYNCHDNS
LogInit:      CURL_VERSION_LARGEFILE
LogInit:      CURL_VERSION_IDN
LogInit:  CurlRequestOptions (configurable via config and command line):
LogInit:  - bVerifyPeer = false  - Libcurl will NOT verify peer certificate
LogInit:  - bUseHttpProxy = false  - Libcurl will NOT use HTTP proxy
LogInit:  - bDontReuseConnections = false  - Libcurl will reuse connections
LogInit:  - CertBundlePath = nullptr  - Libcurl will use whatever was configured at build time.
LogInit: Build: ++UE4+Release-4.16-CL-3514769
LogInit: Engine Version: 4.16.2-3514769+++UE4+Release-4.16
LogInit: Compatible Engine Version: 4.16.0-3452394+++UE4+Release-4.16
LogInit: Net CL: 3452394
LogDevObjectVersion: Number of dev versions registered: 16
LogDevObjectVersion:   Dev-Blueprints (B0D832E4-1F89-4F0D-ACCF-7EB736FD4AA2): 9
LogDevObjectVersion:   Dev-Build (E1C64328-A22C-4D53-A36C-8E866417BD8C): 0
LogDevObjectVersion:   Dev-Core (375EC13C-06E4-48FB-B500-84F0262A717E): 2
LogDevObjectVersion:   Dev-Editor (E4B068ED-F494-42E9-A231-DA0B2E46BB41): 17
LogDevObjectVersion:   Dev-Framework (CFFC743F-43B0-4480-9391-14DF171D2073): 23
LogDevObjectVersion:   Dev-Mobile (B02B49B5-BB20-44E9-A304-32B752E40360): 0
LogDevObjectVersion:   Dev-Networking (A4E4105C-59A1-49B5-A7C5-40C4547EDFEE): 0
LogDevObjectVersion:   Dev-Online (39C831C9-5AE6-47DC-9A44-9C173E1C8E7C): 0
LogDevObjectVersion:   Dev-Physics (78F01B33-EBEA-4F98-B9B4-84EACCB95AA2): 0
LogDevObjectVersion:   Dev-Platform (6631380F-2D4D-43E0-8009-CF276956A95A): 0
LogDevObjectVersion:   Dev-Rendering (12F88B9F-8875-4AFC-A67C-D90C383ABD29): 15
LogDevObjectVersion:   Dev-Sequencer (7B5AE74C-D270-4C10-A958-57980B212A5A): 4
LogDevObjectVersion:   Dev-VR (D7296918-1DD6-4BDD-9DE2-64A83CC13884): 0
LogDevObjectVersion:   Dev-LoadTimes (C2A15278-BFE7-4AFE-6C17-90FF531DF755): 1
LogDevObjectVersion:   Private-Geometry (6EACA3D4-40EC-4CC1-B786-8BED09428FC5): 1
LogDevObjectVersion:   Dev-AnimPhys (29E575DD-E0A3-4627-9D10-D276232CDCEA): 3
LogInit: Compiled (64-bit): Jun 29 2017 02:03:24
LogInit: Compiled with Visual C++: 19.00.24215.01
LogInit: Build Configuration: Development
LogInit: Branch Name: ++UE4+Release-4.16
LogInit: Command line:  
LogInit: Base directory: D:/Program Files/Epic Games/UE_4.16/Engine/Binaries/Win64/
LogInit: Installed Engine Build: 1
LogInit: Presizing for max 8388607 objects, including 0 objects not considered by GC, pre-allocating 0 bytes for permanent pool.
LogInit: Object subsystem initialized
[2017.08.31-22.48.57:000][  0]LogInit: Selected Device Profile: [Windows]
[2017.08.31-22.48.57:000][  0]LogInit: Applying CVar settings loaded from the selected device profile: [Windows]
[2017.08.31-22.48.57:008][  0]LogInit: Computer: DESKTOP-T9NOKQO
[2017.08.31-22.48.57:008][  0]LogInit: User: cripe
[2017.08.31-22.48.57:008][  0]LogInit: CPU Page size=4096, Cores=4
[2017.08.31-22.48.57:008][  0]LogInit: High frequency timer resolution =2.435775 MHz
[2017.08.31-22.48.57:008][  0]LogMemory: Memory total: Physical=15.9GB (16GB approx)
[2017.08.31-22.48.57:008][  0]LogMemory: Platform Memory Stats for Windows
[2017.08.31-22.48.57:008][  0]LogMemory: Process Physical Memory: 273.58 MB used, 273.58 MB peak
[2017.08.31-22.48.57:008][  0]LogMemory: Process Virtual Memory: 263.23 MB used, 263.23 MB peak
[2017.08.31-22.48.57:008][  0]LogMemory: Physical Memory: 4960.04 MB used,  11343.10 MB free, 16303.14 MB total
[2017.08.31-22.48.57:008][  0]LogMemory: Virtual Memory: 626.64 MB used,  11343.10 MB free, 134217728.00 MB total
[2017.08.31-22.48.57:067][  0]LogInit: Overriding language with editor language configuration option (en).
[2017.08.31-22.48.57:067][  0]LogInit: Overriding locale with editor locale configuration option (en).
[2017.08.31-22.48.58:076][  0]LogD3D11RHI: D3D11 adapters:
[2017.08.31-22.48.58:711][  0]LogD3D11RHI:    0. 'NVIDIA GeForce GTX 860M' (Feature Level 11_0)
[2017.08.31-22.48.58:711][  0]LogD3D11RHI:       2017/0/8151 MB DedicatedVideo/DedicatedSystem/SharedSystem, Outputs:2, VendorId:0x10de
[2017.08.31-22.48.58:719][  0]LogD3D11RHI:    1. 'Intel(R) HD Graphics 4600' (Feature Level 11_0)
[2017.08.31-22.48.58:719][  0]LogD3D11RHI:       112/0/2048 MB DedicatedVideo/DedicatedSystem/SharedSystem, Outputs:0, VendorId:0x8086
[2017.08.31-22.48.58:721][  0]LogD3D11RHI:    2. 'Microsoft Basic Render Driver' (Feature Level 11_0)
[2017.08.31-22.48.58:721][  0]LogD3D11RHI:       0/0/8151 MB DedicatedVideo/DedicatedSystem/SharedSystem, Outputs:0, VendorId:0x1414
[2017.08.31-22.48.58:721][  0]LogD3D11RHI: Chosen D3D11 Adapter: 0
[2017.08.31-22.48.58:727][  0]LogD3D11RHI: Creating new Direct3DDevice
[2017.08.31-22.48.58:727][  0]LogD3D11RHI:     GPU DeviceId: 0x119a (for the marketing name, search the web for "GPU Device Id")
[2017.08.31-22.48.58:727][  0]LogWindows: EnumDisplayDevices:
[2017.08.31-22.48.58:727][  0]LogWindows:    0. 'Intel(R) HD Graphics 4600' (P:1 D:1)
[2017.08.31-22.48.58:727][  0]LogWindows:    1. 'Intel(R) HD Graphics 4600' (P:0 D:1)
[2017.08.31-22.48.58:727][  0]LogWindows:    2. 'Intel(R) HD Graphics 4600' (P:0 D:0)
[2017.08.31-22.48.58:727][  0]LogWindows: DebugString: PrimaryIsNotTheChoosenAdapter PrimaryIsNotTheChoosenAdapter PrimaryIsNotTheChoosenAdapter FoundDriverCount:0 
[2017.08.31-22.48.58:727][  0]LogD3D11RHI:     Adapter Name: NVIDIA GeForce GTX 860M
[2017.08.31-22.48.58:727][  0]LogD3D11RHI:   Driver Version: Unknown (internal:Unknown, unified:Unknown)
[2017.08.31-22.48.58:727][  0]LogD3D11RHI:      Driver Date: Unknown
[2017.08.31-22.48.58:727][  0]LogRHI: Texture pool is 1361 MB (70% of 1945 MB)
[2017.08.31-22.48.59:286][  0]LogD3D11RHI: Async texture creation enabled
[2017.08.31-22.48.59:306][  0]LogD3D11RHI: GPU Timing Frequency: 1000.000000 (Debug: 2 2)
[2017.08.31-22.48.59:307][  0]LogShaderCompilers: Guid format shader working directory is 5 characters bigger than the processId version (E:/Usuario/Ruben/UNIVERSIDAD/TFG/Postwar/Intermediate/Shaders/WorkingDirectory/11468/).
[2017.08.31-22.48.59:307][  0]LogShaderCompilers: Cleaned the shader compiler working directory 'C:/Users/cripe/AppData/Local/Temp/UnrealShaderWorkingDir/9AD083DB42BA1F15E47A308669897CA0/'.
[2017.08.31-22.48.59:307][  0]LogShaderCompilers:Display: Using Local Shader Compiler.
[2017.08.31-22.49.00:840][  0]LogTemp:Display: Loaded TP AllDesktopTargetPlatform
[2017.08.31-22.49.00:894][  0]LogTemp:Display: Loaded TP MacClientTargetPlatform
[2017.08.31-22.49.00:949][  0]LogTemp:Display: Loaded TP MacNoEditorTargetPlatform
[2017.08.31-22.49.00:999][  0]LogTemp:Display: Loaded TP MacServerTargetPlatform
[2017.08.31-22.49.01:058][  0]LogTemp:Display: Loaded TP MacTargetPlatform
[2017.08.31-22.49.01:106][  0]LogTemp:Display: Loaded TP WindowsClientTargetPlatform
[2017.08.31-22.49.01:156][  0]LogTemp:Display: Loaded TP WindowsNoEditorTargetPlatform
[2017.08.31-22.49.01:207][  0]LogTemp:Display: Loaded TP WindowsServerTargetPlatform
[2017.08.31-22.49.01:251][  0]LogTemp:Display: Loaded TP WindowsTargetPlatform
[2017.08.31-22.49.01:302][  0]LogTemp:Display: Loaded TP AndroidTargetPlatform
[2017.08.31-22.49.01:356][  0]LogTemp:Display: Loaded TP Android_ASTCTargetPlatform
[2017.08.31-22.49.01:401][  0]LogTemp:Display: Loaded TP Android_ATCTargetPlatform
[2017.08.31-22.49.01:447][  0]LogTemp:Display: Loaded TP Android_DXTTargetPlatform
[2017.08.31-22.49.01:493][  0]LogTemp:Display: Loaded TP Android_ETC1TargetPlatform
[2017.08.31-22.49.01:539][  0]LogTemp:Display: Loaded TP Android_ETC2TargetPlatform
[2017.08.31-22.49.01:633][  0]LogTemp:Display: Loaded TP Android_MultiTargetPlatform
[2017.08.31-22.49.01:633][  0]LogTemp:Display: Loaded TP Android_PVRTCTargetPlatform
[2017.08.31-22.49.01:671][  0]LogTemp:Display: Loaded TP HTML5TargetPlatform
[2017.08.31-22.49.01:758][  0]LogTemp:Display: Loaded TP IOSTargetPlatform
[2017.08.31-22.49.01:786][  0]LogTemp:Display: Loaded TP TVOSTargetPlatform
[2017.08.31-22.49.01:833][  0]LogTemp:Display: Loaded TP LinuxClientTargetPlatform
[2017.08.31-22.49.01:880][  0]LogTemp:Display: Loaded TP LinuxNoEditorTargetPlatform
[2017.08.31-22.49.01:927][  0]LogTemp:Display: Loaded TP LinuxServerTargetPlatform
[2017.08.31-22.49.01:974][  0]LogTemp:Display: Loaded TP LinuxTargetPlatform
[2017.08.31-22.49.01:974][  0]LogTargetPlatformManager:Display: Building Assets For Windows
[2017.08.31-22.49.02:406][  0]LogDerivedDataCache:Display: Max Cache Size: 512 MB
[2017.08.31-22.49.02:511][  0]LogDerivedDataCache: Loaded boot cache 0.10s 90MB C:/Users/cripe/AppData/Local/UnrealEngine/4.16/DerivedDataCache/Boot.ddc.
[2017.08.31-22.49.02:511][  0]LogDerivedDataCache:Display: Loaded Boot cache: C:/Users/cripe/AppData/Local/UnrealEngine/4.16/DerivedDataCache/Boot.ddc
[2017.08.31-22.49.02:511][  0]LogDerivedDataCache: FDerivedDataBackendGraph:  Pak pak cache file E:/Usuario/Ruben/UNIVERSIDAD/TFG/Postwar/DerivedDataCache/DDC.ddp not found, will not use a pak cache.
[2017.08.31-22.49.02:511][  0]LogDerivedDataCache: Unable to find inner node Pak for hierarchical cache Hierarchy.
[2017.08.31-22.49.02:511][  0]LogDerivedDataCache: FDerivedDataBackendGraph:  CompressedPak pak cache file E:/Usuario/Ruben/UNIVERSIDAD/TFG/Postwar/DerivedDataCache/Compressed.ddp not found, will not use a pak cache.
[2017.08.31-22.49.02:511][  0]LogDerivedDataCache: Unable to find inner node CompressedPak for hierarchical cache Hierarchy.
[2017.08.31-22.49.02:530][  0]LogDerivedDataCache:Display: Pak cache opened for reading ../../../Engine/DerivedDataCache/Compressed.ddp.
[2017.08.31-22.49.02:543][  0]LogDerivedDataCache: Using Local data cache path C:/Users/cripe/AppData/Local/UnrealEngine/Common/DerivedDataCache: Writable
[2017.08.31-22.49.02:553][  0]LogMaterial: Verifying Global Shaders for PCD3D_SM5
[2017.08.31-22.49.02:554][  0]LogSlate: Using Freetype 2.6.0
[2017.08.31-22.49.02:554][  0]LogSlate: SlateFontCache - WITH_FREETYPE: 1, WITH_HARFBUZZ: 1
[2017.08.31-22.49.02:554][  0]LogSlate: SlateFontCache - WITH_FREETYPE: 1, WITH_HARFBUZZ: 1
[2017.08.31-22.49.02:902][  0]LogInit: Selected Device Profile: [Windows]
[2017.08.31-22.49.02:977][  0]LogContentStreaming: Texture pool size is 0.00 MB
[2017.08.31-22.49.03:127][  0]LogMeshUtilities: Using QuadricMeshReduction for automatic static mesh reduction
[2017.08.31-22.49.03:165][  0]LogSimplygon: Simplygon DLL not present - disabling.
[2017.08.31-22.49.03:210][  0]LogMeshUtilities: Using SimplygonSwarm for distributed automatic mesh merging
[2017.08.31-22.49.03:210][  0]LogMeshUtilities: No automatic skeletal mesh reduction module available
[2017.08.31-22.49.03:210][  0]LogMeshUtilities: No automatic mesh merging module available
[2017.08.31-22.49.03:722][  0]LogNetVersion: Postwar , NetCL: 3452394, EngineNetVer: 2, GameNetVer: 0 (Checksum: 2296384490)
[2017.08.31-22.49.03:782][  0]LogAssetRegistry: FAssetRegistry took 0.0257 seconds to start up
[2017.08.31-22.49.03:818][  0]LogPackageLocalizationCache: Processed 4 localized package path(s) for 1 prioritized culture(s) in 0.015534 seconds
[2017.08.31-22.49.03:824][  0]LogUObjectArray: 34194 objects as part of root set at end of initial load.
[2017.08.31-22.49.03:824][  0]LogUObjectAllocator: 7260416 out of 0 bytes used by permanent object pool.
[2017.08.31-22.49.03:824][  0]LogUObjectArray: CloseDisregardForGC: 0/0 objects in disregard for GC pool
[2017.08.31-22.49.03:874][  0]LogInit: WinSock: version 1.1 (2.2), MaxSocks=32767, MaxUdp=65467
[2017.08.31-22.49.06:184][  0]LogTcpMessaging: Initializing TcpMessaging bridge
[2017.08.31-22.49.06:220][  0]LogUdpMessaging: Initializing bridge on interface 0.0.0.0:0 to multicast group 230.0.0.1:6666.
[2017.08.31-22.49.06:703][  0]LogMaterial: Uniform references updated for custom material expression Custom.
[2017.08.31-22.49.07:068][  0]SourceControl: Info Source control is disabled
[2017.08.31-22.49.08:539][  0]SourceControl: Info Source control is disabled
[2017.08.31-22.49.08:582][  0]SourceControl: Info Source control is disabled
[2017.08.31-22.49.08:625][  0]SourceControl: Info Source control is disabled
[2017.08.31-22.49.09:234][  0]LogAndroidPermission: UAndroidPermissionCallbackProxy::GetInstance
[2017.08.31-22.49.09:770][  0]LogEngine: Initializing Engine...
[2017.08.31-22.49.09:771][  0]LogHMD: Failed to initialize OpenVR with code 110
[2017.08.31-22.49.09:967][  0]LogStats: UGameplayTagsManager::ConstructGameplayTagTree: Construct from data asset -  0.000 s
[2017.08.31-22.49.09:967][  0]LogStats: UGameplayTagsManager::ConstructGameplayTagTree: GameplayTagTreeChangedEvent.Broadcast -  0.000 s
[2017.08.31-22.49.10:078][  0]LogAIModule: Creating AISystem for world Untitled
[2017.08.31-22.49.10:209][  0]LogInit: XAudio2 using 'Altavoces (Realtek High Definition Audio)' : 2 channels at 48 kHz using 32 bits per sample (channel mask 0x3)
[2017.08.31-22.49.10:225][  0]LogInit: FAudioDevice initialized.
[2017.08.31-22.49.10:704][  0]LogDerivedDataCache: Saved boot cache 0.48s 90MB C:/Users/cripe/AppData/Local/UnrealEngine/4.16/DerivedDataCache/Boot.ddc.
[2017.08.31-22.49.10:715][  0]LogInit: Texture streaming: Enabled
[2017.08.31-22.49.10:793][  0]LogEngineSessionManager: EngineSessionManager initialized
[2017.08.31-22.49.11:186][  0]LogInit: Transaction tracking system initialized
[2017.08.31-22.49.11:463][  0]BlueprintLog: New page: Editor Load
[2017.08.31-22.49.12:259][  0]LocalizationService: Info Localization service is disabled
[2017.08.31-22.49.12:861][  0]LogConsoleResponse:Display: 
[2017.08.31-22.49.12:996][  0]LogCook:Display: Max memory allowance for cook 16384mb min free memory 0mb
[2017.08.31-22.49.12:996][  0]LogCook:Display: Mobile HDR setting 1
[2017.08.31-22.49.13:376][  0]LogFileCache: Scanning file cache for directory 'E:/Usuario/Ruben/UNIVERSIDAD/TFG/Postwar/Content/' took 0.03s
[2017.08.31-22.49.13:911][  0]SourceControl: Info Source control is disabled
[2017.08.31-22.49.13:911][  0]Cmd: MAP LOAD FILE="E:/Usuario/Ruben/UNIVERSIDAD/TFG/Postwar/Content/FirstPersonBP/PostWar/Niveles/MainMenu.umap" TEMPLATE=0 SHOWPROGRESS=1 FEATURELEVEL=3
[2017.08.31-22.49.13:912][  0]LightingResults: New page: Lighting Build
[2017.08.31-22.49.13:949][  0]MapCheck: New page: Map Check
[2017.08.31-22.49.13:949][  0]LightingResults: New page: Lighting Build
[2017.08.31-22.49.15:279][  0]LogAIModule: Creating AISystem for world MainMenu
[2017.08.31-22.49.15:279][  0]LogEditorServer: Finished looking for orphan Actors (0.000 secs)
[2017.08.31-22.49.15:307][  0]Cmd: MAP CHECKDEP NOCLEARLOG
[2017.08.31-22.49.15:380][  0]MapCheck: Info Map check complete: 0 Error(s), 0 Warning(s), took 72.982ms to complete.
[2017.08.31-22.49.15:380][  0]LogFileHelpers: Loading map 'MainMenu' took 1.469
[2017.08.31-22.49.15:547][  0]LogCollectionManager: Loaded 0 collections in 0.001928 seconds
[2017.08.31-22.49.15:625][  0]LogFileCache: Scanning file cache for directory 'E:/Usuario/Ruben/UNIVERSIDAD/TFG/Postwar/Saved/Collections/' took 0.01s
[2017.08.31-22.49.15:625][  0]LogFileCache: Scanning file cache for directory 'E:/Usuario/Ruben/UNIVERSIDAD/TFG/Postwar/Content/Developers/cripe/Collections/' took 0.01s
[2017.08.31-22.49.15:625][  0]LogFileCache: Scanning file cache for directory 'E:/Usuario/Ruben/UNIVERSIDAD/TFG/Postwar/Content/Collections/' took 0.01s
[2017.08.31-22.49.15:625][  0]LogCollectionManager: Rebuilt the GUID cache for 0 collections in 0.000002 seconds
[2017.08.31-22.49.15:635][  0]LogContentBrowser: Native class hierarchy populated in 0.0091 seconds. Added 2329 classes and 491 folders.
[2017.08.31-22.49.15:689][  0]LogContentBrowser: Native class hierarchy updated for 'WidgetCarousel' in 0.0006 seconds. Added 0 classes and 0 folders.
[2017.08.31-22.49.15:738][  0]LogContentBrowser: Native class hierarchy updated for 'AddContentDialog' in 0.0006 seconds. Added 0 classes and 0 folders.
[2017.08.31-22.49.15:776][  0]LogContentBrowser: Native class hierarchy updated for 'SceneOutliner' in 0.0006 seconds. Added 1 classes and 2 folders.
[2017.08.31-22.49.15:860][  0]LogCrashTracker: Crashtracker disabled due to settings.
[2017.08.31-22.49.15:870][  0]LogSlate: Took 0.000239 seconds to synchronously load lazily loaded font '../../../Engine/Content/Slate/Fonts/Roboto-Regular.ttf' (155K)
[2017.08.31-22.49.15:873][  0]LogSlate: Took 0.000280 seconds to synchronously load lazily loaded font '../../../Engine/Content/Slate/Fonts/Roboto-Bold.ttf' (160K)
[2017.08.31-22.49.15:877][  0]LogSlate: Took 0.000297 seconds to synchronously load lazily loaded font '../../../Engine/Content/Editor/Slate/Fonts/FontAwesome.ttf' (139K)
[2017.08.31-22.49.16:001][  0]LogRenderer: Reallocating scene render targets to support 1248x680 NumSamples 1 (Frame:1).
[2017.08.31-22.49.16:130][  0]LogUObjectGlobals:Warning: Failed to find object 'Class None.'
[2017.08.31-22.49.16:195][  0]LogContentBrowser: Native class hierarchy updated for 'HierarchicalLODOutliner' in 0.0010 seconds. Added 1 classes and 2 folders.
[2017.08.31-22.49.16:195][  0]LogLoad: (Engine Initialization) Total time: 20.83 seconds
[2017.08.31-22.49.16:195][  0]LogLoad: (Engine Initialization) Total Blueprint compile time: 0.50 seconds
[2017.08.31-22.49.16:195][  0]LogExternalProfiler: Found external profiler: VSPerf
[2017.08.31-22.49.16:195][  0]LogExternalProfiler: Using external profiler: VSPerf
[2017.08.31-22.49.16:536][  0]LogOcInput: OculusInput pre-init called
[2017.08.31-22.49.16:536][  0]LogHMD: Starting GearVRController plugin
[2017.08.31-22.49.16:573][  0]LogContentStreaming: Texture pool size now 1000 MB
[2017.08.31-22.49.16:626][  0]LogSlate: Took 0.000626 seconds to synchronously load lazily loaded font '../../../Engine/Content/Slate/Fonts/Roboto-Light.ttf' (159K)
[2017.08.31-22.49.17:214][  2]LogAssetRegistry: Asset discovery search completed in 13.4531 seconds
[2017.08.31-22.49.17:217][  2]LogCollectionManager: Rebuilt the object cache for 0 collections in 0.000001 seconds (found 0 objects)
[2017.08.31-22.49.17:217][  2]LogCollectionManager: Fixed up redirectors for 0 collections in 0.000031 seconds (updated 0 objects)
[2017.08.31-22.49.17:549][  3]LogSlate: Took 0.000262 seconds to synchronously load lazily loaded font '../../../Engine/Content/Slate/Fonts/Roboto-Light.ttf' (159K)
[2017.08.31-22.49.22:202][ 17]LogFileCache: Retrieving MD5 hashes for directory 'E:/Usuario/Ruben/UNIVERSIDAD/TFG/Postwar/Content/' took 5.65s
[2017.08.31-22.49.32:703][232]LogSlate: Took 0.000268 seconds to synchronously load lazily loaded font '../../../Engine/Content/Slate/Fonts/Roboto-Light.ttf' (159K)
[2017.08.31-22.49.33:111][232]LogContentBrowser: Native class hierarchy updated for 'BlueprintGraph' in 0.0010 seconds. Added 112 classes and 0 folders.
[2017.08.31-22.49.33:703][232]LogSlate: Took 0.000251 seconds to synchronously load lazily loaded font '../../../Engine/Content/Slate/Fonts/Roboto-Regular.ttf' (155K)
[2017.08.31-22.49.33:790][232]LogSlate: Took 0.000286 seconds to synchronously load lazily loaded font '../../../Engine/Content/Editor/Slate/Fonts/Roboto-BoldCondensed.ttf' (158K)
[2017.08.31-22.49.36:949][266]LogSlate: Took 0.000285 seconds to synchronously load lazily loaded font '../../../Engine/Content/Editor/Slate/Fonts/Roboto-Italic.ttf' (157K)
[2017.08.31-22.58.06:139][459]BlueprintLog: New page: Compile Partida
[2017.08.31-22.58.07:899][466]Cmd: OBJ SAVEPACKAGE PACKAGE="/Game/FirstPersonBP/PostWar/IA/Partida" FILE="E:/Usuario/Ruben/UNIVERSIDAD/TFG/Postwar/Content/FirstPersonBP/PostWar/IA/Partida.uasset" SILENT=true
[2017.08.31-22.58.07:992][466]LogSavePackage: Save=82.84ms
[2017.08.31-22.58.07:992][466]LogSavePackage: Moving 'E:/Usuario/Ruben/UNIVERSIDAD/TFG/Postwar/Saved/Partida8C575DFE412C695CCDCCCEB369030F1E.tmp' to 'E:/Usuario/Ruben/UNIVERSIDAD/TFG/Postwar/Content/FirstPersonBP/PostWar/IA/Partida.uasset'
[2017.08.31-22.58.07:995][466]LogSavePackage:Display: Finished SavePackage E:/Usuario/Ruben/UNIVERSIDAD/TFG/Postwar/Content/FirstPersonBP/PostWar/IA/Partida.uasset
[2017.08.31-22.59.44:009][146]LogFileHelpers: Editor autosave (incl. sublevels) for '/Game/FirstPersonBP/PostWar/Niveles/MainMenu' took 0.020
[2017.08.31-22.59.44:011][146]OBJ SavePackage: Generating thumbnails for [0] asset(s) in package [/Game/FirstPersonBP/PostWar/IA/Partida] ([1] browsable assets)...
[2017.08.31-22.59.44:011][146]OBJ SavePackage: Finished generating thumbnails for package [/Game/FirstPersonBP/PostWar/IA/Partida]
[2017.08.31-22.59.44:102][146]LogSavePackage: Save=82.32ms
[2017.08.31-22.59.44:102][146]LogSavePackage: Moving 'E:/Usuario/Ruben/UNIVERSIDAD/TFG/Postwar/Saved/Partida_Auto1EAB664214FBF9D7F6481189F0C3C5EB7.tmp' to 'E:/Usuario/Ruben/UNIVERSIDAD/TFG/Postwar/Saved/Autosaves/Game/FirstPersonBP/PostWar/IA/Partida_Auto1.uasset'
[2017.08.31-22.59.44:104][146]LogSavePackage:Display: Finished SavePackage E:/Usuario/Ruben/UNIVERSIDAD/TFG/Postwar/Saved/Autosaves/Game/FirstPersonBP/PostWar/IA/Partida_Auto1.uasset
[2017.08.31-22.59.44:105][146]OBJ SavePackage: Generating thumbnails for [0] asset(s) in package [/Game/FirstPersonBP/PostWar/IA/ZonaBP] ([1] browsable assets)...
[2017.08.31-22.59.44:105][146]OBJ SavePackage: Finished generating thumbnails for package [/Game/FirstPersonBP/PostWar/IA/ZonaBP]
[2017.08.31-22.59.46:788][146]LogSavePackage: Save=2673.22ms
[2017.08.31-22.59.46:788][146]LogSavePackage: Moving 'E:/Usuario/Ruben/UNIVERSIDAD/TFG/Postwar/Saved/ZonaBP_Auto1723C60F64E08AB935258A3B2782F2DD7.tmp' to 'E:/Usuario/Ruben/UNIVERSIDAD/TFG/Postwar/Saved/Autosaves/Game/FirstPersonBP/PostWar/IA/ZonaBP_Auto1.uasset'
[2017.08.31-22.59.46:825][146]LogSavePackage:Display: Finished SavePackage E:/Usuario/Ruben/UNIVERSIDAD/TFG/Postwar/Saved/Autosaves/Game/FirstPersonBP/PostWar/IA/ZonaBP_Auto1.uasset
[2017.08.31-22.59.46:825][146]LogFileHelpers: Auto-saving content packages took 2.814
[2017.08.31-23.09.04:754][813]LogRenderer: Reallocating scene render targets to support 1260x680 NumSamples 1 (Frame:15925).
[2017.08.31-23.11.16:709][416]LogHttp:Warning: 000001F894510E80: request failed, libcurl error: 6 (Couldn't resolve host name)
[2017.08.31-23.11.16:709][416]LogHttp:Warning: 000001F894510E80: libcurl info message cache 0 (Connection 6 seems to be dead!)
[2017.08.31-23.11.16:709][416]LogHttp:Warning: 000001F894510E80: libcurl info message cache 1 (Closing connection 6)
[2017.08.31-23.11.16:709][416]LogHttp:Warning: 000001F894510E80: libcurl info message cache 2 (TLSv1.2 (OUT), TLS alert, Client hello (1):)
[2017.08.31-23.11.16:709][416]LogHttp:Warning: 000001F894510E80: libcurl info message cache 3 (Could not resolve host: datarouter.ol.epicgames.com)
[2017.08.31-23.11.16:709][416]LogHttp:Warning: 000001F894510E80: libcurl info message cache 4 (Closing connection 7)
[2017.08.31-23.12.17:042][597]LogHttp:Warning: 000001F894513100: request failed, libcurl error: 6 (Couldn't resolve host name)
[2017.08.31-23.12.17:042][597]LogHttp:Warning: 000001F894513100: libcurl info message cache 0 (Could not resolve host: datarouter.ol.epicgames.com)
[2017.08.31-23.12.17:042][597]LogHttp:Warning: 000001F894513100: libcurl info message cache 1 (Closing connection 8)
[2017.08.31-23.19.11:185][ 16]LogFileHelpers: Editor autosave (incl. sublevels) for '/Game/FirstPersonBP/PostWar/Niveles/MainMenu' took 0.022
[2017.08.31-23.19.11:187][ 16]OBJ SavePackage: Generating thumbnails for [0] asset(s) in package [/Game/FirstPersonBP/PostWar/IA/ZonaBP] ([1] browsable assets)...
[2017.08.31-23.19.11:187][ 16]OBJ SavePackage: Finished generating thumbnails for package [/Game/FirstPersonBP/PostWar/IA/ZonaBP]
[2017.08.31-23.19.13:844][ 16]LogSavePackage: Save=24.29ms
[2017.08.31-23.19.13:844][ 16]LogSavePackage: Moving 'E:/Usuario/Ruben/UNIVERSIDAD/TFG/Postwar/Saved/ZonaBP_Auto274F438C844DA41B1411105A7F7F249D5.tmp' to 'E:/Usuario/Ruben/UNIVERSIDAD/TFG/Postwar/Saved/Autosaves/Game/FirstPersonBP/PostWar/IA/ZonaBP_Auto2.uasset'
[2017.08.31-23.19.13:845][ 16]LogSavePackage:Display: Finished SavePackage E:/Usuario/Ruben/UNIVERSIDAD/TFG/Postwar/Saved/Autosaves/Game/FirstPersonBP/PostWar/IA/ZonaBP_Auto2.uasset
[2017.08.31-23.19.13:845][ 16]LogFileHelpers: Auto-saving content packages took 2.660
[2017.08.31-23.22.38:329][940]BlueprintLog: New page: Compile ZonaBP
[2017.08.31-23.22.38:921][967]Cmd: OBJ SAVEPACKAGE PACKAGE="/Game/FirstPersonBP/PostWar/IA/ZonaBP" FILE="E:/Usuario/Ruben/UNIVERSIDAD/TFG/Postwar/Content/FirstPersonBP/PostWar/IA/ZonaBP.uasset" SILENT=true
[2017.08.31-23.22.41:597][967]LogSavePackage: Save=2667.21ms
[2017.08.31-23.22.41:597][967]LogSavePackage: Moving 'E:/Usuario/Ruben/UNIVERSIDAD/TFG/Postwar/Saved/ZonaBPF3E4B0C04A68A9C4EABEB78632946719.tmp' to 'E:/Usuario/Ruben/UNIVERSIDAD/TFG/Postwar/Content/FirstPersonBP/PostWar/IA/ZonaBP.uasset'
[2017.08.31-23.22.41:601][967]LogSavePackage:Display: Finished SavePackage E:/Usuario/Ruben/UNIVERSIDAD/TFG/Postwar/Content/FirstPersonBP/PostWar/IA/ZonaBP.uasset
[2017.08.31-23.22.49:127][407]LogActorComponent: UnregisterComponent: (/Engine/Transient.EditorFloorComp) Not registered. Aborting.
[2017.08.31-23.24.12:761][670]LogEditorTransaction: Undo Move Nodes
[2017.08.31-23.24.13:119][688]LogEditorTransaction: Undo Move Nodes
[2017.08.31-23.24.13:342][699]LogEditorTransaction: Undo Move Nodes
[2017.08.31-23.24.14:436][763]LogEditorTransaction: Undo Break Pin Link
[2017.08.31-23.24.16:417][878]BlueprintLog: New page: Compile Partida
[2017.08.31-23.24.17:039][903]Cmd: OBJ SAVEPACKAGE PACKAGE="/Game/FirstPersonBP/PostWar/IA/Partida" FILE="E:/Usuario/Ruben/UNIVERSIDAD/TFG/Postwar/Content/FirstPersonBP/PostWar/IA/Partida.uasset" SILENT=true
[2017.08.31-23.24.17:134][903]LogSavePackage: Save=84.84ms
[2017.08.31-23.24.17:134][903]LogSavePackage: Moving 'E:/Usuario/Ruben/UNIVERSIDAD/TFG/Postwar/Saved/PartidaD8A43B984ED3DDE1C404379E24F6DB8A.tmp' to 'E:/Usuario/Ruben/UNIVERSIDAD/TFG/Postwar/Content/FirstPersonBP/PostWar/IA/Partida.uasset'
[2017.08.31-23.24.17:137][903]LogSavePackage:Display: Finished SavePackage E:/Usuario/Ruben/UNIVERSIDAD/TFG/Postwar/Content/FirstPersonBP/PostWar/IA/Partida.uasset
[2017.08.31-23.40.07:039][291]BlueprintLog: New page: Compile Partida
[2017.08.31-23.40.07:706][319]Cmd: OBJ SAVEPACKAGE PACKAGE="/Game/FirstPersonBP/PostWar/IA/Partida" FILE="E:/Usuario/Ruben/UNIVERSIDAD/TFG/Postwar/Content/FirstPersonBP/PostWar/IA/Partida.uasset" SILENT=true
[2017.08.31-23.40.09:846][319]LogSavePackage: Save=2128.22ms
[2017.08.31-23.40.09:846][319]LogSavePackage: Moving 'E:/Usuario/Ruben/UNIVERSIDAD/TFG/Postwar/Saved/PartidaC0B2C60949AE540E5EDCFD8BABF7996D.tmp' to 'E:/Usuario/Ruben/UNIVERSIDAD/TFG/Postwar/Content/FirstPersonBP/PostWar/IA/Partida.uasset'
[2017.08.31-23.40.09:848][319]LogSavePackage:Display: Finished SavePackage E:/Usuario/Ruben/UNIVERSIDAD/TFG/Postwar/Content/FirstPersonBP/PostWar/IA/Partida.uasset
[2017.08.31-23.42.33:642][642]LogActorComponent: UnregisterComponent: (/Engine/Transient.EditorFloorComp) Not registered. Aborting.
[2017.08.31-23.42.34:767][702]LogTemp: Repeting last play command: Selected Viewport
[2017.08.31-23.42.36:817][702]LogBlueprintUserMessages: Early PlayInEditor Detection: Level '/Game/FirstPersonBP/PostWar/Niveles/MainMenu.MainMenu:PersistentLevel' has LevelScriptBlueprint '/Game/FirstPersonBP/PostWar/Niveles/MainMenu.MainMenu:PersistentLevel.MainMenu' with GeneratedClass '/Game/FirstPersonBP/PostWar/Niveles/MainMenu.MainMenu_C' with ClassGeneratedBy '/Game/FirstPersonBP/PostWar/Niveles/MainMenu.MainMenu:PersistentLevel.MainMenu'
[2017.08.31-23.42.36:818][702]LogPlayLevel: PlayLevel: No blueprints needed recompiling
[2017.08.31-23.42.36:821][702]PIE: New page: PIE session: MainMenu (Sep 1, 2017, 3:42:36 AM)
[2017.08.31-23.42.36:821][702]LogPlayLevel: Creating play world package: /Game/FirstPersonBP/PostWar/Niveles/UEDPIE_0_MainMenu
[2017.08.31-23.42.36:824][702]LogPlayLevel: PIE: StaticDuplicateObject took: (0.002686s)
[2017.08.31-23.42.36:825][702]LogAIModule: Creating AISystem for world MainMenu
[2017.08.31-23.42.36:825][702]LogPlayLevel: PIE: World Init took: (0.000709s)
[2017.08.31-23.42.36:825][702]LogPlayLevel: PIE: Created PIE world by copying editor world from /Game/FirstPersonBP/PostWar/Niveles/MainMenu.MainMenu to /Game/FirstPersonBP/PostWar/Niveles/UEDPIE_0_MainMenu.MainMenu (0.003958s)
[2017.08.31-23.42.36:845][702]LogInit: XAudio2 using 'Altavoces (Realtek High Definition Audio)' : 2 channels at 48 kHz using 32 bits per sample (channel mask 0x3)
[2017.08.31-23.42.36:858][702]LogInit: FAudioDevice initialized.
[2017.08.31-23.42.36:904][702]LogLoad: Game class is 'MiMenuGameMode_C'
[2017.08.31-23.42.36:907][702]LogWorld: Bringing World /Game/FirstPersonBP/PostWar/Niveles/UEDPIE_0_MainMenu.MainMenu up for play (max tick rate 60) at 2017.09.01-01.42.36
[2017.08.31-23.42.36:908][702]LogWorld: Bringing up level for play took: 0.001474
[2017.08.31-23.42.36:914][702]LogSpawn:Warning: SpawnActor failed because no class was specified
[2017.08.31-23.42.36:954][702]LogContentBrowser: Native class hierarchy updated for 'MovieSceneCapture' in 0.0008 seconds. Added 11 classes and 0 folders.
[2017.08.31-23.42.36:993][702]PIE: Info Play in editor start time for /Game/FirstPersonBP/PostWar/Niveles/UEDPIE_0_MainMenu 0.495
[2017.08.31-23.42.36:994][702]LogBlueprintUserMessages: Late PlayInEditor Detection: Level '/Game/FirstPersonBP/PostWar/Niveles/MainMenu.MainMenu:PersistentLevel' has LevelScriptBlueprint '/Game/FirstPersonBP/PostWar/Niveles/MainMenu.MainMenu:PersistentLevel.MainMenu' with GeneratedClass '/Game/FirstPersonBP/PostWar/Niveles/MainMenu.MainMenu_C' with ClassGeneratedBy '/Game/FirstPersonBP/PostWar/Niveles/MainMenu.MainMenu:PersistentLevel.MainMenu'
[2017.08.31-23.42.38:111][768]LogNet: Browse: /Game/FirstPersonBP/PostWar/Niveles/Mapa
[2017.08.31-23.42.38:112][768]LogLoad: LoadMap: /Game/FirstPersonBP/PostWar/Niveles/Mapa
[2017.08.31-23.42.38:129][768]Cmd: MEM
[2017.08.31-23.42.38:147][768]LogMemory: Platform Memory Stats for Windows
[2017.08.31-23.42.38:147][768]LogMemory: Process Physical Memory: 1537.21 MB used, 1558.43 MB peak
[2017.08.31-23.42.38:147][768]LogMemory: Process Virtual Memory: 2179.86 MB used, 2378.02 MB peak
[2017.08.31-23.42.38:147][768]LogMemory: Physical Memory: 6623.81 MB used,  9679.33 MB free, 16303.14 MB total
[2017.08.31-23.42.38:147][768]LogMemory: Virtual Memory: 3048.34 MB used,  9679.33 MB free, 134217728.00 MB total
[2017.08.31-23.42.38:147][768]LogMemory: 
[2017.08.31-23.42.38:147][768]Allocator Stats for TBB: (not implemented)
[2017.08.31-23.42.44:428][768]LogMaterial: Missing cached shader map for material Metal_Galvanized, compiling. 
[2017.08.31-23.42.44:428][768]LogMaterial:Warning: Failed to compile Material /Game/FirstPersonBP/PostWar/Models/armasHabitacion/Metal_Galvanized.Metal_Galvanized for platform PCD3D_SM5, Default Material will be used in game.
[2017.08.31-23.42.44:428][768]LogMaterial:Warning: 	(Node TextureSample) TextureSample> Sampler type is Normal, should be Color for /Game/FirstPersonBP/PostWar/Models/armasHabitacion/Camo.Camo
[2017.08.31-23.42.44:827][768]LogMaterial: Missing cached shader map for material Material__386, compiling. 
[2017.08.31-23.42.44:827][768]LogMaterial:Warning: Failed to compile Material /Game/FirstPersonBP/PostWar/Models/Power-up/Material__386.Material__386 for platform PCD3D_SM5, Default Material will be used in game.
[2017.08.31-23.42.44:827][768]LogMaterial:Warning: 	(Node TextureSample) Texture Sample> Missing input texture
[2017.08.31-23.43.00:163][768]LogAIModule: Creating AISystem for world Mapa
[2017.08.31-23.43.00:163][768]LogLoad: Game class is 'FirstPersonGameMode_C'
[2017.08.31-23.43.00:277][768]LogWorld: Bringing World /Game/FirstPersonBP/PostWar/Niveles/UEDPIE_0_Mapa.Mapa up for play (max tick rate 3) at 2017.09.01-01.43.00
[2017.08.31-23.43.00:286][768]LogWorld: Bringing up level for play took: 0.121744
[2017.08.31-23.43.00:306][768]Cmd: stat fps
[2017.08.31-23.43.00:310][768]LogLoad: Took 22.198293 seconds to LoadMap(/Game/FirstPersonBP/PostWar/Niveles/Mapa)
[2017.08.31-23.43.00:345][768]LogScript:Warning: Accessed None trying to read property Equipada
	BasicAmmo_C /Engine/Transient.UnrealEdEngine_0:GameInstance_0.BasicAmmo_C_0
	Function /Game/FirstPersonBP/PostWar/HUD/BasicAmmo.BasicAmmo_C:MunicionActual:00D5
[2017.08.31-23.43.00:346][768]LogScript:Warning: Accessed None trying to read property Equipada
	BasicAmmo_C /Engine/Transient.UnrealEdEngine_0:GameInstance_0.BasicAmmo_C_0
	Function /Game/FirstPersonBP/PostWar/HUD/BasicAmmo.BasicAmmo_C:MunicionTotal:00D5
[2017.08.31-23.43.00:346][768]LogScript:Warning: Accessed None trying to read property Equipada
	BasicAmmo_C /Engine/Transient.UnrealEdEngine_0:GameInstance_0.BasicAmmo_C_0
	Function /Game/FirstPersonBP/PostWar/HUD/BasicAmmo.BasicAmmo_C:Recargando:00AB
[2017.08.31-23.43.00:409][769]LogScript:Warning: Accessed None trying to read property Equipada
	BasicAmmo_C /Engine/Transient.UnrealEdEngine_0:GameInstance_0.BasicAmmo_C_0
	Function /Game/FirstPersonBP/PostWar/HUD/BasicAmmo.BasicAmmo_C:MunicionActual:00D5
[2017.08.31-23.43.00:409][769]LogScript:Warning: Accessed None trying to read property Equipada
	BasicAmmo_C /Engine/Transient.UnrealEdEngine_0:GameInstance_0.BasicAmmo_C_0
	Function /Game/FirstPersonBP/PostWar/HUD/BasicAmmo.BasicAmmo_C:MunicionTotal:00D5
[2017.08.31-23.43.00:409][769]LogScript:Warning: Accessed None trying to read property Equipada
	BasicAmmo_C /Engine/Transient.UnrealEdEngine_0:GameInstance_0.BasicAmmo_C_0
	Function /Game/FirstPersonBP/PostWar/HUD/BasicAmmo.BasicAmmo_C:Recargando:00AB
[2017.08.31-23.43.00:734][770]LogScript:Warning: Accessed None trying to read property Equipada
	BasicAmmo_C /Engine/Transient.UnrealEdEngine_0:GameInstance_0.BasicAmmo_C_0
	Function /Game/FirstPersonBP/PostWar/HUD/BasicAmmo.BasicAmmo_C:MunicionActual:00D5
[2017.08.31-23.43.00:734][770]LogScript:Warning: Accessed None trying to read property Equipada
	BasicAmmo_C /Engine/Transient.UnrealEdEngine_0:GameInstance_0.BasicAmmo_C_0
	Function /Game/FirstPersonBP/PostWar/HUD/BasicAmmo.BasicAmmo_C:MunicionTotal:00D5
[2017.08.31-23.43.00:734][770]LogScript:Warning: Accessed None trying to read property Equipada
	BasicAmmo_C /Engine/Transient.UnrealEdEngine_0:GameInstance_0.BasicAmmo_C_0
	Function /Game/FirstPersonBP/PostWar/HUD/BasicAmmo.BasicAmmo_C:Recargando:00AB
[2017.08.31-23.43.01:060][771]LogScript:Warning: Accessed None trying to read property Equipada
	BasicAmmo_C /Engine/Transient.UnrealEdEngine_0:GameInstance_0.BasicAmmo_C_0
	Function /Game/FirstPersonBP/PostWar/HUD/BasicAmmo.BasicAmmo_C:MunicionActual:00D5
[2017.08.31-23.43.01:060][771]LogScript:Warning: Accessed None trying to read property Equipada
	BasicAmmo_C /Engine/Transient.UnrealEdEngine_0:GameInstance_0.BasicAmmo_C_0
	Function /Game/FirstPersonBP/PostWar/HUD/BasicAmmo.BasicAmmo_C:MunicionTotal:00D5
[2017.08.31-23.43.01:061][771]LogScript:Warning: Accessed None trying to read property Equipada
	BasicAmmo_C /Engine/Transient.UnrealEdEngine_0:GameInstance_0.BasicAmmo_C_0
	Function /Game/FirstPersonBP/PostWar/HUD/BasicAmmo.BasicAmmo_C:Recargando:00AB
[2017.08.31-23.43.01:388][772]LogScript:Warning: Accessed None trying to read property Equipada
	BasicAmmo_C /Engine/Transient.UnrealEdEngine_0:GameInstance_0.BasicAmmo_C_0
	Function /Game/FirstPersonBP/PostWar/HUD/BasicAmmo.BasicAmmo_C:MunicionActual:00D5
[2017.08.31-23.43.01:388][772]LogScript:Warning: Accessed None trying to read property Equipada
	BasicAmmo_C /Engine/Transient.UnrealEdEngine_0:GameInstance_0.BasicAmmo_C_0
	Function /Game/FirstPersonBP/PostWar/HUD/BasicAmmo.BasicAmmo_C:MunicionTotal:00D5
[2017.08.31-23.43.01:388][772]LogScript:Warning: Accessed None trying to read property Equipada
	BasicAmmo_C /Engine/Transient.UnrealEdEngine_0:GameInstance_0.BasicAmmo_C_0
	Function /Game/FirstPersonBP/PostWar/HUD/BasicAmmo.BasicAmmo_C:Recargando:00AB
[2017.08.31-23.43.01:721][773]LogScript:Warning: Accessed None trying to read property Equipada
	BasicAmmo_C /Engine/Transient.UnrealEdEngine_0:GameInstance_0.BasicAmmo_C_0
	Function /Game/FirstPersonBP/PostWar/HUD/BasicAmmo.BasicAmmo_C:MunicionActual:00D5
[2017.08.31-23.43.01:721][773]LogScript:Warning: Accessed None trying to read property Equipada
	BasicAmmo_C /Engine/Transient.UnrealEdEngine_0:GameInstance_0.BasicAmmo_C_0
	Function /Game/FirstPersonBP/PostWar/HUD/BasicAmmo.BasicAmmo_C:MunicionTotal:00D5
[2017.08.31-23.44.37:037][343]LogBlueprintUserMessages: [UMP_C_0] Recarga interrumpida
[2017.08.31-23.45.10:389][330]LogBlueprintUserMessages: Early EndPlayMap Detection: Level '/Game/FirstPersonBP/PostWar/Niveles/MainMenu.MainMenu:PersistentLevel' has LevelScriptBlueprint '/Game/FirstPersonBP/PostWar/Niveles/MainMenu.MainMenu:PersistentLevel.MainMenu' with GeneratedClass '/Game/FirstPersonBP/PostWar/Niveles/MainMenu.MainMenu_C' with ClassGeneratedBy '/Game/FirstPersonBP/PostWar/Niveles/MainMenu.MainMenu:PersistentLevel.MainMenu'
[2017.08.31-23.45.10:448][330]LogBlueprintUserMessages: Late EndPlayMap Detection: Level '/Game/FirstPersonBP/PostWar/Niveles/MainMenu.MainMenu:PersistentLevel' has LevelScriptBlueprint '/Game/FirstPersonBP/PostWar/Niveles/MainMenu.MainMenu:PersistentLevel.MainMenu' with GeneratedClass '/Game/FirstPersonBP/PostWar/Niveles/MainMenu.MainMenu_C' with ClassGeneratedBy '/Game/FirstPersonBP/PostWar/Niveles/MainMenu.MainMenu:PersistentLevel.MainMenu'
[2017.08.31-23.45.12:828][453]Cmd: QUIT_EDITOR
[2017.08.31-23.45.13:414][453]LogWindowsTextInputMethodSystem:Display: IME system now deactivated.
[2017.08.31-23.45.13:422][453]LogExit: Preparing to exit.
[2017.08.31-23.45.14:603][453]LogExit: Editor shut down
[2017.08.31-23.45.14:606][453]LogExit: Transaction tracking system shut down
[2017.08.31-23.45.15:201][453]LogObj: Freed 0b from 0 cluster array pools.
[2017.08.31-23.45.15:202][453]LogExit: Object subsystem successfully closed.
[2017.08.31-23.45.15:253][453]LogD3D11RHI: Shutdown
[2017.08.31-23.45.15:253][453]LogD3D11RHI: CleanupD3DDevice
[2017.08.31-23.45.15:513][453]LogD3D11RHI: ~FD3D11DynamicRHI
[2017.08.31-23.45.15:522][453]LogModuleManager: Shutting down and abandoning module MovieSceneCapture (530)
[2017.08.31-23.45.15:522][453]LogModuleManager: Shutting down and abandoning module BlueprintGraph (528)
[2017.08.31-23.45.15:522][453]LogModuleManager: Shutting down and abandoning module BlueprintProfiler (526)
[2017.08.31-23.45.15:522][453]LogModuleManager: Shutting down and abandoning module HierarchicalLODOutliner (524)
[2017.08.31-23.45.15:522][453]LogModuleManager: Shutting down and abandoning module CrashTracker (522)
[2017.08.31-23.45.15:522][453]LogModuleManager: Shutting down and abandoning module SceneOutliner (520)
[2017.08.31-23.45.15:522][453]LogModuleManager: Shutting down and abandoning module AddContentDialog (518)
[2017.08.31-23.45.15:522][453]LogDirectoryWatcher: A directory notification for 'D:/Program Files/Epic Games/UE_4.16/FeaturePacks/' was aborted.
[2017.08.31-23.45.15:523][453]LogModuleManager: Shutting down and abandoning module WidgetCarousel (517)
[2017.08.31-23.45.15:523][453]LogModuleManager: Shutting down and abandoning module EditorWidgets (514)
[2017.08.31-23.45.15:523][453]LogModuleManager: Shutting down and abandoning module CollectionManager (512)
[2017.08.31-23.45.15:523][453]LogDirectoryWatcher: A directory notification for 'E:/Usuario/Ruben/UNIVERSIDAD/TFG/Postwar/Content/Collections/' was aborted.
[2017.08.31-23.45.15:523][453]LogDirectoryWatcher: A directory notification for 'E:/Usuario/Ruben/UNIVERSIDAD/TFG/Postwar/Content/Developers/cripe/Collections/' was aborted.
[2017.08.31-23.45.15:523][453]LogDirectoryWatcher: A directory notification for 'E:/Usuario/Ruben/UNIVERSIDAD/TFG/Postwar/Saved/Collections/' was aborted.
[2017.08.31-23.45.15:524][453]LogModuleManager: Shutting down and abandoning module StatsViewer (510)
[2017.08.31-23.45.15:524][453]LogModuleManager: Shutting down and abandoning module FoliageEdit (508)
[2017.08.31-23.45.15:524][453]LogModuleManager: Shutting down and abandoning module LandscapeEditor (506)
[2017.08.31-23.45.15:524][453]LogModuleManager: Shutting down and abandoning module MeshPaintMode (504)
[2017.08.31-23.45.15:524][453]LogModuleManager: Shutting down and abandoning module SceneDepthPickerMode (502)
[2017.08.31-23.45.15:524][453]LogModuleManager: Shutting down and abandoning module ActorPickerMode (500)
[2017.08.31-23.45.15:524][453]LogModuleManager: Shutting down and abandoning module GeometryMode (498)
[2017.08.31-23.45.15:524][453]LogModuleManager: Shutting down and abandoning module TextureAlignMode (496)
[2017.08.31-23.45.15:524][453]LogModuleManager: Shutting down and abandoning module BspMode (494)
[2017.08.31-23.45.15:524][453]LogModuleManager: Shutting down and abandoning module HardwareSurvey (492)
[2017.08.31-23.45.15:524][453]LogModuleManager: Shutting down and abandoning module SequenceRecorderSections (490)
[2017.08.31-23.45.15:524][453]LogModuleManager: Shutting down and abandoning module AutomationWorker (488)
[2017.08.31-23.45.15:524][453]LogModuleManager: Shutting down and abandoning module MatineeToLevelSequence (486)
[2017.08.31-23.45.15:524][453]LogModuleManager: Shutting down and abandoning module LevelSequenceEditor (484)
[2017.08.31-23.45.15:524][453]LogModuleManager: Shutting down and abandoning module PlacementMode (483)
[2017.08.31-23.45.15:524][453]LogModuleManager: Shutting down and abandoning module WmfMediaFactory (480)
[2017.08.31-23.45.15:524][453]LogModuleManager: Shutting down and abandoning module WmfMediaEditor (478)
[2017.08.31-23.45.15:524][453]LogModuleManager: Shutting down and abandoning module AvfMediaFactory (476)
[2017.08.31-23.45.15:524][453]LogModuleManager: Shutting down and abandoning module AvfMediaEditor (474)
[2017.08.31-23.45.15:524][453]LogModuleManager: Shutting down and abandoning module AndroidMediaFactory (472)
[2017.08.31-23.45.15:524][453]LogModuleManager: Shutting down and abandoning module Media (471)
[2017.08.31-23.45.15:524][453]LogModuleManager: Shutting down and abandoning module AndroidMediaEditor (468)
[2017.08.31-23.45.15:524][453]LogModuleManager: Shutting down and abandoning module CharacterAI (466)
[2017.08.31-23.45.15:524][453]LogModuleManager: Shutting down and abandoning module AudioCapture (464)
[2017.08.31-23.45.15:524][453]LogModuleManager: Shutting down and abandoning module SequenceRecorder (463)
[2017.08.31-23.45.15:524][453]LogModuleManager: Shutting down and abandoning module SmartSnapping (460)
[2017.08.31-23.45.15:524][453]LogModuleManager: Shutting down and abandoning module SessionServices (458)
[2017.08.31-23.45.15:524][453]LogModuleManager: Shutting down and abandoning module ViewportSnapping (456)
[2017.08.31-23.45.15:524][453]LogModuleManager: Shutting down and abandoning module ViewportInteraction (454)
[2017.08.31-23.45.15:524][453]LogModuleManager: Shutting down and abandoning module ClothPainter (452)
[2017.08.31-23.45.15:524][453]LogModuleManager: Shutting down and abandoning module LogVisualizer (450)
[2017.08.31-23.45.15:524][453]LogModuleManager: Shutting down and abandoning module IntroTutorials (448)
[2017.08.31-23.45.15:524][453]LogModuleManager: Shutting down and abandoning module GameProjectGeneration (447)
[2017.08.31-23.45.15:524][453]LogModuleManager: Shutting down and abandoning module EditorLiveStreaming (444)
[2017.08.31-23.45.15:524][453]LogModuleManager: Shutting down and abandoning module IOSPlatformEditor (442)
[2017.08.31-23.45.15:524][453]LogModuleManager: Shutting down and abandoning module HTML5PlatformEditor (440)
[2017.08.31-23.45.15:524][453]LogModuleManager: Shutting down and abandoning module AndroidPlatformEditor (438)
[2017.08.31-23.45.15:524][453]LogModuleManager: Shutting down and abandoning module AndroidDeviceDetection (437)
[2017.08.31-23.45.15:891][453]LogModuleManager: Shutting down and abandoning module IOSRuntimeSettings (434)
[2017.08.31-23.45.15:891][453]LogModuleManager: Shutting down and abandoning module AndroidRuntimeSettings (432)
[2017.08.31-23.45.15:891][453]LogModuleManager: Shutting down and abandoning module InputBindingEditor (430)
[2017.08.31-23.45.15:891][453]LogModuleManager: Shutting down and abandoning module MergeActors (428)
[2017.08.31-23.45.15:891][453]LogModuleManager: Shutting down and abandoning module SizeMap (426)
[2017.08.31-23.45.15:891][453]LogModuleManager: Shutting down and abandoning module TreeMap (424)
[2017.08.31-23.45.15:891][453]LogModuleManager: Shutting down and abandoning module ReferenceViewer (422)
[2017.08.31-23.45.15:891][453]LogModuleManager: Shutting down and abandoning module LocalizationDashboard (420)
[2017.08.31-23.45.15:891][453]LogModuleManager: Shutting down and abandoning module LocalizationService (419)
[2017.08.31-23.45.15:891][453]LogModuleManager: Shutting down and abandoning module HardwareTargeting (416)
[2017.08.31-23.45.15:891][453]LogModuleManager: Shutting down and abandoning module DeviceProfileEditor (414)
[2017.08.31-23.45.15:891][453]LogModuleManager: Shutting down and abandoning module UndoHistory (412)
[2017.08.31-23.45.15:891][453]LogModuleManager: Shutting down and abandoning module UserFeedback (410)
[2017.08.31-23.45.15:891][453]LogModuleManager: Shutting down and abandoning module XmlParser (408)
[2017.08.31-23.45.15:891][453]LogModuleManager: Shutting down and abandoning module Blutility (406)
[2017.08.31-23.45.15:891][453]LogModuleManager: Shutting down and abandoning module ProjectSettingsViewer (404)
[2017.08.31-23.45.15:891][453]LogModuleManager: Shutting down and abandoning module ProjectTargetPlatformEditor (403)
[2017.08.31-23.45.15:891][453]LogModuleManager: Shutting down and abandoning module EditorSettingsViewer (400)
[2017.08.31-23.45.15:891][453]LogModuleManager: Shutting down and abandoning module SettingsEditor (398)
[2017.08.31-23.45.15:891][453]LogModuleManager: Shutting down and abandoning module ProjectLauncher (396)
[2017.08.31-23.45.15:891][453]LogModuleManager: Shutting down and abandoning module SessionFrontend (394)
[2017.08.31-23.45.15:891][453]LogModuleManager: Shutting down and abandoning module ProfilerClient (392)
[2017.08.31-23.45.15:891][453]LogModuleManager: Shutting down and abandoning module DeviceManager (390)
[2017.08.31-23.45.15:891][453]LogModuleManager: Shutting down and abandoning module TargetDeviceServices (389)
[2017.08.31-23.45.15:954][453]LogModuleManager: Shutting down and abandoning module AutomationController (386)
[2017.08.31-23.45.15:954][453]LogModuleManager: Shutting down and abandoning module AutomationWindow (384)
[2017.08.31-23.45.15:954][453]LogModuleManager: Shutting down and abandoning module Layers (382)
[2017.08.31-23.45.15:954][453]LogModuleManager: Shutting down and abandoning module ComponentVisualizers (380)
[2017.08.31-23.45.15:954][453]LogModuleManager: Shutting down and abandoning module DetailCustomizations (378)
[2017.08.31-23.45.15:954][453]LogModuleManager: Shutting down and abandoning module PackagesDialog (376)
[2017.08.31-23.45.15:954][453]LogModuleManager: Shutting down and abandoning module Persona (374)
[2017.08.31-23.45.15:954][453]LogModuleManager: Shutting down and abandoning module AdvancedPreviewScene (373)
[2017.08.31-23.45.15:954][453]LogModuleManager: Shutting down and abandoning module AnimGraph (371)
[2017.08.31-23.45.15:954][453]LogModuleManager: Shutting down and abandoning module Kismet (368)
[2017.08.31-23.45.15:963][453]LogModuleManager: Shutting down and abandoning module ClassViewer (366)
[2017.08.31-23.45.15:964][453]LogModuleManager: Shutting down and abandoning module Toolbox (364)
[2017.08.31-23.45.15:964][453]LogModuleManager: Shutting down and abandoning module ModuleUI (362)
[2017.08.31-23.45.15:964][453]LogModuleManager: Shutting down and abandoning module MovieSceneTools (360)
[2017.08.31-23.45.15:964][453]LogModuleManager: Shutting down and abandoning module OutputLog (358)
[2017.08.31-23.45.15:964][453]LogModuleManager: Shutting down and abandoning module GammaUI (356)
[2017.08.31-23.45.15:964][453]LogModuleManager: Shutting down and abandoning module Documentation (354)
[2017.08.31-23.45.15:964][453]LogModuleManager: Shutting down and abandoning module MovieSceneTracks (352)
[2017.08.31-23.45.15:964][453]LogModuleManager: Shutting down and abandoning module MovieScene (350)
[2017.08.31-23.45.15:964][453]LogModuleManager: Shutting down and abandoning module Niagara (348)
[2017.08.31-23.45.15:964][453]LogModuleManager: Shutting down and abandoning module NiagaraEditor (347)
[2017.08.31-23.45.15:964][453]LogModuleManager: Shutting down and abandoning module StreamingPauseRendering (344)
[2017.08.31-23.45.15:964][453]LogModuleManager: Shutting down and abandoning module AnalyticsET (342)
[2017.08.31-23.45.15:964][453]LogModuleManager: Shutting down and abandoning module PortalServices (340)
[2017.08.31-23.45.15:964][453]LogModuleManager: Shutting down and abandoning module PortalRpc (338)
[2017.08.31-23.45.15:964][453]LogModuleManager: Shutting down and abandoning module MessagingRpc (336)
[2017.08.31-23.45.15:964][453]LogModuleManager: Shutting down and abandoning module AIModule (334)
[2017.08.31-23.45.15:964][453]LogModuleManager: Shutting down and abandoning module GameplayDebugger (333)
[2017.08.31-23.45.15:964][453]LogModuleManager: Shutting down and abandoning module AITestSuite (331)
[2017.08.31-23.45.15:964][453]LogModuleManager: Shutting down and abandoning module ProfilerService (328)
[2017.08.31-23.45.16:129][453]LogModuleManager: Shutting down and abandoning module TaskGraph (326)
[2017.08.31-23.45.16:129][453]LogModuleManager: Shutting down and abandoning module SteamVRController (324)
[2017.08.31-23.45.16:129][453]LogModuleManager: Shutting down and abandoning module SteamVR (322)
[2017.08.31-23.45.16:129][453]LogModuleManager: Shutting down and abandoning module ProceduralMeshComponentEditor (320)
[2017.08.31-23.45.16:129][453]LogModuleManager: Shutting down and abandoning module ProceduralMeshComponent (318)
[2017.08.31-23.45.16:129][453]LogModuleManager: Shutting down and abandoning module OculusLibrary (316)
[2017.08.31-23.45.16:129][453]LogModuleManager: Shutting down and abandoning module OculusInput (314)
[2017.08.31-23.45.16:129][453]LogModuleManager: Shutting down and abandoning module MobilePatchingUtils (312)
[2017.08.31-23.45.16:129][453]LogModuleManager: Shutting down and abandoning module CustomMeshComponent (310)
[2017.08.31-23.45.16:129][453]LogModuleManager: Shutting down and abandoning module CableComponent (308)
[2017.08.31-23.45.16:129][453]LogModuleManager: Shutting down and abandoning module ArchVisCharacter (306)
[2017.08.31-23.45.16:129][453]LogModuleManager: Shutting down and abandoning module AndroidPermission (304)
[2017.08.31-23.45.16:129][453]LogModuleManager: Shutting down and abandoning module MediaPlayerEditor (300)
[2017.08.31-23.45.16:129][453]LogModuleManager: Shutting down and abandoning module HTML5Networking (298)
[2017.08.31-23.45.16:129][453]LogModuleManager: Shutting down and abandoning module AlembicImporter (296)
[2017.08.31-23.45.16:129][453]LogModuleManager: Shutting down and abandoning module AlembicLibrary (295)
[2017.08.31-23.45.16:129][453]LogModuleManager: Shutting down and abandoning module GeometryCache (294)
[2017.08.31-23.45.16:129][453]LogModuleManager: Shutting down and abandoning module GeometryCacheEd (293)
[2017.08.31-23.45.16:129][453]LogModuleManager: Shutting down and abandoning module SuperSearchEditor (288)
[2017.08.31-23.45.16:129][453]LogModuleManager: Shutting down and abandoning module SuperSearch (287)
[2017.08.31-23.45.16:129][453]LogModuleManager: Shutting down and abandoning module SpeedTreeImporter (284)
[2017.08.31-23.45.16:129][453]LogModuleManager: Shutting down and abandoning module PluginBrowser (282)
[2017.08.31-23.45.16:129][453]LogModuleManager: Shutting down and abandoning module MobileLauncherProfileWizard (280)
[2017.08.31-23.45.16:129][453]LogModuleManager: Shutting down and abandoning module VisualStudioSourceCodeAccess (278)
[2017.08.31-23.45.16:129][453]LogModuleManager: Shutting down and abandoning module DesktopPlatform (277)
[2017.08.31-23.45.16:129][453]LogModuleManager: Shutting down and abandoning module UObjectPlugin (274)
[2017.08.31-23.45.16:129][453]LogModuleManager: Shutting down and abandoning module SubversionSourceControl (272)
[2017.08.31-23.45.16:129][453]LogModuleManager: Shutting down and abandoning module PerforceSourceControl (270)
[2017.08.31-23.45.16:129][453]LogModuleManager: Shutting down and abandoning module GitSourceControl (268)
[2017.08.31-23.45.16:129][453]LogModuleManager: Shutting down and abandoning module SourceControl (267)
[2017.08.31-23.45.16:129][453]LogModuleManager: Shutting down and abandoning module LightPropagationVolumeEditor (264)
[2017.08.31-23.45.16:129][453]LogModuleManager: Shutting down and abandoning module PaperTiledImporter (262)
[2017.08.31-23.45.16:129][453]LogModuleManager: Shutting down and abandoning module PaperSpriteSheetImporter (260)
[2017.08.31-23.45.16:129][453]LogModuleManager: Shutting down and abandoning module Paper2DEditor (258)
[2017.08.31-23.45.16:129][453]LogModuleManager: Shutting down and abandoning module MeshPaint (257)
[2017.08.31-23.45.16:129][453]LogModuleManager: Shutting down and abandoning module LevelEditor (255)
[2017.08.31-23.45.16:130][453]LogModuleManager: Shutting down and abandoning module PixelInspectorModule (254)
[2017.08.31-23.45.16:130][453]LogModuleManager: Shutting down and abandoning module MainFrame (252)
[2017.08.31-23.45.16:130][453]LogModuleManager: Shutting down and abandoning module HotReload (251)
[2017.08.31-23.45.16:130][453]LogModuleManager: Shutting down and abandoning module PhysXVehiclesEditor (246)
[2017.08.31-23.45.16:130][453]LogModuleManager: Shutting down and abandoning module PhysXVehicles (244)
[2017.08.31-23.45.16:130][453]LogModuleManager: Shutting down and abandoning module LocationServicesBPLibrary (242)
[2017.08.31-23.45.16:130][453]LogModuleManager: Shutting down and abandoning module ImmediatePhysicsEditor (240)
[2017.08.31-23.45.16:130][453]LogModuleManager: Shutting down and abandoning module ImmediatePhysics (238)
[2017.08.31-23.45.16:130][453]LogModuleManager: Shutting down and abandoning module UdpMessaging (236)
[2017.08.31-23.45.16:231][453]LogModuleManager: Shutting down and abandoning module TcpMessaging (234)
[2017.08.31-23.45.16:331][453]LogModuleManager: Shutting down and abandoning module GameplayTagsEditor (232)
[2017.08.31-23.45.16:331][453]LogModuleManager: Shutting down and abandoning module FacialAnimationEditor (230)
[2017.08.31-23.45.16:331][453]LogModuleManager: Shutting down and abandoning module FacialAnimation (228)
[2017.08.31-23.45.16:331][453]LogModuleManager: Shutting down and abandoning module AssetManagerEditor (226)
[2017.08.31-23.45.16:332][453]LogModuleManager: Shutting down and abandoning module GraphEditor (225)
[2017.08.31-23.45.16:332][453]LogModuleManager: Shutting down and abandoning module ContentBrowser (223)
[2017.08.31-23.45.16:333][453]LogModuleManager: Shutting down and abandoning module LightPropagationVolumeRuntime (220)
[2017.08.31-23.45.16:333][453]LogModuleManager: Shutting down and abandoning module Paper2D (218)
[2017.08.31-23.45.16:333][453]LogModuleManager: Shutting down and abandoning module WindowsMoviePlayer (216)
[2017.08.31-23.45.16:333][453]LogModuleManager: Shutting down and abandoning module WmfMedia (214)
[2017.08.31-23.45.16:334][453]LogModuleManager: Shutting down and abandoning module ClothingSystemEditor (212)
[2017.08.31-23.45.16:334][453]LogModuleManager: Shutting down and abandoning module ClothingSystemRuntime (210)
[2017.08.31-23.45.16:334][453]LogModuleManager: Shutting down and abandoning module MediaAssets (208)
[2017.08.31-23.45.16:334][453]LogModuleManager: Shutting down and abandoning module GameLiveStreaming (206)
[2017.08.31-23.45.16:334][453]LogModuleManager: Shutting down and abandoning module VREditor (204)
[2017.08.31-23.45.16:334][453]LogModuleManager: Shutting down and abandoning module StringTableEditor (202)
[2017.08.31-23.45.16:334][453]LogModuleManager: Shutting down and abandoning module GameplayTasksEditor (200)
[2017.08.31-23.45.16:334][453]LogModuleManager: Shutting down and abandoning module BehaviorTreeEditor (198)
[2017.08.31-23.45.16:334][453]LogModuleManager: Shutting down and abandoning module FunctionalTesting (196)
[2017.08.31-23.45.16:334][453]LogModuleManager: Shutting down and abandoning module CollisionAnalyzer (194)
[2017.08.31-23.45.16:334][453]LogModuleManager: Shutting down and abandoning module UMG (192)
[2017.08.31-23.45.16:334][453]LogModuleManager: Shutting down and abandoning module UMGEditor (191)
[2017.08.31-23.45.16:334][453]LogModuleManager: Shutting down and abandoning module Sequencer (190)
[2017.08.31-23.45.16:334][453]LogModuleManager: Shutting down and abandoning module AssetTools (188)
[2017.08.31-23.45.16:334][453]LogModuleManager: Shutting down and abandoning module MessageLog (187)
[2017.08.31-23.45.16:334][453]LogModuleManager: Shutting down and abandoning module WorkspaceMenuStructure (186)
[2017.08.31-23.45.16:334][453]LogModuleManager: Shutting down and abandoning module SlateReflector (180)
[2017.08.31-23.45.16:334][453]LogModuleManager: Shutting down and abandoning module Slate (178)
[2017.08.31-23.45.16:334][453]LogModuleManager: Shutting down and abandoning module EditorStyle (176)
[2017.08.31-23.45.16:336][453]LogModuleManager: Shutting down and abandoning module SourceCodeAccess (174)
[2017.08.31-23.45.16:336][453]LogModuleManager: Shutting down and abandoning module HeadMountedDisplay (172)
[2017.08.31-23.45.16:336][453]LogModuleManager: Shutting down and abandoning module XAudio2 (170)
[2017.08.31-23.45.16:336][453]LogModuleManager: Shutting down and abandoning module Networking (168)
[2017.08.31-23.45.16:336][453]LogModuleManager: Shutting down and abandoning module Core (164)
[2017.08.31-23.45.16:336][453]LogModuleManager: Shutting down and abandoning module AssetRegistry (162)
[2017.08.31-23.45.16:501][453]LogDirectoryWatcher: A directory notification for '../../../Engine/Content/' was aborted.
[2017.08.31-23.45.16:501][453]LogDirectoryWatcher: A directory notification for 'E:/Usuario/Ruben/UNIVERSIDAD/TFG/Postwar/Content/' was aborted.
[2017.08.31-23.45.16:501][453]LogDirectoryWatcher: A directory notification for '../../../Engine/Plugins/2D/Paper2D/Content/' was aborted.
[2017.08.31-23.45.16:501][453]LogDirectoryWatcher: A directory notification for '../../../Engine/Plugins/Runtime/GearVR/Content/' was aborted.
[2017.08.31-23.45.16:507][453]LogModuleManager: Shutting down and abandoning module DirectoryWatcher (161)
[2017.08.31-23.45.16:508][453]LogModuleManager: Shutting down and abandoning module KismetCompiler (158)
[2017.08.31-23.45.16:508][453]LogModuleManager: Shutting down and abandoning module LevelSequence (156)
[2017.08.31-23.45.16:508][453]LogModuleManager: Shutting down and abandoning module PhysXFormats (154)
[2017.08.31-23.45.16:508][453]LogModuleManager: Shutting down and abandoning module MeshUtilities (152)
[2017.08.31-23.45.16:508][453]LogModuleManager: Shutting down and abandoning module SimplygonSwarm (151)
[2017.08.31-23.45.16:508][453]LogModuleManager: Shutting down and abandoning module SimplygonMeshReduction (149)
[2017.08.31-23.45.16:508][453]LogModuleManager: Shutting down and abandoning module QuadricMeshReduction (147)
[2017.08.31-23.45.16:508][453]LogModuleManager: Shutting down and abandoning module DerivedDataCache (144)
[2017.08.31-23.45.16:556][453]LogDerivedDataCache: Shutdown
[2017.08.31-23.45.16:556][453]LogModuleManager: Shutting down and abandoning module TargetPlatform (142)
[2017.08.31-23.45.16:556][453]LogModuleManager: Shutting down and abandoning module VulkanShaderFormat (141)
[2017.08.31-23.45.16:556][453]LogModuleManager: Shutting down and abandoning module ShaderFormatVectorVM (139)
[2017.08.31-23.45.16:556][453]LogModuleManager: Shutting down and abandoning module ShaderFormatOpenGL (137)
[2017.08.31-23.45.16:556][453]LogModuleManager: Shutting down and abandoning module ShaderFormatD3D (135)
[2017.08.31-23.45.16:556][453]LogModuleManager: Shutting down and abandoning module MetalShaderFormat (133)
[2017.08.31-23.45.16:556][453]LogModuleManager: Shutting down and abandoning module TextureFormatUncompressed (131)
[2017.08.31-23.45.16:556][453]LogModuleManager: Shutting down and abandoning module TextureFormatPVR (129)
[2017.08.31-23.45.16:556][453]LogModuleManager: Shutting down and abandoning module TextureFormatDXT (127)
[2017.08.31-23.45.16:556][453]LogModuleManager: Shutting down and abandoning module TextureFormatIntelISPCTexComp (125)
[2017.08.31-23.45.16:556][453]LogModuleManager: Shutting down and abandoning module TextureFormatASTC (123)
[2017.08.31-23.45.16:556][453]LogModuleManager: Shutting down and abandoning module ImageWrapper (122)
[2017.08.31-23.45.16:556][453]LogModuleManager: Shutting down and abandoning module TextureFormatAndroid (119)
[2017.08.31-23.45.16:556][453]LogModuleManager: Shutting down and abandoning module AudioFormatOpus (117)
[2017.08.31-23.45.16:556][453]LogModuleManager: Shutting down and abandoning module AudioFormatOgg (115)
[2017.08.31-23.45.16:556][453]LogModuleManager: Shutting down and abandoning module AudioFormatADPCM (113)
[2017.08.31-23.45.16:556][453]LogModuleManager: Shutting down and abandoning module LinuxTargetPlatform (111)
[2017.08.31-23.45.16:556][453]LogModuleManager: Shutting down and abandoning module LinuxServerTargetPlatform (109)
[2017.08.31-23.45.16:556][453]LogModuleManager: Shutting down and abandoning module LinuxNoEditorTargetPlatform (107)
[2017.08.31-23.45.16:556][453]LogModuleManager: Shutting down and abandoning module LinuxClientTargetPlatform (105)
[2017.08.31-23.45.16:556][453]LogModuleManager: Shutting down and abandoning module TVOSTargetPlatform (103)
[2017.08.31-23.45.16:556][453]LogModuleManager: Shutting down and abandoning module Messaging (101)
[2017.08.31-23.45.16:556][453]LogModuleManager: Shutting down and abandoning module IOSTargetPlatform (99)
[2017.08.31-23.45.16:556][453]LogModuleManager: Shutting down and abandoning module HTML5TargetPlatform (97)
[2017.08.31-23.45.16:556][453]LogModuleManager: Shutting down and abandoning module Android_PVRTCTargetPlatform (95)
[2017.08.31-23.45.16:557][453]LogModuleManager: Shutting down and abandoning module Android_MultiTargetPlatform (93)
[2017.08.31-23.45.16:557][453]LogModuleManager: Shutting down and abandoning module Android_ETC2TargetPlatform (91)
[2017.08.31-23.45.16:557][453]LogModuleManager: Shutting down and abandoning module Android_ETC1TargetPlatform (89)
[2017.08.31-23.45.16:557][453]LogModuleManager: Shutting down and abandoning module Android_DXTTargetPlatform (87)
[2017.08.31-23.45.16:557][453]LogModuleManager: Shutting down and abandoning module Android_ATCTargetPlatform (85)
[2017.08.31-23.45.16:557][453]LogModuleManager: Shutting down and abandoning module Android_ASTCTargetPlatform (83)
[2017.08.31-23.45.16:557][453]LogModuleManager: Shutting down and abandoning module AndroidTargetPlatform (81)
[2017.08.31-23.45.16:557][453]LogModuleManager: Shutting down and abandoning module WindowsTargetPlatform (79)
[2017.08.31-23.45.16:557][453]LogModuleManager: Shutting down and abandoning module WindowsServerTargetPlatform (77)
[2017.08.31-23.45.16:557][453]LogModuleManager: Shutting down and abandoning module WindowsNoEditorTargetPlatform (75)
[2017.08.31-23.45.16:557][453]LogModuleManager: Shutting down and abandoning module WindowsClientTargetPlatform (73)
[2017.08.31-23.45.16:557][453]LogModuleManager: Shutting down and abandoning module MacTargetPlatform (71)
[2017.08.31-23.45.16:557][453]LogModuleManager: Shutting down and abandoning module MacServerTargetPlatform (69)
[2017.08.31-23.45.16:557][453]LogModuleManager: Shutting down and abandoning module MacNoEditorTargetPlatform (67)
[2017.08.31-23.45.16:557][453]LogModuleManager: Shutting down and abandoning module MacClientTargetPlatform (65)
[2017.08.31-23.45.16:557][453]LogModuleManager: Shutting down and abandoning module AllDesktopTargetPlatform (63)
[2017.08.31-23.45.16:557][453]LogModuleManager: Shutting down and abandoning module InputCore (60)
[2017.08.31-23.45.16:557][453]LogModuleManager: Shutting down and abandoning module Settings (58)
[2017.08.31-23.45.16:557][453]LogModuleManager: Shutting down and abandoning module OculusRift (56)
[2017.08.31-23.45.16:557][453]LogModuleManager: Shutting down and abandoning module GearVRController (54)
[2017.08.31-23.45.16:557][453]LogModuleManager: Shutting down and abandoning module GearVR (52)
[2017.08.31-23.45.16:557][453]LogModuleManager: Shutting down and abandoning module ExampleDeviceProfileSelector (50)
[2017.08.31-23.45.16:557][453]LogModuleManager: Shutting down and abandoning module OnlineBlueprintSupport (48)
[2017.08.31-23.45.16:557][453]LogModuleManager: Shutting down and abandoning module OnlineSubsystem (44)
[2017.08.31-23.45.16:557][453]LogOnline:Display: Unloading online subsystem: NULL
[2017.08.31-23.45.16:557][453]LogModuleManager: Shutting down and abandoning module XMPP (43)
[2017.08.31-23.45.16:557][453]LogModuleManager: Shutting down and abandoning module HTTP (41)
[2017.08.31-23.45.16:557][453]LogHttp:Display: Http module shutting down, but needs to wait on 1 outstanding Http requests:
[2017.08.31-23.45.16:557][453]LogHttp:Display: 	verb=[POST] url=[https://datarouter.ol.epicgames.com/datarouter/api/v1/public/data?SessionID=%7B4D17704B-4A05-CEB6-CCA2-C9891C92C9EE%7D&AppID=UEEditor.Rocket.Release&AppVersion=4.16.2-3514769%2B%2B%2BUE4%2BRelease-4.16&UserID=78865e4d4a8ae815e8d400bc6125e577%7C5361294e5f654db5881228f5582e9124%7C456667b1-22e8-45ef-a524-8410a492a64f&AppEnvironment=datacollector-binary&UploadType=eteventstream] status=Processing
[2017.08.31-23.45.16:559][453]LogModuleManager: Shutting down and abandoning module SSL (40)
[2017.08.31-23.45.16:560][453]LogModuleManager: Shutting down and abandoning module HTTPChunkInstaller (36)
[2017.08.31-23.45.16:561][453]LogModuleManager: Shutting down and abandoning module AnimationModifiers (34)
[2017.08.31-23.45.16:561][453]LogModuleManager: Shutting down and abandoning module PropertyEditor (33)
[2017.08.31-23.45.16:561][453]LogModuleManager: Shutting down and abandoning module AudioEditor (30)
[2017.08.31-23.45.16:561][453]LogModuleManager: Shutting down and abandoning module TextureCompressor (28)
[2017.08.31-23.45.16:561][453]LogModuleManager: Shutting down and abandoning module ShaderCore (26)
[2017.08.31-23.45.16:561][453]LogModuleManager: Shutting down and abandoning module Landscape (24)
[2017.08.31-23.45.16:561][453]LogModuleManager: Shutting down and abandoning module SlateRHIRenderer (22)
[2017.08.31-23.45.16:562][453]LogModuleManager: Shutting down and abandoning module OpenGLDrv (20)
[2017.08.31-23.45.16:562][453]LogModuleManager: Shutting down and abandoning module D3D11RHI (18)
[2017.08.31-23.45.16:562][453]LogModuleManager: Shutting down and abandoning module AnimGraphRuntime (16)
[2017.08.31-23.45.16:562][453]LogModuleManager: Shutting down and abandoning module Renderer (14)
[2017.08.31-23.45.16:562][453]LogModuleManager: Shutting down and abandoning module Engine (12)
[2017.08.31-23.45.16:562][453]LogModuleManager: Shutting down and abandoning module CoreUObject (10)
[2017.08.31-23.45.16:562][453]LogModuleManager: Shutting down and abandoning module NetworkFile (8)
[2017.08.31-23.45.16:562][453]LogModuleManager: Shutting down and abandoning module StreamingFile (6)
[2017.08.31-23.45.16:562][453]LogModuleManager: Shutting down and abandoning module SandboxFile (4)
[2017.08.31-23.45.16:562][453]LogModuleManager: Shutting down and abandoning module PakFile (2)
[2017.08.31-23.45.16:563][453]LogExit: Exiting.
[2017.08.31-23.45.16:583][453]Log file closed, 09/01/17 01:45:16
