Log file open, 08/25/17 12:08:36
LogInit:Display: Running engine for game: Postwar
LogPlatformFile: Not using cached read wrapper
LogInit:Display: RandInit(-1820462022) SRandInit(-1820462022).
LogTaskGraph: Started task graph with 5 named threads and 8 total threads with 1 sets of task threads.
LogStats: Stats thread started at 0.122562
LogInit: Using libcurl 7.47.1
LogInit:  - built for x86_64-pc-win32
LogInit:  - supports SSL with OpenSSL/1.0.2g
LogInit:  - supports HTTP deflate (compression) using libz 1.2.8
LogInit:  - other features:
LogInit:      CURL_VERSION_SSL
LogInit:      CURL_VERSION_LIBZ
LogInit:      CURL_VERSION_IPV6
LogInit:      CURL_VERSION_ASYNCHDNS
LogInit:      CURL_VERSION_LARGEFILE
LogInit:      CURL_VERSION_IDN
LogInit:  CurlRequestOptions (configurable via config and command line):
LogInit:  - bVerifyPeer = false  - Libcurl will NOT verify peer certificate
LogInit:  - bUseHttpProxy = false  - Libcurl will NOT use HTTP proxy
LogInit:  - bDontReuseConnections = false  - Libcurl will reuse connections
LogInit:  - CertBundlePath = nullptr  - Libcurl will use whatever was configured at build time.
LogInit: Build: ++UE4+Release-4.16-CL-3514769
LogInit: Engine Version: 4.16.2-3514769+++UE4+Release-4.16
LogInit: Compatible Engine Version: 4.16.0-3452394+++UE4+Release-4.16
LogInit: Net CL: 3452394
LogDevObjectVersion: Number of dev versions registered: 16
LogDevObjectVersion:   Dev-Blueprints (B0D832E4-1F89-4F0D-ACCF-7EB736FD4AA2): 9
LogDevObjectVersion:   Dev-Build (E1C64328-A22C-4D53-A36C-8E866417BD8C): 0
LogDevObjectVersion:   Dev-Core (375EC13C-06E4-48FB-B500-84F0262A717E): 2
LogDevObjectVersion:   Dev-Editor (E4B068ED-F494-42E9-A231-DA0B2E46BB41): 17
LogDevObjectVersion:   Dev-Framework (CFFC743F-43B0-4480-9391-14DF171D2073): 23
LogDevObjectVersion:   Dev-Mobile (B02B49B5-BB20-44E9-A304-32B752E40360): 0
LogDevObjectVersion:   Dev-Networking (A4E4105C-59A1-49B5-A7C5-40C4547EDFEE): 0
LogDevObjectVersion:   Dev-Online (39C831C9-5AE6-47DC-9A44-9C173E1C8E7C): 0
LogDevObjectVersion:   Dev-Physics (78F01B33-EBEA-4F98-B9B4-84EACCB95AA2): 0
LogDevObjectVersion:   Dev-Platform (6631380F-2D4D-43E0-8009-CF276956A95A): 0
LogDevObjectVersion:   Dev-Rendering (12F88B9F-8875-4AFC-A67C-D90C383ABD29): 15
LogDevObjectVersion:   Dev-Sequencer (7B5AE74C-D270-4C10-A958-57980B212A5A): 4
LogDevObjectVersion:   Dev-VR (D7296918-1DD6-4BDD-9DE2-64A83CC13884): 0
LogDevObjectVersion:   Dev-LoadTimes (C2A15278-BFE7-4AFE-6C17-90FF531DF755): 1
LogDevObjectVersion:   Private-Geometry (6EACA3D4-40EC-4CC1-B786-8BED09428FC5): 1
LogDevObjectVersion:   Dev-AnimPhys (29E575DD-E0A3-4627-9D10-D276232CDCEA): 3
LogInit: Compiled (64-bit): Jun 29 2017 02:03:24
LogInit: Compiled with Visual C++: 19.00.24215.01
LogInit: Build Configuration: Development
LogInit: Branch Name: ++UE4+Release-4.16
LogInit: Command line:  
LogInit: Base directory: D:/Program Files/Epic Games/UE_4.16/Engine/Binaries/Win64/
LogInit: Installed Engine Build: 1
LogInit: Presizing for max 8388607 objects, including 0 objects not considered by GC, pre-allocating 0 bytes for permanent pool.
LogInit: Object subsystem initialized
[2017.08.25-10.08.37:211][  0]LogInit: Selected Device Profile: [Windows]
[2017.08.25-10.08.37:211][  0]LogInit: Applying CVar settings loaded from the selected device profile: [Windows]
[2017.08.25-10.08.37:239][  0]LogInit: Computer: DESKTOP-T9NOKQO
[2017.08.25-10.08.37:239][  0]LogInit: User: cripe
[2017.08.25-10.08.37:239][  0]LogInit: CPU Page size=4096, Cores=4
[2017.08.25-10.08.37:239][  0]LogInit: High frequency timer resolution =2.435765 MHz
[2017.08.25-10.08.37:240][  0]LogMemory: Memory total: Physical=15.9GB (16GB approx)
[2017.08.25-10.08.37:240][  0]LogMemory: Platform Memory Stats for Windows
[2017.08.25-10.08.37:240][  0]LogMemory: Process Physical Memory: 273.55 MB used, 273.55 MB peak
[2017.08.25-10.08.37:240][  0]LogMemory: Process Virtual Memory: 263.21 MB used, 263.21 MB peak
[2017.08.25-10.08.37:240][  0]LogMemory: Physical Memory: 6683.35 MB used,  9619.79 MB free, 16303.14 MB total
[2017.08.25-10.08.37:240][  0]LogMemory: Virtual Memory: 626.64 MB used,  9619.79 MB free, 134217728.00 MB total
[2017.08.25-10.08.37:401][  0]LogInit: Overriding language with editor language configuration option (en).
[2017.08.25-10.08.37:401][  0]LogInit: Overriding locale with editor locale configuration option (en).
[2017.08.25-10.08.38:518][  0]LogD3D11RHI: D3D11 adapters:
[2017.08.25-10.08.39:116][  0]LogD3D11RHI:    0. 'NVIDIA GeForce GTX 860M' (Feature Level 11_0)
[2017.08.25-10.08.39:116][  0]LogD3D11RHI:       2017/0/8151 MB DedicatedVideo/DedicatedSystem/SharedSystem, Outputs:2, VendorId:0x10de
[2017.08.25-10.08.39:124][  0]LogD3D11RHI:    1. 'Intel(R) HD Graphics 4600' (Feature Level 11_0)
[2017.08.25-10.08.39:124][  0]LogD3D11RHI:       112/0/2048 MB DedicatedVideo/DedicatedSystem/SharedSystem, Outputs:0, VendorId:0x8086
[2017.08.25-10.08.39:125][  0]LogD3D11RHI:    2. 'Microsoft Basic Render Driver' (Feature Level 11_0)
[2017.08.25-10.08.39:125][  0]LogD3D11RHI:       0/0/8151 MB DedicatedVideo/DedicatedSystem/SharedSystem, Outputs:0, VendorId:0x1414
[2017.08.25-10.08.39:125][  0]LogD3D11RHI: Chosen D3D11 Adapter: 0
[2017.08.25-10.08.39:131][  0]LogD3D11RHI: Creating new Direct3DDevice
[2017.08.25-10.08.39:131][  0]LogD3D11RHI:     GPU DeviceId: 0x119a (for the marketing name, search the web for "GPU Device Id")
[2017.08.25-10.08.39:131][  0]LogWindows: EnumDisplayDevices:
[2017.08.25-10.08.39:131][  0]LogWindows:    0. 'Intel(R) HD Graphics 4600' (P:1 D:1)
[2017.08.25-10.08.39:132][  0]LogWindows:    1. 'Intel(R) HD Graphics 4600' (P:0 D:1)
[2017.08.25-10.08.39:132][  0]LogWindows:    2. 'Intel(R) HD Graphics 4600' (P:0 D:0)
[2017.08.25-10.08.39:132][  0]LogWindows: DebugString: PrimaryIsNotTheChoosenAdapter PrimaryIsNotTheChoosenAdapter PrimaryIsNotTheChoosenAdapter FoundDriverCount:0 
[2017.08.25-10.08.39:132][  0]LogD3D11RHI:     Adapter Name: NVIDIA GeForce GTX 860M
[2017.08.25-10.08.39:132][  0]LogD3D11RHI:   Driver Version: Unknown (internal:Unknown, unified:Unknown)
[2017.08.25-10.08.39:132][  0]LogD3D11RHI:      Driver Date: Unknown
[2017.08.25-10.08.39:132][  0]LogRHI: Texture pool is 1361 MB (70% of 1945 MB)
[2017.08.25-10.08.39:686][  0]LogD3D11RHI: Async texture creation enabled
[2017.08.25-10.08.39:734][  0]LogD3D11RHI: GPU Timing Frequency: 1000.000000 (Debug: 2 2)
[2017.08.25-10.08.39:743][  0]LogShaderCompilers: Guid format shader working directory is 6 characters bigger than the processId version (E:/Usuario/Ruben/UNIVERSIDAD/TFG/Postwar/Intermediate/Shaders/WorkingDirectory/9024/).
[2017.08.25-10.08.39:743][  0]LogShaderCompilers: Cleaned the shader compiler working directory 'C:/Users/cripe/AppData/Local/Temp/UnrealShaderWorkingDir/5748280C4E8318CC8574C281D345C92C/'.
[2017.08.25-10.08.39:744][  0]LogShaderCompilers:Display: Using Local Shader Compiler.
[2017.08.25-10.08.40:943][  0]LogTemp:Display: Loaded TP AllDesktopTargetPlatform
[2017.08.25-10.08.40:987][  0]LogTemp:Display: Loaded TP MacClientTargetPlatform
[2017.08.25-10.08.41:032][  0]LogTemp:Display: Loaded TP MacNoEditorTargetPlatform
[2017.08.25-10.08.41:076][  0]LogTemp:Display: Loaded TP MacServerTargetPlatform
[2017.08.25-10.08.41:122][  0]LogTemp:Display: Loaded TP MacTargetPlatform
[2017.08.25-10.08.41:167][  0]LogTemp:Display: Loaded TP WindowsClientTargetPlatform
[2017.08.25-10.08.41:211][  0]LogTemp:Display: Loaded TP WindowsNoEditorTargetPlatform
[2017.08.25-10.08.41:257][  0]LogTemp:Display: Loaded TP WindowsServerTargetPlatform
[2017.08.25-10.08.41:299][  0]LogTemp:Display: Loaded TP WindowsTargetPlatform
[2017.08.25-10.08.41:343][  0]LogTemp:Display: Loaded TP AndroidTargetPlatform
[2017.08.25-10.08.41:387][  0]LogTemp:Display: Loaded TP Android_ASTCTargetPlatform
[2017.08.25-10.08.41:431][  0]LogTemp:Display: Loaded TP Android_ATCTargetPlatform
[2017.08.25-10.08.41:474][  0]LogTemp:Display: Loaded TP Android_DXTTargetPlatform
[2017.08.25-10.08.41:517][  0]LogTemp:Display: Loaded TP Android_ETC1TargetPlatform
[2017.08.25-10.08.41:561][  0]LogTemp:Display: Loaded TP Android_ETC2TargetPlatform
[2017.08.25-10.08.41:648][  0]LogTemp:Display: Loaded TP Android_MultiTargetPlatform
[2017.08.25-10.08.41:648][  0]LogTemp:Display: Loaded TP Android_PVRTCTargetPlatform
[2017.08.25-10.08.41:681][  0]LogTemp:Display: Loaded TP HTML5TargetPlatform
[2017.08.25-10.08.41:767][  0]LogTemp:Display: Loaded TP IOSTargetPlatform
[2017.08.25-10.08.41:791][  0]LogTemp:Display: Loaded TP TVOSTargetPlatform
[2017.08.25-10.08.41:834][  0]LogTemp:Display: Loaded TP LinuxClientTargetPlatform
[2017.08.25-10.08.41:877][  0]LogTemp:Display: Loaded TP LinuxNoEditorTargetPlatform
[2017.08.25-10.08.41:920][  0]LogTemp:Display: Loaded TP LinuxServerTargetPlatform
[2017.08.25-10.08.41:964][  0]LogTemp:Display: Loaded TP LinuxTargetPlatform
[2017.08.25-10.08.41:964][  0]LogTargetPlatformManager:Display: Building Assets For Windows
[2017.08.25-10.08.42:426][  0]LogDerivedDataCache:Display: Max Cache Size: 512 MB
[2017.08.25-10.08.42:777][  0]LogDerivedDataCache: Loaded boot cache 0.35s 90MB C:/Users/cripe/AppData/Local/UnrealEngine/4.16/DerivedDataCache/Boot.ddc.
[2017.08.25-10.08.42:777][  0]LogDerivedDataCache:Display: Loaded Boot cache: C:/Users/cripe/AppData/Local/UnrealEngine/4.16/DerivedDataCache/Boot.ddc
[2017.08.25-10.08.42:777][  0]LogDerivedDataCache: FDerivedDataBackendGraph:  Pak pak cache file E:/Usuario/Ruben/UNIVERSIDAD/TFG/Postwar/DerivedDataCache/DDC.ddp not found, will not use a pak cache.
[2017.08.25-10.08.42:778][  0]LogDerivedDataCache: Unable to find inner node Pak for hierarchical cache Hierarchy.
[2017.08.25-10.08.42:778][  0]LogDerivedDataCache: FDerivedDataBackendGraph:  CompressedPak pak cache file E:/Usuario/Ruben/UNIVERSIDAD/TFG/Postwar/DerivedDataCache/Compressed.ddp not found, will not use a pak cache.
[2017.08.25-10.08.42:778][  0]LogDerivedDataCache: Unable to find inner node CompressedPak for hierarchical cache Hierarchy.
[2017.08.25-10.08.42:799][  0]LogDerivedDataCache:Display: Pak cache opened for reading ../../../Engine/DerivedDataCache/Compressed.ddp.
[2017.08.25-10.08.42:813][  0]LogDerivedDataCache: Using Local data cache path C:/Users/cripe/AppData/Local/UnrealEngine/Common/DerivedDataCache: Writable
[2017.08.25-10.08.42:829][  0]LogMaterial: Verifying Global Shaders for PCD3D_SM5
[2017.08.25-10.08.42:835][  0]LogSlate: Using Freetype 2.6.0
[2017.08.25-10.08.42:839][  0]LogSlate: SlateFontCache - WITH_FREETYPE: 1, WITH_HARFBUZZ: 1
[2017.08.25-10.08.42:839][  0]LogSlate: SlateFontCache - WITH_FREETYPE: 1, WITH_HARFBUZZ: 1
[2017.08.25-10.08.43:625][  0]LogInit: Selected Device Profile: [Windows]
[2017.08.25-10.08.43:759][  0]LogContentStreaming: Texture pool size is 0.00 MB
[2017.08.25-10.08.43:944][  0]LogMeshUtilities: Using QuadricMeshReduction for automatic static mesh reduction
[2017.08.25-10.08.43:989][  0]LogSimplygon: Simplygon DLL not present - disabling.
[2017.08.25-10.08.44:035][  0]LogMeshUtilities: Using SimplygonSwarm for distributed automatic mesh merging
[2017.08.25-10.08.44:035][  0]LogMeshUtilities: No automatic skeletal mesh reduction module available
[2017.08.25-10.08.44:035][  0]LogMeshUtilities: No automatic mesh merging module available
[2017.08.25-10.08.44:808][  0]LogNetVersion: Postwar , NetCL: 3452394, EngineNetVer: 2, GameNetVer: 0 (Checksum: 2296384490)
[2017.08.25-10.08.44:879][  0]LogAssetRegistry: FAssetRegistry took 0.0270 seconds to start up
[2017.08.25-10.08.44:951][  0]LogPackageLocalizationCache: Processed 4 localized package path(s) for 1 prioritized culture(s) in 0.054245 seconds
[2017.08.25-10.08.44:956][  0]LogUObjectArray: 34194 objects as part of root set at end of initial load.
[2017.08.25-10.08.44:956][  0]LogUObjectAllocator: 7260416 out of 0 bytes used by permanent object pool.
[2017.08.25-10.08.44:956][  0]LogUObjectArray: CloseDisregardForGC: 0/0 objects in disregard for GC pool
[2017.08.25-10.08.45:008][  0]LogInit: WinSock: version 1.1 (2.2), MaxSocks=32767, MaxUdp=65467
[2017.08.25-10.08.48:239][  0]LogTcpMessaging: Initializing TcpMessaging bridge
[2017.08.25-10.08.48:279][  0]LogUdpMessaging: Initializing bridge on interface 0.0.0.0:0 to multicast group 230.0.0.1:6666.
[2017.08.25-10.08.48:822][  0]LogMaterial: Uniform references updated for custom material expression Custom.
[2017.08.25-10.08.49:226][  0]SourceControl: Info Source control is disabled
[2017.08.25-10.08.49:295][  0]SourceControl: Info Source control is disabled
[2017.08.25-10.08.49:346][  0]SourceControl: Info Source control is disabled
[2017.08.25-10.08.49:392][  0]SourceControl: Info Source control is disabled
[2017.08.25-10.08.50:096][  0]LogAndroidPermission: UAndroidPermissionCallbackProxy::GetInstance
[2017.08.25-10.08.50:664][  0]LogEngine: Initializing Engine...
[2017.08.25-10.08.50:666][  0]LogHMD: Failed to initialize OpenVR with code 110
[2017.08.25-10.08.50:891][  0]LogStats: UGameplayTagsManager::ConstructGameplayTagTree: Construct from data asset -  0.000 s
[2017.08.25-10.08.50:891][  0]LogStats: UGameplayTagsManager::ConstructGameplayTagTree: GameplayTagTreeChangedEvent.Broadcast -  0.000 s
[2017.08.25-10.08.51:021][  0]LogAIModule: Creating AISystem for world Untitled
[2017.08.25-10.08.51:040][  0]LogInit: XAudio2 using 'Altavoces (Realtek High Definition Audio)' : 2 channels at 48 kHz using 32 bits per sample (channel mask 0x3)
[2017.08.25-10.08.51:060][  0]LogInit: FAudioDevice initialized.
[2017.08.25-10.08.51:104][  0]LogDerivedDataCache: Saved boot cache 0.04s 90MB C:/Users/cripe/AppData/Local/UnrealEngine/4.16/DerivedDataCache/Boot.ddc.
[2017.08.25-10.08.51:116][  0]LogInit: Texture streaming: Enabled
[2017.08.25-10.08.51:197][  0]LogEngineSessionManager: EngineSessionManager initialized
[2017.08.25-10.08.51:407][  0]LogWindowsTextInputMethodSystem:Display: IME system now deactivated.
[2017.08.25-10.08.51:464][  0]LogInit: Transaction tracking system initialized
[2017.08.25-10.08.51:837][  0]BlueprintLog: New page: Editor Load
[2017.08.25-10.08.52:737][  0]LocalizationService: Info Localization service is disabled
[2017.08.25-10.08.53:387][  0]LogConsoleResponse:Display: 
[2017.08.25-10.08.53:648][  0]LogCook:Display: Max memory allowance for cook 16384mb min free memory 0mb
[2017.08.25-10.08.53:648][  0]LogCook:Display: Mobile HDR setting 1
[2017.08.25-10.08.54:763][  0]LogFileCache: Scanning file cache for directory 'E:/Usuario/Ruben/UNIVERSIDAD/TFG/Postwar/Content/' took 0.07s
[2017.08.25-10.08.54:817][  0]SourceControl: Info Source control is disabled
[2017.08.25-10.08.54:819][  0]Cmd: MAP LOAD FILE="E:/Usuario/Ruben/UNIVERSIDAD/TFG/Postwar/Content/FirstPersonBP/PostWar/Niveles/MainMenu.umap" TEMPLATE=0 SHOWPROGRESS=1 FEATURELEVEL=3
[2017.08.25-10.08.54:857][  0]LightingResults: New page: Lighting Build
[2017.08.25-10.08.54:909][  0]MapCheck: New page: Map Check
[2017.08.25-10.08.54:909][  0]LightingResults: New page: Lighting Build
[2017.08.25-10.08.57:059][  0]LogBlueprint:Warning: [WeaponParent] 'HUD reference' variable not found. Base class was probably changed.
[2017.08.25-10.08.57:059][  0]LogBlueprint:Warning: [WeaponParent] 'Opac' variable not found. Base class was probably changed.
[2017.08.25-10.08.57:181][  0]LogBlueprint:Warning: [WeaponParent] 'HUD reference' variable not found. Base class was probably changed.
[2017.08.25-10.08.58:253][  0]LogAIModule: Creating AISystem for world MainMenu
[2017.08.25-10.08.58:258][  0]LogEditorServer: Finished looking for orphan Actors (0.000 secs)
[2017.08.25-10.08.58:289][  0]Cmd: MAP CHECKDEP NOCLEARLOG
[2017.08.25-10.08.58:359][  0]MapCheck: Info Map check complete: 0 Error(s), 0 Warning(s), took 70.118ms to complete.
[2017.08.25-10.08.58:359][  0]LogFileHelpers: Loading map 'MainMenu' took 3.541
[2017.08.25-10.08.58:552][  0]LogCollectionManager: Loaded 0 collections in 0.002033 seconds
[2017.08.25-10.08.58:645][  0]LogFileCache: Scanning file cache for directory 'E:/Usuario/Ruben/UNIVERSIDAD/TFG/Postwar/Saved/Collections/' took 0.01s
[2017.08.25-10.08.58:645][  0]LogFileCache: Scanning file cache for directory 'E:/Usuario/Ruben/UNIVERSIDAD/TFG/Postwar/Content/Developers/cripe/Collections/' took 0.01s
[2017.08.25-10.08.58:645][  0]LogFileCache: Scanning file cache for directory 'E:/Usuario/Ruben/UNIVERSIDAD/TFG/Postwar/Content/Collections/' took 0.01s
[2017.08.25-10.08.58:645][  0]LogCollectionManager: Rebuilt the GUID cache for 0 collections in 0.000002 seconds
[2017.08.25-10.08.58:656][  0]LogContentBrowser: Native class hierarchy populated in 0.0098 seconds. Added 2329 classes and 491 folders.
[2017.08.25-10.08.58:712][  0]LogContentBrowser: Native class hierarchy updated for 'WidgetCarousel' in 0.0006 seconds. Added 0 classes and 0 folders.
[2017.08.25-10.08.58:827][  0]LogContentBrowser: Native class hierarchy updated for 'AddContentDialog' in 0.0006 seconds. Added 0 classes and 0 folders.
[2017.08.25-10.08.58:870][  0]LogContentBrowser: Native class hierarchy updated for 'SceneOutliner' in 0.0007 seconds. Added 1 classes and 2 folders.
[2017.08.25-10.08.59:063][  0]LogCrashTracker: Crashtracker disabled due to settings.
[2017.08.25-10.08.59:074][  0]LogSlate: Took 0.001183 seconds to synchronously load lazily loaded font '../../../Engine/Content/Slate/Fonts/Roboto-Regular.ttf' (155K)
[2017.08.25-10.08.59:077][  0]LogSlate: Took 0.001275 seconds to synchronously load lazily loaded font '../../../Engine/Content/Slate/Fonts/Roboto-Bold.ttf' (160K)
[2017.08.25-10.08.59:083][  0]LogSlate: Took 0.001156 seconds to synchronously load lazily loaded font '../../../Engine/Content/Editor/Slate/Fonts/FontAwesome.ttf' (139K)
[2017.08.25-10.08.59:227][  0]LogRenderer: Reallocating scene render targets to support 1208x672 NumSamples 1 (Frame:1).
[2017.08.25-10.08.59:392][  0]LogUObjectGlobals:Warning: Failed to find object 'Class None.'
[2017.08.25-10.08.59:463][  0]LogContentBrowser: Native class hierarchy updated for 'HierarchicalLODOutliner' in 0.0007 seconds. Added 1 classes and 2 folders.
[2017.08.25-10.08.59:463][  0]LogLoad: (Engine Initialization) Total time: 24.52 seconds
[2017.08.25-10.08.59:463][  0]LogLoad: (Engine Initialization) Total Blueprint compile time: 0.55 seconds
[2017.08.25-10.08.59:463][  0]LogExternalProfiler: Found external profiler: VSPerf
[2017.08.25-10.08.59:463][  0]LogExternalProfiler: Using external profiler: VSPerf
[2017.08.25-10.08.59:482][  0]LogOcInput: OculusInput pre-init called
[2017.08.25-10.08.59:482][  0]LogHMD: Starting GearVRController plugin
[2017.08.25-10.08.59:518][  0]LogContentStreaming: Texture pool size now 1000 MB
[2017.08.25-10.08.59:550][  0]LogSlate: Took 0.001154 seconds to synchronously load lazily loaded font '../../../Engine/Content/Slate/Fonts/Roboto-Light.ttf' (159K)
[2017.08.25-10.08.59:644][  2]LogAssetRegistry: Asset discovery search completed in 14.7870 seconds
[2017.08.25-10.08.59:649][  2]LogCollectionManager: Rebuilt the object cache for 0 collections in 0.000001 seconds (found 0 objects)
[2017.08.25-10.08.59:649][  2]LogCollectionManager: Fixed up redirectors for 0 collections in 0.000044 seconds (updated 0 objects)
[2017.08.25-10.09.04:558][288]LogFileCache: Retrieving MD5 hashes for directory 'E:/Usuario/Ruben/UNIVERSIDAD/TFG/Postwar/Content/' took 5.06s
[2017.08.25-10.09.10:975][672]LogSlate: Took 0.000273 seconds to synchronously load lazily loaded font '../../../Engine/Content/Slate/Fonts/Roboto-Light.ttf' (159K)
[2017.08.25-10.09.11:410][672]LogContentBrowser: Native class hierarchy updated for 'BlueprintGraph' in 0.0010 seconds. Added 112 classes and 0 folders.
[2017.08.25-10.09.12:019][672]LogSlate: Took 0.000277 seconds to synchronously load lazily loaded font '../../../Engine/Content/Slate/Fonts/Roboto-Regular.ttf' (155K)
[2017.08.25-10.09.12:253][672]LogSlate: Took 0.001546 seconds to synchronously load lazily loaded font '../../../Engine/Content/Editor/Slate/Fonts/Roboto-BoldCondensed.ttf' (158K)
[2017.08.25-10.09.12:422][673]LogSlate: Took 0.001429 seconds to synchronously load lazily loaded font '../../../Engine/Content/Editor/Slate/Fonts/Roboto-Italic.ttf' (157K)
[2017.08.25-10.09.14:309][779]LogRenderer: Reallocating scene render targets to support 1208x712 NumSamples 1 (Frame:1).
[2017.08.25-10.09.18:456][ 23]LogTemp: Repeting last play command: Selected Viewport
[2017.08.25-10.09.18:883][ 23]LogBlueprintUserMessages: Early PlayInEditor Detection: Level '/Game/FirstPersonBP/PostWar/Niveles/MainMenu.MainMenu:PersistentLevel' has LevelScriptBlueprint '/Game/FirstPersonBP/PostWar/Niveles/MainMenu.MainMenu:PersistentLevel.MainMenu' with GeneratedClass '/Game/FirstPersonBP/PostWar/Niveles/MainMenu.MainMenu_C' with ClassGeneratedBy '/Game/FirstPersonBP/PostWar/Niveles/MainMenu.MainMenu:PersistentLevel.MainMenu'
[2017.08.25-10.09.18:883][ 23]LogPlayLevel: PlayLevel: No blueprints needed recompiling
[2017.08.25-10.09.18:885][ 23]PIE: New page: PIE session: MainMenu (Aug 25, 2017, 2:09:18 PM)
[2017.08.25-10.09.18:885][ 23]LogPlayLevel: Creating play world package: /Game/FirstPersonBP/PostWar/Niveles/UEDPIE_0_MainMenu
[2017.08.25-10.09.18:887][ 23]LogPlayLevel: PIE: StaticDuplicateObject took: (0.001667s)
[2017.08.25-10.09.18:887][ 23]LogAIModule: Creating AISystem for world MainMenu
[2017.08.25-10.09.18:887][ 23]LogPlayLevel: PIE: World Init took: (0.000620s)
[2017.08.25-10.09.18:888][ 23]LogPlayLevel: PIE: Created PIE world by copying editor world from /Game/FirstPersonBP/PostWar/Niveles/MainMenu.MainMenu to /Game/FirstPersonBP/PostWar/Niveles/UEDPIE_0_MainMenu.MainMenu (0.002495s)
[2017.08.25-10.09.18:911][ 23]LogInit: XAudio2 using 'Altavoces (Realtek High Definition Audio)' : 2 channels at 48 kHz using 32 bits per sample (channel mask 0x3)
[2017.08.25-10.09.18:922][ 23]LogInit: FAudioDevice initialized.
[2017.08.25-10.09.18:969][ 23]LogLoad: Game class is 'MiMenuGameMode_C'
[2017.08.25-10.09.18:973][ 23]LogWorld: Bringing World /Game/FirstPersonBP/PostWar/Niveles/UEDPIE_0_MainMenu.MainMenu up for play (max tick rate 60) at 2017.08.25-12.09.18
[2017.08.25-10.09.18:973][ 23]LogWorld: Bringing up level for play took: 0.000906
[2017.08.25-10.09.18:977][ 23]LogSpawn:Warning: SpawnActor failed because no class was specified
[2017.08.25-10.09.19:016][ 23]LogContentBrowser: Native class hierarchy updated for 'MovieSceneCapture' in 0.0007 seconds. Added 11 classes and 0 folders.
[2017.08.25-10.09.19:037][ 23]PIE: Info Play in editor start time for /Game/FirstPersonBP/PostWar/Niveles/UEDPIE_0_MainMenu 0.638
[2017.08.25-10.09.19:037][ 23]LogBlueprintUserMessages: Late PlayInEditor Detection: Level '/Game/FirstPersonBP/PostWar/Niveles/MainMenu.MainMenu:PersistentLevel' has LevelScriptBlueprint '/Game/FirstPersonBP/PostWar/Niveles/MainMenu.MainMenu:PersistentLevel.MainMenu' with GeneratedClass '/Game/FirstPersonBP/PostWar/Niveles/MainMenu.MainMenu_C' with ClassGeneratedBy '/Game/FirstPersonBP/PostWar/Niveles/MainMenu.MainMenu:PersistentLevel.MainMenu'
[2017.08.25-10.09.19:880][ 71]LogNet: Browse: /Game/FirstPersonBP/PostWar/Niveles/Mapa
[2017.08.25-10.09.19:880][ 71]LogLoad: LoadMap: /Game/FirstPersonBP/PostWar/Niveles/Mapa
[2017.08.25-10.09.19:899][ 71]Cmd: MEM
[2017.08.25-10.09.19:917][ 71]LogMemory: Platform Memory Stats for Windows
[2017.08.25-10.09.19:917][ 71]LogMemory: Process Physical Memory: 1383.94 MB used, 1385.99 MB peak
[2017.08.25-10.09.19:917][ 71]LogMemory: Process Virtual Memory: 1907.72 MB used, 1933.81 MB peak
[2017.08.25-10.09.19:917][ 71]LogMemory: Physical Memory: 8348.23 MB used,  7954.91 MB free, 16303.14 MB total
[2017.08.25-10.09.19:917][ 71]LogMemory: Virtual Memory: 2724.53 MB used,  7954.91 MB free, 134217728.00 MB total
[2017.08.25-10.09.19:917][ 71]LogMemory: 
[2017.08.25-10.09.19:917][ 71]Allocator Stats for TBB: (not implemented)
[2017.08.25-10.09.54:535][ 71]LogMaterial: Missing cached shader map for material Material__386, compiling. 
[2017.08.25-10.09.54:537][ 71]LogMaterial:Warning: Failed to compile Material /Game/FirstPersonBP/PostWar/Models/Power-up/Material__386.Material__386 for platform PCD3D_SM5, Default Material will be used in game.
[2017.08.25-10.09.54:537][ 71]LogMaterial:Warning: 	(Node TextureSample) Texture Sample> Missing input texture
[2017.08.25-10.09.55:946][ 71]LogMaterial: Missing cached shader map for material Metal_Galvanized, compiling. 
[2017.08.25-10.09.55:947][ 71]LogMaterial:Warning: Failed to compile Material /Game/FirstPersonBP/PostWar/Models/armasHabitacion/Metal_Galvanized.Metal_Galvanized for platform PCD3D_SM5, Default Material will be used in game.
[2017.08.25-10.09.55:947][ 71]LogMaterial:Warning: 	(Node TextureSample) TextureSample> Sampler type is Normal, should be Color for /Game/FirstPersonBP/PostWar/Models/armasHabitacion/Camo.Camo
[2017.08.25-10.10.13:468][ 71]LogAIModule: Creating AISystem for world Mapa
[2017.08.25-10.10.13:468][ 71]LogLoad: Game class is 'FirstPersonGameMode_C'
[2017.08.25-10.10.13:547][ 71]LogWorld: Bringing World /Game/FirstPersonBP/PostWar/Niveles/UEDPIE_0_Mapa.Mapa up for play (max tick rate 60) at 2017.08.25-12.10.13
[2017.08.25-10.10.13:554][ 71]LogWorld: Bringing up level for play took: 0.084545
[2017.08.25-10.10.13:566][ 71]Cmd: stat fps
[2017.08.25-10.10.13:568][ 71]LogLoad: Took 53.687420 seconds to LoadMap(/Game/FirstPersonBP/PostWar/Niveles/Mapa)
[2017.08.25-10.10.13:588][ 71]LogScript:Warning: Accessed None trying to read property Equipada
	BasicAmmo_C /Engine/Transient.UnrealEdEngine_0:GameInstance_0.BasicAmmo_C_0
	Function /Game/FirstPersonBP/PostWar/HUD/BasicAmmo.BasicAmmo_C:MunicionActual:00D5
[2017.08.25-10.10.13:589][ 71]LogScript:Warning: Accessed None trying to read property Equipada
	BasicAmmo_C /Engine/Transient.UnrealEdEngine_0:GameInstance_0.BasicAmmo_C_0
	Function /Game/FirstPersonBP/PostWar/HUD/BasicAmmo.BasicAmmo_C:MunicionTotal:00D5
[2017.08.25-10.10.13:589][ 71]LogScript:Warning: Accessed None trying to read property Equipada
	BasicAmmo_C /Engine/Transient.UnrealEdEngine_0:GameInstance_0.BasicAmmo_C_0
	Function /Game/FirstPersonBP/PostWar/HUD/BasicAmmo.BasicAmmo_C:Recargando:00AB
[2017.08.25-10.10.13:643][ 72]LogScript:Warning: Accessed None trying to read property Equipada
	BasicAmmo_C /Engine/Transient.UnrealEdEngine_0:GameInstance_0.BasicAmmo_C_0
	Function /Game/FirstPersonBP/PostWar/HUD/BasicAmmo.BasicAmmo_C:MunicionActual:00D5
[2017.08.25-10.10.13:644][ 72]LogScript:Warning: Accessed None trying to read property Equipada
	BasicAmmo_C /Engine/Transient.UnrealEdEngine_0:GameInstance_0.BasicAmmo_C_0
	Function /Game/FirstPersonBP/PostWar/HUD/BasicAmmo.BasicAmmo_C:MunicionTotal:00D5
[2017.08.25-10.10.13:644][ 72]LogScript:Warning: Accessed None trying to read property Equipada
	BasicAmmo_C /Engine/Transient.UnrealEdEngine_0:GameInstance_0.BasicAmmo_C_0
	Function /Game/FirstPersonBP/PostWar/HUD/BasicAmmo.BasicAmmo_C:Recargando:00AB
[2017.08.25-10.10.13:732][ 73]LogScript:Warning: Accessed None trying to read property Equipada
	BasicAmmo_C /Engine/Transient.UnrealEdEngine_0:GameInstance_0.BasicAmmo_C_0
	Function /Game/FirstPersonBP/PostWar/HUD/BasicAmmo.BasicAmmo_C:MunicionActual:00D5
[2017.08.25-10.10.13:732][ 73]LogScript:Warning: Accessed None trying to read property Equipada
	BasicAmmo_C /Engine/Transient.UnrealEdEngine_0:GameInstance_0.BasicAmmo_C_0
	Function /Game/FirstPersonBP/PostWar/HUD/BasicAmmo.BasicAmmo_C:MunicionTotal:00D5
[2017.08.25-10.10.13:732][ 73]LogScript:Warning: Accessed None trying to read property Equipada
	BasicAmmo_C /Engine/Transient.UnrealEdEngine_0:GameInstance_0.BasicAmmo_C_0
	Function /Game/FirstPersonBP/PostWar/HUD/BasicAmmo.BasicAmmo_C:Recargando:00AB
[2017.08.25-10.10.13:777][ 74]LogScript:Warning: Accessed None trying to read property Equipada
	BasicAmmo_C /Engine/Transient.UnrealEdEngine_0:GameInstance_0.BasicAmmo_C_0
	Function /Game/FirstPersonBP/PostWar/HUD/BasicAmmo.BasicAmmo_C:MunicionActual:00D5
[2017.08.25-10.10.13:777][ 74]LogScript:Warning: Accessed None trying to read property Equipada
	BasicAmmo_C /Engine/Transient.UnrealEdEngine_0:GameInstance_0.BasicAmmo_C_0
	Function /Game/FirstPersonBP/PostWar/HUD/BasicAmmo.BasicAmmo_C:MunicionTotal:00D5
[2017.08.25-10.10.13:777][ 74]LogScript:Warning: Accessed None trying to read property Equipada
	BasicAmmo_C /Engine/Transient.UnrealEdEngine_0:GameInstance_0.BasicAmmo_C_0
	Function /Game/FirstPersonBP/PostWar/HUD/BasicAmmo.BasicAmmo_C:Recargando:00AB
[2017.08.25-10.10.13:797][ 75]LogScript:Warning: Accessed None trying to read property Equipada
	BasicAmmo_C /Engine/Transient.UnrealEdEngine_0:GameInstance_0.BasicAmmo_C_0
	Function /Game/FirstPersonBP/PostWar/HUD/BasicAmmo.BasicAmmo_C:MunicionActual:00D5
[2017.08.25-10.10.13:797][ 75]LogScript:Warning: Accessed None trying to read property Equipada
	BasicAmmo_C /Engine/Transient.UnrealEdEngine_0:GameInstance_0.BasicAmmo_C_0
	Function /Game/FirstPersonBP/PostWar/HUD/BasicAmmo.BasicAmmo_C:MunicionTotal:00D5
[2017.08.25-10.10.13:797][ 75]LogScript:Warning: Accessed None trying to read property Equipada
	BasicAmmo_C /Engine/Transient.UnrealEdEngine_0:GameInstance_0.BasicAmmo_C_0
	Function /Game/FirstPersonBP/PostWar/HUD/BasicAmmo.BasicAmmo_C:Recargando:00AB
[2017.08.25-10.10.13:816][ 76]LogScript:Warning: Accessed None trying to read property Equipada
	BasicAmmo_C /Engine/Transient.UnrealEdEngine_0:GameInstance_0.BasicAmmo_C_0
	Function /Game/FirstPersonBP/PostWar/HUD/BasicAmmo.BasicAmmo_C:MunicionActual:00D5
[2017.08.25-10.10.13:816][ 76]LogScript:Warning: Accessed None trying to read property Equipada
	BasicAmmo_C /Engine/Transient.UnrealEdEngine_0:GameInstance_0.BasicAmmo_C_0
	Function /Game/FirstPersonBP/PostWar/HUD/BasicAmmo.BasicAmmo_C:MunicionTotal:00D5
[2017.08.25-10.10.44:701][900]LogBlueprintUserMessages: [ZonaBP_2] Entro en nueva zona
[2017.08.25-10.10.44:701][900]LogBlueprintUserMessages: [Partida_C_1] 9
[2017.08.25-10.10.44:701][900]LogBlueprintUserMessages: [Partida_C_1] INICIO RONDA!!!!
[2017.08.25-10.10.45:213][930]LogBlueprintUserMessages: [Zombi_C_0] 99.992493
[2017.08.25-10.10.45:717][959]LogBlueprintUserMessages: [Zombi_C_1] 99.992493
[2017.08.25-10.10.46:208][986]LogBlueprintUserMessages: [Zombi_C_2] 99.992493
[2017.08.25-10.10.46:702][ 15]LogBlueprintUserMessages: [Zombi_C_3] 99.992493
[2017.08.25-10.10.47:206][ 45]LogBlueprintUserMessages: [Zombi_C_4] 99.992493
[2017.08.25-10.10.47:709][ 75]LogBlueprintUserMessages: [Zombi_C_5] 99.992493
[2017.08.25-10.10.48:203][104]LogBlueprintUserMessages: [Zombi_C_6] 99.992493
[2017.08.25-10.10.48:706][134]LogBlueprintUserMessages: [Zombi_C_7] 99.992493
[2017.08.25-10.10.49:216][164]LogBlueprintUserMessages: [Zombi_C_8] 99.992493
[2017.08.25-10.10.50:872][263]LogBlueprintUserMessages: [FirstPersonCharacter2] NO HAY PUNTOS SUFICIENTES
[2017.08.25-10.10.51:777][317]LogBlueprintUserMessages: [FirstPersonCharacter2] NO HAY PUNTOS SUFICIENTES
[2017.08.25-10.10.52:148][339]LogBlueprintUserMessages: [FirstPersonCharacter2] Mi vida actual es es: 9
[2017.08.25-10.10.52:380][353]LogBlueprintUserMessages: [FirstPersonCharacter2] NO HAY PUNTOS SUFICIENTES
[2017.08.25-10.10.53:057][393]LogBlueprintUserMessages: [ZonaBP6] Entro en nueva zona
[2017.08.25-10.10.53:058][393]LogBlueprintUserMessages: [Zombi_C_7] ME HA DADO EN EL TORSO
[2017.08.25-10.10.53:058][393]LogBlueprintUserMessages: [Zombi_C_5] ME HA DADO EN EL TORSO
[2017.08.25-10.10.53:152][395]LogBlueprintUserMessages: [FirstPersonCharacter2] Mi vida actual es es: 8
[2017.08.25-10.10.53:260][400]LogBlueprintUserMessages: [ZonaBP6] Entro en nueva zona
[2017.08.25-10.10.53:260][400]LogBlueprintUserMessages: [Zombi_C_3] ME HA DADO EN EL TORSO
[2017.08.25-10.10.53:260][400]LogBlueprintUserMessages: [Zombi_C_4] ME HA DADO EN EL TORSO
[2017.08.25-10.10.53:323][403]LogBlueprintUserMessages: [FirstPersonCharacter2] Mi vida actual es es: 7
[2017.08.25-10.10.53:365][405]LogBlueprintUserMessages: [ZonaBP6] Entro en nueva zona
[2017.08.25-10.10.53:365][405]LogBlueprintUserMessages: [Zombi_C_4] ME HA DADO EN EL TORSO
[2017.08.25-10.10.53:365][405]LogBlueprintUserMessages: [Zombi_C_3] ME HA DADO EN EL TORSO
[2017.08.25-10.10.53:480][410]LogBlueprintUserMessages: [ZonaBP6] Entro en nueva zona
[2017.08.25-10.10.53:582][415]LogBlueprintUserMessages: [ZonaBP6] Entro en nueva zona
[2017.08.25-10.10.53:582][415]LogBlueprintUserMessages: [Zombi_C_3] ME HA DADO EN EL TORSO
[2017.08.25-10.10.53:623][417]LogBlueprintUserMessages: [FirstPersonCharacter2] Mi vida actual es es: 6
[2017.08.25-10.10.53:698][421]LogBlueprintUserMessages: [Zombi_C_4] ME HA DADO EN EL TORSO
[2017.08.25-10.10.53:698][421]LogBlueprintUserMessages: [Zombi_C_5] ME HA DADO EN LA CABEZA
[2017.08.25-10.10.53:926][433]LogBlueprintUserMessages: [Zombi_C_8] ME HA DADO EN LA CABEZA
[2017.08.25-10.10.54:042][439]LogBlueprintUserMessages: [Zombi_C_8] ME HA DADO EN LA CABEZA
[2017.08.25-10.10.54:153][445]LogBlueprintUserMessages: [Zombi_C_8] ME HA DADO EN LA CABEZA
[2017.08.25-10.10.54:259][451]LogBlueprintUserMessages: [Zombi_C_4] ME HA DADO EN EL TORSO
[2017.08.25-10.10.54:259][451]LogBlueprintUserMessages: [Zombi_C_8] ME HA DADO EN EL TORSO
[2017.08.25-10.10.54:365][457]LogBlueprintUserMessages: [Zombi_C_4] ME HA DADO EN EL TORSO
[2017.08.25-10.10.54:365][457]LogBlueprintUserMessages: [Zombi_C_5] ME HA DADO EN EL TORSO
[2017.08.25-10.10.54:476][463]LogBlueprintUserMessages: [Zombi_C_4] ME HA DADO EN EL TORSO
[2017.08.25-10.10.54:476][463]LogBlueprintUserMessages: [Zombi_C_5] ME HA DADO EN EL TORSO
[2017.08.25-10.10.54:590][469]LogBlueprintUserMessages: [Zombi_C_5] ME HA DADO EN EL TORSO
[2017.08.25-10.10.54:649][472]LogBlueprintUserMessages: [FirstPersonCharacter2] Mi vida actual es es: 5
[2017.08.25-10.10.54:690][474]LogBlueprintUserMessages: [Zombi_C_4] ME HA DADO EN EL TORSO
[2017.08.25-10.10.54:690][474]LogBlueprintUserMessages: [Zombi_C_5] ME HA DADO EN EL TORSO
[2017.08.25-10.10.54:799][480]LogBlueprintUserMessages: [ZonaBP6] Entro en nueva zona
[2017.08.25-10.10.54:799][480]LogBlueprintUserMessages: [Zombi_C_3] ME HA DADO EN LA CABEZA
[2017.08.25-10.10.54:801][480]LogBlueprintUserMessages: [FirstPersonCharacter2] Mi vida actual es es: 4
[2017.08.25-10.10.54:912][486]LogBlueprintUserMessages: [ZonaBP6] Entro en nueva zona
[2017.08.25-10.10.54:912][486]LogBlueprintUserMessages: [Zombi_C_3] ME HA DADO EN LA CABEZA
[2017.08.25-10.10.55:027][492]LogBlueprintUserMessages: [ZonaBP6] Entro en nueva zona
[2017.08.25-10.10.55:072][494]LogBlueprintUserMessages: [FirstPersonCharacter2] Mi vida actual es es: 3
[2017.08.25-10.10.55:143][498]LogBlueprintUserMessages: [ZonaBP6] Entro en nueva zona
[2017.08.25-10.10.56:323][560]LogBlueprintUserMessages: [FirstPersonCharacter2] Mi vida actual es es: 2
[2017.08.25-10.10.56:528][571]LogBlueprintUserMessages: Early EndPlayMap Detection: Level '/Game/FirstPersonBP/PostWar/Niveles/MainMenu.MainMenu:PersistentLevel' has LevelScriptBlueprint '/Game/FirstPersonBP/PostWar/Niveles/MainMenu.MainMenu:PersistentLevel.MainMenu' with GeneratedClass '/Game/FirstPersonBP/PostWar/Niveles/MainMenu.MainMenu_C' with ClassGeneratedBy '/Game/FirstPersonBP/PostWar/Niveles/MainMenu.MainMenu:PersistentLevel.MainMenu'
[2017.08.25-10.10.56:595][571]LogBlueprintUserMessages: Late EndPlayMap Detection: Level '/Game/FirstPersonBP/PostWar/Niveles/MainMenu.MainMenu:PersistentLevel' has LevelScriptBlueprint '/Game/FirstPersonBP/PostWar/Niveles/MainMenu.MainMenu:PersistentLevel.MainMenu' with GeneratedClass '/Game/FirstPersonBP/PostWar/Niveles/MainMenu.MainMenu_C' with ClassGeneratedBy '/Game/FirstPersonBP/PostWar/Niveles/MainMenu.MainMenu:PersistentLevel.MainMenu'
[2017.08.25-11.09.59:197][937]LogRenderer: Reallocating scene render targets to support 1292x712 NumSamples 1 (Frame:8).
[2017.08.25-12.45.59:353][719]LogActorComponent: UnregisterComponent: (/Engine/Transient.EditorFloorComp) Not registered. Aborting.
[2017.08.25-12.46.00:866][783]LogWindowsTextInputMethodSystem:Display: IME system now deactivated.
[2017.08.25-12.46.01:138][784]Cmd: QUIT_EDITOR
[2017.08.25-12.46.01:658][784]LogExit: Preparing to exit.
[2017.08.25-12.46.02:933][784]LogExit: Editor shut down
[2017.08.25-12.46.02:967][784]LogExit: Transaction tracking system shut down
[2017.08.25-12.46.06:839][784]LogObj: Freed 0b from 0 cluster array pools.
[2017.08.25-12.46.06:841][784]LogExit: Object subsystem successfully closed.
[2017.08.25-12.46.07:073][784]LogD3D11RHI: Shutdown
[2017.08.25-12.46.07:073][784]LogD3D11RHI: CleanupD3DDevice
[2017.08.25-12.46.07:459][784]LogD3D11RHI: ~FD3D11DynamicRHI
[2017.08.25-12.46.07:495][784]LogModuleManager: Shutting down and abandoning module MovieSceneCapture (530)
[2017.08.25-12.46.07:495][784]LogModuleManager: Shutting down and abandoning module BlueprintGraph (528)
[2017.08.25-12.46.07:495][784]LogModuleManager: Shutting down and abandoning module BlueprintProfiler (526)
[2017.08.25-12.46.07:496][784]LogModuleManager: Shutting down and abandoning module HierarchicalLODOutliner (524)
[2017.08.25-12.46.07:496][784]LogModuleManager: Shutting down and abandoning module CrashTracker (522)
[2017.08.25-12.46.07:496][784]LogModuleManager: Shutting down and abandoning module SceneOutliner (520)
[2017.08.25-12.46.07:497][784]LogModuleManager: Shutting down and abandoning module AddContentDialog (518)
[2017.08.25-12.46.07:498][784]LogDirectoryWatcher: A directory notification for 'D:/Program Files/Epic Games/UE_4.16/FeaturePacks/' was aborted.
[2017.08.25-12.46.07:504][784]LogModuleManager: Shutting down and abandoning module WidgetCarousel (517)
[2017.08.25-12.46.07:504][784]LogModuleManager: Shutting down and abandoning module EditorWidgets (514)
[2017.08.25-12.46.07:504][784]LogModuleManager: Shutting down and abandoning module CollectionManager (512)
[2017.08.25-12.46.07:504][784]LogDirectoryWatcher: A directory notification for 'E:/Usuario/Ruben/UNIVERSIDAD/TFG/Postwar/Content/Collections/' was aborted.
[2017.08.25-12.46.07:504][784]LogDirectoryWatcher: A directory notification for 'E:/Usuario/Ruben/UNIVERSIDAD/TFG/Postwar/Content/Developers/cripe/Collections/' was aborted.
[2017.08.25-12.46.07:504][784]LogDirectoryWatcher: A directory notification for 'E:/Usuario/Ruben/UNIVERSIDAD/TFG/Postwar/Saved/Collections/' was aborted.
[2017.08.25-12.46.07:505][784]LogModuleManager: Shutting down and abandoning module StatsViewer (510)
[2017.08.25-12.46.07:505][784]LogModuleManager: Shutting down and abandoning module FoliageEdit (508)
[2017.08.25-12.46.07:505][784]LogModuleManager: Shutting down and abandoning module LandscapeEditor (506)
[2017.08.25-12.46.07:506][784]LogModuleManager: Shutting down and abandoning module MeshPaintMode (504)
[2017.08.25-12.46.07:506][784]LogModuleManager: Shutting down and abandoning module SceneDepthPickerMode (502)
[2017.08.25-12.46.07:506][784]LogModuleManager: Shutting down and abandoning module ActorPickerMode (500)
[2017.08.25-12.46.07:506][784]LogModuleManager: Shutting down and abandoning module GeometryMode (498)
[2017.08.25-12.46.07:506][784]LogModuleManager: Shutting down and abandoning module TextureAlignMode (496)
[2017.08.25-12.46.07:506][784]LogModuleManager: Shutting down and abandoning module BspMode (494)
[2017.08.25-12.46.07:507][784]LogModuleManager: Shutting down and abandoning module HardwareSurvey (492)
[2017.08.25-12.46.07:507][784]LogModuleManager: Shutting down and abandoning module SequenceRecorderSections (490)
[2017.08.25-12.46.07:507][784]LogModuleManager: Shutting down and abandoning module AutomationWorker (488)
[2017.08.25-12.46.07:507][784]LogModuleManager: Shutting down and abandoning module MatineeToLevelSequence (486)
[2017.08.25-12.46.07:508][784]LogModuleManager: Shutting down and abandoning module LevelSequenceEditor (484)
[2017.08.25-12.46.07:511][784]LogModuleManager: Shutting down and abandoning module PlacementMode (483)
[2017.08.25-12.46.07:511][784]LogModuleManager: Shutting down and abandoning module WmfMediaFactory (480)
[2017.08.25-12.46.07:511][784]LogModuleManager: Shutting down and abandoning module WmfMediaEditor (478)
[2017.08.25-12.46.07:511][784]LogModuleManager: Shutting down and abandoning module AvfMediaFactory (476)
[2017.08.25-12.46.07:511][784]LogModuleManager: Shutting down and abandoning module AvfMediaEditor (474)
[2017.08.25-12.46.07:511][784]LogModuleManager: Shutting down and abandoning module AndroidMediaFactory (472)
[2017.08.25-12.46.07:511][784]LogModuleManager: Shutting down and abandoning module Media (471)
[2017.08.25-12.46.07:511][784]LogModuleManager: Shutting down and abandoning module AndroidMediaEditor (468)
[2017.08.25-12.46.07:511][784]LogModuleManager: Shutting down and abandoning module CharacterAI (466)
[2017.08.25-12.46.07:511][784]LogModuleManager: Shutting down and abandoning module AudioCapture (464)
[2017.08.25-12.46.07:511][784]LogModuleManager: Shutting down and abandoning module SequenceRecorder (463)
[2017.08.25-12.46.07:512][784]LogModuleManager: Shutting down and abandoning module SmartSnapping (460)
[2017.08.25-12.46.07:512][784]LogModuleManager: Shutting down and abandoning module SessionServices (458)
[2017.08.25-12.46.07:512][784]LogModuleManager: Shutting down and abandoning module ViewportSnapping (456)
[2017.08.25-12.46.07:512][784]LogModuleManager: Shutting down and abandoning module ViewportInteraction (454)
[2017.08.25-12.46.07:512][784]LogModuleManager: Shutting down and abandoning module ClothPainter (452)
[2017.08.25-12.46.07:513][784]LogModuleManager: Shutting down and abandoning module LogVisualizer (450)
[2017.08.25-12.46.07:514][784]LogModuleManager: Shutting down and abandoning module IntroTutorials (448)
[2017.08.25-12.46.07:515][784]LogModuleManager: Shutting down and abandoning module GameProjectGeneration (447)
[2017.08.25-12.46.07:516][784]LogModuleManager: Shutting down and abandoning module EditorLiveStreaming (444)
[2017.08.25-12.46.07:516][784]LogModuleManager: Shutting down and abandoning module IOSPlatformEditor (442)
[2017.08.25-12.46.07:517][784]LogModuleManager: Shutting down and abandoning module HTML5PlatformEditor (440)
[2017.08.25-12.46.07:517][784]LogModuleManager: Shutting down and abandoning module AndroidPlatformEditor (438)
[2017.08.25-12.46.07:517][784]LogModuleManager: Shutting down and abandoning module AndroidDeviceDetection (437)
[2017.08.25-12.46.07:745][784]LogModuleManager: Shutting down and abandoning module IOSRuntimeSettings (434)
[2017.08.25-12.46.07:745][784]LogModuleManager: Shutting down and abandoning module AndroidRuntimeSettings (432)
[2017.08.25-12.46.07:745][784]LogModuleManager: Shutting down and abandoning module InputBindingEditor (430)
[2017.08.25-12.46.07:746][784]LogModuleManager: Shutting down and abandoning module MergeActors (428)
[2017.08.25-12.46.07:746][784]LogModuleManager: Shutting down and abandoning module SizeMap (426)
[2017.08.25-12.46.07:747][784]LogModuleManager: Shutting down and abandoning module TreeMap (424)
[2017.08.25-12.46.07:747][784]LogModuleManager: Shutting down and abandoning module ReferenceViewer (422)
[2017.08.25-12.46.07:747][784]LogModuleManager: Shutting down and abandoning module LocalizationDashboard (420)
[2017.08.25-12.46.07:748][784]LogModuleManager: Shutting down and abandoning module LocalizationService (419)
[2017.08.25-12.46.07:748][784]LogModuleManager: Shutting down and abandoning module HardwareTargeting (416)
[2017.08.25-12.46.07:748][784]LogModuleManager: Shutting down and abandoning module DeviceProfileEditor (414)
[2017.08.25-12.46.07:749][784]LogModuleManager: Shutting down and abandoning module UndoHistory (412)
[2017.08.25-12.46.07:749][784]LogModuleManager: Shutting down and abandoning module UserFeedback (410)
[2017.08.25-12.46.07:749][784]LogModuleManager: Shutting down and abandoning module XmlParser (408)
[2017.08.25-12.46.07:749][784]LogModuleManager: Shutting down and abandoning module Blutility (406)
[2017.08.25-12.46.07:750][784]LogModuleManager: Shutting down and abandoning module ProjectSettingsViewer (404)
[2017.08.25-12.46.07:750][784]LogModuleManager: Shutting down and abandoning module ProjectTargetPlatformEditor (403)
[2017.08.25-12.46.07:750][784]LogModuleManager: Shutting down and abandoning module EditorSettingsViewer (400)
[2017.08.25-12.46.07:750][784]LogModuleManager: Shutting down and abandoning module SettingsEditor (398)
[2017.08.25-12.46.07:751][784]LogModuleManager: Shutting down and abandoning module ProjectLauncher (396)
[2017.08.25-12.46.07:752][784]LogModuleManager: Shutting down and abandoning module SessionFrontend (394)
[2017.08.25-12.46.07:752][784]LogModuleManager: Shutting down and abandoning module ProfilerClient (392)
[2017.08.25-12.46.07:753][784]LogModuleManager: Shutting down and abandoning module DeviceManager (390)
[2017.08.25-12.46.07:753][784]LogModuleManager: Shutting down and abandoning module TargetDeviceServices (389)
[2017.08.25-12.46.07:817][784]LogModuleManager: Shutting down and abandoning module AutomationController (386)
[2017.08.25-12.46.07:818][784]LogModuleManager: Shutting down and abandoning module AutomationWindow (384)
[2017.08.25-12.46.07:819][784]LogModuleManager: Shutting down and abandoning module Layers (382)
[2017.08.25-12.46.07:821][784]LogModuleManager: Shutting down and abandoning module ComponentVisualizers (380)
[2017.08.25-12.46.07:821][784]LogModuleManager: Shutting down and abandoning module DetailCustomizations (378)
[2017.08.25-12.46.07:821][784]LogModuleManager: Shutting down and abandoning module PackagesDialog (376)
[2017.08.25-12.46.07:822][784]LogModuleManager: Shutting down and abandoning module Persona (374)
[2017.08.25-12.46.07:823][784]LogModuleManager: Shutting down and abandoning module AdvancedPreviewScene (373)
[2017.08.25-12.46.07:823][784]LogModuleManager: Shutting down and abandoning module AnimGraph (371)
[2017.08.25-12.46.07:823][784]LogModuleManager: Shutting down and abandoning module Kismet (368)
[2017.08.25-12.46.07:837][784]LogModuleManager: Shutting down and abandoning module ClassViewer (366)
[2017.08.25-12.46.07:837][784]LogModuleManager: Shutting down and abandoning module Toolbox (364)
[2017.08.25-12.46.07:837][784]LogModuleManager: Shutting down and abandoning module ModuleUI (362)
[2017.08.25-12.46.07:838][784]LogModuleManager: Shutting down and abandoning module MovieSceneTools (360)
[2017.08.25-12.46.07:839][784]LogModuleManager: Shutting down and abandoning module OutputLog (358)
[2017.08.25-12.46.07:840][784]LogModuleManager: Shutting down and abandoning module GammaUI (356)
[2017.08.25-12.46.07:840][784]LogModuleManager: Shutting down and abandoning module Documentation (354)
[2017.08.25-12.46.07:840][784]LogModuleManager: Shutting down and abandoning module MovieSceneTracks (352)
[2017.08.25-12.46.07:840][784]LogModuleManager: Shutting down and abandoning module MovieScene (350)
[2017.08.25-12.46.07:840][784]LogModuleManager: Shutting down and abandoning module Niagara (348)
[2017.08.25-12.46.07:840][784]LogModuleManager: Shutting down and abandoning module NiagaraEditor (347)
[2017.08.25-12.46.07:843][784]LogModuleManager: Shutting down and abandoning module StreamingPauseRendering (344)
[2017.08.25-12.46.07:843][784]LogModuleManager: Shutting down and abandoning module AnalyticsET (342)
[2017.08.25-12.46.07:843][784]LogModuleManager: Shutting down and abandoning module PortalServices (340)
[2017.08.25-12.46.07:843][784]LogModuleManager: Shutting down and abandoning module PortalRpc (338)
[2017.08.25-12.46.07:843][784]LogModuleManager: Shutting down and abandoning module MessagingRpc (336)
[2017.08.25-12.46.07:843][784]LogModuleManager: Shutting down and abandoning module AIModule (334)
[2017.08.25-12.46.07:843][784]LogModuleManager: Shutting down and abandoning module GameplayDebugger (333)
[2017.08.25-12.46.07:843][784]LogModuleManager: Shutting down and abandoning module AITestSuite (331)
[2017.08.25-12.46.07:843][784]LogModuleManager: Shutting down and abandoning module ProfilerService (328)
[2017.08.25-12.46.08:005][784]LogModuleManager: Shutting down and abandoning module TaskGraph (326)
[2017.08.25-12.46.08:007][784]LogModuleManager: Shutting down and abandoning module SteamVRController (324)
[2017.08.25-12.46.08:007][784]LogModuleManager: Shutting down and abandoning module SteamVR (322)
[2017.08.25-12.46.08:007][784]LogModuleManager: Shutting down and abandoning module ProceduralMeshComponentEditor (320)
[2017.08.25-12.46.08:007][784]LogModuleManager: Shutting down and abandoning module ProceduralMeshComponent (318)
[2017.08.25-12.46.08:008][784]LogModuleManager: Shutting down and abandoning module OculusLibrary (316)
[2017.08.25-12.46.08:008][784]LogModuleManager: Shutting down and abandoning module OculusInput (314)
[2017.08.25-12.46.08:008][784]LogModuleManager: Shutting down and abandoning module MobilePatchingUtils (312)
[2017.08.25-12.46.08:008][784]LogModuleManager: Shutting down and abandoning module CustomMeshComponent (310)
[2017.08.25-12.46.08:008][784]LogModuleManager: Shutting down and abandoning module CableComponent (308)
[2017.08.25-12.46.08:008][784]LogModuleManager: Shutting down and abandoning module ArchVisCharacter (306)
[2017.08.25-12.46.08:008][784]LogModuleManager: Shutting down and abandoning module AndroidPermission (304)
[2017.08.25-12.46.08:008][784]LogModuleManager: Shutting down and abandoning module MediaPlayerEditor (300)
[2017.08.25-12.46.08:009][784]LogModuleManager: Shutting down and abandoning module HTML5Networking (298)
[2017.08.25-12.46.08:009][784]LogModuleManager: Shutting down and abandoning module AlembicImporter (296)
[2017.08.25-12.46.08:009][784]LogModuleManager: Shutting down and abandoning module AlembicLibrary (295)
[2017.08.25-12.46.08:009][784]LogModuleManager: Shutting down and abandoning module GeometryCache (294)
[2017.08.25-12.46.08:010][784]LogModuleManager: Shutting down and abandoning module GeometryCacheEd (293)
[2017.08.25-12.46.08:010][784]LogModuleManager: Shutting down and abandoning module SuperSearchEditor (288)
[2017.08.25-12.46.08:010][784]LogModuleManager: Shutting down and abandoning module SuperSearch (287)
[2017.08.25-12.46.08:010][784]LogModuleManager: Shutting down and abandoning module SpeedTreeImporter (284)
[2017.08.25-12.46.08:010][784]LogModuleManager: Shutting down and abandoning module PluginBrowser (282)
[2017.08.25-12.46.08:011][784]LogModuleManager: Shutting down and abandoning module MobileLauncherProfileWizard (280)
[2017.08.25-12.46.08:011][784]LogModuleManager: Shutting down and abandoning module VisualStudioSourceCodeAccess (278)
[2017.08.25-12.46.08:011][784]LogModuleManager: Shutting down and abandoning module DesktopPlatform (277)
[2017.08.25-12.46.08:011][784]LogModuleManager: Shutting down and abandoning module UObjectPlugin (274)
[2017.08.25-12.46.08:011][784]LogModuleManager: Shutting down and abandoning module SubversionSourceControl (272)
[2017.08.25-12.46.08:012][784]LogModuleManager: Shutting down and abandoning module PerforceSourceControl (270)
[2017.08.25-12.46.08:013][784]LogModuleManager: Shutting down and abandoning module GitSourceControl (268)
[2017.08.25-12.46.08:013][784]LogModuleManager: Shutting down and abandoning module SourceControl (267)
[2017.08.25-12.46.08:013][784]LogModuleManager: Shutting down and abandoning module LightPropagationVolumeEditor (264)
[2017.08.25-12.46.08:013][784]LogModuleManager: Shutting down and abandoning module PaperTiledImporter (262)
[2017.08.25-12.46.08:013][784]LogModuleManager: Shutting down and abandoning module PaperSpriteSheetImporter (260)
[2017.08.25-12.46.08:013][784]LogModuleManager: Shutting down and abandoning module Paper2DEditor (258)
[2017.08.25-12.46.08:014][784]LogModuleManager: Shutting down and abandoning module MeshPaint (257)
[2017.08.25-12.46.08:014][784]LogModuleManager: Shutting down and abandoning module LevelEditor (255)
[2017.08.25-12.46.08:016][784]LogModuleManager: Shutting down and abandoning module PixelInspectorModule (254)
[2017.08.25-12.46.08:017][784]LogModuleManager: Shutting down and abandoning module MainFrame (252)
[2017.08.25-12.46.08:017][784]LogModuleManager: Shutting down and abandoning module HotReload (251)
[2017.08.25-12.46.08:018][784]LogModuleManager: Shutting down and abandoning module PhysXVehiclesEditor (246)
[2017.08.25-12.46.08:018][784]LogModuleManager: Shutting down and abandoning module PhysXVehicles (244)
[2017.08.25-12.46.08:018][784]LogModuleManager: Shutting down and abandoning module LocationServicesBPLibrary (242)
[2017.08.25-12.46.08:018][784]LogModuleManager: Shutting down and abandoning module ImmediatePhysicsEditor (240)
[2017.08.25-12.46.08:018][784]LogModuleManager: Shutting down and abandoning module ImmediatePhysics (238)
[2017.08.25-12.46.08:019][784]LogModuleManager: Shutting down and abandoning module UdpMessaging (236)
[2017.08.25-12.46.08:119][784]LogModuleManager: Shutting down and abandoning module TcpMessaging (234)
[2017.08.25-12.46.08:221][784]LogModuleManager: Shutting down and abandoning module GameplayTagsEditor (232)
[2017.08.25-12.46.08:223][784]LogModuleManager: Shutting down and abandoning module FacialAnimationEditor (230)
[2017.08.25-12.46.08:223][784]LogModuleManager: Shutting down and abandoning module FacialAnimation (228)
[2017.08.25-12.46.08:223][784]LogModuleManager: Shutting down and abandoning module AssetManagerEditor (226)
[2017.08.25-12.46.08:224][784]LogModuleManager: Shutting down and abandoning module GraphEditor (225)
[2017.08.25-12.46.08:225][784]LogModuleManager: Shutting down and abandoning module ContentBrowser (223)
[2017.08.25-12.46.08:227][784]LogModuleManager: Shutting down and abandoning module LightPropagationVolumeRuntime (220)
[2017.08.25-12.46.08:227][784]LogModuleManager: Shutting down and abandoning module Paper2D (218)
[2017.08.25-12.46.08:227][784]LogModuleManager: Shutting down and abandoning module WindowsMoviePlayer (216)
[2017.08.25-12.46.08:227][784]LogModuleManager: Shutting down and abandoning module WmfMedia (214)
[2017.08.25-12.46.08:228][784]LogModuleManager: Shutting down and abandoning module ClothingSystemEditor (212)
[2017.08.25-12.46.08:228][784]LogModuleManager: Shutting down and abandoning module ClothingSystemRuntime (210)
[2017.08.25-12.46.08:229][784]LogModuleManager: Shutting down and abandoning module MediaAssets (208)
[2017.08.25-12.46.08:229][784]LogModuleManager: Shutting down and abandoning module GameLiveStreaming (206)
[2017.08.25-12.46.08:229][784]LogModuleManager: Shutting down and abandoning module VREditor (204)
[2017.08.25-12.46.08:230][784]LogModuleManager: Shutting down and abandoning module StringTableEditor (202)
[2017.08.25-12.46.08:230][784]LogModuleManager: Shutting down and abandoning module GameplayTasksEditor (200)
[2017.08.25-12.46.08:230][784]LogModuleManager: Shutting down and abandoning module BehaviorTreeEditor (198)
[2017.08.25-12.46.08:232][784]LogModuleManager: Shutting down and abandoning module FunctionalTesting (196)
[2017.08.25-12.46.08:232][784]LogModuleManager: Shutting down and abandoning module CollisionAnalyzer (194)
[2017.08.25-12.46.08:233][784]LogModuleManager: Shutting down and abandoning module UMG (192)
[2017.08.25-12.46.08:233][784]LogModuleManager: Shutting down and abandoning module UMGEditor (191)
[2017.08.25-12.46.08:234][784]LogModuleManager: Shutting down and abandoning module Sequencer (190)
[2017.08.25-12.46.08:235][784]LogModuleManager: Shutting down and abandoning module AssetTools (188)
[2017.08.25-12.46.08:238][784]LogModuleManager: Shutting down and abandoning module MessageLog (187)
[2017.08.25-12.46.08:238][784]LogModuleManager: Shutting down and abandoning module WorkspaceMenuStructure (186)
[2017.08.25-12.46.08:238][784]LogModuleManager: Shutting down and abandoning module SlateReflector (180)
[2017.08.25-12.46.08:240][784]LogModuleManager: Shutting down and abandoning module Slate (178)
[2017.08.25-12.46.08:240][784]LogModuleManager: Shutting down and abandoning module EditorStyle (176)
[2017.08.25-12.46.08:244][784]LogModuleManager: Shutting down and abandoning module SourceCodeAccess (174)
[2017.08.25-12.46.08:244][784]LogModuleManager: Shutting down and abandoning module HeadMountedDisplay (172)
[2017.08.25-12.46.08:244][784]LogModuleManager: Shutting down and abandoning module XAudio2 (170)
[2017.08.25-12.46.08:244][784]LogModuleManager: Shutting down and abandoning module Networking (168)
[2017.08.25-12.46.08:244][784]LogModuleManager: Shutting down and abandoning module Core (164)
[2017.08.25-12.46.08:244][784]LogModuleManager: Shutting down and abandoning module AssetRegistry (162)
[2017.08.25-12.46.08:422][784]LogDirectoryWatcher: A directory notification for '../../../Engine/Content/' was aborted.
[2017.08.25-12.46.08:423][784]LogDirectoryWatcher: A directory notification for 'E:/Usuario/Ruben/UNIVERSIDAD/TFG/Postwar/Content/' was aborted.
[2017.08.25-12.46.08:423][784]LogDirectoryWatcher: A directory notification for '../../../Engine/Plugins/2D/Paper2D/Content/' was aborted.
[2017.08.25-12.46.08:423][784]LogDirectoryWatcher: A directory notification for '../../../Engine/Plugins/Runtime/GearVR/Content/' was aborted.
[2017.08.25-12.46.08:442][784]LogModuleManager: Shutting down and abandoning module DirectoryWatcher (161)
[2017.08.25-12.46.08:447][784]LogModuleManager: Shutting down and abandoning module KismetCompiler (158)
[2017.08.25-12.46.08:447][784]LogModuleManager: Shutting down and abandoning module LevelSequence (156)
[2017.08.25-12.46.08:447][784]LogModuleManager: Shutting down and abandoning module PhysXFormats (154)
[2017.08.25-12.46.08:447][784]LogModuleManager: Shutting down and abandoning module MeshUtilities (152)
[2017.08.25-12.46.08:448][784]LogModuleManager: Shutting down and abandoning module SimplygonSwarm (151)
[2017.08.25-12.46.08:449][784]LogModuleManager: Shutting down and abandoning module SimplygonMeshReduction (149)
[2017.08.25-12.46.08:449][784]LogModuleManager: Shutting down and abandoning module QuadricMeshReduction (147)
[2017.08.25-12.46.08:449][784]LogModuleManager: Shutting down and abandoning module DerivedDataCache (144)
[2017.08.25-12.46.08:539][784]LogDerivedDataCache: Shutdown
[2017.08.25-12.46.08:540][784]LogModuleManager: Shutting down and abandoning module TargetPlatform (142)
[2017.08.25-12.46.08:540][784]LogModuleManager: Shutting down and abandoning module VulkanShaderFormat (141)
[2017.08.25-12.46.08:540][784]LogModuleManager: Shutting down and abandoning module ShaderFormatVectorVM (139)
[2017.08.25-12.46.08:541][784]LogModuleManager: Shutting down and abandoning module ShaderFormatOpenGL (137)
[2017.08.25-12.46.08:541][784]LogModuleManager: Shutting down and abandoning module ShaderFormatD3D (135)
[2017.08.25-12.46.08:542][784]LogModuleManager: Shutting down and abandoning module MetalShaderFormat (133)
[2017.08.25-12.46.08:543][784]LogModuleManager: Shutting down and abandoning module TextureFormatUncompressed (131)
[2017.08.25-12.46.08:543][784]LogModuleManager: Shutting down and abandoning module TextureFormatPVR (129)
[2017.08.25-12.46.08:543][784]LogModuleManager: Shutting down and abandoning module TextureFormatDXT (127)
[2017.08.25-12.46.08:543][784]LogModuleManager: Shutting down and abandoning module TextureFormatIntelISPCTexComp (125)
[2017.08.25-12.46.08:543][784]LogModuleManager: Shutting down and abandoning module TextureFormatASTC (123)
[2017.08.25-12.46.08:543][784]LogModuleManager: Shutting down and abandoning module ImageWrapper (122)
[2017.08.25-12.46.08:543][784]LogModuleManager: Shutting down and abandoning module TextureFormatAndroid (119)
[2017.08.25-12.46.08:543][784]LogModuleManager: Shutting down and abandoning module AudioFormatOpus (117)
[2017.08.25-12.46.08:543][784]LogModuleManager: Shutting down and abandoning module AudioFormatOgg (115)
[2017.08.25-12.46.08:543][784]LogModuleManager: Shutting down and abandoning module AudioFormatADPCM (113)
[2017.08.25-12.46.08:544][784]LogModuleManager: Shutting down and abandoning module LinuxTargetPlatform (111)
[2017.08.25-12.46.08:544][784]LogModuleManager: Shutting down and abandoning module LinuxServerTargetPlatform (109)
[2017.08.25-12.46.08:544][784]LogModuleManager: Shutting down and abandoning module LinuxNoEditorTargetPlatform (107)
[2017.08.25-12.46.08:544][784]LogModuleManager: Shutting down and abandoning module LinuxClientTargetPlatform (105)
[2017.08.25-12.46.08:544][784]LogModuleManager: Shutting down and abandoning module TVOSTargetPlatform (103)
[2017.08.25-12.46.08:544][784]LogModuleManager: Shutting down and abandoning module Messaging (101)
[2017.08.25-12.46.08:544][784]LogModuleManager: Shutting down and abandoning module IOSTargetPlatform (99)
[2017.08.25-12.46.08:544][784]LogModuleManager: Shutting down and abandoning module HTML5TargetPlatform (97)
[2017.08.25-12.46.08:544][784]LogModuleManager: Shutting down and abandoning module Android_PVRTCTargetPlatform (95)
[2017.08.25-12.46.08:544][784]LogModuleManager: Shutting down and abandoning module Android_MultiTargetPlatform (93)
[2017.08.25-12.46.08:544][784]LogModuleManager: Shutting down and abandoning module Android_ETC2TargetPlatform (91)
[2017.08.25-12.46.08:545][784]LogModuleManager: Shutting down and abandoning module Android_ETC1TargetPlatform (89)
[2017.08.25-12.46.08:545][784]LogModuleManager: Shutting down and abandoning module Android_DXTTargetPlatform (87)
[2017.08.25-12.46.08:545][784]LogModuleManager: Shutting down and abandoning module Android_ATCTargetPlatform (85)
[2017.08.25-12.46.08:546][784]LogModuleManager: Shutting down and abandoning module Android_ASTCTargetPlatform (83)
[2017.08.25-12.46.08:546][784]LogModuleManager: Shutting down and abandoning module AndroidTargetPlatform (81)
[2017.08.25-12.46.08:546][784]LogModuleManager: Shutting down and abandoning module WindowsTargetPlatform (79)
[2017.08.25-12.46.08:546][784]LogModuleManager: Shutting down and abandoning module WindowsServerTargetPlatform (77)
[2017.08.25-12.46.08:546][784]LogModuleManager: Shutting down and abandoning module WindowsNoEditorTargetPlatform (75)
[2017.08.25-12.46.08:546][784]LogModuleManager: Shutting down and abandoning module WindowsClientTargetPlatform (73)
[2017.08.25-12.46.08:547][784]LogModuleManager: Shutting down and abandoning module MacTargetPlatform (71)
[2017.08.25-12.46.08:547][784]LogModuleManager: Shutting down and abandoning module MacServerTargetPlatform (69)
[2017.08.25-12.46.08:547][784]LogModuleManager: Shutting down and abandoning module MacNoEditorTargetPlatform (67)
[2017.08.25-12.46.08:547][784]LogModuleManager: Shutting down and abandoning module MacClientTargetPlatform (65)
[2017.08.25-12.46.08:547][784]LogModuleManager: Shutting down and abandoning module AllDesktopTargetPlatform (63)
[2017.08.25-12.46.08:547][784]LogModuleManager: Shutting down and abandoning module InputCore (60)
[2017.08.25-12.46.08:547][784]LogModuleManager: Shutting down and abandoning module Settings (58)
[2017.08.25-12.46.08:547][784]LogModuleManager: Shutting down and abandoning module OculusRift (56)
[2017.08.25-12.46.08:547][784]LogModuleManager: Shutting down and abandoning module GearVRController (54)
[2017.08.25-12.46.08:547][784]LogModuleManager: Shutting down and abandoning module GearVR (52)
[2017.08.25-12.46.08:548][784]LogModuleManager: Shutting down and abandoning module ExampleDeviceProfileSelector (50)
[2017.08.25-12.46.08:548][784]LogModuleManager: Shutting down and abandoning module OnlineBlueprintSupport (48)
[2017.08.25-12.46.08:548][784]LogModuleManager: Shutting down and abandoning module OnlineSubsystem (44)
[2017.08.25-12.46.08:548][784]LogOnline:Display: Unloading online subsystem: NULL
[2017.08.25-12.46.08:549][784]LogModuleManager: Shutting down and abandoning module XMPP (43)
[2017.08.25-12.46.08:549][784]LogModuleManager: Shutting down and abandoning module HTTP (41)
[2017.08.25-12.46.08:549][784]LogHttp:Display: Http module shutting down, but needs to wait on 1 outstanding Http requests:
[2017.08.25-12.46.08:550][784]LogHttp:Display: 	verb=[POST] url=[https://datarouter.ol.epicgames.com/datarouter/api/v1/public/data?SessionID=%7B43DF7A97-46C2-87DA-0E2E-27A5F5597627%7D&AppID=UEEditor.Rocket.Release&AppVersion=4.16.2-3514769%2B%2B%2BUE4%2BRelease-4.16&UserID=78865e4d4a8ae815e8d400bc6125e577%7C5361294e5f654db5881228f5582e9124%7C456667b1-22e8-45ef-a524-8410a492a64f&AppEnvironment=datacollector-binary&UploadType=eteventstream] status=Processing
[2017.08.25-12.46.08:567][784]LogModuleManager: Shutting down and abandoning module SSL (40)
[2017.08.25-12.46.08:569][784]LogModuleManager: Shutting down and abandoning module HTTPChunkInstaller (36)
[2017.08.25-12.46.08:570][784]LogModuleManager: Shutting down and abandoning module AnimationModifiers (34)
[2017.08.25-12.46.08:571][784]LogModuleManager: Shutting down and abandoning module PropertyEditor (33)
[2017.08.25-12.46.08:571][784]LogModuleManager: Shutting down and abandoning module AudioEditor (30)
[2017.08.25-12.46.08:572][784]LogModuleManager: Shutting down and abandoning module TextureCompressor (28)
[2017.08.25-12.46.08:572][784]LogModuleManager: Shutting down and abandoning module ShaderCore (26)
[2017.08.25-12.46.08:572][784]LogModuleManager: Shutting down and abandoning module Landscape (24)
[2017.08.25-12.46.08:572][784]LogModuleManager: Shutting down and abandoning module SlateRHIRenderer (22)
[2017.08.25-12.46.08:579][784]LogModuleManager: Shutting down and abandoning module OpenGLDrv (20)
[2017.08.25-12.46.08:580][784]LogModuleManager: Shutting down and abandoning module D3D11RHI (18)
[2017.08.25-12.46.08:580][784]LogModuleManager: Shutting down and abandoning module AnimGraphRuntime (16)
[2017.08.25-12.46.08:580][784]LogModuleManager: Shutting down and abandoning module Renderer (14)
[2017.08.25-12.46.08:580][784]LogModuleManager: Shutting down and abandoning module Engine (12)
[2017.08.25-12.46.08:580][784]LogModuleManager: Shutting down and abandoning module CoreUObject (10)
[2017.08.25-12.46.08:580][784]LogModuleManager: Shutting down and abandoning module NetworkFile (8)
[2017.08.25-12.46.08:581][784]LogModuleManager: Shutting down and abandoning module StreamingFile (6)
[2017.08.25-12.46.08:581][784]LogModuleManager: Shutting down and abandoning module SandboxFile (4)
[2017.08.25-12.46.08:582][784]LogModuleManager: Shutting down and abandoning module PakFile (2)
[2017.08.25-12.46.08:585][784]LogExit: Exiting.
[2017.08.25-12.46.08:611][784]Log file closed, 08/25/17 14:46:08
