Log file open, 08/30/17 10:39:27
LogInit:Display: Running engine for game: Postwar
LogPlatformFile: Not using cached read wrapper
LogInit:Display: RandInit(1858281400) SRandInit(1858281401).
LogTaskGraph: Started task graph with 5 named threads and 8 total threads with 1 sets of task threads.
LogStats: Stats thread started at 0.476347
LogInit: Using libcurl 7.47.1
LogInit:  - built for x86_64-pc-win32
LogInit:  - supports SSL with OpenSSL/1.0.2g
LogInit:  - supports HTTP deflate (compression) using libz 1.2.8
LogInit:  - other features:
LogInit:      CURL_VERSION_SSL
LogInit:      CURL_VERSION_LIBZ
LogInit:      CURL_VERSION_IPV6
LogInit:      CURL_VERSION_ASYNCHDNS
LogInit:      CURL_VERSION_LARGEFILE
LogInit:      CURL_VERSION_IDN
LogInit:  CurlRequestOptions (configurable via config and command line):
LogInit:  - bVerifyPeer = false  - Libcurl will NOT verify peer certificate
LogInit:  - bUseHttpProxy = false  - Libcurl will NOT use HTTP proxy
LogInit:  - bDontReuseConnections = false  - Libcurl will reuse connections
LogInit:  - CertBundlePath = nullptr  - Libcurl will use whatever was configured at build time.
LogInit: Build: ++UE4+Release-4.16-CL-3514769
LogInit: Engine Version: 4.16.2-3514769+++UE4+Release-4.16
LogInit: Compatible Engine Version: 4.16.0-3452394+++UE4+Release-4.16
LogInit: Net CL: 3452394
LogDevObjectVersion: Number of dev versions registered: 16
LogDevObjectVersion:   Dev-Blueprints (B0D832E4-1F89-4F0D-ACCF-7EB736FD4AA2): 9
LogDevObjectVersion:   Dev-Build (E1C64328-A22C-4D53-A36C-8E866417BD8C): 0
LogDevObjectVersion:   Dev-Core (375EC13C-06E4-48FB-B500-84F0262A717E): 2
LogDevObjectVersion:   Dev-Editor (E4B068ED-F494-42E9-A231-DA0B2E46BB41): 17
LogDevObjectVersion:   Dev-Framework (CFFC743F-43B0-4480-9391-14DF171D2073): 23
LogDevObjectVersion:   Dev-Mobile (B02B49B5-BB20-44E9-A304-32B752E40360): 0
LogDevObjectVersion:   Dev-Networking (A4E4105C-59A1-49B5-A7C5-40C4547EDFEE): 0
LogDevObjectVersion:   Dev-Online (39C831C9-5AE6-47DC-9A44-9C173E1C8E7C): 0
LogDevObjectVersion:   Dev-Physics (78F01B33-EBEA-4F98-B9B4-84EACCB95AA2): 0
LogDevObjectVersion:   Dev-Platform (6631380F-2D4D-43E0-8009-CF276956A95A): 0
LogDevObjectVersion:   Dev-Rendering (12F88B9F-8875-4AFC-A67C-D90C383ABD29): 15
LogDevObjectVersion:   Dev-Sequencer (7B5AE74C-D270-4C10-A958-57980B212A5A): 4
LogDevObjectVersion:   Dev-VR (D7296918-1DD6-4BDD-9DE2-64A83CC13884): 0
LogDevObjectVersion:   Dev-LoadTimes (C2A15278-BFE7-4AFE-6C17-90FF531DF755): 1
LogDevObjectVersion:   Private-Geometry (6EACA3D4-40EC-4CC1-B786-8BED09428FC5): 1
LogDevObjectVersion:   Dev-AnimPhys (29E575DD-E0A3-4627-9D10-D276232CDCEA): 3
LogInit: Compiled (64-bit): Jun 29 2017 02:03:24
LogInit: Compiled with Visual C++: 19.00.24215.01
LogInit: Build Configuration: Development
LogInit: Branch Name: ++UE4+Release-4.16
LogInit: Command line:  
LogInit: Base directory: D:/Program Files/Epic Games/UE_4.16/Engine/Binaries/Win64/
LogInit: Installed Engine Build: 1
LogInit: Presizing for max 8388607 objects, including 0 objects not considered by GC, pre-allocating 0 bytes for permanent pool.
LogInit: Object subsystem initialized
[2017.08.30-08.39.27:966][  0]LogInit: Selected Device Profile: [Windows]
[2017.08.30-08.39.27:966][  0]LogInit: Applying CVar settings loaded from the selected device profile: [Windows]
[2017.08.30-08.39.28:003][  0]LogInit: Computer: DESKTOP-T9NOKQO
[2017.08.30-08.39.28:003][  0]LogInit: User: cripe
[2017.08.30-08.39.28:003][  0]LogInit: CPU Page size=4096, Cores=4
[2017.08.30-08.39.28:003][  0]LogInit: High frequency timer resolution =2.435775 MHz
[2017.08.30-08.39.28:003][  0]LogMemory: Memory total: Physical=15.9GB (16GB approx)
[2017.08.30-08.39.28:003][  0]LogMemory: Platform Memory Stats for Windows
[2017.08.30-08.39.28:003][  0]LogMemory: Process Physical Memory: 273.27 MB used, 273.27 MB peak
[2017.08.30-08.39.28:003][  0]LogMemory: Process Virtual Memory: 263.19 MB used, 263.19 MB peak
[2017.08.30-08.39.28:003][  0]LogMemory: Physical Memory: 3967.74 MB used,  12335.40 MB free, 16303.14 MB total
[2017.08.30-08.39.28:003][  0]LogMemory: Virtual Memory: 626.64 MB used,  12335.40 MB free, 134217728.00 MB total
[2017.08.30-08.39.28:851][  0]LogInit: Overriding language with editor language configuration option (en).
[2017.08.30-08.39.28:851][  0]LogInit: Overriding locale with editor locale configuration option (en).
[2017.08.30-08.39.30:011][  0]LogD3D11RHI: D3D11 adapters:
[2017.08.30-08.39.30:644][  0]LogD3D11RHI:    0. 'NVIDIA GeForce GTX 860M' (Feature Level 11_0)
[2017.08.30-08.39.30:644][  0]LogD3D11RHI:       2017/0/8151 MB DedicatedVideo/DedicatedSystem/SharedSystem, Outputs:2, VendorId:0x10de
[2017.08.30-08.39.30:651][  0]LogD3D11RHI:    1. 'Intel(R) HD Graphics 4600' (Feature Level 11_0)
[2017.08.30-08.39.30:651][  0]LogD3D11RHI:       112/0/2048 MB DedicatedVideo/DedicatedSystem/SharedSystem, Outputs:0, VendorId:0x8086
[2017.08.30-08.39.30:653][  0]LogD3D11RHI:    2. 'Microsoft Basic Render Driver' (Feature Level 11_0)
[2017.08.30-08.39.30:653][  0]LogD3D11RHI:       0/0/8151 MB DedicatedVideo/DedicatedSystem/SharedSystem, Outputs:0, VendorId:0x1414
[2017.08.30-08.39.30:653][  0]LogD3D11RHI: Chosen D3D11 Adapter: 0
[2017.08.30-08.39.30:659][  0]LogD3D11RHI: Creating new Direct3DDevice
[2017.08.30-08.39.30:659][  0]LogD3D11RHI:     GPU DeviceId: 0x119a (for the marketing name, search the web for "GPU Device Id")
[2017.08.30-08.39.30:659][  0]LogWindows: EnumDisplayDevices:
[2017.08.30-08.39.30:659][  0]LogWindows:    0. 'Intel(R) HD Graphics 4600' (P:1 D:1)
[2017.08.30-08.39.30:659][  0]LogWindows:    1. 'Intel(R) HD Graphics 4600' (P:0 D:1)
[2017.08.30-08.39.30:659][  0]LogWindows:    2. 'Intel(R) HD Graphics 4600' (P:0 D:0)
[2017.08.30-08.39.30:659][  0]LogWindows: DebugString: PrimaryIsNotTheChoosenAdapter PrimaryIsNotTheChoosenAdapter PrimaryIsNotTheChoosenAdapter FoundDriverCount:0 
[2017.08.30-08.39.30:659][  0]LogD3D11RHI:     Adapter Name: NVIDIA GeForce GTX 860M
[2017.08.30-08.39.30:659][  0]LogD3D11RHI:   Driver Version: Unknown (internal:Unknown, unified:Unknown)
[2017.08.30-08.39.30:659][  0]LogD3D11RHI:      Driver Date: Unknown
[2017.08.30-08.39.30:659][  0]LogRHI: Texture pool is 1361 MB (70% of 1945 MB)
[2017.08.30-08.39.31:216][  0]LogD3D11RHI: Async texture creation enabled
[2017.08.30-08.39.31:262][  0]LogD3D11RHI: GPU Timing Frequency: 1000.000000 (Debug: 2 1)
[2017.08.30-08.39.31:268][  0]LogShaderCompilers: Guid format shader working directory is 5 characters bigger than the processId version (E:/Usuario/Ruben/UNIVERSIDAD/TFG/Postwar/Intermediate/Shaders/WorkingDirectory/13064/).
[2017.08.30-08.39.31:269][  0]LogShaderCompilers: Cleaned the shader compiler working directory 'C:/Users/cripe/AppData/Local/Temp/UnrealShaderWorkingDir/8BEAE12C4C5E02A9B57477A775DAF630/'.
[2017.08.30-08.39.31:269][  0]LogShaderCompilers:Display: Using Local Shader Compiler.
[2017.08.30-08.39.32:584][  0]LogTemp:Display: Loaded TP AllDesktopTargetPlatform
[2017.08.30-08.39.32:632][  0]LogTemp:Display: Loaded TP MacClientTargetPlatform
[2017.08.30-08.39.32:678][  0]LogTemp:Display: Loaded TP MacNoEditorTargetPlatform
[2017.08.30-08.39.32:726][  0]LogTemp:Display: Loaded TP MacServerTargetPlatform
[2017.08.30-08.39.32:775][  0]LogTemp:Display: Loaded TP MacTargetPlatform
[2017.08.30-08.39.32:821][  0]LogTemp:Display: Loaded TP WindowsClientTargetPlatform
[2017.08.30-08.39.32:867][  0]LogTemp:Display: Loaded TP WindowsNoEditorTargetPlatform
[2017.08.30-08.39.32:916][  0]LogTemp:Display: Loaded TP WindowsServerTargetPlatform
[2017.08.30-08.39.32:958][  0]LogTemp:Display: Loaded TP WindowsTargetPlatform
[2017.08.30-08.39.33:007][  0]LogTemp:Display: Loaded TP AndroidTargetPlatform
[2017.08.30-08.39.33:051][  0]LogTemp:Display: Loaded TP Android_ASTCTargetPlatform
[2017.08.30-08.39.33:096][  0]LogTemp:Display: Loaded TP Android_ATCTargetPlatform
[2017.08.30-08.39.33:140][  0]LogTemp:Display: Loaded TP Android_DXTTargetPlatform
[2017.08.30-08.39.33:184][  0]LogTemp:Display: Loaded TP Android_ETC1TargetPlatform
[2017.08.30-08.39.33:229][  0]LogTemp:Display: Loaded TP Android_ETC2TargetPlatform
[2017.08.30-08.39.33:323][  0]LogTemp:Display: Loaded TP Android_MultiTargetPlatform
[2017.08.30-08.39.33:323][  0]LogTemp:Display: Loaded TP Android_PVRTCTargetPlatform
[2017.08.30-08.39.33:357][  0]LogTemp:Display: Loaded TP HTML5TargetPlatform
[2017.08.30-08.39.33:454][  0]LogTemp:Display: Loaded TP IOSTargetPlatform
[2017.08.30-08.39.33:483][  0]LogTemp:Display: Loaded TP TVOSTargetPlatform
[2017.08.30-08.39.33:534][  0]LogTemp:Display: Loaded TP LinuxClientTargetPlatform
[2017.08.30-08.39.33:580][  0]LogTemp:Display: Loaded TP LinuxNoEditorTargetPlatform
[2017.08.30-08.39.33:628][  0]LogTemp:Display: Loaded TP LinuxServerTargetPlatform
[2017.08.30-08.39.33:674][  0]LogTemp:Display: Loaded TP LinuxTargetPlatform
[2017.08.30-08.39.33:674][  0]LogTargetPlatformManager:Display: Building Assets For Windows
[2017.08.30-08.39.34:228][  0]LogDerivedDataCache:Display: Max Cache Size: 512 MB
[2017.08.30-08.39.34:580][  0]LogDerivedDataCache: Loaded boot cache 0.35s 90MB C:/Users/cripe/AppData/Local/UnrealEngine/4.16/DerivedDataCache/Boot.ddc.
[2017.08.30-08.39.34:580][  0]LogDerivedDataCache:Display: Loaded Boot cache: C:/Users/cripe/AppData/Local/UnrealEngine/4.16/DerivedDataCache/Boot.ddc
[2017.08.30-08.39.34:581][  0]LogDerivedDataCache: FDerivedDataBackendGraph:  Pak pak cache file E:/Usuario/Ruben/UNIVERSIDAD/TFG/Postwar/DerivedDataCache/DDC.ddp not found, will not use a pak cache.
[2017.08.30-08.39.34:581][  0]LogDerivedDataCache: Unable to find inner node Pak for hierarchical cache Hierarchy.
[2017.08.30-08.39.34:581][  0]LogDerivedDataCache: FDerivedDataBackendGraph:  CompressedPak pak cache file E:/Usuario/Ruben/UNIVERSIDAD/TFG/Postwar/DerivedDataCache/Compressed.ddp not found, will not use a pak cache.
[2017.08.30-08.39.34:581][  0]LogDerivedDataCache: Unable to find inner node CompressedPak for hierarchical cache Hierarchy.
[2017.08.30-08.39.34:602][  0]LogDerivedDataCache:Display: Pak cache opened for reading ../../../Engine/DerivedDataCache/Compressed.ddp.
[2017.08.30-08.39.34:616][  0]LogDerivedDataCache: Using Local data cache path C:/Users/cripe/AppData/Local/UnrealEngine/Common/DerivedDataCache: Writable
[2017.08.30-08.39.34:628][  0]LogMaterial: Verifying Global Shaders for PCD3D_SM5
[2017.08.30-08.39.34:632][  0]LogSlate: Using Freetype 2.6.0
[2017.08.30-08.39.34:635][  0]LogSlate: SlateFontCache - WITH_FREETYPE: 1, WITH_HARFBUZZ: 1
[2017.08.30-08.39.34:635][  0]LogSlate: SlateFontCache - WITH_FREETYPE: 1, WITH_HARFBUZZ: 1
[2017.08.30-08.39.35:385][  0]LogInit: Selected Device Profile: [Windows]
[2017.08.30-08.39.35:518][  0]LogContentStreaming: Texture pool size is 0.00 MB
[2017.08.30-08.39.35:752][  0]LogMeshUtilities: Using QuadricMeshReduction for automatic static mesh reduction
[2017.08.30-08.39.35:801][  0]LogSimplygon: Simplygon DLL not present - disabling.
[2017.08.30-08.39.35:849][  0]LogMeshUtilities: Using SimplygonSwarm for distributed automatic mesh merging
[2017.08.30-08.39.35:849][  0]LogMeshUtilities: No automatic skeletal mesh reduction module available
[2017.08.30-08.39.35:849][  0]LogMeshUtilities: No automatic mesh merging module available
[2017.08.30-08.39.36:673][  0]LogNetVersion: Postwar , NetCL: 3452394, EngineNetVer: 2, GameNetVer: 0 (Checksum: 2296384490)
[2017.08.30-08.39.36:755][  0]LogAssetRegistry: FAssetRegistry took 0.0263 seconds to start up
[2017.08.30-08.39.36:828][  0]LogPackageLocalizationCache: Processed 4 localized package path(s) for 1 prioritized culture(s) in 0.055042 seconds
[2017.08.30-08.39.36:835][  0]LogUObjectArray: 34194 objects as part of root set at end of initial load.
[2017.08.30-08.39.36:835][  0]LogUObjectAllocator: 7260424 out of 0 bytes used by permanent object pool.
[2017.08.30-08.39.36:835][  0]LogUObjectArray: CloseDisregardForGC: 0/0 objects in disregard for GC pool
[2017.08.30-08.39.36:898][  0]LogInit: WinSock: version 1.1 (2.2), MaxSocks=32767, MaxUdp=65467
[2017.08.30-08.39.40:464][  0]LogTcpMessaging: Initializing TcpMessaging bridge
[2017.08.30-08.39.40:505][  0]LogUdpMessaging: Initializing bridge on interface 0.0.0.0:0 to multicast group 230.0.0.1:6666.
[2017.08.30-08.39.41:089][  0]LogMaterial: Uniform references updated for custom material expression Custom.
[2017.08.30-08.39.41:502][  0]SourceControl: Info Source control is disabled
[2017.08.30-08.39.42:156][  0]SourceControl: Info Source control is disabled
[2017.08.30-08.39.42:221][  0]SourceControl: Info Source control is disabled
[2017.08.30-08.39.42:268][  0]SourceControl: Info Source control is disabled
[2017.08.30-08.39.43:037][  0]LogAndroidPermission: UAndroidPermissionCallbackProxy::GetInstance
[2017.08.30-08.39.43:684][  0]LogEngine: Initializing Engine...
[2017.08.30-08.39.43:687][  0]LogHMD: Failed to initialize OpenVR with code 110
[2017.08.30-08.39.43:946][  0]LogStats: UGameplayTagsManager::ConstructGameplayTagTree: Construct from data asset -  0.000 s
[2017.08.30-08.39.43:946][  0]LogStats: UGameplayTagsManager::ConstructGameplayTagTree: GameplayTagTreeChangedEvent.Broadcast -  0.000 s
[2017.08.30-08.39.44:087][  0]LogAIModule: Creating AISystem for world Untitled
[2017.08.30-08.39.44:105][  0]LogInit: XAudio2 using 'Altavoces (Realtek High Definition Audio)' : 2 channels at 48 kHz using 32 bits per sample (channel mask 0x3)
[2017.08.30-08.39.44:150][  0]LogInit: FAudioDevice initialized.
[2017.08.30-08.39.44:205][  0]LogDerivedDataCache: Saved boot cache 0.05s 90MB C:/Users/cripe/AppData/Local/UnrealEngine/4.16/DerivedDataCache/Boot.ddc.
[2017.08.30-08.39.44:217][  0]LogInit: Texture streaming: Enabled
[2017.08.30-08.39.44:311][  0]LogEngineSessionManager: EngineSessionManager initialized
[2017.08.30-08.39.44:588][  0]LogInit: Transaction tracking system initialized
[2017.08.30-08.39.45:041][  0]BlueprintLog: New page: Editor Load
[2017.08.30-08.39.46:201][  0]LocalizationService: Info Localization service is disabled
[2017.08.30-08.39.46:942][  0]LogConsoleResponse:Display: 
[2017.08.30-08.39.47:276][  0]LogCook:Display: Max memory allowance for cook 16384mb min free memory 0mb
[2017.08.30-08.39.47:276][  0]LogCook:Display: Mobile HDR setting 1
[2017.08.30-08.39.47:903][  0]LogFileCache: Scanning file cache for directory 'E:/Usuario/Ruben/UNIVERSIDAD/TFG/Postwar/Content/' took 0.10s
[2017.08.30-08.39.48:472][  0]SourceControl: Info Source control is disabled
[2017.08.30-08.39.48:473][  0]Cmd: MAP LOAD FILE="E:/Usuario/Ruben/UNIVERSIDAD/TFG/Postwar/Content/FirstPersonBP/PostWar/Niveles/MainMenu.umap" TEMPLATE=0 SHOWPROGRESS=1 FEATURELEVEL=3
[2017.08.30-08.39.48:512][  0]LightingResults: New page: Lighting Build
[2017.08.30-08.39.48:555][  0]MapCheck: New page: Map Check
[2017.08.30-08.39.48:555][  0]LightingResults: New page: Lighting Build
[2017.08.30-08.39.53:010][  0]LogAIModule: Creating AISystem for world MainMenu
[2017.08.30-08.39.53:014][  0]LogEditorServer: Finished looking for orphan Actors (0.000 secs)
[2017.08.30-08.39.53:044][  0]Cmd: MAP CHECKDEP NOCLEARLOG
[2017.08.30-08.39.53:110][  0]MapCheck: Info Map check complete: 0 Error(s), 0 Warning(s), took 66.635ms to complete.
[2017.08.30-08.39.53:110][  0]LogFileHelpers: Loading map 'MainMenu' took 4.637
[2017.08.30-08.39.53:302][  0]LogCollectionManager: Loaded 0 collections in 0.001938 seconds
[2017.08.30-08.39.53:392][  0]LogFileCache: Scanning file cache for directory 'E:/Usuario/Ruben/UNIVERSIDAD/TFG/Postwar/Saved/Collections/' took 0.01s
[2017.08.30-08.39.53:392][  0]LogFileCache: Scanning file cache for directory 'E:/Usuario/Ruben/UNIVERSIDAD/TFG/Postwar/Content/Developers/cripe/Collections/' took 0.01s
[2017.08.30-08.39.53:392][  0]LogFileCache: Scanning file cache for directory 'E:/Usuario/Ruben/UNIVERSIDAD/TFG/Postwar/Content/Collections/' took 0.01s
[2017.08.30-08.39.53:392][  0]LogCollectionManager: Rebuilt the GUID cache for 0 collections in 0.000002 seconds
[2017.08.30-08.39.53:403][  0]LogContentBrowser: Native class hierarchy populated in 0.0100 seconds. Added 2329 classes and 491 folders.
[2017.08.30-08.39.53:461][  0]LogContentBrowser: Native class hierarchy updated for 'WidgetCarousel' in 0.0006 seconds. Added 0 classes and 0 folders.
[2017.08.30-08.39.53:586][  0]LogContentBrowser: Native class hierarchy updated for 'AddContentDialog' in 0.0006 seconds. Added 0 classes and 0 folders.
[2017.08.30-08.39.53:631][  0]LogContentBrowser: Native class hierarchy updated for 'SceneOutliner' in 0.0007 seconds. Added 1 classes and 2 folders.
[2017.08.30-08.39.53:832][  0]LogCrashTracker: Crashtracker disabled due to settings.
[2017.08.30-08.39.53:843][  0]LogSlate: Took 0.001322 seconds to synchronously load lazily loaded font '../../../Engine/Content/Slate/Fonts/Roboto-Regular.ttf' (155K)
[2017.08.30-08.39.53:847][  0]LogSlate: Took 0.002303 seconds to synchronously load lazily loaded font '../../../Engine/Content/Slate/Fonts/Roboto-Bold.ttf' (160K)
[2017.08.30-08.39.53:853][  0]LogSlate: Took 0.001193 seconds to synchronously load lazily loaded font '../../../Engine/Content/Editor/Slate/Fonts/FontAwesome.ttf' (139K)
[2017.08.30-08.39.53:993][  0]LogRenderer: Reallocating scene render targets to support 1208x684 NumSamples 1 (Frame:1).
[2017.08.30-08.39.54:153][  0]LogUObjectGlobals:Warning: Failed to find object 'Class None.'
[2017.08.30-08.39.54:222][  0]LogContentBrowser: Native class hierarchy updated for 'HierarchicalLODOutliner' in 0.0006 seconds. Added 1 classes and 2 folders.
[2017.08.30-08.39.54:222][  0]LogLoad: (Engine Initialization) Total time: 29.36 seconds
[2017.08.30-08.39.54:222][  0]LogLoad: (Engine Initialization) Total Blueprint compile time: 0.51 seconds
[2017.08.30-08.39.54:222][  0]LogExternalProfiler: Found external profiler: VSPerf
[2017.08.30-08.39.54:222][  0]LogExternalProfiler: Using external profiler: VSPerf
[2017.08.30-08.39.54:562][  0]LogOcInput: OculusInput pre-init called
[2017.08.30-08.39.54:562][  0]LogHMD: Starting GearVRController plugin
[2017.08.30-08.39.54:603][  0]LogContentStreaming: Texture pool size now 1000 MB
[2017.08.30-08.39.54:658][  0]LogSlate: Took 0.001290 seconds to synchronously load lazily loaded font '../../../Engine/Content/Slate/Fonts/Roboto-Light.ttf' (159K)
[2017.08.30-08.39.57:480][  3]LogAssetRegistry: Asset discovery search completed in 20.7466 seconds
[2017.08.30-08.39.57:483][  3]LogCollectionManager: Rebuilt the object cache for 0 collections in 0.000001 seconds (found 0 objects)
[2017.08.30-08.39.57:483][  3]LogCollectionManager: Fixed up redirectors for 0 collections in 0.000027 seconds (updated 0 objects)
[2017.08.30-08.40.05:473][ 27]LogFileCache: Retrieving MD5 hashes for directory 'E:/Usuario/Ruben/UNIVERSIDAD/TFG/Postwar/Content/' took 10.89s
[2017.08.30-08.44.37:888][111]LogSlate: Took 0.000328 seconds to synchronously load lazily loaded font '../../../Engine/Content/Slate/Fonts/Roboto-Light.ttf' (159K)
[2017.08.30-08.44.38:321][111]LogContentBrowser: Native class hierarchy updated for 'BlueprintGraph' in 0.0011 seconds. Added 112 classes and 0 folders.
[2017.08.30-08.44.38:941][111]LogSlate: Took 0.000268 seconds to synchronously load lazily loaded font '../../../Engine/Content/Slate/Fonts/Roboto-Regular.ttf' (155K)
[2017.08.30-08.44.39:066][111]LogSlate: Took 0.001174 seconds to synchronously load lazily loaded font '../../../Engine/Content/Editor/Slate/Fonts/Roboto-BoldCondensed.ttf' (158K)
[2017.08.30-08.44.39:209][112]LogSlate: Took 0.001202 seconds to synchronously load lazily loaded font '../../../Engine/Content/Editor/Slate/Fonts/Roboto-Italic.ttf' (157K)
[2017.08.30-08.56.52:766][ 21]LogSlate: Took 0.000297 seconds to synchronously load lazily loaded font '../../../Engine/Content/Slate/Fonts/Roboto-Light.ttf' (159K)
[2017.08.30-08.57.01:836][ 48]LogFileHelpers: Editor autosave (incl. sublevels) for '/Game/FirstPersonBP/PostWar/Niveles/MainMenu' took 0.037
[2017.08.30-08.57.01:840][ 48]OBJ SavePackage: Generating thumbnails for [0] asset(s) in package [/Game/FirstPersonBP/PostWar/Blueprints/Weapons/WeaponParent] ([1] browsable assets)...
[2017.08.30-08.57.01:840][ 48]OBJ SavePackage: Finished generating thumbnails for package [/Game/FirstPersonBP/PostWar/Blueprints/Weapons/WeaponParent]
[2017.08.30-08.57.02:647][ 48]LogSavePackage: Save=239.41ms
[2017.08.30-08.57.02:647][ 48]LogSavePackage: Moving 'E:/Usuario/Ruben/UNIVERSIDAD/TFG/Postwar/Saved/WeaponParent_Auto1C70A56854089D530E52B4D9CD1970E57.tmp' to 'E:/Usuario/Ruben/UNIVERSIDAD/TFG/Postwar/Saved/Autosaves/Game/FirstPersonBP/PostWar/Blueprints/Weapons/WeaponParent_Auto1.uasset'
[2017.08.30-08.57.02:665][ 48]LogSavePackage:Display: Finished SavePackage E:/Usuario/Ruben/UNIVERSIDAD/TFG/Postwar/Saved/Autosaves/Game/FirstPersonBP/PostWar/Blueprints/Weapons/WeaponParent_Auto1.uasset
[2017.08.30-08.57.02:667][ 48]OBJ SavePackage: Generating thumbnails for [1] asset(s) in package [/Game/FirstPersonBP/PostWar/Blueprints/Weapons/AK] ([1] browsable assets)...
[2017.08.30-08.57.02:686][ 48]OBJ SavePackage:     Rendered thumbnail for [Blueprint /Game/FirstPersonBP/PostWar/Blueprints/Weapons/AK.AK]
[2017.08.30-08.57.02:686][ 48]OBJ SavePackage: Finished generating thumbnails for package [/Game/FirstPersonBP/PostWar/Blueprints/Weapons/AK]
[2017.08.30-08.57.02:854][ 48]LogSavePackage: Save=162.28ms
[2017.08.30-08.57.02:854][ 48]LogSavePackage: Moving 'E:/Usuario/Ruben/UNIVERSIDAD/TFG/Postwar/Saved/AK_Auto1EEEA80A6431D64A0F8024AABF87E2308.tmp' to 'E:/Usuario/Ruben/UNIVERSIDAD/TFG/Postwar/Saved/Autosaves/Game/FirstPersonBP/PostWar/Blueprints/Weapons/AK_Auto1.uasset'
[2017.08.30-08.57.02:876][ 48]LogSavePackage:Display: Finished SavePackage E:/Usuario/Ruben/UNIVERSIDAD/TFG/Postwar/Saved/Autosaves/Game/FirstPersonBP/PostWar/Blueprints/Weapons/AK_Auto1.uasset
[2017.08.30-08.57.02:877][ 48]LogFileHelpers: Auto-saving content packages took 1.039
[2017.08.30-09.12.38:994][ 57]LogFileHelpers: Editor autosave (incl. sublevels) for '/Game/FirstPersonBP/PostWar/Niveles/MainMenu' took 0.021
[2017.08.30-09.12.38:997][ 57]OBJ SavePackage: Generating thumbnails for [0] asset(s) in package [/Game/FirstPersonBP/PostWar/Blueprints/Weapons/WeaponParent] ([1] browsable assets)...
[2017.08.30-09.12.38:997][ 57]OBJ SavePackage: Finished generating thumbnails for package [/Game/FirstPersonBP/PostWar/Blueprints/Weapons/WeaponParent]
[2017.08.30-09.12.41:916][ 57]LogSavePackage: Save=261.15ms
[2017.08.30-09.12.41:916][ 57]LogSavePackage: Moving 'E:/Usuario/Ruben/UNIVERSIDAD/TFG/Postwar/Saved/WeaponParent_Auto2DB9D14FC45008D1257BB7085CA71DE3D.tmp' to 'E:/Usuario/Ruben/UNIVERSIDAD/TFG/Postwar/Saved/Autosaves/Game/FirstPersonBP/PostWar/Blueprints/Weapons/WeaponParent_Auto2.uasset'
[2017.08.30-09.12.41:936][ 57]LogSavePackage:Display: Finished SavePackage E:/Usuario/Ruben/UNIVERSIDAD/TFG/Postwar/Saved/Autosaves/Game/FirstPersonBP/PostWar/Blueprints/Weapons/WeaponParent_Auto2.uasset
[2017.08.30-09.12.41:936][ 57]LogFileHelpers: Auto-saving content packages took 2.941
[2017.08.30-09.33.12:539][861]LogFileHelpers: Editor autosave (incl. sublevels) for '/Game/FirstPersonBP/PostWar/Niveles/MainMenu' took 0.020
[2017.08.30-09.33.12:541][861]OBJ SavePackage: Generating thumbnails for [0] asset(s) in package [/Game/FirstPersonBP/PostWar/Blueprints/Weapons/WeaponParent] ([1] browsable assets)...
[2017.08.30-09.33.12:541][861]OBJ SavePackage: Finished generating thumbnails for package [/Game/FirstPersonBP/PostWar/Blueprints/Weapons/WeaponParent]
[2017.08.30-09.33.15:453][861]LogSavePackage: Save=2906.11ms
[2017.08.30-09.33.15:453][861]LogSavePackage: Moving 'E:/Usuario/Ruben/UNIVERSIDAD/TFG/Postwar/Saved/WeaponParent_Auto3335281DC4ADC442D0FDFC1A22AC3C9F6.tmp' to 'E:/Usuario/Ruben/UNIVERSIDAD/TFG/Postwar/Saved/Autosaves/Game/FirstPersonBP/PostWar/Blueprints/Weapons/WeaponParent_Auto3.uasset'
[2017.08.30-09.33.15:465][861]LogSavePackage:Display: Finished SavePackage E:/Usuario/Ruben/UNIVERSIDAD/TFG/Postwar/Saved/Autosaves/Game/FirstPersonBP/PostWar/Blueprints/Weapons/WeaponParent_Auto3.uasset
[2017.08.30-09.33.15:466][861]LogFileHelpers: Auto-saving content packages took 2.926
[2017.08.30-09.49.49:523][403]LogEditorTransaction: Undo Create Pin Link
[2017.08.30-09.49.51:193][494]LogEditorTransaction: Undo Delete current selection
[2017.08.30-09.50.43:653][616]LogFileHelpers: Editor autosave (incl. sublevels) for '/Game/FirstPersonBP/PostWar/Niveles/MainMenu' took 0.031
[2017.08.30-09.50.43:655][616]OBJ SavePackage: Generating thumbnails for [0] asset(s) in package [/Game/FirstPersonBP/PostWar/Blueprints/Weapons/WeaponParent] ([1] browsable assets)...
[2017.08.30-09.50.43:655][616]OBJ SavePackage: Finished generating thumbnails for package [/Game/FirstPersonBP/PostWar/Blueprints/Weapons/WeaponParent]
[2017.08.30-09.50.46:284][616]LogSavePackage: Save=2621.22ms
[2017.08.30-09.50.46:284][616]LogSavePackage: Moving 'E:/Usuario/Ruben/UNIVERSIDAD/TFG/Postwar/Saved/WeaponParent_Auto473E845F5485496F261CA0ABEDE84440B.tmp' to 'E:/Usuario/Ruben/UNIVERSIDAD/TFG/Postwar/Saved/Autosaves/Game/FirstPersonBP/PostWar/Blueprints/Weapons/WeaponParent_Auto4.uasset'
[2017.08.30-09.50.46:293][616]LogSavePackage:Display: Finished SavePackage E:/Usuario/Ruben/UNIVERSIDAD/TFG/Postwar/Saved/Autosaves/Game/FirstPersonBP/PostWar/Blueprints/Weapons/WeaponParent_Auto4.uasset
[2017.08.30-09.50.46:294][616]OBJ SavePackage: Generating thumbnails for [1] asset(s) in package [/Game/FirstPersonBP/PostWar/Blueprints/Weapons/AK] ([1] browsable assets)...
[2017.08.30-09.50.46:312][616]OBJ SavePackage:     Rendered thumbnail for [Blueprint /Game/FirstPersonBP/PostWar/Blueprints/Weapons/AK.AK]
[2017.08.30-09.50.46:312][616]OBJ SavePackage: Finished generating thumbnails for package [/Game/FirstPersonBP/PostWar/Blueprints/Weapons/AK]
[2017.08.30-09.50.46:493][616]LogSavePackage: Save=174.74ms
[2017.08.30-09.50.46:493][616]LogSavePackage: Moving 'E:/Usuario/Ruben/UNIVERSIDAD/TFG/Postwar/Saved/AK_Auto4FAF44D0942ED323F25BFFCB62CFF813C.tmp' to 'E:/Usuario/Ruben/UNIVERSIDAD/TFG/Postwar/Saved/Autosaves/Game/FirstPersonBP/PostWar/Blueprints/Weapons/AK_Auto4.uasset'
[2017.08.30-09.50.46:519][616]LogSavePackage:Display: Finished SavePackage E:/Usuario/Ruben/UNIVERSIDAD/TFG/Postwar/Saved/Autosaves/Game/FirstPersonBP/PostWar/Blueprints/Weapons/AK_Auto4.uasset
[2017.08.30-09.50.46:520][616]OBJ SavePackage: Generating thumbnails for [1] asset(s) in package [/Game/FirstPersonBP/PostWar/Blueprints/Weapons/G36] ([1] browsable assets)...
[2017.08.30-09.50.46:536][616]OBJ SavePackage:     Rendered thumbnail for [Blueprint /Game/FirstPersonBP/PostWar/Blueprints/Weapons/G36.G36]
[2017.08.30-09.50.46:536][616]OBJ SavePackage: Finished generating thumbnails for package [/Game/FirstPersonBP/PostWar/Blueprints/Weapons/G36]
[2017.08.30-09.50.46:713][616]LogSavePackage: Save=163.82ms
[2017.08.30-09.50.46:713][616]LogSavePackage: Moving 'E:/Usuario/Ruben/UNIVERSIDAD/TFG/Postwar/Saved/G36_Auto4CEC2DE3448620E60D2A745B1E1B61A70.tmp' to 'E:/Usuario/Ruben/UNIVERSIDAD/TFG/Postwar/Saved/Autosaves/Game/FirstPersonBP/PostWar/Blueprints/Weapons/G36_Auto4.uasset'
[2017.08.30-09.50.46:715][616]LogSavePackage:Display: Finished SavePackage E:/Usuario/Ruben/UNIVERSIDAD/TFG/Postwar/Saved/Autosaves/Game/FirstPersonBP/PostWar/Blueprints/Weapons/G36_Auto4.uasset
[2017.08.30-09.50.46:716][616]OBJ SavePackage: Generating thumbnails for [1] asset(s) in package [/Game/FirstPersonBP/PostWar/Blueprints/Weapons/M4a1] ([1] browsable assets)...
[2017.08.30-09.50.46:732][616]OBJ SavePackage:     Rendered thumbnail for [Blueprint /Game/FirstPersonBP/PostWar/Blueprints/Weapons/M4a1.M4a1]
[2017.08.30-09.50.46:732][616]OBJ SavePackage: Finished generating thumbnails for package [/Game/FirstPersonBP/PostWar/Blueprints/Weapons/M4a1]
[2017.08.30-09.50.46:918][616]LogSavePackage: Save=177.90ms
[2017.08.30-09.50.46:918][616]LogSavePackage: Moving 'E:/Usuario/Ruben/UNIVERSIDAD/TFG/Postwar/Saved/M4a1_Auto46274A31C4AC0B68A9B830BB1E9A63948.tmp' to 'E:/Usuario/Ruben/UNIVERSIDAD/TFG/Postwar/Saved/Autosaves/Game/FirstPersonBP/PostWar/Blueprints/Weapons/M4a1_Auto4.uasset'
[2017.08.30-09.50.46:931][616]LogSavePackage:Display: Finished SavePackage E:/Usuario/Ruben/UNIVERSIDAD/TFG/Postwar/Saved/Autosaves/Game/FirstPersonBP/PostWar/Blueprints/Weapons/M4a1_Auto4.uasset
[2017.08.30-09.50.46:932][616]OBJ SavePackage: Generating thumbnails for [1] asset(s) in package [/Game/FirstPersonBP/PostWar/Blueprints/Weapons/m60] ([1] browsable assets)...
[2017.08.30-09.50.46:949][616]OBJ SavePackage:     Rendered thumbnail for [Blueprint /Game/FirstPersonBP/PostWar/Blueprints/Weapons/m60.m60]
[2017.08.30-09.50.46:949][616]OBJ SavePackage: Finished generating thumbnails for package [/Game/FirstPersonBP/PostWar/Blueprints/Weapons/m60]
[2017.08.30-09.50.47:116][616]LogSavePackage: Save=160.92ms
[2017.08.30-09.50.47:116][616]LogSavePackage: Moving 'E:/Usuario/Ruben/UNIVERSIDAD/TFG/Postwar/Saved/m60_Auto428B61F6E496536F4A64625B25877CF09.tmp' to 'E:/Usuario/Ruben/UNIVERSIDAD/TFG/Postwar/Saved/Autosaves/Game/FirstPersonBP/PostWar/Blueprints/Weapons/m60_Auto4.uasset'
[2017.08.30-09.50.47:118][616]LogSavePackage:Display: Finished SavePackage E:/Usuario/Ruben/UNIVERSIDAD/TFG/Postwar/Saved/Autosaves/Game/FirstPersonBP/PostWar/Blueprints/Weapons/m60_Auto4.uasset
[2017.08.30-09.50.47:119][616]OBJ SavePackage: Generating thumbnails for [1] asset(s) in package [/Game/FirstPersonBP/PostWar/Blueprints/Weapons/ScarL] ([1] browsable assets)...
[2017.08.30-09.50.47:135][616]OBJ SavePackage:     Rendered thumbnail for [Blueprint /Game/FirstPersonBP/PostWar/Blueprints/Weapons/ScarL.ScarL]
[2017.08.30-09.50.47:135][616]OBJ SavePackage: Finished generating thumbnails for package [/Game/FirstPersonBP/PostWar/Blueprints/Weapons/ScarL]
[2017.08.30-09.50.47:294][616]LogSavePackage: Save=153.33ms
[2017.08.30-09.50.47:294][616]LogSavePackage: Moving 'E:/Usuario/Ruben/UNIVERSIDAD/TFG/Postwar/Saved/ScarL_Auto4A2958224484F521AD5CB03A77A5A8718.tmp' to 'E:/Usuario/Ruben/UNIVERSIDAD/TFG/Postwar/Saved/Autosaves/Game/FirstPersonBP/PostWar/Blueprints/Weapons/ScarL_Auto4.uasset'
[2017.08.30-09.50.47:311][616]LogSavePackage:Display: Finished SavePackage E:/Usuario/Ruben/UNIVERSIDAD/TFG/Postwar/Saved/Autosaves/Game/FirstPersonBP/PostWar/Blueprints/Weapons/ScarL_Auto4.uasset
[2017.08.30-09.50.47:312][616]OBJ SavePackage: Generating thumbnails for [1] asset(s) in package [/Game/FirstPersonBP/PostWar/Blueprints/Weapons/shotgun] ([1] browsable assets)...
[2017.08.30-09.50.47:329][616]OBJ SavePackage:     Rendered thumbnail for [Blueprint /Game/FirstPersonBP/PostWar/Blueprints/Weapons/shotgun.shotgun]
[2017.08.30-09.50.47:329][616]OBJ SavePackage: Finished generating thumbnails for package [/Game/FirstPersonBP/PostWar/Blueprints/Weapons/shotgun]
[2017.08.30-09.50.47:508][616]LogSavePackage: Save=164.82ms
[2017.08.30-09.50.47:508][616]LogSavePackage: Moving 'E:/Usuario/Ruben/UNIVERSIDAD/TFG/Postwar/Saved/shotgun_Auto497F0868E4EB79DC227C1B7A21C03187D.tmp' to 'E:/Usuario/Ruben/UNIVERSIDAD/TFG/Postwar/Saved/Autosaves/Game/FirstPersonBP/PostWar/Blueprints/Weapons/shotgun_Auto4.uasset'
[2017.08.30-09.50.47:510][616]LogSavePackage:Display: Finished SavePackage E:/Usuario/Ruben/UNIVERSIDAD/TFG/Postwar/Saved/Autosaves/Game/FirstPersonBP/PostWar/Blueprints/Weapons/shotgun_Auto4.uasset
[2017.08.30-09.50.47:511][616]OBJ SavePackage: Generating thumbnails for [1] asset(s) in package [/Game/FirstPersonBP/PostWar/Blueprints/Weapons/UMP] ([1] browsable assets)...
[2017.08.30-09.50.47:528][616]OBJ SavePackage:     Rendered thumbnail for [Blueprint /Game/FirstPersonBP/PostWar/Blueprints/Weapons/UMP.UMP]
[2017.08.30-09.50.47:528][616]OBJ SavePackage: Finished generating thumbnails for package [/Game/FirstPersonBP/PostWar/Blueprints/Weapons/UMP]
[2017.08.30-09.50.47:694][616]LogSavePackage: Save=159.77ms
[2017.08.30-09.50.47:694][616]LogSavePackage: Moving 'E:/Usuario/Ruben/UNIVERSIDAD/TFG/Postwar/Saved/UMP_Auto4C0393D70481D31AC756F1992504089C1.tmp' to 'E:/Usuario/Ruben/UNIVERSIDAD/TFG/Postwar/Saved/Autosaves/Game/FirstPersonBP/PostWar/Blueprints/Weapons/UMP_Auto4.uasset'
[2017.08.30-09.50.47:696][616]LogSavePackage:Display: Finished SavePackage E:/Usuario/Ruben/UNIVERSIDAD/TFG/Postwar/Saved/Autosaves/Game/FirstPersonBP/PostWar/Blueprints/Weapons/UMP_Auto4.uasset
[2017.08.30-09.50.47:696][616]LogFileHelpers: Auto-saving content packages took 4.042
[2017.08.30-09.55.08:929][604]BlueprintLog: New page: Compile WeaponParent
[2017.08.30-09.55.13:466][627]LogSavePackage: Save=2846.69ms
[2017.08.30-09.55.13:466][627]LogSavePackage: Moving 'E:/Usuario/Ruben/UNIVERSIDAD/TFG/Postwar/Saved/WeaponParent41795E2E4E637F0F1F087AB4A8B45881.tmp' to 'E:/Usuario/Ruben/UNIVERSIDAD/TFG/Postwar/Content/FirstPersonBP/PostWar/Blueprints/Weapons/WeaponParent.uasset'
[2017.08.30-09.55.13:483][627]LogSavePackage:Display: Finished SavePackage E:/Usuario/Ruben/UNIVERSIDAD/TFG/Postwar/Content/FirstPersonBP/PostWar/Blueprints/Weapons/WeaponParent.uasset
[2017.08.30-10.01.07:565][655]LogFileHelpers: Editor autosave (incl. sublevels) for '/Game/FirstPersonBP/PostWar/Niveles/MainMenu' took 0.023
[2017.08.30-10.01.07:567][655]OBJ SavePackage: Generating thumbnails for [1] asset(s) in package [/Game/FirstPersonBP/PostWar/Blueprints/Weapons/AK] ([1] browsable assets)...
[2017.08.30-10.01.07:585][655]OBJ SavePackage:     Rendered thumbnail for [Blueprint /Game/FirstPersonBP/PostWar/Blueprints/Weapons/AK.AK]
[2017.08.30-10.01.07:585][655]OBJ SavePackage: Finished generating thumbnails for package [/Game/FirstPersonBP/PostWar/Blueprints/Weapons/AK]
[2017.08.30-10.01.07:748][655]LogSavePackage: Save=156.26ms
[2017.08.30-10.01.07:748][655]LogSavePackage: Moving 'E:/Usuario/Ruben/UNIVERSIDAD/TFG/Postwar/Saved/AK_Auto5C4362A99456FAC18C436E7897B23B631.tmp' to 'E:/Usuario/Ruben/UNIVERSIDAD/TFG/Postwar/Saved/Autosaves/Game/FirstPersonBP/PostWar/Blueprints/Weapons/AK_Auto5.uasset'
[2017.08.30-10.01.10:400][655]LogSavePackage:Display: Finished SavePackage E:/Usuario/Ruben/UNIVERSIDAD/TFG/Postwar/Saved/Autosaves/Game/FirstPersonBP/PostWar/Blueprints/Weapons/AK_Auto5.uasset
[2017.08.30-10.01.10:402][655]OBJ SavePackage: Generating thumbnails for [0] asset(s) in package [/Game/FirstPersonBP/PostWar/Blueprints/Weapons/G36] ([1] browsable assets)...
[2017.08.30-10.01.10:402][655]OBJ SavePackage: Finished generating thumbnails for package [/Game/FirstPersonBP/PostWar/Blueprints/Weapons/G36]
[2017.08.30-10.01.10:599][655]LogSavePackage: Save=189.05ms
[2017.08.30-10.01.10:605][655]LogSavePackage: Moving 'E:/Usuario/Ruben/UNIVERSIDAD/TFG/Postwar/Saved/G36_Auto51854463646ACEF5907D87B9996546DB6.tmp' to 'E:/Usuario/Ruben/UNIVERSIDAD/TFG/Postwar/Saved/Autosaves/Game/FirstPersonBP/PostWar/Blueprints/Weapons/G36_Auto5.uasset'
[2017.08.30-10.01.10:607][655]LogSavePackage:Display: Finished SavePackage E:/Usuario/Ruben/UNIVERSIDAD/TFG/Postwar/Saved/Autosaves/Game/FirstPersonBP/PostWar/Blueprints/Weapons/G36_Auto5.uasset
[2017.08.30-10.01.10:608][655]OBJ SavePackage: Generating thumbnails for [0] asset(s) in package [/Game/FirstPersonBP/PostWar/Blueprints/Weapons/M4a1] ([1] browsable assets)...
[2017.08.30-10.01.10:608][655]OBJ SavePackage: Finished generating thumbnails for package [/Game/FirstPersonBP/PostWar/Blueprints/Weapons/M4a1]
[2017.08.30-10.01.10:775][655]LogSavePackage: Save=151.13ms
[2017.08.30-10.01.10:775][655]LogSavePackage: Moving 'E:/Usuario/Ruben/UNIVERSIDAD/TFG/Postwar/Saved/M4a1_Auto5BAD17AE045CF06307725C48E6F3EE2AC.tmp' to 'E:/Usuario/Ruben/UNIVERSIDAD/TFG/Postwar/Saved/Autosaves/Game/FirstPersonBP/PostWar/Blueprints/Weapons/M4a1_Auto5.uasset'
[2017.08.30-10.01.10:806][655]LogSavePackage:Display: Finished SavePackage E:/Usuario/Ruben/UNIVERSIDAD/TFG/Postwar/Saved/Autosaves/Game/FirstPersonBP/PostWar/Blueprints/Weapons/M4a1_Auto5.uasset
[2017.08.30-10.01.10:808][655]OBJ SavePackage: Generating thumbnails for [0] asset(s) in package [/Game/FirstPersonBP/PostWar/Blueprints/Weapons/m60] ([1] browsable assets)...
[2017.08.30-10.01.10:808][655]OBJ SavePackage: Finished generating thumbnails for package [/Game/FirstPersonBP/PostWar/Blueprints/Weapons/m60]
[2017.08.30-10.01.10:963][655]LogSavePackage: Save=146.96ms
[2017.08.30-10.01.10:963][655]LogSavePackage: Moving 'E:/Usuario/Ruben/UNIVERSIDAD/TFG/Postwar/Saved/m60_Auto5A3C7D6C54FA0CC4DBBD341AB1B0E52B8.tmp' to 'E:/Usuario/Ruben/UNIVERSIDAD/TFG/Postwar/Saved/Autosaves/Game/FirstPersonBP/PostWar/Blueprints/Weapons/m60_Auto5.uasset'
[2017.08.30-10.01.10:964][655]LogSavePackage:Display: Finished SavePackage E:/Usuario/Ruben/UNIVERSIDAD/TFG/Postwar/Saved/Autosaves/Game/FirstPersonBP/PostWar/Blueprints/Weapons/m60_Auto5.uasset
[2017.08.30-10.01.10:965][655]OBJ SavePackage: Generating thumbnails for [0] asset(s) in package [/Game/FirstPersonBP/PostWar/Blueprints/Weapons/ScarL] ([1] browsable assets)...
[2017.08.30-10.01.10:965][655]OBJ SavePackage: Finished generating thumbnails for package [/Game/FirstPersonBP/PostWar/Blueprints/Weapons/ScarL]
[2017.08.30-10.01.11:156][655]LogSavePackage: Save=184.97ms
[2017.08.30-10.01.11:156][655]LogSavePackage: Moving 'E:/Usuario/Ruben/UNIVERSIDAD/TFG/Postwar/Saved/ScarL_Auto5DF2FE5F34F9CF763BE4F23B582C7426C.tmp' to 'E:/Usuario/Ruben/UNIVERSIDAD/TFG/Postwar/Saved/Autosaves/Game/FirstPersonBP/PostWar/Blueprints/Weapons/ScarL_Auto5.uasset'
[2017.08.30-10.01.11:158][655]LogSavePackage:Display: Finished SavePackage E:/Usuario/Ruben/UNIVERSIDAD/TFG/Postwar/Saved/Autosaves/Game/FirstPersonBP/PostWar/Blueprints/Weapons/ScarL_Auto5.uasset
[2017.08.30-10.01.11:159][655]OBJ SavePackage: Generating thumbnails for [0] asset(s) in package [/Game/FirstPersonBP/PostWar/Blueprints/Weapons/shotgun] ([1] browsable assets)...
[2017.08.30-10.01.11:159][655]OBJ SavePackage: Finished generating thumbnails for package [/Game/FirstPersonBP/PostWar/Blueprints/Weapons/shotgun]
[2017.08.30-10.01.11:327][655]LogSavePackage: Save=161.82ms
[2017.08.30-10.01.11:327][655]LogSavePackage: Moving 'E:/Usuario/Ruben/UNIVERSIDAD/TFG/Postwar/Saved/shotgun_Auto5F43E50E347B1CFB3ACF152B7BA3F6BD5.tmp' to 'E:/Usuario/Ruben/UNIVERSIDAD/TFG/Postwar/Saved/Autosaves/Game/FirstPersonBP/PostWar/Blueprints/Weapons/shotgun_Auto5.uasset'
[2017.08.30-10.01.11:328][655]LogSavePackage:Display: Finished SavePackage E:/Usuario/Ruben/UNIVERSIDAD/TFG/Postwar/Saved/Autosaves/Game/FirstPersonBP/PostWar/Blueprints/Weapons/shotgun_Auto5.uasset
[2017.08.30-10.01.11:330][655]OBJ SavePackage: Generating thumbnails for [0] asset(s) in package [/Game/FirstPersonBP/PostWar/Blueprints/Weapons/UMP] ([1] browsable assets)...
[2017.08.30-10.01.11:330][655]OBJ SavePackage: Finished generating thumbnails for package [/Game/FirstPersonBP/PostWar/Blueprints/Weapons/UMP]
[2017.08.30-10.01.11:490][655]LogSavePackage: Save=154.05ms
[2017.08.30-10.01.11:490][655]LogSavePackage: Moving 'E:/Usuario/Ruben/UNIVERSIDAD/TFG/Postwar/Saved/UMP_Auto54153A00349F225C14C03998250A6FBAC.tmp' to 'E:/Usuario/Ruben/UNIVERSIDAD/TFG/Postwar/Saved/Autosaves/Game/FirstPersonBP/PostWar/Blueprints/Weapons/UMP_Auto5.uasset'
[2017.08.30-10.01.11:491][655]LogSavePackage:Display: Finished SavePackage E:/Usuario/Ruben/UNIVERSIDAD/TFG/Postwar/Saved/Autosaves/Game/FirstPersonBP/PostWar/Blueprints/Weapons/UMP_Auto5.uasset
[2017.08.30-10.01.11:491][655]LogFileHelpers: Auto-saving content packages took 3.926
[2017.08.30-11.48.11:765][299]LogSavePackage: Save=52.06ms
[2017.08.30-11.48.11:765][299]LogSavePackage: Moving 'E:/Usuario/Ruben/UNIVERSIDAD/TFG/Postwar/Saved/MaquinaDamage8C17546045536D72DC5CD49C8151A3FB.tmp' to 'E:/Usuario/Ruben/UNIVERSIDAD/TFG/Postwar/Content/FirstPersonBP/PostWar/Blueprints/Interactuable/MaquinaDamage.uasset'
[2017.08.30-11.48.11:777][299]LogSavePackage:Display: Finished SavePackage E:/Usuario/Ruben/UNIVERSIDAD/TFG/Postwar/Content/FirstPersonBP/PostWar/Blueprints/Interactuable/MaquinaDamage.uasset
[2017.08.30-11.48.38:972][912]BlueprintLog: New page: Compile WeaponParent
[2017.08.30-11.48.41:567][957]LogSavePackage: Save=487.94ms
[2017.08.30-11.48.41:567][957]LogSavePackage: Moving 'E:/Usuario/Ruben/UNIVERSIDAD/TFG/Postwar/Saved/WeaponParent915483914823B5F1826E61977547A2FD.tmp' to 'E:/Usuario/Ruben/UNIVERSIDAD/TFG/Postwar/Content/FirstPersonBP/PostWar/Blueprints/Weapons/WeaponParent.uasset'
[2017.08.30-11.48.41:570][957]LogSavePackage:Display: Finished SavePackage E:/Usuario/Ruben/UNIVERSIDAD/TFG/Postwar/Content/FirstPersonBP/PostWar/Blueprints/Weapons/WeaponParent.uasset
[2017.08.30-11.49.49:190][419]LogFileHelpers: Editor autosave (incl. sublevels) for '/Game/FirstPersonBP/PostWar/Niveles/MainMenu' took 0.023
[2017.08.30-11.49.49:193][419]OBJ SavePackage: Generating thumbnails for [1] asset(s) in package [/Game/FirstPersonBP/PostWar/Blueprints/Weapons/AK] ([1] browsable assets)...
[2017.08.30-11.49.49:209][419]OBJ SavePackage:     Rendered thumbnail for [Blueprint /Game/FirstPersonBP/PostWar/Blueprints/Weapons/AK.AK]
[2017.08.30-11.49.49:209][419]OBJ SavePackage: Finished generating thumbnails for package [/Game/FirstPersonBP/PostWar/Blueprints/Weapons/AK]
[2017.08.30-11.49.49:377][419]LogSavePackage: Save=161.30ms
[2017.08.30-11.49.49:377][419]LogSavePackage: Moving 'E:/Usuario/Ruben/UNIVERSIDAD/TFG/Postwar/Saved/AK_Auto6243C705E43D68495AD81F0A6C3ADBCA4.tmp' to 'E:/Usuario/Ruben/UNIVERSIDAD/TFG/Postwar/Saved/Autosaves/Game/FirstPersonBP/PostWar/Blueprints/Weapons/AK_Auto6.uasset'
[2017.08.30-11.49.50:967][419]LogSavePackage:Display: Finished SavePackage E:/Usuario/Ruben/UNIVERSIDAD/TFG/Postwar/Saved/Autosaves/Game/FirstPersonBP/PostWar/Blueprints/Weapons/AK_Auto6.uasset
[2017.08.30-11.49.50:969][419]OBJ SavePackage: Generating thumbnails for [0] asset(s) in package [/Game/FirstPersonBP/PostWar/Blueprints/Weapons/G36] ([1] browsable assets)...
[2017.08.30-11.49.50:969][419]OBJ SavePackage: Finished generating thumbnails for package [/Game/FirstPersonBP/PostWar/Blueprints/Weapons/G36]
[2017.08.30-11.49.51:121][419]LogSavePackage: Save=146.42ms
[2017.08.30-11.49.51:121][419]LogSavePackage: Moving 'E:/Usuario/Ruben/UNIVERSIDAD/TFG/Postwar/Saved/G36_Auto66758AE1E47A5B49EFD2EF7A612A1CEA7.tmp' to 'E:/Usuario/Ruben/UNIVERSIDAD/TFG/Postwar/Saved/Autosaves/Game/FirstPersonBP/PostWar/Blueprints/Weapons/G36_Auto6.uasset'
[2017.08.30-11.49.51:122][419]LogSavePackage:Display: Finished SavePackage E:/Usuario/Ruben/UNIVERSIDAD/TFG/Postwar/Saved/Autosaves/Game/FirstPersonBP/PostWar/Blueprints/Weapons/G36_Auto6.uasset
[2017.08.30-11.49.51:124][419]OBJ SavePackage: Generating thumbnails for [0] asset(s) in package [/Game/FirstPersonBP/PostWar/Blueprints/Weapons/M4a1] ([1] browsable assets)...
[2017.08.30-11.49.51:124][419]OBJ SavePackage: Finished generating thumbnails for package [/Game/FirstPersonBP/PostWar/Blueprints/Weapons/M4a1]
[2017.08.30-11.49.51:309][419]LogSavePackage: Save=176.83ms
[2017.08.30-11.49.51:309][419]LogSavePackage: Moving 'E:/Usuario/Ruben/UNIVERSIDAD/TFG/Postwar/Saved/M4a1_Auto6BCBC6CC44DE730C00EAB73BE0D9C7B46.tmp' to 'E:/Usuario/Ruben/UNIVERSIDAD/TFG/Postwar/Saved/Autosaves/Game/FirstPersonBP/PostWar/Blueprints/Weapons/M4a1_Auto6.uasset'
[2017.08.30-11.49.51:323][419]LogSavePackage:Display: Finished SavePackage E:/Usuario/Ruben/UNIVERSIDAD/TFG/Postwar/Saved/Autosaves/Game/FirstPersonBP/PostWar/Blueprints/Weapons/M4a1_Auto6.uasset
[2017.08.30-11.49.51:324][419]OBJ SavePackage: Generating thumbnails for [0] asset(s) in package [/Game/FirstPersonBP/PostWar/Blueprints/Weapons/m60] ([1] browsable assets)...
[2017.08.30-11.49.51:324][419]OBJ SavePackage: Finished generating thumbnails for package [/Game/FirstPersonBP/PostWar/Blueprints/Weapons/m60]
[2017.08.30-11.49.51:503][419]LogSavePackage: Save=159.58ms
[2017.08.30-11.49.51:503][419]LogSavePackage: Moving 'E:/Usuario/Ruben/UNIVERSIDAD/TFG/Postwar/Saved/m60_Auto62199635F46BA971FBAE91A80FE9B0120.tmp' to 'E:/Usuario/Ruben/UNIVERSIDAD/TFG/Postwar/Saved/Autosaves/Game/FirstPersonBP/PostWar/Blueprints/Weapons/m60_Auto6.uasset'
[2017.08.30-11.49.51:505][419]LogSavePackage:Display: Finished SavePackage E:/Usuario/Ruben/UNIVERSIDAD/TFG/Postwar/Saved/Autosaves/Game/FirstPersonBP/PostWar/Blueprints/Weapons/m60_Auto6.uasset
[2017.08.30-11.49.51:506][419]OBJ SavePackage: Generating thumbnails for [0] asset(s) in package [/Game/FirstPersonBP/PostWar/Blueprints/Weapons/ScarL] ([1] browsable assets)...
[2017.08.30-11.49.51:506][419]OBJ SavePackage: Finished generating thumbnails for package [/Game/FirstPersonBP/PostWar/Blueprints/Weapons/ScarL]
[2017.08.30-11.49.51:694][419]LogSavePackage: Save=158.63ms
[2017.08.30-11.49.51:695][419]LogSavePackage: Moving 'E:/Usuario/Ruben/UNIVERSIDAD/TFG/Postwar/Saved/ScarL_Auto6672E73B9411B1BD033089AA0415FCD78.tmp' to 'E:/Usuario/Ruben/UNIVERSIDAD/TFG/Postwar/Saved/Autosaves/Game/FirstPersonBP/PostWar/Blueprints/Weapons/ScarL_Auto6.uasset'
[2017.08.30-11.49.51:696][419]LogSavePackage:Display: Finished SavePackage E:/Usuario/Ruben/UNIVERSIDAD/TFG/Postwar/Saved/Autosaves/Game/FirstPersonBP/PostWar/Blueprints/Weapons/ScarL_Auto6.uasset
[2017.08.30-11.49.51:697][419]OBJ SavePackage: Generating thumbnails for [0] asset(s) in package [/Game/FirstPersonBP/PostWar/Blueprints/Weapons/shotgun] ([1] browsable assets)...
[2017.08.30-11.49.51:698][419]OBJ SavePackage: Finished generating thumbnails for package [/Game/FirstPersonBP/PostWar/Blueprints/Weapons/shotgun]
[2017.08.30-11.49.51:864][419]LogSavePackage: Save=158.91ms
[2017.08.30-11.49.51:864][419]LogSavePackage: Moving 'E:/Usuario/Ruben/UNIVERSIDAD/TFG/Postwar/Saved/shotgun_Auto65D29FB2347F29E8168984A812FFD7854.tmp' to 'E:/Usuario/Ruben/UNIVERSIDAD/TFG/Postwar/Saved/Autosaves/Game/FirstPersonBP/PostWar/Blueprints/Weapons/shotgun_Auto6.uasset'
[2017.08.30-11.49.51:873][419]LogSavePackage:Display: Finished SavePackage E:/Usuario/Ruben/UNIVERSIDAD/TFG/Postwar/Saved/Autosaves/Game/FirstPersonBP/PostWar/Blueprints/Weapons/shotgun_Auto6.uasset
[2017.08.30-11.49.51:874][419]OBJ SavePackage: Generating thumbnails for [0] asset(s) in package [/Game/FirstPersonBP/PostWar/Blueprints/Weapons/UMP] ([1] browsable assets)...
[2017.08.30-11.49.51:874][419]OBJ SavePackage: Finished generating thumbnails for package [/Game/FirstPersonBP/PostWar/Blueprints/Weapons/UMP]
[2017.08.30-11.49.52:045][419]LogSavePackage: Save=164.40ms
[2017.08.30-11.49.52:045][419]LogSavePackage: Moving 'E:/Usuario/Ruben/UNIVERSIDAD/TFG/Postwar/Saved/UMP_Auto6C9BC580F4FE226913826FCA01EE2E006.tmp' to 'E:/Usuario/Ruben/UNIVERSIDAD/TFG/Postwar/Saved/Autosaves/Game/FirstPersonBP/PostWar/Blueprints/Weapons/UMP_Auto6.uasset'
[2017.08.30-11.49.52:047][419]LogSavePackage:Display: Finished SavePackage E:/Usuario/Ruben/UNIVERSIDAD/TFG/Postwar/Saved/Autosaves/Game/FirstPersonBP/PostWar/Blueprints/Weapons/UMP_Auto6.uasset
[2017.08.30-11.49.52:047][419]LogFileHelpers: Auto-saving content packages took 2.855
[2017.08.30-11.59.52:564][764]LogFileHelpers: Editor autosave (incl. sublevels) for '/Game/FirstPersonBP/PostWar/Niveles/MainMenu' took 0.027
[2017.08.30-11.59.52:566][764]OBJ SavePackage: Generating thumbnails for [0] asset(s) in package [/Game/FirstPersonBP/PostWar/Blueprints/Weapons/WeaponParent] ([1] browsable assets)...
[2017.08.30-11.59.52:566][764]OBJ SavePackage: Finished generating thumbnails for package [/Game/FirstPersonBP/PostWar/Blueprints/Weapons/WeaponParent]
[2017.08.30-11.59.55:450][764]LogSavePackage: Save=2877.16ms
[2017.08.30-11.59.55:450][764]LogSavePackage: Moving 'E:/Usuario/Ruben/UNIVERSIDAD/TFG/Postwar/Saved/WeaponParent_Auto78867A13349E40277C92BD0ACB83B8B34.tmp' to 'E:/Usuario/Ruben/UNIVERSIDAD/TFG/Postwar/Saved/Autosaves/Game/FirstPersonBP/PostWar/Blueprints/Weapons/WeaponParent_Auto7.uasset'
[2017.08.30-11.59.55:474][764]LogSavePackage:Display: Finished SavePackage E:/Usuario/Ruben/UNIVERSIDAD/TFG/Postwar/Saved/Autosaves/Game/FirstPersonBP/PostWar/Blueprints/Weapons/WeaponParent_Auto7.uasset
[2017.08.30-11.59.55:474][764]LogFileHelpers: Auto-saving content packages took 2.909
[2017.08.30-12.15.30:112][878]LogActorComponent: UnregisterComponent: (/Engine/Transient.EditorFloorComp) Not registered. Aborting.
[2017.08.30-12.15.30:191][878]LogActorComponent: UnregisterComponent: (/Engine/Transient.EditorFloorComp) Not registered. Aborting.
[2017.08.30-12.15.30:283][878]LogActorComponent: UnregisterComponent: (/Engine/Transient.EditorFloorComp) Not registered. Aborting.
[2017.08.30-12.15.30:360][878]LogActorComponent: UnregisterComponent: (/Engine/Transient.EditorFloorComp) Not registered. Aborting.
[2017.08.30-12.15.30:480][878]LogActorComponent: UnregisterComponent: (/Engine/Transient.EditorFloorComp) Not registered. Aborting.
[2017.08.30-12.15.33:452][962]Cmd: OBJ SAVEPACKAGE PACKAGE="/Game/FirstPersonBP/PostWar/Blueprints/Weapons/AK" FILE="E:/Usuario/Ruben/UNIVERSIDAD/TFG/Postwar/Content/FirstPersonBP/PostWar/Blueprints/Weapons/AK.uasset" SILENT=true
[2017.08.30-12.15.33:650][962]LogSavePackage: Save=190.50ms
[2017.08.30-12.15.33:650][962]LogSavePackage: Moving 'E:/Usuario/Ruben/UNIVERSIDAD/TFG/Postwar/Saved/AKEE189B2D4E3F97364479E8887998D07C.tmp' to 'E:/Usuario/Ruben/UNIVERSIDAD/TFG/Postwar/Content/FirstPersonBP/PostWar/Blueprints/Weapons/AK.uasset'
[2017.08.30-12.15.33:658][962]LogSavePackage:Display: Finished SavePackage E:/Usuario/Ruben/UNIVERSIDAD/TFG/Postwar/Content/FirstPersonBP/PostWar/Blueprints/Weapons/AK.uasset
[2017.08.30-12.15.33:661][962]Cmd: OBJ SAVEPACKAGE PACKAGE="/Game/FirstPersonBP/PostWar/Blueprints/Weapons/G36" FILE="E:/Usuario/Ruben/UNIVERSIDAD/TFG/Postwar/Content/FirstPersonBP/PostWar/Blueprints/Weapons/G36.uasset" SILENT=true
[2017.08.30-12.15.33:839][962]LogSavePackage: Save=171.28ms
[2017.08.30-12.15.33:839][962]LogSavePackage: Moving 'E:/Usuario/Ruben/UNIVERSIDAD/TFG/Postwar/Saved/G3632A941D9447F5FA41C1EC59521509F6A.tmp' to 'E:/Usuario/Ruben/UNIVERSIDAD/TFG/Postwar/Content/FirstPersonBP/PostWar/Blueprints/Weapons/G36.uasset'
[2017.08.30-12.15.33:854][962]LogSavePackage:Display: Finished SavePackage E:/Usuario/Ruben/UNIVERSIDAD/TFG/Postwar/Content/FirstPersonBP/PostWar/Blueprints/Weapons/G36.uasset
[2017.08.30-12.15.33:858][962]Cmd: OBJ SAVEPACKAGE PACKAGE="/Game/FirstPersonBP/PostWar/Blueprints/Weapons/M4a1" FILE="E:/Usuario/Ruben/UNIVERSIDAD/TFG/Postwar/Content/FirstPersonBP/PostWar/Blueprints/Weapons/M4a1.uasset" SILENT=true
[2017.08.30-12.15.34:016][962]LogSavePackage: Save=151.41ms
[2017.08.30-12.15.34:016][962]LogSavePackage: Moving 'E:/Usuario/Ruben/UNIVERSIDAD/TFG/Postwar/Saved/M4a11932A22F4BF02A5609F1D9A9311EBBE2.tmp' to 'E:/Usuario/Ruben/UNIVERSIDAD/TFG/Postwar/Content/FirstPersonBP/PostWar/Blueprints/Weapons/M4a1.uasset'
[2017.08.30-12.15.34:027][962]LogSavePackage:Display: Finished SavePackage E:/Usuario/Ruben/UNIVERSIDAD/TFG/Postwar/Content/FirstPersonBP/PostWar/Blueprints/Weapons/M4a1.uasset
[2017.08.30-12.15.34:031][962]Cmd: OBJ SAVEPACKAGE PACKAGE="/Game/FirstPersonBP/PostWar/Blueprints/Weapons/m60" FILE="E:/Usuario/Ruben/UNIVERSIDAD/TFG/Postwar/Content/FirstPersonBP/PostWar/Blueprints/Weapons/m60.uasset" SILENT=true
[2017.08.30-12.15.34:187][962]LogSavePackage: Save=149.39ms
[2017.08.30-12.15.34:187][962]LogSavePackage: Moving 'E:/Usuario/Ruben/UNIVERSIDAD/TFG/Postwar/Saved/m60A1046F57434D6890C132F188BF8A28B3.tmp' to 'E:/Usuario/Ruben/UNIVERSIDAD/TFG/Postwar/Content/FirstPersonBP/PostWar/Blueprints/Weapons/m60.uasset'
[2017.08.30-12.15.34:190][962]LogSavePackage:Display: Finished SavePackage E:/Usuario/Ruben/UNIVERSIDAD/TFG/Postwar/Content/FirstPersonBP/PostWar/Blueprints/Weapons/m60.uasset
[2017.08.30-12.15.34:346][962]LogSavePackage: Save=146.04ms
[2017.08.30-12.15.34:346][962]LogSavePackage: Moving 'E:/Usuario/Ruben/UNIVERSIDAD/TFG/Postwar/Saved/ScarL274D753B4312F8C0335DD1A4895492AF.tmp' to 'E:/Usuario/Ruben/UNIVERSIDAD/TFG/Postwar/Content/FirstPersonBP/PostWar/Blueprints/Weapons/ScarL.uasset'
[2017.08.30-12.15.34:354][962]LogSavePackage:Display: Finished SavePackage E:/Usuario/Ruben/UNIVERSIDAD/TFG/Postwar/Content/FirstPersonBP/PostWar/Blueprints/Weapons/ScarL.uasset
[2017.08.30-12.15.34:520][962]LogSavePackage: Save=155.25ms
[2017.08.30-12.15.34:520][962]LogSavePackage: Moving 'E:/Usuario/Ruben/UNIVERSIDAD/TFG/Postwar/Saved/shotgun15102CA64DE2D33BBA98C08D5B9DF3D4.tmp' to 'E:/Usuario/Ruben/UNIVERSIDAD/TFG/Postwar/Content/FirstPersonBP/PostWar/Blueprints/Weapons/shotgun.uasset'
[2017.08.30-12.15.34:522][962]LogSavePackage:Display: Finished SavePackage E:/Usuario/Ruben/UNIVERSIDAD/TFG/Postwar/Content/FirstPersonBP/PostWar/Blueprints/Weapons/shotgun.uasset
[2017.08.30-12.15.34:526][962]Cmd: OBJ SAVEPACKAGE PACKAGE="/Game/FirstPersonBP/PostWar/Blueprints/Weapons/UMP" FILE="E:/Usuario/Ruben/UNIVERSIDAD/TFG/Postwar/Content/FirstPersonBP/PostWar/Blueprints/Weapons/UMP.uasset" SILENT=true
[2017.08.30-12.15.34:686][962]LogSavePackage: Save=153.58ms
[2017.08.30-12.15.34:686][962]LogSavePackage: Moving 'E:/Usuario/Ruben/UNIVERSIDAD/TFG/Postwar/Saved/UMPD9B3621E47CD0C569B71329488153E94.tmp' to 'E:/Usuario/Ruben/UNIVERSIDAD/TFG/Postwar/Content/FirstPersonBP/PostWar/Blueprints/Weapons/UMP.uasset'
[2017.08.30-12.15.34:690][962]LogSavePackage:Display: Finished SavePackage E:/Usuario/Ruben/UNIVERSIDAD/TFG/Postwar/Content/FirstPersonBP/PostWar/Blueprints/Weapons/UMP.uasset
[2017.08.30-12.15.34:963][962]LogSavePackage: Save=262.54ms
[2017.08.30-12.15.34:963][962]LogSavePackage: Moving 'E:/Usuario/Ruben/UNIVERSIDAD/TFG/Postwar/Saved/WeaponParentEA367E454AB3979F70E64A80B695FD14.tmp' to 'E:/Usuario/Ruben/UNIVERSIDAD/TFG/Postwar/Content/FirstPersonBP/PostWar/Blueprints/Weapons/WeaponParent.uasset'
[2017.08.30-12.15.34:966][962]LogSavePackage:Display: Finished SavePackage E:/Usuario/Ruben/UNIVERSIDAD/TFG/Postwar/Content/FirstPersonBP/PostWar/Blueprints/Weapons/WeaponParent.uasset
[2017.08.30-12.15.35:074][962]LogWindowsTextInputMethodSystem:Display: IME system now deactivated.
[2017.08.30-12.15.35:264][963]Cmd: QUIT_EDITOR
[2017.08.30-12.15.35:290][963]LogExit: Preparing to exit.
[2017.08.30-12.15.36:339][963]LogExit: Editor shut down
[2017.08.30-12.15.36:347][963]LogExit: Transaction tracking system shut down
[2017.08.30-12.15.36:472][963]LogObj: Freed 0b from 0 cluster array pools.
[2017.08.30-12.15.36:472][963]LogExit: Object subsystem successfully closed.
[2017.08.30-12.15.36:497][963]LogD3D11RHI: Shutdown
[2017.08.30-12.15.36:497][963]LogD3D11RHI: CleanupD3DDevice
[2017.08.30-12.15.36:596][963]LogD3D11RHI: ~FD3D11DynamicRHI
[2017.08.30-12.15.36:612][963]LogModuleManager: Shutting down and abandoning module BlueprintGraph (528)
[2017.08.30-12.15.36:612][963]LogModuleManager: Shutting down and abandoning module BlueprintProfiler (526)
[2017.08.30-12.15.36:613][963]LogModuleManager: Shutting down and abandoning module HierarchicalLODOutliner (524)
[2017.08.30-12.15.36:613][963]LogModuleManager: Shutting down and abandoning module CrashTracker (522)
[2017.08.30-12.15.36:613][963]LogModuleManager: Shutting down and abandoning module SceneOutliner (520)
[2017.08.30-12.15.36:613][963]LogModuleManager: Shutting down and abandoning module AddContentDialog (518)
[2017.08.30-12.15.36:613][963]LogDirectoryWatcher: A directory notification for 'D:/Program Files/Epic Games/UE_4.16/FeaturePacks/' was aborted.
[2017.08.30-12.15.36:614][963]LogModuleManager: Shutting down and abandoning module WidgetCarousel (517)
[2017.08.30-12.15.36:614][963]LogModuleManager: Shutting down and abandoning module EditorWidgets (514)
[2017.08.30-12.15.36:614][963]LogModuleManager: Shutting down and abandoning module CollectionManager (512)
[2017.08.30-12.15.36:614][963]LogDirectoryWatcher: A directory notification for 'E:/Usuario/Ruben/UNIVERSIDAD/TFG/Postwar/Content/Collections/' was aborted.
[2017.08.30-12.15.36:614][963]LogDirectoryWatcher: A directory notification for 'E:/Usuario/Ruben/UNIVERSIDAD/TFG/Postwar/Content/Developers/cripe/Collections/' was aborted.
[2017.08.30-12.15.36:614][963]LogDirectoryWatcher: A directory notification for 'E:/Usuario/Ruben/UNIVERSIDAD/TFG/Postwar/Saved/Collections/' was aborted.
[2017.08.30-12.15.36:614][963]LogModuleManager: Shutting down and abandoning module StatsViewer (510)
[2017.08.30-12.15.36:614][963]LogModuleManager: Shutting down and abandoning module FoliageEdit (508)
[2017.08.30-12.15.36:614][963]LogModuleManager: Shutting down and abandoning module LandscapeEditor (506)
[2017.08.30-12.15.36:614][963]LogModuleManager: Shutting down and abandoning module MeshPaintMode (504)
[2017.08.30-12.15.36:614][963]LogModuleManager: Shutting down and abandoning module SceneDepthPickerMode (502)
[2017.08.30-12.15.36:614][963]LogModuleManager: Shutting down and abandoning module ActorPickerMode (500)
[2017.08.30-12.15.36:614][963]LogModuleManager: Shutting down and abandoning module GeometryMode (498)
[2017.08.30-12.15.36:614][963]LogModuleManager: Shutting down and abandoning module TextureAlignMode (496)
[2017.08.30-12.15.36:614][963]LogModuleManager: Shutting down and abandoning module BspMode (494)
[2017.08.30-12.15.36:614][963]LogModuleManager: Shutting down and abandoning module HardwareSurvey (492)
[2017.08.30-12.15.36:614][963]LogModuleManager: Shutting down and abandoning module SequenceRecorderSections (490)
[2017.08.30-12.15.36:614][963]LogModuleManager: Shutting down and abandoning module AutomationWorker (488)
[2017.08.30-12.15.36:614][963]LogModuleManager: Shutting down and abandoning module MatineeToLevelSequence (486)
[2017.08.30-12.15.36:614][963]LogModuleManager: Shutting down and abandoning module LevelSequenceEditor (484)
[2017.08.30-12.15.36:615][963]LogModuleManager: Shutting down and abandoning module PlacementMode (483)
[2017.08.30-12.15.36:615][963]LogModuleManager: Shutting down and abandoning module WmfMediaFactory (480)
[2017.08.30-12.15.36:615][963]LogModuleManager: Shutting down and abandoning module WmfMediaEditor (478)
[2017.08.30-12.15.36:615][963]LogModuleManager: Shutting down and abandoning module AvfMediaFactory (476)
[2017.08.30-12.15.36:615][963]LogModuleManager: Shutting down and abandoning module AvfMediaEditor (474)
[2017.08.30-12.15.36:615][963]LogModuleManager: Shutting down and abandoning module AndroidMediaFactory (472)
[2017.08.30-12.15.36:615][963]LogModuleManager: Shutting down and abandoning module Media (471)
[2017.08.30-12.15.36:615][963]LogModuleManager: Shutting down and abandoning module AndroidMediaEditor (468)
[2017.08.30-12.15.36:615][963]LogModuleManager: Shutting down and abandoning module CharacterAI (466)
[2017.08.30-12.15.36:615][963]LogModuleManager: Shutting down and abandoning module AudioCapture (464)
[2017.08.30-12.15.36:615][963]LogModuleManager: Shutting down and abandoning module SequenceRecorder (463)
[2017.08.30-12.15.36:615][963]LogModuleManager: Shutting down and abandoning module SmartSnapping (460)
[2017.08.30-12.15.36:615][963]LogModuleManager: Shutting down and abandoning module SessionServices (458)
[2017.08.30-12.15.36:615][963]LogModuleManager: Shutting down and abandoning module ViewportSnapping (456)
[2017.08.30-12.15.36:615][963]LogModuleManager: Shutting down and abandoning module ViewportInteraction (454)
[2017.08.30-12.15.36:615][963]LogModuleManager: Shutting down and abandoning module ClothPainter (452)
[2017.08.30-12.15.36:616][963]LogModuleManager: Shutting down and abandoning module LogVisualizer (450)
[2017.08.30-12.15.36:616][963]LogModuleManager: Shutting down and abandoning module IntroTutorials (448)
[2017.08.30-12.15.36:617][963]LogModuleManager: Shutting down and abandoning module GameProjectGeneration (447)
[2017.08.30-12.15.36:617][963]LogModuleManager: Shutting down and abandoning module EditorLiveStreaming (444)
[2017.08.30-12.15.36:617][963]LogModuleManager: Shutting down and abandoning module IOSPlatformEditor (442)
[2017.08.30-12.15.36:618][963]LogModuleManager: Shutting down and abandoning module HTML5PlatformEditor (440)
[2017.08.30-12.15.36:618][963]LogModuleManager: Shutting down and abandoning module AndroidPlatformEditor (438)
[2017.08.30-12.15.36:618][963]LogModuleManager: Shutting down and abandoning module AndroidDeviceDetection (437)
[2017.08.30-12.15.37:543][963]LogModuleManager: Shutting down and abandoning module IOSRuntimeSettings (434)
[2017.08.30-12.15.37:543][963]LogModuleManager: Shutting down and abandoning module AndroidRuntimeSettings (432)
[2017.08.30-12.15.37:543][963]LogModuleManager: Shutting down and abandoning module InputBindingEditor (430)
[2017.08.30-12.15.37:544][963]LogModuleManager: Shutting down and abandoning module MergeActors (428)
[2017.08.30-12.15.37:544][963]LogModuleManager: Shutting down and abandoning module SizeMap (426)
[2017.08.30-12.15.37:544][963]LogModuleManager: Shutting down and abandoning module TreeMap (424)
[2017.08.30-12.15.37:545][963]LogModuleManager: Shutting down and abandoning module ReferenceViewer (422)
[2017.08.30-12.15.37:545][963]LogModuleManager: Shutting down and abandoning module LocalizationDashboard (420)
[2017.08.30-12.15.37:545][963]LogModuleManager: Shutting down and abandoning module LocalizationService (419)
[2017.08.30-12.15.37:545][963]LogModuleManager: Shutting down and abandoning module HardwareTargeting (416)
[2017.08.30-12.15.37:545][963]LogModuleManager: Shutting down and abandoning module DeviceProfileEditor (414)
[2017.08.30-12.15.37:546][963]LogModuleManager: Shutting down and abandoning module UndoHistory (412)
[2017.08.30-12.15.37:546][963]LogModuleManager: Shutting down and abandoning module UserFeedback (410)
[2017.08.30-12.15.37:546][963]LogModuleManager: Shutting down and abandoning module XmlParser (408)
[2017.08.30-12.15.37:546][963]LogModuleManager: Shutting down and abandoning module Blutility (406)
[2017.08.30-12.15.37:546][963]LogModuleManager: Shutting down and abandoning module ProjectSettingsViewer (404)
[2017.08.30-12.15.37:546][963]LogModuleManager: Shutting down and abandoning module ProjectTargetPlatformEditor (403)
[2017.08.30-12.15.37:546][963]LogModuleManager: Shutting down and abandoning module EditorSettingsViewer (400)
[2017.08.30-12.15.37:546][963]LogModuleManager: Shutting down and abandoning module SettingsEditor (398)
[2017.08.30-12.15.37:546][963]LogModuleManager: Shutting down and abandoning module ProjectLauncher (396)
[2017.08.30-12.15.37:547][963]LogModuleManager: Shutting down and abandoning module SessionFrontend (394)
[2017.08.30-12.15.37:547][963]LogModuleManager: Shutting down and abandoning module ProfilerClient (392)
[2017.08.30-12.15.37:548][963]LogModuleManager: Shutting down and abandoning module DeviceManager (390)
[2017.08.30-12.15.37:548][963]LogModuleManager: Shutting down and abandoning module TargetDeviceServices (389)
[2017.08.30-12.15.37:611][963]LogModuleManager: Shutting down and abandoning module AutomationController (386)
[2017.08.30-12.15.37:611][963]LogModuleManager: Shutting down and abandoning module AutomationWindow (384)
[2017.08.30-12.15.37:612][963]LogModuleManager: Shutting down and abandoning module Layers (382)
[2017.08.30-12.15.37:613][963]LogModuleManager: Shutting down and abandoning module ComponentVisualizers (380)
[2017.08.30-12.15.37:613][963]LogModuleManager: Shutting down and abandoning module DetailCustomizations (378)
[2017.08.30-12.15.37:613][963]LogModuleManager: Shutting down and abandoning module PackagesDialog (376)
[2017.08.30-12.15.37:613][963]LogModuleManager: Shutting down and abandoning module Persona (374)
[2017.08.30-12.15.37:614][963]LogModuleManager: Shutting down and abandoning module AdvancedPreviewScene (373)
[2017.08.30-12.15.37:614][963]LogModuleManager: Shutting down and abandoning module AnimGraph (371)
[2017.08.30-12.15.37:614][963]LogModuleManager: Shutting down and abandoning module Kismet (368)
[2017.08.30-12.15.37:625][963]LogModuleManager: Shutting down and abandoning module ClassViewer (366)
[2017.08.30-12.15.37:625][963]LogModuleManager: Shutting down and abandoning module Toolbox (364)
[2017.08.30-12.15.37:625][963]LogModuleManager: Shutting down and abandoning module ModuleUI (362)
[2017.08.30-12.15.37:627][963]LogModuleManager: Shutting down and abandoning module MovieSceneTools (360)
[2017.08.30-12.15.37:627][963]LogModuleManager: Shutting down and abandoning module OutputLog (358)
[2017.08.30-12.15.37:627][963]LogModuleManager: Shutting down and abandoning module GammaUI (356)
[2017.08.30-12.15.37:627][963]LogModuleManager: Shutting down and abandoning module Documentation (354)
[2017.08.30-12.15.37:627][963]LogModuleManager: Shutting down and abandoning module MovieSceneTracks (352)
[2017.08.30-12.15.37:627][963]LogModuleManager: Shutting down and abandoning module MovieScene (350)
[2017.08.30-12.15.37:627][963]LogModuleManager: Shutting down and abandoning module Niagara (348)
[2017.08.30-12.15.37:627][963]LogModuleManager: Shutting down and abandoning module NiagaraEditor (347)
[2017.08.30-12.15.37:628][963]LogModuleManager: Shutting down and abandoning module StreamingPauseRendering (344)
[2017.08.30-12.15.37:628][963]LogModuleManager: Shutting down and abandoning module AnalyticsET (342)
[2017.08.30-12.15.37:628][963]LogModuleManager: Shutting down and abandoning module PortalServices (340)
[2017.08.30-12.15.37:628][963]LogModuleManager: Shutting down and abandoning module PortalRpc (338)
[2017.08.30-12.15.37:628][963]LogModuleManager: Shutting down and abandoning module MessagingRpc (336)
[2017.08.30-12.15.37:628][963]LogModuleManager: Shutting down and abandoning module AIModule (334)
[2017.08.30-12.15.37:628][963]LogModuleManager: Shutting down and abandoning module GameplayDebugger (333)
[2017.08.30-12.15.37:628][963]LogModuleManager: Shutting down and abandoning module AITestSuite (331)
[2017.08.30-12.15.37:628][963]LogModuleManager: Shutting down and abandoning module ProfilerService (328)
[2017.08.30-12.15.37:766][963]LogModuleManager: Shutting down and abandoning module TaskGraph (326)
[2017.08.30-12.15.37:767][963]LogModuleManager: Shutting down and abandoning module SteamVRController (324)
[2017.08.30-12.15.37:767][963]LogModuleManager: Shutting down and abandoning module SteamVR (322)
[2017.08.30-12.15.37:767][963]LogModuleManager: Shutting down and abandoning module ProceduralMeshComponentEditor (320)
[2017.08.30-12.15.37:767][963]LogModuleManager: Shutting down and abandoning module ProceduralMeshComponent (318)
[2017.08.30-12.15.37:767][963]LogModuleManager: Shutting down and abandoning module OculusLibrary (316)
[2017.08.30-12.15.37:767][963]LogModuleManager: Shutting down and abandoning module OculusInput (314)
[2017.08.30-12.15.37:767][963]LogModuleManager: Shutting down and abandoning module MobilePatchingUtils (312)
[2017.08.30-12.15.37:767][963]LogModuleManager: Shutting down and abandoning module CustomMeshComponent (310)
[2017.08.30-12.15.37:767][963]LogModuleManager: Shutting down and abandoning module CableComponent (308)
[2017.08.30-12.15.37:767][963]LogModuleManager: Shutting down and abandoning module ArchVisCharacter (306)
[2017.08.30-12.15.37:767][963]LogModuleManager: Shutting down and abandoning module AndroidPermission (304)
[2017.08.30-12.15.37:767][963]LogModuleManager: Shutting down and abandoning module MediaPlayerEditor (300)
[2017.08.30-12.15.37:768][963]LogModuleManager: Shutting down and abandoning module HTML5Networking (298)
[2017.08.30-12.15.37:768][963]LogModuleManager: Shutting down and abandoning module AlembicImporter (296)
[2017.08.30-12.15.37:768][963]LogModuleManager: Shutting down and abandoning module AlembicLibrary (295)
[2017.08.30-12.15.37:769][963]LogModuleManager: Shutting down and abandoning module GeometryCache (294)
[2017.08.30-12.15.37:769][963]LogModuleManager: Shutting down and abandoning module GeometryCacheEd (293)
[2017.08.30-12.15.37:769][963]LogModuleManager: Shutting down and abandoning module SuperSearchEditor (288)
[2017.08.30-12.15.37:769][963]LogModuleManager: Shutting down and abandoning module SuperSearch (287)
[2017.08.30-12.15.37:769][963]LogModuleManager: Shutting down and abandoning module SpeedTreeImporter (284)
[2017.08.30-12.15.37:769][963]LogModuleManager: Shutting down and abandoning module PluginBrowser (282)
[2017.08.30-12.15.37:769][963]LogModuleManager: Shutting down and abandoning module MobileLauncherProfileWizard (280)
[2017.08.30-12.15.37:769][963]LogModuleManager: Shutting down and abandoning module VisualStudioSourceCodeAccess (278)
[2017.08.30-12.15.37:769][963]LogModuleManager: Shutting down and abandoning module DesktopPlatform (277)
[2017.08.30-12.15.37:769][963]LogModuleManager: Shutting down and abandoning module UObjectPlugin (274)
[2017.08.30-12.15.37:769][963]LogModuleManager: Shutting down and abandoning module SubversionSourceControl (272)
[2017.08.30-12.15.37:769][963]LogModuleManager: Shutting down and abandoning module PerforceSourceControl (270)
[2017.08.30-12.15.37:769][963]LogModuleManager: Shutting down and abandoning module GitSourceControl (268)
[2017.08.30-12.15.37:769][963]LogModuleManager: Shutting down and abandoning module SourceControl (267)
[2017.08.30-12.15.37:769][963]LogModuleManager: Shutting down and abandoning module LightPropagationVolumeEditor (264)
[2017.08.30-12.15.37:769][963]LogModuleManager: Shutting down and abandoning module PaperTiledImporter (262)
[2017.08.30-12.15.37:769][963]LogModuleManager: Shutting down and abandoning module PaperSpriteSheetImporter (260)
[2017.08.30-12.15.37:769][963]LogModuleManager: Shutting down and abandoning module Paper2DEditor (258)
[2017.08.30-12.15.37:769][963]LogModuleManager: Shutting down and abandoning module MeshPaint (257)
[2017.08.30-12.15.37:769][963]LogModuleManager: Shutting down and abandoning module LevelEditor (255)
[2017.08.30-12.15.37:770][963]LogModuleManager: Shutting down and abandoning module PixelInspectorModule (254)
[2017.08.30-12.15.37:770][963]LogModuleManager: Shutting down and abandoning module MainFrame (252)
[2017.08.30-12.15.37:770][963]LogModuleManager: Shutting down and abandoning module HotReload (251)
[2017.08.30-12.15.37:770][963]LogModuleManager: Shutting down and abandoning module PhysXVehiclesEditor (246)
[2017.08.30-12.15.37:770][963]LogModuleManager: Shutting down and abandoning module PhysXVehicles (244)
[2017.08.30-12.15.37:770][963]LogModuleManager: Shutting down and abandoning module LocationServicesBPLibrary (242)
[2017.08.30-12.15.37:770][963]LogModuleManager: Shutting down and abandoning module ImmediatePhysicsEditor (240)
[2017.08.30-12.15.37:770][963]LogModuleManager: Shutting down and abandoning module ImmediatePhysics (238)
[2017.08.30-12.15.37:771][963]LogModuleManager: Shutting down and abandoning module UdpMessaging (236)
[2017.08.30-12.15.37:871][963]LogModuleManager: Shutting down and abandoning module TcpMessaging (234)
[2017.08.30-12.15.37:972][963]LogModuleManager: Shutting down and abandoning module GameplayTagsEditor (232)
[2017.08.30-12.15.37:972][963]LogModuleManager: Shutting down and abandoning module FacialAnimationEditor (230)
[2017.08.30-12.15.37:972][963]LogModuleManager: Shutting down and abandoning module FacialAnimation (228)
[2017.08.30-12.15.37:972][963]LogModuleManager: Shutting down and abandoning module AssetManagerEditor (226)
[2017.08.30-12.15.37:972][963]LogModuleManager: Shutting down and abandoning module GraphEditor (225)
[2017.08.30-12.15.37:972][963]LogModuleManager: Shutting down and abandoning module ContentBrowser (223)
[2017.08.30-12.15.37:973][963]LogModuleManager: Shutting down and abandoning module LightPropagationVolumeRuntime (220)
[2017.08.30-12.15.37:973][963]LogModuleManager: Shutting down and abandoning module Paper2D (218)
[2017.08.30-12.15.37:974][963]LogModuleManager: Shutting down and abandoning module WindowsMoviePlayer (216)
[2017.08.30-12.15.37:974][963]LogModuleManager: Shutting down and abandoning module WmfMedia (214)
[2017.08.30-12.15.37:974][963]LogModuleManager: Shutting down and abandoning module ClothingSystemEditor (212)
[2017.08.30-12.15.37:974][963]LogModuleManager: Shutting down and abandoning module ClothingSystemRuntime (210)
[2017.08.30-12.15.37:975][963]LogModuleManager: Shutting down and abandoning module MediaAssets (208)
[2017.08.30-12.15.37:975][963]LogModuleManager: Shutting down and abandoning module GameLiveStreaming (206)
[2017.08.30-12.15.37:975][963]LogModuleManager: Shutting down and abandoning module VREditor (204)
[2017.08.30-12.15.37:975][963]LogModuleManager: Shutting down and abandoning module StringTableEditor (202)
[2017.08.30-12.15.37:975][963]LogModuleManager: Shutting down and abandoning module GameplayTasksEditor (200)
[2017.08.30-12.15.37:975][963]LogModuleManager: Shutting down and abandoning module BehaviorTreeEditor (198)
[2017.08.30-12.15.37:976][963]LogModuleManager: Shutting down and abandoning module FunctionalTesting (196)
[2017.08.30-12.15.37:976][963]LogModuleManager: Shutting down and abandoning module CollisionAnalyzer (194)
[2017.08.30-12.15.37:976][963]LogModuleManager: Shutting down and abandoning module UMG (192)
[2017.08.30-12.15.37:976][963]LogModuleManager: Shutting down and abandoning module UMGEditor (191)
[2017.08.30-12.15.37:976][963]LogModuleManager: Shutting down and abandoning module Sequencer (190)
[2017.08.30-12.15.37:977][963]LogModuleManager: Shutting down and abandoning module AssetTools (188)
[2017.08.30-12.15.37:978][963]LogModuleManager: Shutting down and abandoning module MessageLog (187)
[2017.08.30-12.15.37:978][963]LogModuleManager: Shutting down and abandoning module WorkspaceMenuStructure (186)
[2017.08.30-12.15.37:978][963]LogModuleManager: Shutting down and abandoning module SlateReflector (180)
[2017.08.30-12.15.37:979][963]LogModuleManager: Shutting down and abandoning module Slate (178)
[2017.08.30-12.15.37:979][963]LogModuleManager: Shutting down and abandoning module EditorStyle (176)
[2017.08.30-12.15.37:981][963]LogModuleManager: Shutting down and abandoning module SourceCodeAccess (174)
[2017.08.30-12.15.37:981][963]LogModuleManager: Shutting down and abandoning module HeadMountedDisplay (172)
[2017.08.30-12.15.37:981][963]LogModuleManager: Shutting down and abandoning module XAudio2 (170)
[2017.08.30-12.15.37:981][963]LogModuleManager: Shutting down and abandoning module Networking (168)
[2017.08.30-12.15.37:981][963]LogModuleManager: Shutting down and abandoning module Core (164)
[2017.08.30-12.15.37:981][963]LogModuleManager: Shutting down and abandoning module AssetRegistry (162)
[2017.08.30-12.15.38:138][963]LogDirectoryWatcher: A directory notification for '../../../Engine/Content/' was aborted.
[2017.08.30-12.15.38:138][963]LogDirectoryWatcher: A directory notification for 'E:/Usuario/Ruben/UNIVERSIDAD/TFG/Postwar/Content/' was aborted.
[2017.08.30-12.15.38:138][963]LogDirectoryWatcher: A directory notification for '../../../Engine/Plugins/2D/Paper2D/Content/' was aborted.
[2017.08.30-12.15.38:138][963]LogDirectoryWatcher: A directory notification for '../../../Engine/Plugins/Runtime/GearVR/Content/' was aborted.
[2017.08.30-12.15.38:146][963]LogModuleManager: Shutting down and abandoning module DirectoryWatcher (161)
[2017.08.30-12.15.38:147][963]LogModuleManager: Shutting down and abandoning module KismetCompiler (158)
[2017.08.30-12.15.38:147][963]LogModuleManager: Shutting down and abandoning module LevelSequence (156)
[2017.08.30-12.15.38:147][963]LogModuleManager: Shutting down and abandoning module PhysXFormats (154)
[2017.08.30-12.15.38:147][963]LogModuleManager: Shutting down and abandoning module MeshUtilities (152)
[2017.08.30-12.15.38:147][963]LogModuleManager: Shutting down and abandoning module SimplygonSwarm (151)
[2017.08.30-12.15.38:147][963]LogModuleManager: Shutting down and abandoning module SimplygonMeshReduction (149)
[2017.08.30-12.15.38:147][963]LogModuleManager: Shutting down and abandoning module QuadricMeshReduction (147)
[2017.08.30-12.15.38:147][963]LogModuleManager: Shutting down and abandoning module DerivedDataCache (144)
[2017.08.30-12.15.38:211][963]LogDerivedDataCache: Shutdown
[2017.08.30-12.15.38:211][963]LogModuleManager: Shutting down and abandoning module TargetPlatform (142)
[2017.08.30-12.15.38:211][963]LogModuleManager: Shutting down and abandoning module VulkanShaderFormat (141)
[2017.08.30-12.15.38:211][963]LogModuleManager: Shutting down and abandoning module ShaderFormatVectorVM (139)
[2017.08.30-12.15.38:212][963]LogModuleManager: Shutting down and abandoning module ShaderFormatOpenGL (137)
[2017.08.30-12.15.38:213][963]LogModuleManager: Shutting down and abandoning module ShaderFormatD3D (135)
[2017.08.30-12.15.38:213][963]LogModuleManager: Shutting down and abandoning module MetalShaderFormat (133)
[2017.08.30-12.15.38:213][963]LogModuleManager: Shutting down and abandoning module TextureFormatUncompressed (131)
[2017.08.30-12.15.38:213][963]LogModuleManager: Shutting down and abandoning module TextureFormatPVR (129)
[2017.08.30-12.15.38:213][963]LogModuleManager: Shutting down and abandoning module TextureFormatDXT (127)
[2017.08.30-12.15.38:213][963]LogModuleManager: Shutting down and abandoning module TextureFormatIntelISPCTexComp (125)
[2017.08.30-12.15.38:214][963]LogModuleManager: Shutting down and abandoning module TextureFormatASTC (123)
[2017.08.30-12.15.38:214][963]LogModuleManager: Shutting down and abandoning module ImageWrapper (122)
[2017.08.30-12.15.38:214][963]LogModuleManager: Shutting down and abandoning module TextureFormatAndroid (119)
[2017.08.30-12.15.38:214][963]LogModuleManager: Shutting down and abandoning module AudioFormatOpus (117)
[2017.08.30-12.15.38:214][963]LogModuleManager: Shutting down and abandoning module AudioFormatOgg (115)
[2017.08.30-12.15.38:214][963]LogModuleManager: Shutting down and abandoning module AudioFormatADPCM (113)
[2017.08.30-12.15.38:214][963]LogModuleManager: Shutting down and abandoning module LinuxTargetPlatform (111)
[2017.08.30-12.15.38:214][963]LogModuleManager: Shutting down and abandoning module LinuxServerTargetPlatform (109)
[2017.08.30-12.15.38:214][963]LogModuleManager: Shutting down and abandoning module LinuxNoEditorTargetPlatform (107)
[2017.08.30-12.15.38:214][963]LogModuleManager: Shutting down and abandoning module LinuxClientTargetPlatform (105)
[2017.08.30-12.15.38:214][963]LogModuleManager: Shutting down and abandoning module TVOSTargetPlatform (103)
[2017.08.30-12.15.38:214][963]LogModuleManager: Shutting down and abandoning module Messaging (101)
[2017.08.30-12.15.38:214][963]LogModuleManager: Shutting down and abandoning module IOSTargetPlatform (99)
[2017.08.30-12.15.38:214][963]LogModuleManager: Shutting down and abandoning module HTML5TargetPlatform (97)
[2017.08.30-12.15.38:214][963]LogModuleManager: Shutting down and abandoning module Android_PVRTCTargetPlatform (95)
[2017.08.30-12.15.38:214][963]LogModuleManager: Shutting down and abandoning module Android_MultiTargetPlatform (93)
[2017.08.30-12.15.38:214][963]LogModuleManager: Shutting down and abandoning module Android_ETC2TargetPlatform (91)
[2017.08.30-12.15.38:214][963]LogModuleManager: Shutting down and abandoning module Android_ETC1TargetPlatform (89)
[2017.08.30-12.15.38:214][963]LogModuleManager: Shutting down and abandoning module Android_DXTTargetPlatform (87)
[2017.08.30-12.15.38:214][963]LogModuleManager: Shutting down and abandoning module Android_ATCTargetPlatform (85)
[2017.08.30-12.15.38:214][963]LogModuleManager: Shutting down and abandoning module Android_ASTCTargetPlatform (83)
[2017.08.30-12.15.38:214][963]LogModuleManager: Shutting down and abandoning module AndroidTargetPlatform (81)
[2017.08.30-12.15.38:214][963]LogModuleManager: Shutting down and abandoning module WindowsTargetPlatform (79)
[2017.08.30-12.15.38:214][963]LogModuleManager: Shutting down and abandoning module WindowsServerTargetPlatform (77)
[2017.08.30-12.15.38:214][963]LogModuleManager: Shutting down and abandoning module WindowsNoEditorTargetPlatform (75)
[2017.08.30-12.15.38:214][963]LogModuleManager: Shutting down and abandoning module WindowsClientTargetPlatform (73)
[2017.08.30-12.15.38:214][963]LogModuleManager: Shutting down and abandoning module MacTargetPlatform (71)
[2017.08.30-12.15.38:214][963]LogModuleManager: Shutting down and abandoning module MacServerTargetPlatform (69)
[2017.08.30-12.15.38:214][963]LogModuleManager: Shutting down and abandoning module MacNoEditorTargetPlatform (67)
[2017.08.30-12.15.38:214][963]LogModuleManager: Shutting down and abandoning module MacClientTargetPlatform (65)
[2017.08.30-12.15.38:214][963]LogModuleManager: Shutting down and abandoning module AllDesktopTargetPlatform (63)
[2017.08.30-12.15.38:214][963]LogModuleManager: Shutting down and abandoning module InputCore (60)
[2017.08.30-12.15.38:214][963]LogModuleManager: Shutting down and abandoning module Settings (58)
[2017.08.30-12.15.38:214][963]LogModuleManager: Shutting down and abandoning module OculusRift (56)
[2017.08.30-12.15.38:214][963]LogModuleManager: Shutting down and abandoning module GearVRController (54)
[2017.08.30-12.15.38:214][963]LogModuleManager: Shutting down and abandoning module GearVR (52)
[2017.08.30-12.15.38:214][963]LogModuleManager: Shutting down and abandoning module ExampleDeviceProfileSelector (50)
[2017.08.30-12.15.38:214][963]LogModuleManager: Shutting down and abandoning module OnlineBlueprintSupport (48)
[2017.08.30-12.15.38:214][963]LogModuleManager: Shutting down and abandoning module OnlineSubsystem (44)
[2017.08.30-12.15.38:214][963]LogOnline:Display: Unloading online subsystem: NULL
[2017.08.30-12.15.38:215][963]LogModuleManager: Shutting down and abandoning module XMPP (43)
[2017.08.30-12.15.38:216][963]LogModuleManager: Shutting down and abandoning module HTTP (41)
[2017.08.30-12.15.38:216][963]LogHttp:Display: Http module shutting down, but needs to wait on 1 outstanding Http requests:
[2017.08.30-12.15.38:216][963]LogHttp:Display: 	verb=[POST] url=[https://datarouter.ol.epicgames.com/datarouter/api/v1/public/data?SessionID=%7BF37FA551-4CB4-54E4-8F57-5F8D73EE58C5%7D&AppID=UEEditor.Rocket.Release&AppVersion=4.16.2-3514769%2B%2B%2BUE4%2BRelease-4.16&UserID=78865e4d4a8ae815e8d400bc6125e577%7C5361294e5f654db5881228f5582e9124%7C456667b1-22e8-45ef-a524-8410a492a64f&AppEnvironment=datacollector-binary&UploadType=eteventstream] status=Processing
[2017.08.30-12.15.38:220][963]LogModuleManager: Shutting down and abandoning module SSL (40)
[2017.08.30-12.15.38:222][963]LogModuleManager: Shutting down and abandoning module HTTPChunkInstaller (36)
[2017.08.30-12.15.38:223][963]LogModuleManager: Shutting down and abandoning module AnimationModifiers (34)
[2017.08.30-12.15.38:223][963]LogModuleManager: Shutting down and abandoning module PropertyEditor (33)
[2017.08.30-12.15.38:223][963]LogModuleManager: Shutting down and abandoning module AudioEditor (30)
[2017.08.30-12.15.38:223][963]LogModuleManager: Shutting down and abandoning module TextureCompressor (28)
[2017.08.30-12.15.38:224][963]LogModuleManager: Shutting down and abandoning module ShaderCore (26)
[2017.08.30-12.15.38:224][963]LogModuleManager: Shutting down and abandoning module Landscape (24)
[2017.08.30-12.15.38:224][963]LogModuleManager: Shutting down and abandoning module SlateRHIRenderer (22)
[2017.08.30-12.15.38:226][963]LogModuleManager: Shutting down and abandoning module OpenGLDrv (20)
[2017.08.30-12.15.38:226][963]LogModuleManager: Shutting down and abandoning module D3D11RHI (18)
[2017.08.30-12.15.38:226][963]LogModuleManager: Shutting down and abandoning module AnimGraphRuntime (16)
[2017.08.30-12.15.38:226][963]LogModuleManager: Shutting down and abandoning module Renderer (14)
[2017.08.30-12.15.38:226][963]LogModuleManager: Shutting down and abandoning module Engine (12)
[2017.08.30-12.15.38:226][963]LogModuleManager: Shutting down and abandoning module CoreUObject (10)
[2017.08.30-12.15.38:226][963]LogModuleManager: Shutting down and abandoning module NetworkFile (8)
[2017.08.30-12.15.38:227][963]LogModuleManager: Shutting down and abandoning module StreamingFile (6)
[2017.08.30-12.15.38:227][963]LogModuleManager: Shutting down and abandoning module SandboxFile (4)
[2017.08.30-12.15.38:227][963]LogModuleManager: Shutting down and abandoning module PakFile (2)
[2017.08.30-12.15.38:228][963]LogExit: Exiting.
[2017.08.30-12.15.38:251][963]Log file closed, 08/30/17 14:15:38
