Log file open, 08/12/17 10:55:02
LogInit:Display: Running engine for game: Postwar
LogPlatformFile: Not using cached read wrapper
LogInit:Display: RandInit(1334046630) SRandInit(1334046631).
LogTaskGraph: Started task graph with 5 named threads and 8 total threads with 1 sets of task threads.
LogStats: Stats thread started at 0.127396
LogInit: Using libcurl 7.47.1
LogInit:  - built for x86_64-pc-win32
LogInit:  - supports SSL with OpenSSL/1.0.2g
LogInit:  - supports HTTP deflate (compression) using libz 1.2.8
LogInit:  - other features:
LogInit:      CURL_VERSION_SSL
LogInit:      CURL_VERSION_LIBZ
LogInit:      CURL_VERSION_IPV6
LogInit:      CURL_VERSION_ASYNCHDNS
LogInit:      CURL_VERSION_LARGEFILE
LogInit:      CURL_VERSION_IDN
LogInit:  CurlRequestOptions (configurable via config and command line):
LogInit:  - bVerifyPeer = false  - Libcurl will NOT verify peer certificate
LogInit:  - bUseHttpProxy = false  - Libcurl will NOT use HTTP proxy
LogInit:  - bDontReuseConnections = false  - Libcurl will reuse connections
LogInit:  - CertBundlePath = nullptr  - Libcurl will use whatever was configured at build time.
LogInit: Build: ++UE4+Release-4.16-CL-3514769
LogInit: Engine Version: 4.16.2-3514769+++UE4+Release-4.16
LogInit: Compatible Engine Version: 4.16.0-3452394+++UE4+Release-4.16
LogInit: Net CL: 3452394
LogDevObjectVersion: Number of dev versions registered: 16
LogDevObjectVersion:   Dev-Blueprints (B0D832E4-1F89-4F0D-ACCF-7EB736FD4AA2): 9
LogDevObjectVersion:   Dev-Build (E1C64328-A22C-4D53-A36C-8E866417BD8C): 0
LogDevObjectVersion:   Dev-Core (375EC13C-06E4-48FB-B500-84F0262A717E): 2
LogDevObjectVersion:   Dev-Editor (E4B068ED-F494-42E9-A231-DA0B2E46BB41): 17
LogDevObjectVersion:   Dev-Framework (CFFC743F-43B0-4480-9391-14DF171D2073): 23
LogDevObjectVersion:   Dev-Mobile (B02B49B5-BB20-44E9-A304-32B752E40360): 0
LogDevObjectVersion:   Dev-Networking (A4E4105C-59A1-49B5-A7C5-40C4547EDFEE): 0
LogDevObjectVersion:   Dev-Online (39C831C9-5AE6-47DC-9A44-9C173E1C8E7C): 0
LogDevObjectVersion:   Dev-Physics (78F01B33-EBEA-4F98-B9B4-84EACCB95AA2): 0
LogDevObjectVersion:   Dev-Platform (6631380F-2D4D-43E0-8009-CF276956A95A): 0
LogDevObjectVersion:   Dev-Rendering (12F88B9F-8875-4AFC-A67C-D90C383ABD29): 15
LogDevObjectVersion:   Dev-Sequencer (7B5AE74C-D270-4C10-A958-57980B212A5A): 4
LogDevObjectVersion:   Dev-VR (D7296918-1DD6-4BDD-9DE2-64A83CC13884): 0
LogDevObjectVersion:   Dev-LoadTimes (C2A15278-BFE7-4AFE-6C17-90FF531DF755): 1
LogDevObjectVersion:   Private-Geometry (6EACA3D4-40EC-4CC1-B786-8BED09428FC5): 1
LogDevObjectVersion:   Dev-AnimPhys (29E575DD-E0A3-4627-9D10-D276232CDCEA): 3
LogInit: Compiled (64-bit): Jun 29 2017 02:03:24
LogInit: Compiled with Visual C++: 19.00.24215.01
LogInit: Build Configuration: Development
LogInit: Branch Name: ++UE4+Release-4.16
LogInit: Command line:  
LogInit: Base directory: D:/Program Files/Epic Games/UE_4.16/Engine/Binaries/Win64/
LogInit: Installed Engine Build: 1
LogInit: Presizing for max 8388607 objects, including 0 objects not considered by GC, pre-allocating 0 bytes for permanent pool.
LogInit: Object subsystem initialized
[2017.08.12-08.55.03:520][  0]LogInit: Selected Device Profile: [Windows]
[2017.08.12-08.55.03:520][  0]LogInit: Applying CVar settings loaded from the selected device profile: [Windows]
[2017.08.12-08.55.03:608][  0]LogInit: Computer: DESKTOP-T9NOKQO
[2017.08.12-08.55.03:608][  0]LogInit: User: cripe
[2017.08.12-08.55.03:608][  0]LogInit: CPU Page size=4096, Cores=4
[2017.08.12-08.55.03:608][  0]LogInit: High frequency timer resolution =2.435776 MHz
[2017.08.12-08.55.03:609][  0]LogMemory: Memory total: Physical=15.9GB (16GB approx)
[2017.08.12-08.55.03:609][  0]LogMemory: Platform Memory Stats for Windows
[2017.08.12-08.55.03:609][  0]LogMemory: Process Physical Memory: 274.48 MB used, 274.48 MB peak
[2017.08.12-08.55.03:609][  0]LogMemory: Process Virtual Memory: 261.16 MB used, 261.16 MB peak
[2017.08.12-08.55.03:609][  0]LogMemory: Physical Memory: 4944.06 MB used,  11359.08 MB free, 16303.14 MB total
[2017.08.12-08.55.03:609][  0]LogMemory: Virtual Memory: 624.58 MB used,  11359.08 MB free, 134217728.00 MB total
[2017.08.12-08.55.03:759][  0]LogInit: Overriding language with editor language configuration option (en).
[2017.08.12-08.55.03:759][  0]LogInit: Overriding locale with editor locale configuration option (en).
[2017.08.12-08.55.04:957][  0]LogD3D11RHI: D3D11 adapters:
[2017.08.12-08.55.05:540][  0]LogD3D11RHI:    0. 'NVIDIA GeForce GTX 860M' (Feature Level 11_0)
[2017.08.12-08.55.05:540][  0]LogD3D11RHI:       2017/0/8151 MB DedicatedVideo/DedicatedSystem/SharedSystem, Outputs:2, VendorId:0x10de
[2017.08.12-08.55.05:547][  0]LogD3D11RHI:    1. 'Intel(R) HD Graphics 4600' (Feature Level 11_0)
[2017.08.12-08.55.05:547][  0]LogD3D11RHI:       112/0/2048 MB DedicatedVideo/DedicatedSystem/SharedSystem, Outputs:0, VendorId:0x8086
[2017.08.12-08.55.05:548][  0]LogD3D11RHI:    2. 'Microsoft Basic Render Driver' (Feature Level 11_0)
[2017.08.12-08.55.05:548][  0]LogD3D11RHI:       0/0/8151 MB DedicatedVideo/DedicatedSystem/SharedSystem, Outputs:0, VendorId:0x1414
[2017.08.12-08.55.05:548][  0]LogD3D11RHI: Chosen D3D11 Adapter: 0
[2017.08.12-08.55.05:554][  0]LogD3D11RHI: Creating new Direct3DDevice
[2017.08.12-08.55.05:555][  0]LogD3D11RHI:     GPU DeviceId: 0x119a (for the marketing name, search the web for "GPU Device Id")
[2017.08.12-08.55.05:555][  0]LogWindows: EnumDisplayDevices:
[2017.08.12-08.55.05:555][  0]LogWindows:    0. 'Intel(R) HD Graphics 4600' (P:1 D:1)
[2017.08.12-08.55.05:555][  0]LogWindows:    1. 'Intel(R) HD Graphics 4600' (P:0 D:1)
[2017.08.12-08.55.05:555][  0]LogWindows:    2. 'Intel(R) HD Graphics 4600' (P:0 D:0)
[2017.08.12-08.55.05:555][  0]LogWindows: DebugString: PrimaryIsNotTheChoosenAdapter PrimaryIsNotTheChoosenAdapter PrimaryIsNotTheChoosenAdapter FoundDriverCount:0 
[2017.08.12-08.55.05:555][  0]LogD3D11RHI:     Adapter Name: NVIDIA GeForce GTX 860M
[2017.08.12-08.55.05:555][  0]LogD3D11RHI:   Driver Version: Unknown (internal:Unknown, unified:Unknown)
[2017.08.12-08.55.05:555][  0]LogD3D11RHI:      Driver Date: Unknown
[2017.08.12-08.55.05:556][  0]LogRHI: Texture pool is 1361 MB (70% of 1945 MB)
[2017.08.12-08.55.06:103][  0]LogD3D11RHI: Async texture creation enabled
[2017.08.12-08.55.06:145][  0]LogD3D11RHI: GPU Timing Frequency: 1000.000000 (Debug: 2 2)
[2017.08.12-08.55.06:152][  0]LogShaderCompilers: Guid format shader working directory is 5 characters bigger than the processId version (E:/Usuario/Ruben/UNIVERSIDAD/TFG/Postwar/Intermediate/Shaders/WorkingDirectory/15300/).
[2017.08.12-08.55.06:153][  0]LogShaderCompilers: Cleaned the shader compiler working directory 'C:/Users/cripe/AppData/Local/Temp/UnrealShaderWorkingDir/6AB0C08F4A5BC2C8CC96E7B584CBA91B/'.
[2017.08.12-08.55.06:153][  0]LogShaderCompilers:Display: Using Local Shader Compiler.
[2017.08.12-08.55.07:329][  0]LogTemp:Display: Loaded TP AllDesktopTargetPlatform
[2017.08.12-08.55.07:372][  0]LogTemp:Display: Loaded TP MacClientTargetPlatform
[2017.08.12-08.55.07:415][  0]LogTemp:Display: Loaded TP MacNoEditorTargetPlatform
[2017.08.12-08.55.07:459][  0]LogTemp:Display: Loaded TP MacServerTargetPlatform
[2017.08.12-08.55.07:504][  0]LogTemp:Display: Loaded TP MacTargetPlatform
[2017.08.12-08.55.07:548][  0]LogTemp:Display: Loaded TP WindowsClientTargetPlatform
[2017.08.12-08.55.07:592][  0]LogTemp:Display: Loaded TP WindowsNoEditorTargetPlatform
[2017.08.12-08.55.07:635][  0]LogTemp:Display: Loaded TP WindowsServerTargetPlatform
[2017.08.12-08.55.07:673][  0]LogTemp:Display: Loaded TP WindowsTargetPlatform
[2017.08.12-08.55.07:716][  0]LogTemp:Display: Loaded TP AndroidTargetPlatform
[2017.08.12-08.55.07:758][  0]LogTemp:Display: Loaded TP Android_ASTCTargetPlatform
[2017.08.12-08.55.07:800][  0]LogTemp:Display: Loaded TP Android_ATCTargetPlatform
[2017.08.12-08.55.07:843][  0]LogTemp:Display: Loaded TP Android_DXTTargetPlatform
[2017.08.12-08.55.07:885][  0]LogTemp:Display: Loaded TP Android_ETC1TargetPlatform
[2017.08.12-08.55.07:929][  0]LogTemp:Display: Loaded TP Android_ETC2TargetPlatform
[2017.08.12-08.55.08:015][  0]LogTemp:Display: Loaded TP Android_MultiTargetPlatform
[2017.08.12-08.55.08:015][  0]LogTemp:Display: Loaded TP Android_PVRTCTargetPlatform
[2017.08.12-08.55.08:048][  0]LogTemp:Display: Loaded TP HTML5TargetPlatform
[2017.08.12-08.55.08:135][  0]LogTemp:Display: Loaded TP IOSTargetPlatform
[2017.08.12-08.55.08:164][  0]LogTemp:Display: Loaded TP TVOSTargetPlatform
[2017.08.12-08.55.08:207][  0]LogTemp:Display: Loaded TP LinuxClientTargetPlatform
[2017.08.12-08.55.08:250][  0]LogTemp:Display: Loaded TP LinuxNoEditorTargetPlatform
[2017.08.12-08.55.08:291][  0]LogTemp:Display: Loaded TP LinuxServerTargetPlatform
[2017.08.12-08.55.08:334][  0]LogTemp:Display: Loaded TP LinuxTargetPlatform
[2017.08.12-08.55.08:334][  0]LogTargetPlatformManager:Display: Building Assets For Windows
[2017.08.12-08.55.08:779][  0]LogDerivedDataCache:Display: Max Cache Size: 512 MB
[2017.08.12-08.55.09:140][  0]LogDerivedDataCache: Loaded boot cache 0.36s 90MB C:/Users/cripe/AppData/Local/UnrealEngine/4.16/DerivedDataCache/Boot.ddc.
[2017.08.12-08.55.09:140][  0]LogDerivedDataCache:Display: Loaded Boot cache: C:/Users/cripe/AppData/Local/UnrealEngine/4.16/DerivedDataCache/Boot.ddc
[2017.08.12-08.55.09:140][  0]LogDerivedDataCache: FDerivedDataBackendGraph:  Pak pak cache file E:/Usuario/Ruben/UNIVERSIDAD/TFG/Postwar/DerivedDataCache/DDC.ddp not found, will not use a pak cache.
[2017.08.12-08.55.09:140][  0]LogDerivedDataCache: Unable to find inner node Pak for hierarchical cache Hierarchy.
[2017.08.12-08.55.09:140][  0]LogDerivedDataCache: FDerivedDataBackendGraph:  CompressedPak pak cache file E:/Usuario/Ruben/UNIVERSIDAD/TFG/Postwar/DerivedDataCache/Compressed.ddp not found, will not use a pak cache.
[2017.08.12-08.55.09:140][  0]LogDerivedDataCache: Unable to find inner node CompressedPak for hierarchical cache Hierarchy.
[2017.08.12-08.55.09:162][  0]LogDerivedDataCache:Display: Pak cache opened for reading ../../../Engine/DerivedDataCache/Compressed.ddp.
[2017.08.12-08.55.09:176][  0]LogDerivedDataCache: Using Local data cache path C:/Users/cripe/AppData/Local/UnrealEngine/Common/DerivedDataCache: Writable
[2017.08.12-08.55.09:191][  0]LogMaterial: Verifying Global Shaders for PCD3D_SM5
[2017.08.12-08.55.09:196][  0]LogSlate: Using Freetype 2.6.0
[2017.08.12-08.55.09:201][  0]LogSlate: SlateFontCache - WITH_FREETYPE: 1, WITH_HARFBUZZ: 1
[2017.08.12-08.55.09:201][  0]LogSlate: SlateFontCache - WITH_FREETYPE: 1, WITH_HARFBUZZ: 1
[2017.08.12-08.55.10:011][  0]LogInit: Selected Device Profile: [Windows]
[2017.08.12-08.55.10:148][  0]LogContentStreaming: Texture pool size is 0.00 MB
[2017.08.12-08.55.10:338][  0]LogMeshUtilities: Using QuadricMeshReduction for automatic static mesh reduction
[2017.08.12-08.55.10:382][  0]LogSimplygon: Simplygon DLL not present - disabling.
[2017.08.12-08.55.10:427][  0]LogMeshUtilities: Using SimplygonSwarm for distributed automatic mesh merging
[2017.08.12-08.55.10:427][  0]LogMeshUtilities: No automatic skeletal mesh reduction module available
[2017.08.12-08.55.10:427][  0]LogMeshUtilities: No automatic mesh merging module available
[2017.08.12-08.55.11:210][  0]LogNetVersion: Postwar , NetCL: 3452394, EngineNetVer: 2, GameNetVer: 0 (Checksum: 2296384490)
[2017.08.12-08.55.11:283][  0]LogAssetRegistry: FAssetRegistry took 0.0282 seconds to start up
[2017.08.12-08.55.11:367][  0]LogPackageLocalizationCache: Processed 4 localized package path(s) for 1 prioritized culture(s) in 0.065295 seconds
[2017.08.12-08.55.11:373][  0]LogUObjectArray: 34194 objects as part of root set at end of initial load.
[2017.08.12-08.55.11:373][  0]LogUObjectAllocator: 7260416 out of 0 bytes used by permanent object pool.
[2017.08.12-08.55.11:373][  0]LogUObjectArray: CloseDisregardForGC: 0/0 objects in disregard for GC pool
[2017.08.12-08.55.11:427][  0]LogInit: WinSock: version 1.1 (2.2), MaxSocks=32767, MaxUdp=65467
[2017.08.12-08.55.14:693][  0]LogTcpMessaging: Initializing TcpMessaging bridge
[2017.08.12-08.55.14:731][  0]LogUdpMessaging: Initializing bridge on interface 0.0.0.0:0 to multicast group 230.0.0.1:6666.
[2017.08.12-08.55.15:306][  0]LogMaterial: Uniform references updated for custom material expression Custom.
[2017.08.12-08.55.15:693][  0]SourceControl: Info Source control is disabled
[2017.08.12-08.55.15:755][  0]SourceControl: Info Source control is disabled
[2017.08.12-08.55.15:808][  0]SourceControl: Info Source control is disabled
[2017.08.12-08.55.15:854][  0]SourceControl: Info Source control is disabled
[2017.08.12-08.55.16:537][  0]LogAndroidPermission: UAndroidPermissionCallbackProxy::GetInstance
[2017.08.12-08.55.17:092][  0]LogEngine: Initializing Engine...
[2017.08.12-08.55.17:094][  0]LogHMD: Failed to initialize OpenVR with code 110
[2017.08.12-08.55.17:318][  0]LogStats: UGameplayTagsManager::ConstructGameplayTagTree: Construct from data asset -  0.000 s
[2017.08.12-08.55.17:318][  0]LogStats: UGameplayTagsManager::ConstructGameplayTagTree: GameplayTagTreeChangedEvent.Broadcast -  0.000 s
[2017.08.12-08.55.17:456][  0]LogAIModule: Creating AISystem for world Untitled
[2017.08.12-08.55.17:479][  0]LogInit: XAudio2 using 'Altavoces (Realtek High Definition Audio)' : 2 channels at 48 kHz using 32 bits per sample (channel mask 0x3)
[2017.08.12-08.55.17:826][  0]LogInit: FAudioDevice initialized.
[2017.08.12-08.55.17:869][  0]LogDerivedDataCache: Saved boot cache 0.04s 90MB C:/Users/cripe/AppData/Local/UnrealEngine/4.16/DerivedDataCache/Boot.ddc.
[2017.08.12-08.55.17:874][  0]LogInit: Texture streaming: Enabled
[2017.08.12-08.55.17:954][  0]LogEngineSessionManager: EngineSessionManager initialized
[2017.08.12-08.55.18:220][  0]LogInit: Transaction tracking system initialized
[2017.08.12-08.55.18:595][  0]BlueprintLog: New page: Editor Load
[2017.08.12-08.55.19:516][  0]LocalizationService: Info Localization service is disabled
[2017.08.12-08.55.20:165][  0]LogConsoleResponse:Display: 
[2017.08.12-08.55.20:444][  0]LogCook:Display: Max memory allowance for cook 16384mb min free memory 0mb
[2017.08.12-08.55.20:444][  0]LogCook:Display: Mobile HDR setting 1
[2017.08.12-08.55.21:509][  0]LogFileCache: Scanning file cache for directory 'E:/Usuario/Ruben/UNIVERSIDAD/TFG/Postwar/Content/' took 0.08s
[2017.08.12-08.55.21:509][  0]SourceControl: Info Source control is disabled
[2017.08.12-08.55.21:510][  0]Cmd: MAP LOAD FILE="E:/Usuario/Ruben/UNIVERSIDAD/TFG/Postwar/Content/FirstPersonBP/Maps/FirstPersonExampleMap.umap" TEMPLATE=0 SHOWPROGRESS=1 FEATURELEVEL=3
[2017.08.12-08.55.21:616][  0]LightingResults: New page: Lighting Build
[2017.08.12-08.55.21:663][  0]MapCheck: New page: Map Check
[2017.08.12-08.55.21:663][  0]LightingResults: New page: Lighting Build
[2017.08.12-08.55.23:285][  0]LogBlueprint:Warning: [WeaponParent] 'HUD reference' variable not found. Base class was probably changed.
[2017.08.12-08.55.23:285][  0]LogBlueprint:Warning: [WeaponParent] 'Opac' variable not found. Base class was probably changed.
[2017.08.12-08.55.23:379][  0]LogBlueprint:Warning: [WeaponParent] 'HUD reference' variable not found. Base class was probably changed.
[2017.08.12-08.55.28:440][  0]LogAIModule: Creating AISystem for world FirstPersonExampleMap
[2017.08.12-08.55.28:486][  0]LogEditorServer: Finished looking for orphan Actors (0.000 secs)
[2017.08.12-08.55.28:528][  0]Cmd: MAP CHECKDEP NOCLEARLOG
[2017.08.12-08.55.28:608][  0]MapCheck: Info Map check complete: 0 Error(s), 0 Warning(s), took 79.357ms to complete.
[2017.08.12-08.55.28:608][  0]LogFileHelpers: Loading map 'FirstPersonExampleMap' took 7.098
[2017.08.12-08.55.28:804][  0]LogCollectionManager: Loaded 0 collections in 0.001952 seconds
[2017.08.12-08.55.28:903][  0]LogFileCache: Scanning file cache for directory 'E:/Usuario/Ruben/UNIVERSIDAD/TFG/Postwar/Saved/Collections/' took 0.01s
[2017.08.12-08.55.28:903][  0]LogFileCache: Scanning file cache for directory 'E:/Usuario/Ruben/UNIVERSIDAD/TFG/Postwar/Content/Developers/cripe/Collections/' took 0.01s
[2017.08.12-08.55.28:903][  0]LogFileCache: Scanning file cache for directory 'E:/Usuario/Ruben/UNIVERSIDAD/TFG/Postwar/Content/Collections/' took 0.01s
[2017.08.12-08.55.28:903][  0]LogCollectionManager: Rebuilt the GUID cache for 0 collections in 0.000002 seconds
[2017.08.12-08.55.28:914][  0]LogContentBrowser: Native class hierarchy populated in 0.0098 seconds. Added 2329 classes and 491 folders.
[2017.08.12-08.55.28:971][  0]LogContentBrowser: Native class hierarchy updated for 'WidgetCarousel' in 0.0006 seconds. Added 0 classes and 0 folders.
[2017.08.12-08.55.29:106][  0]LogContentBrowser: Native class hierarchy updated for 'AddContentDialog' in 0.0006 seconds. Added 0 classes and 0 folders.
[2017.08.12-08.55.29:153][  0]LogContentBrowser: Native class hierarchy updated for 'SceneOutliner' in 0.0007 seconds. Added 1 classes and 2 folders.
[2017.08.12-08.55.29:331][  0]LogCrashTracker: Crashtracker disabled due to settings.
[2017.08.12-08.55.29:345][  0]LogSlate: Took 0.001409 seconds to synchronously load lazily loaded font '../../../Engine/Content/Slate/Fonts/Roboto-Regular.ttf' (155K)
[2017.08.12-08.55.29:348][  0]LogSlate: Took 0.001085 seconds to synchronously load lazily loaded font '../../../Engine/Content/Slate/Fonts/Roboto-Bold.ttf' (160K)
[2017.08.12-08.55.29:355][  0]LogSlate: Took 0.001364 seconds to synchronously load lazily loaded font '../../../Engine/Content/Editor/Slate/Fonts/FontAwesome.ttf' (139K)
[2017.08.12-08.55.29:468][  0]LogRenderer: Reallocating scene render targets to support 1208x620 NumSamples 1 (Frame:1).
[2017.08.12-08.55.29:642][  0]LogUObjectGlobals:Warning: Failed to find object 'Class None.'
[2017.08.12-08.55.29:707][  0]LogContentBrowser: Native class hierarchy updated for 'HierarchicalLODOutliner' in 0.0006 seconds. Added 1 classes and 2 folders.
[2017.08.12-08.55.29:707][  0]LogLoad: (Engine Initialization) Total time: 28.66 seconds
[2017.08.12-08.55.29:707][  0]LogLoad: (Engine Initialization) Total Blueprint compile time: 0.69 seconds
[2017.08.12-08.55.29:707][  0]LogExternalProfiler: Found external profiler: VSPerf
[2017.08.12-08.55.29:707][  0]LogExternalProfiler: Using external profiler: VSPerf
[2017.08.12-08.55.30:047][  0]LogOcInput: OculusInput pre-init called
[2017.08.12-08.55.30:047][  0]LogHMD: Starting GearVRController plugin
[2017.08.12-08.55.30:078][  0]LogContentStreaming: Texture pool size now 1000 MB
[2017.08.12-08.55.30:142][  0]LogSlate: Took 0.001150 seconds to synchronously load lazily loaded font '../../../Engine/Content/Slate/Fonts/Roboto-Light.ttf' (159K)
[2017.08.12-08.55.30:723][  2]LogAssetRegistry: Asset discovery search completed in 19.4617 seconds
[2017.08.12-08.55.30:726][  2]LogCollectionManager: Rebuilt the object cache for 0 collections in 0.000000 seconds (found 0 objects)
[2017.08.12-08.55.30:726][  2]LogCollectionManager: Fixed up redirectors for 0 collections in 0.000031 seconds (updated 0 objects)
[2017.08.12-08.55.56:675][408]LogSlate: Took 0.000202 seconds to synchronously load lazily loaded font '../../../Engine/Content/Slate/Fonts/Roboto-Light.ttf' (159K)
[2017.08.12-08.55.57:558][408]LogSlate: Took 0.000266 seconds to synchronously load lazily loaded font '../../../Engine/Content/Slate/Fonts/Roboto-Regular.ttf' (155K)
[2017.08.12-08.56.18:720][408]LogMaterial: Missing cached shader map for material Metal_Galvanized, compiling. 
[2017.08.12-08.56.18:721][408]LogMaterial:Warning: Failed to compile Material /Game/FirstPersonBP/PostWar/Models/armasHabitacion/Metal_Galvanized.Metal_Galvanized for platform PCD3D_SM5, Default Material will be used in game.
[2017.08.12-08.56.18:721][408]LogMaterial:Warning: 	(Node TextureSample) TextureSample> Sampler type is Normal, should be Color for /Game/FirstPersonBP/PostWar/Models/armasHabitacion/Camo.Camo
[2017.08.12-08.56.21:865][408]LogAIModule: Creating AISystem for world Mapa
[2017.08.12-08.56.21:954][408]Cmd: MAP LOAD FILE="E:/Usuario/Ruben/UNIVERSIDAD/TFG/Postwar/Content/FirstPersonBP/PostWar/Niveles/Mapa.umap" TEMPLATE=0 SHOWPROGRESS=1 FEATURELEVEL=3
[2017.08.12-08.56.21:954][408]LightingResults: New page: Lighting Build
[2017.08.12-08.56.21:955][408]LoadErrors: New page: Loading map: Mapa.umap
[2017.08.12-08.56.21:957][408]MapCheck: New page: Map Check
[2017.08.12-08.56.21:957][408]LightingResults: New page: Lighting Build
[2017.08.12-08.56.22:206][408]LogEditorServer: Finished looking for orphan Actors (0.000 secs)
[2017.08.12-08.56.22:266][408]Cmd: MAP CHECKDEP NOCLEARLOG
[2017.08.12-08.56.22:483][408]MapCheck: Info Map check complete: 0 Error(s), 0 Warning(s), took 216.226ms to complete.
[2017.08.12-08.56.22:484][408]LogFileHelpers: Loading map 'Mapa' took 0.531
[2017.08.12-08.56.45:231][738]LogEditorViewport: Clicking on Actor (LMB): StaticMeshActor (desayunoOptimizado)
[2017.08.12-08.57.09:534][924]LogFactory: FactoryCreateFile: StaticMesh with FbxFactory (0 0 E:\Usuario\Descargas\Mapa TFG\comedor\comidaPreparada\TarrosGalletas\tarroChocolate.FBX)
[2017.08.12-08.57.09:560][924]LogFbx: ItemName: GlobalSettings, ItemCount : 1
[2017.08.12-08.57.09:560][924]LogFbx: ItemName: AnimationStack, ItemCount : 1
[2017.08.12-08.57.09:560][924]LogFbx: ItemName: AnimationLayer, ItemCount : 1
[2017.08.12-08.57.09:561][924]LogFbx: ItemName: Model, ItemCount : 5
[2017.08.12-08.57.09:561][924]LogFbx: ItemName: NodeAttribute, ItemCount : 2
[2017.08.12-08.57.09:561][924]LogFbx: ItemName: Geometry, ItemCount : 3
[2017.08.12-08.57.09:561][924]LogFbx: ItemName: Material, ItemCount : 4
[2017.08.12-08.57.09:569][924]LogFbx: Loading FBX Scene from E:\Usuario\Descargas\Mapa TFG\comedor\comidaPreparada\TarrosGalletas\tarroChocolate.FBX
[2017.08.12-08.57.09:597][924]LogFbx: FBX Scene Loaded Succesfully
[2017.08.12-08.57.11:011][924]LogFbx: Loading FBX Scene from E:\Usuario\Descargas\Mapa TFG\comedor\comidaPreparada\TarrosGalletas\tarroChocolate.FBX
[2017.08.12-08.57.11:036][924]LogFbx: FBX Scene Loaded Succesfully
[2017.08.12-08.57.11:041][924]LogLinker: Can't find file '/Game/FirstPersonBP/PostWar/Models/Comedor/TarrosGalletas/Material__63'
[2017.08.12-08.57.11:041][924]LogLinker: Can't find file '/Game/FirstPersonBP/PostWar/Models/Comedor/TarrosGalletas/Material__63'
[2017.08.12-08.57.11:242][924]LogMaterial: Missing cached shader map for material Material__63, compiling. 
[2017.08.12-08.57.11:294][924]LogLinker: Can't find file '/Game/FirstPersonBP/PostWar/Models/Comedor/TarrosGalletas/Material__69'
[2017.08.12-08.57.11:294][924]LogLinker: Can't find file '/Game/FirstPersonBP/PostWar/Models/Comedor/TarrosGalletas/Material__69'
[2017.08.12-08.57.11:331][924]LogMaterial: Missing cached shader map for material Material__69, compiling. 
[2017.08.12-08.57.11:352][924]LogLinker: Can't find file '/Game/FirstPersonBP/PostWar/Models/Comedor/TarrosGalletas/Material__70'
[2017.08.12-08.57.11:352][924]LogLinker: Can't find file '/Game/FirstPersonBP/PostWar/Models/Comedor/TarrosGalletas/Material__70'
[2017.08.12-08.57.11:395][924]LogMaterial: Missing cached shader map for material Material__70, compiling. 
[2017.08.12-08.57.11:425][924]LogLinker: Can't find file '/Game/FirstPersonBP/PostWar/Models/Comedor/TarrosGalletas/Material__62'
[2017.08.12-08.57.11:425][924]LogLinker: Can't find file '/Game/FirstPersonBP/PostWar/Models/Comedor/TarrosGalletas/Material__62'
[2017.08.12-08.57.11:460][924]LogMaterial: Missing cached shader map for material Material__62, compiling. 
[2017.08.12-08.57.11:510][924]LogStaticMesh: Building static mesh tarroChocolate...
[2017.08.12-08.57.11:753][924]LogStaticMesh: Built static mesh [0.24s] /Game/FirstPersonBP/PostWar/Models/Comedor/TarrosGalletas/tarroChocolate.tarroChocolate
[2017.08.12-08.57.24:471][213]LogFactory: FactoryCreateFile: Texture with ReimportTextureFactory (0 0 E:\Usuario\Descargas\Mapa TFG\comedor\comidaPreparada\TarrosGalletas\textures\cork_diff.jpg)
[2017.08.12-08.57.24:903][213]LogTexture:Display: Building textures: cork_diff (AutoDXT, 3072X2048)
[2017.08.12-08.57.44:289][518]LogActorFactory: Actor Factory created tarroChocolate
[2017.08.12-08.57.45:140][567]LogActorFactory: Actor Factory created tarroChocolate
[2017.08.12-08.57.59:133][322]LogMaterial: Missing cached shader map for material Material__63, compiling. 
[2017.08.12-08.57.59:236][322]LogMaterial: Missing cached shader map for material Material__63, compiling. 
[2017.08.12-08.57.59:249][322]LogMaterial: Missing cached shader map for material Material__63, compiling. 
[2017.08.12-08.57.59:285][322]LogMaterial: Missing cached shader map for material FMatExpressionPreview MaterialExpressionVectorParameter_0, compiling. 
[2017.08.12-08.57.59:300][322]LogSlate: Took 0.001125 seconds to synchronously load lazily loaded font '../../../Engine/Content/Editor/Slate/Fonts/Roboto-BoldCondensed.ttf' (158K)
[2017.08.12-08.57.59:482][323]LogSlate: Took 0.001184 seconds to synchronously load lazily loaded font '../../../Engine/Content/Editor/Slate/Fonts/Roboto-Italic.ttf' (157K)
[2017.08.12-08.58.01:331][403]LogMaterial: Missing cached shader map for material Material__63, compiling. 
[2017.08.12-08.58.01:343][403]LogMaterial: Missing cached shader map for material FMatExpressionPreview MaterialExpressionTextureSample_0, compiling. 
[2017.08.12-08.58.01:376][403]LogMaterial: Missing cached shader map for material FMatExpressionPreview MaterialExpressionVectorParameter_0, compiling. 
[2017.08.12-08.58.01:382][403]LogMaterial: Missing cached shader map for material FMatExpressionPreview MaterialExpressionTextureSample_0, compiling. 
[2017.08.12-08.58.02:453][448]MaterialEditorStats: Info Base pass shader: 80 instructions
[2017.08.12-08.58.02:453][448]MaterialEditorStats: Info Vertex shader: 29 instructions
[2017.08.12-08.58.02:453][448]MaterialEditorStats: Info Texture samplers: 1/16
[2017.08.12-08.58.03:561][513]LogMaterial: Missing cached shader map for material Material__63, compiling. 
[2017.08.12-08.58.04:584][562]MaterialEditorStats: Info Base pass shader: 78 instructions
[2017.08.12-08.58.04:584][562]MaterialEditorStats: Info Vertex shader: 29 instructions
[2017.08.12-08.58.04:584][562]MaterialEditorStats: Info Texture samplers: 1/16
[2017.08.12-08.58.05:911][641]LogMaterial: Missing cached shader map for material Material__63, compiling. 
[2017.08.12-08.58.05:929][641]LogMaterial: Missing cached shader map for material FMatExpressionPreview MaterialExpressionTextureSample_0, compiling. 
[2017.08.12-08.58.07:000][687]MaterialEditorStats: Info Base pass shader: 81 instructions
[2017.08.12-08.58.07:000][687]MaterialEditorStats: Info Vertex shader: 31 instructions
[2017.08.12-08.58.07:000][687]MaterialEditorStats: Info Texture samplers: 2/16
[2017.08.12-08.58.07:000][687]MaterialEditorStats: Info User interpolators: 2/4 Scalars (1/4 Vectors) (TexCoords: 2, Custom: 0)
[2017.08.12-08.58.08:348][766]LogMaterialEditor: Saving and Compiling material Material__63
[2017.08.12-08.58.08:980][766]LogMaterial: Missing cached shader map for material Material__63, compiling. 
[2017.08.12-08.58.09:043][766]LogMaterial: Missing cached shader map for material Material__63, compiling. 
[2017.08.12-08.58.09:071][766]LogMaterial: Missing cached shader map for material Material__63, compiling. 
[2017.08.12-08.58.09:135][766]LogMaterial: Missing cached shader map for material FDebugViewModeMaterialProxy Material__63, compiling. 
[2017.08.12-08.58.09:771][766]TextureStreamingBuild:Display: Compiling optional shaders took 0.645 seconds.
[2017.08.12-08.58.11:193][766]LogSavePackage: Save=15.77ms
[2017.08.12-08.58.11:193][766]LogSavePackage: Moving 'E:/Usuario/Ruben/UNIVERSIDAD/TFG/Postwar/Saved/Material__637119F9A0440124BDB54E08A9024E782E.tmp' to 'E:/Usuario/Ruben/UNIVERSIDAD/TFG/Postwar/Content/FirstPersonBP/PostWar/Models/Comedor/TarrosGalletas/Material__63.uasset'
[2017.08.12-08.58.11:196][766]LogSavePackage:Display: Finished SavePackage E:/Usuario/Ruben/UNIVERSIDAD/TFG/Postwar/Content/FirstPersonBP/PostWar/Models/Comedor/TarrosGalletas/Material__63.uasset
[2017.08.12-08.58.11:203][766]MaterialEditorStats: Info Base pass shader: 81 instructions
[2017.08.12-08.58.11:203][766]MaterialEditorStats: Info Vertex shader: 31 instructions
[2017.08.12-08.58.11:203][766]MaterialEditorStats: Info Texture samplers: 3/16
[2017.08.12-08.58.11:203][766]MaterialEditorStats: Info User interpolators: 2/4 Scalars (1/4 Vectors) (TexCoords: 2, Custom: 0)
[2017.08.12-08.58.32:333][895]LogSlate: Took 0.000263 seconds to synchronously load lazily loaded font '../../../Engine/Content/Slate/Fonts/Roboto-Light.ttf' (159K)
[2017.08.12-08.59.27:313][555]LogMaterial: Missing cached shader map for material Material__70, compiling. 
[2017.08.12-08.59.27:398][555]LogMaterial: Missing cached shader map for material Material__70, compiling. 
[2017.08.12-08.59.27:411][555]LogMaterial: Missing cached shader map for material Material__70, compiling. 
[2017.08.12-08.59.27:456][555]LogMaterial: Missing cached shader map for material FMatExpressionPreview MaterialExpressionVectorParameter_0, compiling. 
[2017.08.12-08.59.28:988][614]MaterialEditorStats: Info Base pass shader: 80 instructions
[2017.08.12-08.59.28:988][614]MaterialEditorStats: Info Vertex shader: 29 instructions
[2017.08.12-08.59.28:988][614]MaterialEditorStats: Info Texture samplers: 1/16
[2017.08.12-08.59.35:667][  1]LogMaterial: Missing cached shader map for material Material__70, compiling. 
[2017.08.12-08.59.35:686][  1]LogMaterial: Missing cached shader map for material FMatExpressionPreview MaterialExpressionVectorParameter_0, compiling. 
[2017.08.12-08.59.36:748][ 48]MaterialEditorStats: Info Base pass shader: 80 instructions
[2017.08.12-08.59.36:748][ 48]MaterialEditorStats: Info Vertex shader: 29 instructions
[2017.08.12-08.59.36:748][ 48]MaterialEditorStats: Info Texture samplers: 1/16
[2017.08.12-08.59.38:953][178]LogMaterial: Missing cached shader map for material Material__70, compiling. 
[2017.08.12-08.59.38:978][178]LogMaterial: Missing cached shader map for material FMatExpressionPreview MaterialExpressionVectorParameter_0, compiling. 
[2017.08.12-08.59.41:185][296]LogMaterial: Missing cached shader map for material Material__70, compiling. 
[2017.08.12-08.59.41:201][296]LogMaterial: Missing cached shader map for material FMatExpressionPreview MaterialExpressionVectorParameter_0, compiling. 
[2017.08.12-08.59.43:452][418]LogMaterial: Missing cached shader map for material Material__70, compiling. 
[2017.08.12-08.59.43:470][418]LogMaterial: Missing cached shader map for material FMatExpressionPreview MaterialExpressionVectorParameter_0, compiling. 
[2017.08.12-08.59.44:512][465]MaterialEditorStats: Info Base pass shader: 80 instructions
[2017.08.12-08.59.44:512][465]MaterialEditorStats: Info Vertex shader: 29 instructions
[2017.08.12-08.59.44:512][465]MaterialEditorStats: Info Texture samplers: 1/16
[2017.08.12-08.59.45:036][495]LogMaterial: Missing cached shader map for material Material__70, compiling. 
[2017.08.12-08.59.45:060][495]LogMaterial: Missing cached shader map for material FMatExpressionPreview MaterialExpressionVectorParameter_0, compiling. 
[2017.08.12-08.59.46:109][543]MaterialEditorStats: Info Base pass shader: 80 instructions
[2017.08.12-08.59.46:109][543]MaterialEditorStats: Info Vertex shader: 29 instructions
[2017.08.12-08.59.46:109][543]MaterialEditorStats: Info Texture samplers: 1/16
[2017.08.12-08.59.47:958][650]LogMaterial: Missing cached shader map for material Material__70, compiling. 
[2017.08.12-08.59.47:977][650]LogMaterial: Missing cached shader map for material FMatExpressionPreview MaterialExpressionVectorParameter_0, compiling. 
[2017.08.12-08.59.49:042][699]MaterialEditorStats: Info Base pass shader: 80 instructions
[2017.08.12-08.59.49:042][699]MaterialEditorStats: Info Vertex shader: 29 instructions
[2017.08.12-08.59.49:042][699]MaterialEditorStats: Info Texture samplers: 1/16
[2017.08.12-08.59.54:238][  6]LogMaterial: Missing cached shader map for material Material__70, compiling. 
[2017.08.12-08.59.54:253][  6]LogMaterial: Missing cached shader map for material FMatExpressionPreview MaterialExpressionVectorParameter_0, compiling. 
[2017.08.12-08.59.58:945][274]LogMaterial: Missing cached shader map for material Material__70, compiling. 
[2017.08.12-08.59.58:969][274]LogMaterial: Missing cached shader map for material FMatExpressionPreview MaterialExpressionVectorParameter_0, compiling. 
[2017.08.12-09.00.05:184][613]LogMaterial: Missing cached shader map for material Material__70, compiling. 
[2017.08.12-09.00.05:205][613]LogMaterial: Missing cached shader map for material FMatExpressionPreview MaterialExpressionVectorParameter_0, compiling. 
[2017.08.12-09.00.06:257][661]MaterialEditorStats: Info Base pass shader: 80 instructions
[2017.08.12-09.00.06:257][661]MaterialEditorStats: Info Vertex shader: 29 instructions
[2017.08.12-09.00.06:257][661]MaterialEditorStats: Info Texture samplers: 1/16
[2017.08.12-09.00.10:730][919]LogMaterial: Missing cached shader map for material Material__70, compiling. 
[2017.08.12-09.00.10:745][919]LogMaterial: Missing cached shader map for material FMatExpressionPreview MaterialExpressionVectorParameter_0, compiling. 
[2017.08.12-09.00.11:807][967]MaterialEditorStats: Info Base pass shader: 80 instructions
[2017.08.12-09.00.11:807][967]MaterialEditorStats: Info Vertex shader: 29 instructions
[2017.08.12-09.00.11:807][967]MaterialEditorStats: Info Texture samplers: 1/16
[2017.08.12-09.00.21:361][540]LogMaterial: Missing cached shader map for material Material__70, compiling. 
[2017.08.12-09.00.21:378][540]LogMaterial: Missing cached shader map for material FMatExpressionPreview MaterialExpressionVectorParameter_0, compiling. 
[2017.08.12-09.00.24:275][698]LogMaterial: Missing cached shader map for material Material__70, compiling. 
[2017.08.12-09.00.24:291][698]LogMaterial: Missing cached shader map for material FMatExpressionPreview MaterialExpressionVectorParameter_0, compiling. 
[2017.08.12-09.00.34:676][304]LogMaterial: Missing cached shader map for material Material__70, compiling. 
[2017.08.12-09.00.34:697][304]LogMaterial: Missing cached shader map for material FMatExpressionPreview MaterialExpressionVectorParameter_0, compiling. 
[2017.08.12-09.00.35:752][351]MaterialEditorStats: Info Base pass shader: 80 instructions
[2017.08.12-09.00.35:752][351]MaterialEditorStats: Info Vertex shader: 29 instructions
[2017.08.12-09.00.35:752][351]MaterialEditorStats: Info Texture samplers: 1/16
[2017.08.12-09.00.39:153][522]LogMaterialEditor: Saving and Compiling material Material__70
[2017.08.12-09.00.39:785][522]LogMaterial: Missing cached shader map for material Material__70, compiling. 
[2017.08.12-09.00.39:836][522]LogMaterial: Missing cached shader map for material Material__70, compiling. 
[2017.08.12-09.00.39:864][522]LogMaterial: Missing cached shader map for material Material__70, compiling. 
[2017.08.12-09.00.39:930][522]LogMaterial: Missing cached shader map for material FDebugViewModeMaterialProxy Material__70, compiling. 
[2017.08.12-09.00.40:533][522]TextureStreamingBuild:Display: Compiling optional shaders took 0.612 seconds.
[2017.08.12-09.00.41:906][522]LogSavePackage: Save=12.08ms
[2017.08.12-09.00.41:906][522]LogSavePackage: Moving 'E:/Usuario/Ruben/UNIVERSIDAD/TFG/Postwar/Saved/Material__7040393EC84D72180799410F8D34F5F017.tmp' to 'E:/Usuario/Ruben/UNIVERSIDAD/TFG/Postwar/Content/FirstPersonBP/PostWar/Models/Comedor/TarrosGalletas/Material__70.uasset'
[2017.08.12-09.00.41:909][522]LogSavePackage:Display: Finished SavePackage E:/Usuario/Ruben/UNIVERSIDAD/TFG/Postwar/Content/FirstPersonBP/PostWar/Models/Comedor/TarrosGalletas/Material__70.uasset
[2017.08.12-09.00.41:916][522]MaterialEditorStats: Info Base pass shader: 80 instructions
[2017.08.12-09.00.41:916][522]MaterialEditorStats: Info Vertex shader: 29 instructions
[2017.08.12-09.00.41:916][522]MaterialEditorStats: Info Texture samplers: 2/16
[2017.08.12-09.00.50:325][924]LogMaterial: Missing cached shader map for material Material__70, compiling. 
[2017.08.12-09.00.50:340][924]LogMaterial: Missing cached shader map for material FMatExpressionPreview MaterialExpressionVectorParameter_0, compiling. 
[2017.08.12-09.00.51:381][972]MaterialEditorStats: Info Base pass shader: 80 instructions
[2017.08.12-09.00.51:381][972]MaterialEditorStats: Info Vertex shader: 29 instructions
[2017.08.12-09.00.51:381][972]MaterialEditorStats: Info Texture samplers: 1/16
[2017.08.12-09.00.52:484][ 35]LogMaterial: Missing cached shader map for material Material__70, compiling. 
[2017.08.12-09.00.52:504][ 35]LogMaterial: Missing cached shader map for material FMatExpressionPreview MaterialExpressionVectorParameter_0, compiling. 
[2017.08.12-09.00.53:544][ 81]MaterialEditorStats: Info Base pass shader: 80 instructions
[2017.08.12-09.00.53:544][ 81]MaterialEditorStats: Info Vertex shader: 29 instructions
[2017.08.12-09.00.53:544][ 81]MaterialEditorStats: Info Texture samplers: 1/16
[2017.08.12-09.00.54:953][159]LogMaterial: Missing cached shader map for material Material__70, compiling. 
[2017.08.12-09.00.54:972][159]LogMaterial: Missing cached shader map for material FMatExpressionPreview MaterialExpressionVectorParameter_0, compiling. 
[2017.08.12-09.00.56:838][256]LogMaterial: Missing cached shader map for material Material__70, compiling. 
[2017.08.12-09.00.56:862][256]LogMaterial: Missing cached shader map for material FMatExpressionPreview MaterialExpressionVectorParameter_0, compiling. 
[2017.08.12-09.00.57:909][305]LogMaterial: Missing cached shader map for material Material__70, compiling. 
[2017.08.12-09.00.57:930][305]LogMaterial: Missing cached shader map for material FMatExpressionPreview MaterialExpressionVectorParameter_0, compiling. 
[2017.08.12-09.00.58:974][352]MaterialEditorStats: Info Base pass shader: 80 instructions
[2017.08.12-09.00.58:974][352]MaterialEditorStats: Info Vertex shader: 29 instructions
[2017.08.12-09.00.58:974][352]MaterialEditorStats: Info Texture samplers: 1/16
[2017.08.12-09.01.02:198][533]LogMaterial: Missing cached shader map for material Material__70, compiling. 
[2017.08.12-09.01.02:214][533]LogMaterial: Missing cached shader map for material FMatExpressionPreview MaterialExpressionVectorParameter_0, compiling. 
[2017.08.12-09.01.03:274][580]MaterialEditorStats: Info Base pass shader: 80 instructions
[2017.08.12-09.01.03:274][580]MaterialEditorStats: Info Vertex shader: 29 instructions
[2017.08.12-09.01.03:275][580]MaterialEditorStats: Info Texture samplers: 1/16
[2017.08.12-09.01.23:008][294]LogMaterial: Missing cached shader map for material Material__70, compiling. 
[2017.08.12-09.01.23:050][294]LogMaterial: Missing cached shader map for material FMatExpressionPreview MaterialExpressionVectorParameter_0, compiling. 
[2017.08.12-09.01.23:057][294]LogMaterial: Missing cached shader map for material Material__70, compiling. 
[2017.08.12-09.01.24:367][356]MaterialEditorStats: Info Base pass shader: 80 instructions
[2017.08.12-09.01.24:367][356]MaterialEditorStats: Info Vertex shader: 29 instructions
[2017.08.12-09.01.24:367][356]MaterialEditorStats: Info Texture samplers: 1/16
[2017.08.12-09.01.25:711][435]LogMaterial: Missing cached shader map for material Material__70, compiling. 
[2017.08.12-09.01.26:712][486]MaterialEditorStats: Info Base pass shader: 80 instructions
[2017.08.12-09.01.26:712][486]MaterialEditorStats: Info Vertex shader: 29 instructions
[2017.08.12-09.01.26:712][486]MaterialEditorStats: Info Texture samplers: 1/16
[2017.08.12-09.01.28:790][595]LogMaterial: Missing cached shader map for material Material__70, compiling. 
[2017.08.12-09.01.29:798][644]MaterialEditorStats: Info Base pass shader: 80 instructions
[2017.08.12-09.01.29:798][644]MaterialEditorStats: Info Vertex shader: 29 instructions
[2017.08.12-09.01.29:798][644]MaterialEditorStats: Info Texture samplers: 1/16
[2017.08.12-09.01.30:927][708]LogMaterialEditor: Saving and Compiling material Material__70
[2017.08.12-09.01.31:564][708]LogMaterial: Missing cached shader map for material Material__70, compiling. 
[2017.08.12-09.01.31:615][708]LogMaterial: Missing cached shader map for material Material__70, compiling. 
[2017.08.12-09.01.31:643][708]LogMaterial: Missing cached shader map for material Material__70, compiling. 
[2017.08.12-09.01.31:708][708]LogMaterial: Missing cached shader map for material FDebugViewModeMaterialProxy Material__70, compiling. 
[2017.08.12-09.01.32:411][708]TextureStreamingBuild:Display: Compiling optional shaders took 0.714 seconds.
[2017.08.12-09.01.34:035][708]LogSavePackage: Save=12.84ms
[2017.08.12-09.01.34:035][708]LogSavePackage: Moving 'E:/Usuario/Ruben/UNIVERSIDAD/TFG/Postwar/Saved/Material__704A6B0C604D2B2594C97A7E881FF7D53F.tmp' to 'E:/Usuario/Ruben/UNIVERSIDAD/TFG/Postwar/Content/FirstPersonBP/PostWar/Models/Comedor/TarrosGalletas/Material__70.uasset'
[2017.08.12-09.01.34:037][708]LogSavePackage:Display: Finished SavePackage E:/Usuario/Ruben/UNIVERSIDAD/TFG/Postwar/Content/FirstPersonBP/PostWar/Models/Comedor/TarrosGalletas/Material__70.uasset
[2017.08.12-09.01.34:183][708]MaterialEditorStats: Info Base pass shader: 80 instructions
[2017.08.12-09.01.34:183][708]MaterialEditorStats: Info Vertex shader: 29 instructions
[2017.08.12-09.01.34:183][708]MaterialEditorStats: Info Texture samplers: 2/16
[2017.08.12-09.01.54:236][652]LogMaterial: Missing cached shader map for material Material__62, compiling. 
[2017.08.12-09.01.54:338][652]LogMaterial: Missing cached shader map for material Material__62, compiling. 
[2017.08.12-09.01.54:351][652]LogMaterial: Missing cached shader map for material Material__62, compiling. 
[2017.08.12-09.01.54:391][652]LogMaterial: Missing cached shader map for material FMatExpressionPreview MaterialExpressionVectorParameter_0, compiling. 
[2017.08.12-09.01.55:691][704]MaterialEditorStats: Info Base pass shader: 80 instructions
[2017.08.12-09.01.55:691][704]MaterialEditorStats: Info Vertex shader: 29 instructions
[2017.08.12-09.01.55:691][704]MaterialEditorStats: Info Texture samplers: 1/16
[2017.08.12-09.01.56:683][758]LogMaterial: Missing cached shader map for material Material__62, compiling. 
[2017.08.12-09.01.56:695][758]LogMaterial: Missing cached shader map for material FMatExpressionPreview MaterialExpressionVectorParameter_1, compiling. 
[2017.08.12-09.01.58:071][828]MaterialEditorStats: Info Base pass shader: 80 instructions
[2017.08.12-09.01.58:071][828]MaterialEditorStats: Info Vertex shader: 29 instructions
[2017.08.12-09.01.58:071][828]MaterialEditorStats: Info Texture samplers: 1/16
[2017.08.12-09.02.01:207][ 11]LogMaterial: Missing cached shader map for material Material__62, compiling. 
[2017.08.12-09.02.01:255][ 11]LogMaterial: Missing cached shader map for material FMatExpressionPreview MaterialExpressionVectorParameter_1, compiling. 
[2017.08.12-09.02.02:230][ 56]MaterialEditorStats: Info Base pass shader: 78 instructions
[2017.08.12-09.02.02:230][ 56]MaterialEditorStats: Info Vertex shader: 29 instructions
[2017.08.12-09.02.02:230][ 56]MaterialEditorStats: Info Texture samplers: 1/16
[2017.08.12-09.02.03:989][159]LogMaterial: Missing cached shader map for material Material__62, compiling. 
[2017.08.12-09.02.04:008][159]LogMaterial: Missing cached shader map for material FMatExpressionPreview MaterialExpressionVectorParameter_1, compiling. 
[2017.08.12-09.02.05:049][205]MaterialEditorStats: Info Base pass shader: 80 instructions
[2017.08.12-09.02.05:049][205]MaterialEditorStats: Info Vertex shader: 29 instructions
[2017.08.12-09.02.05:049][205]MaterialEditorStats: Info Texture samplers: 1/16
[2017.08.12-09.02.08:214][393]LogMaterial: Missing cached shader map for material Material__62, compiling. 
[2017.08.12-09.02.09:208][440]MaterialEditorStats: Info Base pass shader: 80 instructions
[2017.08.12-09.02.09:208][440]MaterialEditorStats: Info Vertex shader: 29 instructions
[2017.08.12-09.02.09:208][440]MaterialEditorStats: Info Texture samplers: 1/16
[2017.08.12-09.02.15:945][819]LogMaterial: Missing cached shader map for material Material__62, compiling. 
[2017.08.12-09.02.15:960][819]LogMaterial: Missing cached shader map for material FMatExpressionPreview MaterialExpressionVectorParameter_1, compiling. 
[2017.08.12-09.02.17:023][866]MaterialEditorStats: Info Base pass shader: 80 instructions
[2017.08.12-09.02.17:023][866]MaterialEditorStats: Info Vertex shader: 29 instructions
[2017.08.12-09.02.17:023][866]MaterialEditorStats: Info Texture samplers: 1/16
[2017.08.12-09.02.19:672][ 17]LogMaterialEditor: Saving and Compiling material Material__62
[2017.08.12-09.02.20:308][ 17]LogMaterial: Missing cached shader map for material Material__62, compiling. 
[2017.08.12-09.02.20:359][ 17]LogMaterial: Missing cached shader map for material Material__62, compiling. 
[2017.08.12-09.02.20:390][ 17]LogMaterial: Missing cached shader map for material Material__62, compiling. 
[2017.08.12-09.02.20:452][ 17]LogMaterial: Missing cached shader map for material FDebugViewModeMaterialProxy Material__62, compiling. 
[2017.08.12-09.02.21:048][ 17]TextureStreamingBuild:Display: Compiling optional shaders took 0.606 seconds.
[2017.08.12-09.02.22:441][ 17]LogSavePackage: Save=11.57ms
[2017.08.12-09.02.22:441][ 17]LogSavePackage: Moving 'E:/Usuario/Ruben/UNIVERSIDAD/TFG/Postwar/Saved/Material__62B9EED64A40EBDC227A78FE83D5CA43D5.tmp' to 'E:/Usuario/Ruben/UNIVERSIDAD/TFG/Postwar/Content/FirstPersonBP/PostWar/Models/Comedor/TarrosGalletas/Material__62.uasset'
[2017.08.12-09.02.22:443][ 17]LogSavePackage:Display: Finished SavePackage E:/Usuario/Ruben/UNIVERSIDAD/TFG/Postwar/Content/FirstPersonBP/PostWar/Models/Comedor/TarrosGalletas/Material__62.uasset
[2017.08.12-09.02.22:451][ 17]MaterialEditorStats: Info Base pass shader: 80 instructions
[2017.08.12-09.02.22:451][ 17]MaterialEditorStats: Info Vertex shader: 29 instructions
[2017.08.12-09.02.22:451][ 17]MaterialEditorStats: Info Texture samplers: 2/16
[2017.08.12-09.02.35:707][506]LogSavePackage: Save=12.32ms
[2017.08.12-09.02.35:707][506]LogSavePackage: Moving 'E:/Usuario/Ruben/UNIVERSIDAD/TFG/Postwar/Saved/galletaB9A3EF844EE4AF422AE3BABED26545DE.tmp' to 'E:/Usuario/Ruben/UNIVERSIDAD/TFG/Postwar/Content/FirstPersonBP/PostWar/Models/Comedor/TarrosGalletas/galleta.uasset'
[2017.08.12-09.02.35:709][506]LogSavePackage:Display: Finished SavePackage E:/Usuario/Ruben/UNIVERSIDAD/TFG/Postwar/Content/FirstPersonBP/PostWar/Models/Comedor/TarrosGalletas/galleta.uasset
[2017.08.12-09.02.40:705][654]LogSavePackage: Save=11.94ms
[2017.08.12-09.02.40:705][654]LogSavePackage: Moving 'E:/Usuario/Ruben/UNIVERSIDAD/TFG/Postwar/Saved/chocolateD950773E4B29991EB80EA18A704429A2.tmp' to 'E:/Usuario/Ruben/UNIVERSIDAD/TFG/Postwar/Content/FirstPersonBP/PostWar/Models/Comedor/TarrosGalletas/chocolate.uasset'
[2017.08.12-09.02.40:708][654]LogSavePackage:Display: Finished SavePackage E:/Usuario/Ruben/UNIVERSIDAD/TFG/Postwar/Content/FirstPersonBP/PostWar/Models/Comedor/TarrosGalletas/chocolate.uasset
[2017.08.12-09.02.49:109][  7]LogMaterial: Missing cached shader map for material Material__62, compiling. 
[2017.08.12-09.02.50:454][ 74]MaterialEditorStats: Info Base pass shader: 80 instructions
[2017.08.12-09.02.50:454][ 74]MaterialEditorStats: Info Vertex shader: 29 instructions
[2017.08.12-09.02.50:454][ 74]MaterialEditorStats: Info Texture samplers: 1/16
[2017.08.12-09.02.51:191][118]LogMaterialEditor: Saving and Compiling material chocolate
[2017.08.12-09.02.51:823][118]LogMaterial: Missing cached shader map for material Material__62, compiling. 
[2017.08.12-09.02.51:875][118]LogMaterial: Missing cached shader map for material chocolate, compiling. 
[2017.08.12-09.02.51:908][118]LogMaterial: Missing cached shader map for material chocolate, compiling. 
[2017.08.12-09.02.51:967][118]LogMaterial: Missing cached shader map for material FDebugViewModeMaterialProxy chocolate, compiling. 
[2017.08.12-09.02.52:563][118]TextureStreamingBuild:Display: Compiling optional shaders took 0.604 seconds.
[2017.08.12-09.02.53:953][118]LogSavePackage: Save=11.30ms
[2017.08.12-09.02.53:953][118]LogSavePackage: Moving 'E:/Usuario/Ruben/UNIVERSIDAD/TFG/Postwar/Saved/chocolate8C6D6D3B4A93FB75ACF15A988F637E50.tmp' to 'E:/Usuario/Ruben/UNIVERSIDAD/TFG/Postwar/Content/FirstPersonBP/PostWar/Models/Comedor/TarrosGalletas/chocolate.uasset'
[2017.08.12-09.02.53:956][118]LogSavePackage:Display: Finished SavePackage E:/Usuario/Ruben/UNIVERSIDAD/TFG/Postwar/Content/FirstPersonBP/PostWar/Models/Comedor/TarrosGalletas/chocolate.uasset
[2017.08.12-09.02.53:963][118]MaterialEditorStats: Info Base pass shader: 80 instructions
[2017.08.12-09.02.53:963][118]MaterialEditorStats: Info Vertex shader: 29 instructions
[2017.08.12-09.02.53:963][118]MaterialEditorStats: Info Texture samplers: 2/16
[2017.08.12-09.02.59:163][407]LogMaterial: Missing cached shader map for material Material__62, compiling. 
[2017.08.12-09.03.00:182][455]MaterialEditorStats: Info Base pass shader: 80 instructions
[2017.08.12-09.03.00:182][455]MaterialEditorStats: Info Vertex shader: 29 instructions
[2017.08.12-09.03.00:182][455]MaterialEditorStats: Info Texture samplers: 1/16
[2017.08.12-09.03.00:468][472]LogMaterialEditor: Saving and Compiling material chocolate
[2017.08.12-09.03.01:114][472]LogMaterial: Missing cached shader map for material Material__62, compiling. 
[2017.08.12-09.03.01:165][472]LogMaterial: Missing cached shader map for material chocolate, compiling. 
[2017.08.12-09.03.01:194][472]LogMaterial: Missing cached shader map for material chocolate, compiling. 
[2017.08.12-09.03.01:265][472]LogMaterial: Missing cached shader map for material FDebugViewModeMaterialProxy chocolate, compiling. 
[2017.08.12-09.03.01:892][472]TextureStreamingBuild:Display: Compiling optional shaders took 0.641 seconds.
[2017.08.12-09.03.03:245][472]LogSavePackage: Save=11.73ms
[2017.08.12-09.03.03:245][472]LogSavePackage: Moving 'E:/Usuario/Ruben/UNIVERSIDAD/TFG/Postwar/Saved/chocolate4DBB66DF487DB90FBBD542A11EB1D036.tmp' to 'E:/Usuario/Ruben/UNIVERSIDAD/TFG/Postwar/Content/FirstPersonBP/PostWar/Models/Comedor/TarrosGalletas/chocolate.uasset'
[2017.08.12-09.03.03:248][472]LogSavePackage:Display: Finished SavePackage E:/Usuario/Ruben/UNIVERSIDAD/TFG/Postwar/Content/FirstPersonBP/PostWar/Models/Comedor/TarrosGalletas/chocolate.uasset
[2017.08.12-09.03.03:255][472]MaterialEditorStats: Info Base pass shader: 80 instructions
[2017.08.12-09.03.03:256][472]MaterialEditorStats: Info Vertex shader: 29 instructions
[2017.08.12-09.03.03:256][472]MaterialEditorStats: Info Texture samplers: 2/16
[2017.08.12-09.03.08:049][619]LogMaterial: Missing cached shader map for material Material__70, compiling. 
[2017.08.12-09.03.08:097][619]LogMaterial: Missing cached shader map for material galleta, compiling. 
[2017.08.12-09.03.08:122][619]LogMaterial: Missing cached shader map for material galleta, compiling. 
[2017.08.12-09.03.08:186][619]LogMaterial: Missing cached shader map for material FDebugViewModeMaterialProxy galleta, compiling. 
[2017.08.12-09.03.08:791][619]TextureStreamingBuild:Display: Compiling optional shaders took 0.615 seconds.
[2017.08.12-09.03.33:663][473]LogFactory: FactoryCreateFile: StaticMesh with FbxFactory (0 0 E:\Usuario\Descargas\Mapa TFG\comedor\comidaPreparada\TarrosGalletas\tarroChocolateUV.FBX)
[2017.08.12-09.03.33:676][473]LogFbx: ItemName: GlobalSettings, ItemCount : 1
[2017.08.12-09.03.33:676][473]LogFbx: ItemName: AnimationStack, ItemCount : 1
[2017.08.12-09.03.33:676][473]LogFbx: ItemName: AnimationLayer, ItemCount : 1
[2017.08.12-09.03.33:676][473]LogFbx: ItemName: Model, ItemCount : 5
[2017.08.12-09.03.33:676][473]LogFbx: ItemName: NodeAttribute, ItemCount : 2
[2017.08.12-09.03.33:676][473]LogFbx: ItemName: Geometry, ItemCount : 3
[2017.08.12-09.03.33:676][473]LogFbx: ItemName: Material, ItemCount : 4
[2017.08.12-09.03.33:681][473]LogFbx: Loading FBX Scene from E:\Usuario\Descargas\Mapa TFG\comedor\comidaPreparada\TarrosGalletas\tarroChocolateUV.FBX
[2017.08.12-09.03.33:707][473]LogFbx: FBX Scene Loaded Succesfully
[2017.08.12-09.03.34:995][473]LogFbx: Loading FBX Scene from E:\Usuario\Descargas\Mapa TFG\comedor\comidaPreparada\TarrosGalletas\tarroChocolateUV.FBX
[2017.08.12-09.03.35:022][473]LogFbx: FBX Scene Loaded Succesfully
[2017.08.12-09.03.35:060][473]LogMaterial: Missing cached shader map for material Material__70, compiling. 
[2017.08.12-09.03.35:130][473]LogMaterial: Missing cached shader map for material Material__62, compiling. 
[2017.08.12-09.03.35:176][473]LogStaticMesh: Building static mesh tarroChocolateUV...
[2017.08.12-09.03.35:459][473]LogStaticMesh: Built static mesh [0.28s] /Game/FirstPersonBP/PostWar/Models/Comedor/TarrosGalletas/tarroChocolateUV.tarroChocolateUV
[2017.08.12-09.03.59:915][764]LogActorFactory: Actor Factory created tarroChocolateUV
[2017.08.12-09.04.02:407][912]LogActorFactory: Actor Factory created tarroChocolateUV
[2017.08.12-09.04.26:244][186]LogEditorViewport: Clicking on Actor (LMB): StaticMeshActor (tarroChocolateUV)
[2017.08.12-09.04.34:987][685]LogEditorViewport: Clicking on Actor (LMB): StaticMeshActor (bancoYmesas3)
[2017.08.12-09.04.36:027][744]Cmd: TRANSACTION UNDO
[2017.08.12-09.04.36:027][744]LogEditorTransaction: Undo Clicking on Actors
[2017.08.12-09.04.50:540][550]LogEditorViewport: Clicking on Actor (LMB): StaticMeshActor (tarroChocolate)
[2017.08.12-09.05.13:807][893]LogTemp: Repeting last play command: Selected Viewport
[2017.08.12-09.05.14:064][893]LogBlueprintUserMessages: Early PlayInEditor Detection: Level '/Game/FirstPersonBP/PostWar/Niveles/Mapa.Mapa:PersistentLevel' has LevelScriptBlueprint '/Game/FirstPersonBP/PostWar/Niveles/Mapa.Mapa:PersistentLevel.Mapa' with GeneratedClass '/Game/FirstPersonBP/PostWar/Niveles/Mapa.Mapa_C' with ClassGeneratedBy '/Game/FirstPersonBP/PostWar/Niveles/Mapa.Mapa:PersistentLevel.Mapa'
[2017.08.12-09.05.14:064][893]BlueprintLog: New page: Pre-Play auto-recompile
[2017.08.12-09.05.14:064][893]LogPlayLevel: [PlayLevel] Compiling Mapa before play...
[2017.08.12-09.05.14:136][893]LogPlayLevel: PlayLevel: Blueprint regeneration took 72 ms (1 blueprints)
[2017.08.12-09.05.14:138][893]PIE: New page: PIE session: Mapa (Aug 12, 2017, 1:05:14 PM)
[2017.08.12-09.05.14:138][893]LogPlayLevel: Creating play world package: /Game/FirstPersonBP/PostWar/Niveles/UEDPIE_0_Mapa
[2017.08.12-09.05.14:203][893]LogPlayLevel: PIE: StaticDuplicateObject took: (0.065644s)
[2017.08.12-09.05.14:204][893]LogAIModule: Creating AISystem for world Mapa
[2017.08.12-09.05.14:204][893]LogPlayLevel: PIE: World Init took: (0.000790s)
[2017.08.12-09.05.14:205][893]LogPlayLevel: PIE: Created PIE world by copying editor world from /Game/FirstPersonBP/PostWar/Niveles/Mapa.Mapa to /Game/FirstPersonBP/PostWar/Niveles/UEDPIE_0_Mapa.Mapa (0.066872s)
[2017.08.12-09.05.14:223][893]LogInit: XAudio2 using 'Altavoces (Realtek High Definition Audio)' : 2 channels at 48 kHz using 32 bits per sample (channel mask 0x3)
[2017.08.12-09.05.14:237][893]LogInit: FAudioDevice initialized.
[2017.08.12-09.05.14:285][893]LogLoad: Game class is 'FirstPersonGameMode_C'
[2017.08.12-09.05.14:308][893]LogWorld: Bringing World /Game/FirstPersonBP/PostWar/Niveles/UEDPIE_0_Mapa.Mapa up for play (max tick rate 60) at 2017.08.12-11.05.14
[2017.08.12-09.05.14:311][893]LogWorld: Bringing up level for play took: 0.022958
[2017.08.12-09.05.14:353][893]LogContentBrowser: Native class hierarchy updated for 'MovieSceneCapture' in 0.0008 seconds. Added 11 classes and 0 folders.
[2017.08.12-09.05.14:360][893]Cmd: stat fps
[2017.08.12-09.05.14:362][893]PIE: Info Play in editor start time for /Game/FirstPersonBP/PostWar/Niveles/UEDPIE_0_Mapa 0.287
[2017.08.12-09.05.14:362][893]LogBlueprintUserMessages: Late PlayInEditor Detection: Level '/Game/FirstPersonBP/PostWar/Niveles/Mapa.Mapa:PersistentLevel' has LevelScriptBlueprint '/Game/FirstPersonBP/PostWar/Niveles/Mapa.Mapa:PersistentLevel.Mapa' with GeneratedClass '/Game/FirstPersonBP/PostWar/Niveles/Mapa.Mapa_C' with ClassGeneratedBy '/Game/FirstPersonBP/PostWar/Niveles/Mapa.Mapa:PersistentLevel.Mapa'
[2017.08.12-09.05.14:381][893]LogScript:Warning: Accessed None trying to read property Equipada
	BasicAmmo_C /Engine/Transient.UnrealEdEngine_0:GameInstance_0.BasicAmmo_C_0
	Function /Game/FirstPersonBP/PostWar/HUD/BasicAmmo.BasicAmmo_C:MunicionActual:00D5
[2017.08.12-09.05.14:381][893]LogScript:Warning: Accessed None trying to read property Equipada
	BasicAmmo_C /Engine/Transient.UnrealEdEngine_0:GameInstance_0.BasicAmmo_C_0
	Function /Game/FirstPersonBP/PostWar/HUD/BasicAmmo.BasicAmmo_C:MunicionTotal:00D5
[2017.08.12-09.05.14:382][893]LogScript:Warning: Accessed None trying to read property Equipada
	BasicAmmo_C /Engine/Transient.UnrealEdEngine_0:GameInstance_0.BasicAmmo_C_0
	Function /Game/FirstPersonBP/PostWar/HUD/BasicAmmo.BasicAmmo_C:Recargando:00AB
[2017.08.12-09.05.14:424][894]LogScript:Warning: Accessed None trying to read property Equipada
	BasicAmmo_C /Engine/Transient.UnrealEdEngine_0:GameInstance_0.BasicAmmo_C_0
	Function /Game/FirstPersonBP/PostWar/HUD/BasicAmmo.BasicAmmo_C:MunicionActual:00D5
[2017.08.12-09.05.14:424][894]LogScript:Warning: Accessed None trying to read property Equipada
	BasicAmmo_C /Engine/Transient.UnrealEdEngine_0:GameInstance_0.BasicAmmo_C_0
	Function /Game/FirstPersonBP/PostWar/HUD/BasicAmmo.BasicAmmo_C:MunicionTotal:00D5
[2017.08.12-09.05.14:424][894]LogScript:Warning: Accessed None trying to read property Equipada
	BasicAmmo_C /Engine/Transient.UnrealEdEngine_0:GameInstance_0.BasicAmmo_C_0
	Function /Game/FirstPersonBP/PostWar/HUD/BasicAmmo.BasicAmmo_C:Recargando:00AB
[2017.08.12-09.05.14:441][895]LogScript:Warning: Accessed None trying to read property Equipada
	BasicAmmo_C /Engine/Transient.UnrealEdEngine_0:GameInstance_0.BasicAmmo_C_0
	Function /Game/FirstPersonBP/PostWar/HUD/BasicAmmo.BasicAmmo_C:MunicionActual:00D5
[2017.08.12-09.05.14:441][895]LogScript:Warning: Accessed None trying to read property Equipada
	BasicAmmo_C /Engine/Transient.UnrealEdEngine_0:GameInstance_0.BasicAmmo_C_0
	Function /Game/FirstPersonBP/PostWar/HUD/BasicAmmo.BasicAmmo_C:MunicionTotal:00D5
[2017.08.12-09.05.14:441][895]LogScript:Warning: Accessed None trying to read property Equipada
	BasicAmmo_C /Engine/Transient.UnrealEdEngine_0:GameInstance_0.BasicAmmo_C_0
	Function /Game/FirstPersonBP/PostWar/HUD/BasicAmmo.BasicAmmo_C:Recargando:00AB
[2017.08.12-09.05.14:457][896]LogScript:Warning: Accessed None trying to read property Equipada
	BasicAmmo_C /Engine/Transient.UnrealEdEngine_0:GameInstance_0.BasicAmmo_C_0
	Function /Game/FirstPersonBP/PostWar/HUD/BasicAmmo.BasicAmmo_C:MunicionActual:00D5
[2017.08.12-09.05.14:457][896]LogScript:Warning: Accessed None trying to read property Equipada
	BasicAmmo_C /Engine/Transient.UnrealEdEngine_0:GameInstance_0.BasicAmmo_C_0
	Function /Game/FirstPersonBP/PostWar/HUD/BasicAmmo.BasicAmmo_C:MunicionTotal:00D5
[2017.08.12-09.05.14:457][896]LogScript:Warning: Accessed None trying to read property Equipada
	BasicAmmo_C /Engine/Transient.UnrealEdEngine_0:GameInstance_0.BasicAmmo_C_0
	Function /Game/FirstPersonBP/PostWar/HUD/BasicAmmo.BasicAmmo_C:Recargando:00AB
[2017.08.12-09.05.14:474][897]LogScript:Warning: Accessed None trying to read property Equipada
	BasicAmmo_C /Engine/Transient.UnrealEdEngine_0:GameInstance_0.BasicAmmo_C_0
	Function /Game/FirstPersonBP/PostWar/HUD/BasicAmmo.BasicAmmo_C:MunicionActual:00D5
[2017.08.12-09.05.14:474][897]LogScript:Warning: Accessed None trying to read property Equipada
	BasicAmmo_C /Engine/Transient.UnrealEdEngine_0:GameInstance_0.BasicAmmo_C_0
	Function /Game/FirstPersonBP/PostWar/HUD/BasicAmmo.BasicAmmo_C:MunicionTotal:00D5
[2017.08.12-09.05.14:474][897]LogScript:Warning: Accessed None trying to read property Equipada
	BasicAmmo_C /Engine/Transient.UnrealEdEngine_0:GameInstance_0.BasicAmmo_C_0
	Function /Game/FirstPersonBP/PostWar/HUD/BasicAmmo.BasicAmmo_C:Recargando:00AB
[2017.08.12-09.05.14:490][898]LogScript:Warning: Accessed None trying to read property Equipada
	BasicAmmo_C /Engine/Transient.UnrealEdEngine_0:GameInstance_0.BasicAmmo_C_0
	Function /Game/FirstPersonBP/PostWar/HUD/BasicAmmo.BasicAmmo_C:MunicionActual:00D5
[2017.08.12-09.05.14:490][898]LogScript:Warning: Accessed None trying to read property Equipada
	BasicAmmo_C /Engine/Transient.UnrealEdEngine_0:GameInstance_0.BasicAmmo_C_0
	Function /Game/FirstPersonBP/PostWar/HUD/BasicAmmo.BasicAmmo_C:MunicionTotal:00D5
[2017.08.12-09.05.28:089][714]LogBlueprintUserMessages: Early EndPlayMap Detection: Level '/Game/FirstPersonBP/PostWar/Niveles/Mapa.Mapa:PersistentLevel' has LevelScriptBlueprint '/Game/FirstPersonBP/PostWar/Niveles/Mapa.Mapa:PersistentLevel.Mapa' with GeneratedClass '/Game/FirstPersonBP/PostWar/Niveles/Mapa.Mapa_C' with ClassGeneratedBy '/Game/FirstPersonBP/PostWar/Niveles/Mapa.Mapa:PersistentLevel.Mapa'
[2017.08.12-09.05.28:150][714]LogBlueprintUserMessages: Late EndPlayMap Detection: Level '/Game/FirstPersonBP/PostWar/Niveles/Mapa.Mapa:PersistentLevel' has LevelScriptBlueprint '/Game/FirstPersonBP/PostWar/Niveles/Mapa.Mapa:PersistentLevel.Mapa' with GeneratedClass '/Game/FirstPersonBP/PostWar/Niveles/Mapa.Mapa_C' with ClassGeneratedBy '/Game/FirstPersonBP/PostWar/Niveles/Mapa.Mapa:PersistentLevel.Mapa'
[2017.08.12-09.05.30:192][828]LogEditorViewport: Clicking on Actor (LMB): StaticMeshActor (tarroChocolate)
[2017.08.12-09.05.31:131][882]Cmd: DELETE
[2017.08.12-09.05.31:131][882]Cmd: ACTOR DELETE
[2017.08.12-09.05.31:134][882]LogEditorActor: Deleted Actor: StaticMeshActor
[2017.08.12-09.05.31:146][882]LogEditorActor: Deleted 1 Actors (0.014 secs)
[2017.08.12-09.05.35:318][982]LogSavePackage: Save=731.99ms
[2017.08.12-09.05.35:318][982]LogSavePackage: Moving 'E:/Usuario/Ruben/UNIVERSIDAD/TFG/Postwar/Saved/cork_diff1862FC5F4ADBCF09417152B6122E9F5F.tmp' to 'E:/Usuario/Ruben/UNIVERSIDAD/TFG/Postwar/Content/FirstPersonBP/PostWar/Models/Comedor/TarrosGalletas/cork_diff.uasset'
[2017.08.12-09.05.35:321][982]LogSavePackage:Display: Finished SavePackage E:/Usuario/Ruben/UNIVERSIDAD/TFG/Postwar/Content/FirstPersonBP/PostWar/Models/Comedor/TarrosGalletas/cork_diff.uasset
[2017.08.12-09.05.35:362][982]LogSavePackage: Save=12.05ms
[2017.08.12-09.05.35:362][982]LogSavePackage: Moving 'E:/Usuario/Ruben/UNIVERSIDAD/TFG/Postwar/Saved/galletaF47A47354DA84F624AB03E892F60345D.tmp' to 'E:/Usuario/Ruben/UNIVERSIDAD/TFG/Postwar/Content/FirstPersonBP/PostWar/Models/Comedor/TarrosGalletas/galleta.uasset'
[2017.08.12-09.05.35:364][982]LogSavePackage:Display: Finished SavePackage E:/Usuario/Ruben/UNIVERSIDAD/TFG/Postwar/Content/FirstPersonBP/PostWar/Models/Comedor/TarrosGalletas/galleta.uasset
[2017.08.12-09.05.35:396][982]LogSavePackage: Save=10.73ms
[2017.08.12-09.05.35:396][982]LogSavePackage: Moving 'E:/Usuario/Ruben/UNIVERSIDAD/TFG/Postwar/Saved/tarroChocolateEB6CCBE04A6A9A01EF0EEBBCD6F5C5DA.tmp' to 'E:/Usuario/Ruben/UNIVERSIDAD/TFG/Postwar/Content/FirstPersonBP/PostWar/Models/Comedor/TarrosGalletas/tarroChocolate.uasset'
[2017.08.12-09.05.35:399][982]LogSavePackage:Display: Finished SavePackage E:/Usuario/Ruben/UNIVERSIDAD/TFG/Postwar/Content/FirstPersonBP/PostWar/Models/Comedor/TarrosGalletas/tarroChocolate.uasset
[2017.08.12-09.05.35:479][982]LogSavePackage: Save=15.67ms
[2017.08.12-09.05.35:479][982]LogSavePackage: Moving 'E:/Usuario/Ruben/UNIVERSIDAD/TFG/Postwar/Saved/tarroChocolateUV7406F6174581D88B38250AB32996F558.tmp' to 'E:/Usuario/Ruben/UNIVERSIDAD/TFG/Postwar/Content/FirstPersonBP/PostWar/Models/Comedor/TarrosGalletas/tarroChocolateUV.uasset'
[2017.08.12-09.05.35:482][982]LogSavePackage:Display: Finished SavePackage E:/Usuario/Ruben/UNIVERSIDAD/TFG/Postwar/Content/FirstPersonBP/PostWar/Models/Comedor/TarrosGalletas/tarroChocolateUV.uasset
[2017.08.12-09.05.36:808][982]LogSavePackage: Save=1069.91ms
[2017.08.12-09.05.36:808][982]LogSavePackage: Moving 'E:/Usuario/Ruben/UNIVERSIDAD/TFG/Postwar/Saved/Mapa811C02C045E8442C4FBCFDB69A935920.tmp' to 'E:/Usuario/Ruben/UNIVERSIDAD/TFG/Postwar/Content/FirstPersonBP/PostWar/Niveles/Mapa.umap'
[2017.08.12-09.05.36:812][982]LogSavePackage:Display: Finished SavePackage E:/Usuario/Ruben/UNIVERSIDAD/TFG/Postwar/Content/FirstPersonBP/PostWar/Niveles/Mapa.umap
[2017.08.12-09.05.36:847][982]LogFileHelpers: Saving map 'Mapa' took 1.360
[2017.08.12-09.17.35:428][542]Cmd: QUIT_EDITOR
[2017.08.12-09.17.35:654][542]LogWindowsTextInputMethodSystem:Display: IME system now deactivated.
[2017.08.12-09.17.35:669][542]LogExit: Preparing to exit.
[2017.08.12-09.17.36:402][542]LogExit: Editor shut down
[2017.08.12-09.17.36:406][542]LogExit: Transaction tracking system shut down
[2017.08.12-09.17.36:848][542]LogObj: Freed 0b from 0 cluster array pools.
[2017.08.12-09.17.36:848][542]LogExit: Object subsystem successfully closed.
[2017.08.12-09.17.36:932][542]LogD3D11RHI: Shutdown
[2017.08.12-09.17.36:932][542]LogD3D11RHI: CleanupD3DDevice
[2017.08.12-09.17.37:128][542]LogD3D11RHI: ~FD3D11DynamicRHI
[2017.08.12-09.17.37:160][542]LogModuleManager: Shutting down and abandoning module MovieSceneCapture (530)
[2017.08.12-09.17.37:160][542]LogModuleManager: Shutting down and abandoning module HierarchicalLODUtilities (528)
[2017.08.12-09.17.37:160][542]LogModuleManager: Shutting down and abandoning module MaterialEditor (526)
[2017.08.12-09.17.37:160][542]LogModuleManager: Shutting down and abandoning module HierarchicalLODOutliner (524)
[2017.08.12-09.17.37:160][542]LogModuleManager: Shutting down and abandoning module CrashTracker (522)
[2017.08.12-09.17.37:160][542]LogModuleManager: Shutting down and abandoning module SceneOutliner (520)
[2017.08.12-09.17.37:160][542]LogModuleManager: Shutting down and abandoning module AddContentDialog (518)
[2017.08.12-09.17.37:161][542]LogDirectoryWatcher: A directory notification for 'D:/Program Files/Epic Games/UE_4.16/FeaturePacks/' was aborted.
[2017.08.12-09.17.37:162][542]LogModuleManager: Shutting down and abandoning module WidgetCarousel (517)
[2017.08.12-09.17.37:162][542]LogModuleManager: Shutting down and abandoning module EditorWidgets (514)
[2017.08.12-09.17.37:162][542]LogModuleManager: Shutting down and abandoning module CollectionManager (512)
[2017.08.12-09.17.37:162][542]LogDirectoryWatcher: A directory notification for 'E:/Usuario/Ruben/UNIVERSIDAD/TFG/Postwar/Content/Collections/' was aborted.
[2017.08.12-09.17.37:162][542]LogDirectoryWatcher: A directory notification for 'E:/Usuario/Ruben/UNIVERSIDAD/TFG/Postwar/Content/Developers/cripe/Collections/' was aborted.
[2017.08.12-09.17.37:162][542]LogDirectoryWatcher: A directory notification for 'E:/Usuario/Ruben/UNIVERSIDAD/TFG/Postwar/Saved/Collections/' was aborted.
[2017.08.12-09.17.37:162][542]LogModuleManager: Shutting down and abandoning module StatsViewer (510)
[2017.08.12-09.17.37:163][542]LogModuleManager: Shutting down and abandoning module FoliageEdit (508)
[2017.08.12-09.17.37:163][542]LogModuleManager: Shutting down and abandoning module LandscapeEditor (506)
[2017.08.12-09.17.37:164][542]LogModuleManager: Shutting down and abandoning module MeshPaintMode (504)
[2017.08.12-09.17.37:164][542]LogModuleManager: Shutting down and abandoning module SceneDepthPickerMode (502)
[2017.08.12-09.17.37:164][542]LogModuleManager: Shutting down and abandoning module ActorPickerMode (500)
[2017.08.12-09.17.37:164][542]LogModuleManager: Shutting down and abandoning module GeometryMode (498)
[2017.08.12-09.17.37:164][542]LogModuleManager: Shutting down and abandoning module TextureAlignMode (496)
[2017.08.12-09.17.37:164][542]LogModuleManager: Shutting down and abandoning module BspMode (494)
[2017.08.12-09.17.37:164][542]LogModuleManager: Shutting down and abandoning module HardwareSurvey (492)
[2017.08.12-09.17.37:164][542]LogModuleManager: Shutting down and abandoning module SequenceRecorderSections (490)
[2017.08.12-09.17.37:164][542]LogModuleManager: Shutting down and abandoning module AutomationWorker (488)
[2017.08.12-09.17.37:165][542]LogModuleManager: Shutting down and abandoning module MatineeToLevelSequence (486)
[2017.08.12-09.17.37:165][542]LogModuleManager: Shutting down and abandoning module LevelSequenceEditor (484)
[2017.08.12-09.17.37:167][542]LogModuleManager: Shutting down and abandoning module PlacementMode (483)
[2017.08.12-09.17.37:167][542]LogModuleManager: Shutting down and abandoning module WmfMediaFactory (480)
[2017.08.12-09.17.37:167][542]LogModuleManager: Shutting down and abandoning module WmfMediaEditor (478)
[2017.08.12-09.17.37:167][542]LogModuleManager: Shutting down and abandoning module AvfMediaFactory (476)
[2017.08.12-09.17.37:167][542]LogModuleManager: Shutting down and abandoning module AvfMediaEditor (474)
[2017.08.12-09.17.37:167][542]LogModuleManager: Shutting down and abandoning module AndroidMediaFactory (472)
[2017.08.12-09.17.37:167][542]LogModuleManager: Shutting down and abandoning module Media (471)
[2017.08.12-09.17.37:167][542]LogModuleManager: Shutting down and abandoning module AndroidMediaEditor (468)
[2017.08.12-09.17.37:167][542]LogModuleManager: Shutting down and abandoning module CharacterAI (466)
[2017.08.12-09.17.37:167][542]LogModuleManager: Shutting down and abandoning module AudioCapture (464)
[2017.08.12-09.17.37:167][542]LogModuleManager: Shutting down and abandoning module SequenceRecorder (463)
[2017.08.12-09.17.37:167][542]LogModuleManager: Shutting down and abandoning module SmartSnapping (460)
[2017.08.12-09.17.37:168][542]LogModuleManager: Shutting down and abandoning module SessionServices (458)
[2017.08.12-09.17.37:168][542]LogModuleManager: Shutting down and abandoning module ViewportSnapping (456)
[2017.08.12-09.17.37:168][542]LogModuleManager: Shutting down and abandoning module ViewportInteraction (454)
[2017.08.12-09.17.37:168][542]LogModuleManager: Shutting down and abandoning module ClothPainter (452)
[2017.08.12-09.17.37:169][542]LogModuleManager: Shutting down and abandoning module LogVisualizer (450)
[2017.08.12-09.17.37:170][542]LogModuleManager: Shutting down and abandoning module IntroTutorials (448)
[2017.08.12-09.17.37:171][542]LogModuleManager: Shutting down and abandoning module GameProjectGeneration (447)
[2017.08.12-09.17.37:172][542]LogModuleManager: Shutting down and abandoning module EditorLiveStreaming (444)
[2017.08.12-09.17.37:172][542]LogModuleManager: Shutting down and abandoning module IOSPlatformEditor (442)
[2017.08.12-09.17.37:173][542]LogModuleManager: Shutting down and abandoning module HTML5PlatformEditor (440)
[2017.08.12-09.17.37:173][542]LogModuleManager: Shutting down and abandoning module AndroidPlatformEditor (438)
[2017.08.12-09.17.37:173][542]LogModuleManager: Shutting down and abandoning module AndroidDeviceDetection (437)
[2017.08.12-09.17.37:344][542]LogModuleManager: Shutting down and abandoning module IOSRuntimeSettings (434)
[2017.08.12-09.17.37:344][542]LogModuleManager: Shutting down and abandoning module AndroidRuntimeSettings (432)
[2017.08.12-09.17.37:344][542]LogModuleManager: Shutting down and abandoning module InputBindingEditor (430)
[2017.08.12-09.17.37:345][542]LogModuleManager: Shutting down and abandoning module MergeActors (428)
[2017.08.12-09.17.37:345][542]LogModuleManager: Shutting down and abandoning module SizeMap (426)
[2017.08.12-09.17.37:345][542]LogModuleManager: Shutting down and abandoning module TreeMap (424)
[2017.08.12-09.17.37:346][542]LogModuleManager: Shutting down and abandoning module ReferenceViewer (422)
[2017.08.12-09.17.37:346][542]LogModuleManager: Shutting down and abandoning module LocalizationDashboard (420)
[2017.08.12-09.17.37:347][542]LogModuleManager: Shutting down and abandoning module LocalizationService (419)
[2017.08.12-09.17.37:347][542]LogModuleManager: Shutting down and abandoning module HardwareTargeting (416)
[2017.08.12-09.17.37:347][542]LogModuleManager: Shutting down and abandoning module DeviceProfileEditor (414)
[2017.08.12-09.17.37:347][542]LogModuleManager: Shutting down and abandoning module UndoHistory (412)
[2017.08.12-09.17.37:348][542]LogModuleManager: Shutting down and abandoning module UserFeedback (410)
[2017.08.12-09.17.37:348][542]LogModuleManager: Shutting down and abandoning module XmlParser (408)
[2017.08.12-09.17.37:348][542]LogModuleManager: Shutting down and abandoning module Blutility (406)
[2017.08.12-09.17.37:348][542]LogModuleManager: Shutting down and abandoning module ProjectSettingsViewer (404)
[2017.08.12-09.17.37:348][542]LogModuleManager: Shutting down and abandoning module ProjectTargetPlatformEditor (403)
[2017.08.12-09.17.37:348][542]LogModuleManager: Shutting down and abandoning module EditorSettingsViewer (400)
[2017.08.12-09.17.37:348][542]LogModuleManager: Shutting down and abandoning module SettingsEditor (398)
[2017.08.12-09.17.37:349][542]LogModuleManager: Shutting down and abandoning module ProjectLauncher (396)
[2017.08.12-09.17.37:349][542]LogModuleManager: Shutting down and abandoning module SessionFrontend (394)
[2017.08.12-09.17.37:350][542]LogModuleManager: Shutting down and abandoning module ProfilerClient (392)
[2017.08.12-09.17.37:351][542]LogModuleManager: Shutting down and abandoning module DeviceManager (390)
[2017.08.12-09.17.37:351][542]LogModuleManager: Shutting down and abandoning module TargetDeviceServices (389)
[2017.08.12-09.17.37:414][542]LogModuleManager: Shutting down and abandoning module AutomationController (386)
[2017.08.12-09.17.37:415][542]LogModuleManager: Shutting down and abandoning module AutomationWindow (384)
[2017.08.12-09.17.37:416][542]LogModuleManager: Shutting down and abandoning module Layers (382)
[2017.08.12-09.17.37:417][542]LogModuleManager: Shutting down and abandoning module ComponentVisualizers (380)
[2017.08.12-09.17.37:417][542]LogModuleManager: Shutting down and abandoning module DetailCustomizations (378)
[2017.08.12-09.17.37:417][542]LogModuleManager: Shutting down and abandoning module PackagesDialog (376)
[2017.08.12-09.17.37:417][542]LogModuleManager: Shutting down and abandoning module Persona (374)
[2017.08.12-09.17.37:419][542]LogModuleManager: Shutting down and abandoning module AdvancedPreviewScene (373)
[2017.08.12-09.17.37:419][542]LogModuleManager: Shutting down and abandoning module AnimGraph (371)
[2017.08.12-09.17.37:419][542]LogModuleManager: Shutting down and abandoning module Kismet (368)
[2017.08.12-09.17.37:422][542]LogModuleManager: Shutting down and abandoning module ClassViewer (366)
[2017.08.12-09.17.37:422][542]LogModuleManager: Shutting down and abandoning module Toolbox (364)
[2017.08.12-09.17.37:422][542]LogModuleManager: Shutting down and abandoning module ModuleUI (362)
[2017.08.12-09.17.37:422][542]LogModuleManager: Shutting down and abandoning module MovieSceneTools (360)
[2017.08.12-09.17.37:423][542]LogModuleManager: Shutting down and abandoning module OutputLog (358)
[2017.08.12-09.17.37:424][542]LogModuleManager: Shutting down and abandoning module GammaUI (356)
[2017.08.12-09.17.37:424][542]LogModuleManager: Shutting down and abandoning module Documentation (354)
[2017.08.12-09.17.37:424][542]LogModuleManager: Shutting down and abandoning module MovieSceneTracks (352)
[2017.08.12-09.17.37:424][542]LogModuleManager: Shutting down and abandoning module MovieScene (350)
[2017.08.12-09.17.37:424][542]LogModuleManager: Shutting down and abandoning module Niagara (348)
[2017.08.12-09.17.37:424][542]LogModuleManager: Shutting down and abandoning module NiagaraEditor (347)
[2017.08.12-09.17.37:426][542]LogModuleManager: Shutting down and abandoning module StreamingPauseRendering (344)
[2017.08.12-09.17.37:426][542]LogModuleManager: Shutting down and abandoning module AnalyticsET (342)
[2017.08.12-09.17.37:426][542]LogModuleManager: Shutting down and abandoning module PortalServices (340)
[2017.08.12-09.17.37:426][542]LogModuleManager: Shutting down and abandoning module PortalRpc (338)
[2017.08.12-09.17.37:426][542]LogModuleManager: Shutting down and abandoning module MessagingRpc (336)
[2017.08.12-09.17.37:426][542]LogModuleManager: Shutting down and abandoning module AIModule (334)
[2017.08.12-09.17.37:426][542]LogModuleManager: Shutting down and abandoning module GameplayDebugger (333)
[2017.08.12-09.17.37:426][542]LogModuleManager: Shutting down and abandoning module AITestSuite (331)
[2017.08.12-09.17.37:427][542]LogModuleManager: Shutting down and abandoning module ProfilerService (328)
[2017.08.12-09.17.37:478][542]LogModuleManager: Shutting down and abandoning module TaskGraph (326)
[2017.08.12-09.17.37:478][542]LogModuleManager: Shutting down and abandoning module SteamVRController (324)
[2017.08.12-09.17.37:479][542]LogModuleManager: Shutting down and abandoning module SteamVR (322)
[2017.08.12-09.17.37:479][542]LogModuleManager: Shutting down and abandoning module ProceduralMeshComponentEditor (320)
[2017.08.12-09.17.37:479][542]LogModuleManager: Shutting down and abandoning module ProceduralMeshComponent (318)
[2017.08.12-09.17.37:479][542]LogModuleManager: Shutting down and abandoning module OculusLibrary (316)
[2017.08.12-09.17.37:479][542]LogModuleManager: Shutting down and abandoning module OculusInput (314)
[2017.08.12-09.17.37:479][542]LogModuleManager: Shutting down and abandoning module MobilePatchingUtils (312)
[2017.08.12-09.17.37:479][542]LogModuleManager: Shutting down and abandoning module CustomMeshComponent (310)
[2017.08.12-09.17.37:479][542]LogModuleManager: Shutting down and abandoning module CableComponent (308)
[2017.08.12-09.17.37:479][542]LogModuleManager: Shutting down and abandoning module ArchVisCharacter (306)
[2017.08.12-09.17.37:479][542]LogModuleManager: Shutting down and abandoning module AndroidPermission (304)
[2017.08.12-09.17.37:479][542]LogModuleManager: Shutting down and abandoning module MediaPlayerEditor (300)
[2017.08.12-09.17.37:480][542]LogModuleManager: Shutting down and abandoning module HTML5Networking (298)
[2017.08.12-09.17.37:480][542]LogModuleManager: Shutting down and abandoning module AlembicImporter (296)
[2017.08.12-09.17.37:481][542]LogModuleManager: Shutting down and abandoning module AlembicLibrary (295)
[2017.08.12-09.17.37:481][542]LogModuleManager: Shutting down and abandoning module GeometryCache (294)
[2017.08.12-09.17.37:481][542]LogModuleManager: Shutting down and abandoning module GeometryCacheEd (293)
[2017.08.12-09.17.37:481][542]LogModuleManager: Shutting down and abandoning module SuperSearchEditor (288)
[2017.08.12-09.17.37:481][542]LogModuleManager: Shutting down and abandoning module SuperSearch (287)
[2017.08.12-09.17.37:481][542]LogModuleManager: Shutting down and abandoning module SpeedTreeImporter (284)
[2017.08.12-09.17.37:481][542]LogModuleManager: Shutting down and abandoning module PluginBrowser (282)
[2017.08.12-09.17.37:482][542]LogModuleManager: Shutting down and abandoning module MobileLauncherProfileWizard (280)
[2017.08.12-09.17.37:483][542]LogModuleManager: Shutting down and abandoning module VisualStudioSourceCodeAccess (278)
[2017.08.12-09.17.37:483][542]LogModuleManager: Shutting down and abandoning module DesktopPlatform (277)
[2017.08.12-09.17.37:483][542]LogModuleManager: Shutting down and abandoning module UObjectPlugin (274)
[2017.08.12-09.17.37:483][542]LogModuleManager: Shutting down and abandoning module SubversionSourceControl (272)
[2017.08.12-09.17.37:484][542]LogModuleManager: Shutting down and abandoning module PerforceSourceControl (270)
[2017.08.12-09.17.37:484][542]LogModuleManager: Shutting down and abandoning module GitSourceControl (268)
[2017.08.12-09.17.37:485][542]LogModuleManager: Shutting down and abandoning module SourceControl (267)
[2017.08.12-09.17.37:485][542]LogModuleManager: Shutting down and abandoning module LightPropagationVolumeEditor (264)
[2017.08.12-09.17.37:485][542]LogModuleManager: Shutting down and abandoning module PaperTiledImporter (262)
[2017.08.12-09.17.37:485][542]LogModuleManager: Shutting down and abandoning module PaperSpriteSheetImporter (260)
[2017.08.12-09.17.37:485][542]LogModuleManager: Shutting down and abandoning module Paper2DEditor (258)
[2017.08.12-09.17.37:486][542]LogModuleManager: Shutting down and abandoning module MeshPaint (257)
[2017.08.12-09.17.37:486][542]LogModuleManager: Shutting down and abandoning module LevelEditor (255)
[2017.08.12-09.17.37:487][542]LogModuleManager: Shutting down and abandoning module PixelInspectorModule (254)
[2017.08.12-09.17.37:487][542]LogModuleManager: Shutting down and abandoning module MainFrame (252)
[2017.08.12-09.17.37:488][542]LogModuleManager: Shutting down and abandoning module HotReload (251)
[2017.08.12-09.17.37:488][542]LogModuleManager: Shutting down and abandoning module PhysXVehiclesEditor (246)
[2017.08.12-09.17.37:489][542]LogModuleManager: Shutting down and abandoning module PhysXVehicles (244)
[2017.08.12-09.17.37:489][542]LogModuleManager: Shutting down and abandoning module LocationServicesBPLibrary (242)
[2017.08.12-09.17.37:489][542]LogModuleManager: Shutting down and abandoning module ImmediatePhysicsEditor (240)
[2017.08.12-09.17.37:489][542]LogModuleManager: Shutting down and abandoning module ImmediatePhysics (238)
[2017.08.12-09.17.37:489][542]LogModuleManager: Shutting down and abandoning module UdpMessaging (236)
[2017.08.12-09.17.37:591][542]LogModuleManager: Shutting down and abandoning module TcpMessaging (234)
[2017.08.12-09.17.37:692][542]LogModuleManager: Shutting down and abandoning module GameplayTagsEditor (232)
[2017.08.12-09.17.37:693][542]LogModuleManager: Shutting down and abandoning module FacialAnimationEditor (230)
[2017.08.12-09.17.37:693][542]LogModuleManager: Shutting down and abandoning module FacialAnimation (228)
[2017.08.12-09.17.37:693][542]LogModuleManager: Shutting down and abandoning module AssetManagerEditor (226)
[2017.08.12-09.17.37:694][542]LogModuleManager: Shutting down and abandoning module GraphEditor (225)
[2017.08.12-09.17.37:694][542]LogModuleManager: Shutting down and abandoning module ContentBrowser (223)
[2017.08.12-09.17.37:695][542]LogModuleManager: Shutting down and abandoning module LightPropagationVolumeRuntime (220)
[2017.08.12-09.17.37:695][542]LogModuleManager: Shutting down and abandoning module Paper2D (218)
[2017.08.12-09.17.37:696][542]LogModuleManager: Shutting down and abandoning module WindowsMoviePlayer (216)
[2017.08.12-09.17.37:696][542]LogModuleManager: Shutting down and abandoning module WmfMedia (214)
[2017.08.12-09.17.37:696][542]LogModuleManager: Shutting down and abandoning module ClothingSystemEditor (212)
[2017.08.12-09.17.37:696][542]LogModuleManager: Shutting down and abandoning module ClothingSystemRuntime (210)
[2017.08.12-09.17.37:697][542]LogModuleManager: Shutting down and abandoning module MediaAssets (208)
[2017.08.12-09.17.37:697][542]LogModuleManager: Shutting down and abandoning module GameLiveStreaming (206)
[2017.08.12-09.17.37:697][542]LogModuleManager: Shutting down and abandoning module VREditor (204)
[2017.08.12-09.17.37:698][542]LogModuleManager: Shutting down and abandoning module StringTableEditor (202)
[2017.08.12-09.17.37:699][542]LogModuleManager: Shutting down and abandoning module GameplayTasksEditor (200)
[2017.08.12-09.17.37:699][542]LogModuleManager: Shutting down and abandoning module BehaviorTreeEditor (198)
[2017.08.12-09.17.37:701][542]LogModuleManager: Shutting down and abandoning module FunctionalTesting (196)
[2017.08.12-09.17.37:701][542]LogModuleManager: Shutting down and abandoning module CollisionAnalyzer (194)
[2017.08.12-09.17.37:702][542]LogModuleManager: Shutting down and abandoning module UMG (192)
[2017.08.12-09.17.37:702][542]LogModuleManager: Shutting down and abandoning module UMGEditor (191)
[2017.08.12-09.17.37:704][542]LogModuleManager: Shutting down and abandoning module Sequencer (190)
[2017.08.12-09.17.37:705][542]LogModuleManager: Shutting down and abandoning module AssetTools (188)
[2017.08.12-09.17.37:707][542]LogModuleManager: Shutting down and abandoning module MessageLog (187)
[2017.08.12-09.17.37:707][542]LogModuleManager: Shutting down and abandoning module WorkspaceMenuStructure (186)
[2017.08.12-09.17.37:707][542]LogModuleManager: Shutting down and abandoning module SlateReflector (180)
[2017.08.12-09.17.37:709][542]LogModuleManager: Shutting down and abandoning module Slate (178)
[2017.08.12-09.17.37:709][542]LogModuleManager: Shutting down and abandoning module EditorStyle (176)
[2017.08.12-09.17.37:712][542]LogModuleManager: Shutting down and abandoning module SourceCodeAccess (174)
[2017.08.12-09.17.37:712][542]LogModuleManager: Shutting down and abandoning module HeadMountedDisplay (172)
[2017.08.12-09.17.37:712][542]LogModuleManager: Shutting down and abandoning module XAudio2 (170)
[2017.08.12-09.17.37:712][542]LogModuleManager: Shutting down and abandoning module Networking (168)
[2017.08.12-09.17.37:712][542]LogModuleManager: Shutting down and abandoning module Core (164)
[2017.08.12-09.17.37:712][542]LogModuleManager: Shutting down and abandoning module AssetRegistry (162)
[2017.08.12-09.17.37:812][542]LogDirectoryWatcher: A directory notification for '../../../Engine/Content/' was aborted.
[2017.08.12-09.17.37:812][542]LogDirectoryWatcher: A directory notification for 'E:/Usuario/Ruben/UNIVERSIDAD/TFG/Postwar/Content/' was aborted.
[2017.08.12-09.17.37:812][542]LogDirectoryWatcher: A directory notification for '../../../Engine/Plugins/2D/Paper2D/Content/' was aborted.
[2017.08.12-09.17.37:812][542]LogDirectoryWatcher: A directory notification for '../../../Engine/Plugins/Runtime/GearVR/Content/' was aborted.
[2017.08.12-09.17.37:818][542]LogModuleManager: Shutting down and abandoning module DirectoryWatcher (161)
[2017.08.12-09.17.37:818][542]LogModuleManager: Shutting down and abandoning module KismetCompiler (158)
[2017.08.12-09.17.37:818][542]LogModuleManager: Shutting down and abandoning module LevelSequence (156)
[2017.08.12-09.17.37:818][542]LogModuleManager: Shutting down and abandoning module PhysXFormats (154)
[2017.08.12-09.17.37:818][542]LogModuleManager: Shutting down and abandoning module MeshUtilities (152)
[2017.08.12-09.17.37:819][542]LogModuleManager: Shutting down and abandoning module SimplygonSwarm (151)
[2017.08.12-09.17.37:819][542]LogModuleManager: Shutting down and abandoning module SimplygonMeshReduction (149)
[2017.08.12-09.17.37:819][542]LogModuleManager: Shutting down and abandoning module QuadricMeshReduction (147)
[2017.08.12-09.17.37:820][542]LogModuleManager: Shutting down and abandoning module DerivedDataCache (144)
[2017.08.12-09.17.37:834][542]LogDerivedDataCache: Shutdown
[2017.08.12-09.17.37:834][542]LogModuleManager: Shutting down and abandoning module TargetPlatform (142)
[2017.08.12-09.17.37:834][542]LogModuleManager: Shutting down and abandoning module VulkanShaderFormat (141)
[2017.08.12-09.17.37:835][542]LogModuleManager: Shutting down and abandoning module ShaderFormatVectorVM (139)
[2017.08.12-09.17.37:836][542]LogModuleManager: Shutting down and abandoning module ShaderFormatOpenGL (137)
[2017.08.12-09.17.37:836][542]LogModuleManager: Shutting down and abandoning module ShaderFormatD3D (135)
[2017.08.12-09.17.37:836][542]LogModuleManager: Shutting down and abandoning module MetalShaderFormat (133)
[2017.08.12-09.17.37:837][542]LogModuleManager: Shutting down and abandoning module TextureFormatUncompressed (131)
[2017.08.12-09.17.37:837][542]LogModuleManager: Shutting down and abandoning module TextureFormatPVR (129)
[2017.08.12-09.17.37:837][542]LogModuleManager: Shutting down and abandoning module TextureFormatDXT (127)
[2017.08.12-09.17.37:837][542]LogModuleManager: Shutting down and abandoning module TextureFormatIntelISPCTexComp (125)
[2017.08.12-09.17.37:837][542]LogModuleManager: Shutting down and abandoning module TextureFormatASTC (123)
[2017.08.12-09.17.37:837][542]LogModuleManager: Shutting down and abandoning module ImageWrapper (122)
[2017.08.12-09.17.37:837][542]LogModuleManager: Shutting down and abandoning module TextureFormatAndroid (119)
[2017.08.12-09.17.37:837][542]LogModuleManager: Shutting down and abandoning module AudioFormatOpus (117)
[2017.08.12-09.17.37:837][542]LogModuleManager: Shutting down and abandoning module AudioFormatOgg (115)
[2017.08.12-09.17.37:837][542]LogModuleManager: Shutting down and abandoning module AudioFormatADPCM (113)
[2017.08.12-09.17.37:837][542]LogModuleManager: Shutting down and abandoning module LinuxTargetPlatform (111)
[2017.08.12-09.17.37:837][542]LogModuleManager: Shutting down and abandoning module LinuxServerTargetPlatform (109)
[2017.08.12-09.17.37:837][542]LogModuleManager: Shutting down and abandoning module LinuxNoEditorTargetPlatform (107)
[2017.08.12-09.17.37:837][542]LogModuleManager: Shutting down and abandoning module LinuxClientTargetPlatform (105)
[2017.08.12-09.17.37:837][542]LogModuleManager: Shutting down and abandoning module TVOSTargetPlatform (103)
[2017.08.12-09.17.37:837][542]LogModuleManager: Shutting down and abandoning module Messaging (101)
[2017.08.12-09.17.37:837][542]LogModuleManager: Shutting down and abandoning module IOSTargetPlatform (99)
[2017.08.12-09.17.37:837][542]LogModuleManager: Shutting down and abandoning module HTML5TargetPlatform (97)
[2017.08.12-09.17.37:837][542]LogModuleManager: Shutting down and abandoning module Android_PVRTCTargetPlatform (95)
[2017.08.12-09.17.37:837][542]LogModuleManager: Shutting down and abandoning module Android_MultiTargetPlatform (93)
[2017.08.12-09.17.37:837][542]LogModuleManager: Shutting down and abandoning module Android_ETC2TargetPlatform (91)
[2017.08.12-09.17.37:837][542]LogModuleManager: Shutting down and abandoning module Android_ETC1TargetPlatform (89)
[2017.08.12-09.17.37:837][542]LogModuleManager: Shutting down and abandoning module Android_DXTTargetPlatform (87)
[2017.08.12-09.17.37:837][542]LogModuleManager: Shutting down and abandoning module Android_ATCTargetPlatform (85)
[2017.08.12-09.17.37:837][542]LogModuleManager: Shutting down and abandoning module Android_ASTCTargetPlatform (83)
[2017.08.12-09.17.37:837][542]LogModuleManager: Shutting down and abandoning module AndroidTargetPlatform (81)
[2017.08.12-09.17.37:837][542]LogModuleManager: Shutting down and abandoning module WindowsTargetPlatform (79)
[2017.08.12-09.17.37:837][542]LogModuleManager: Shutting down and abandoning module WindowsServerTargetPlatform (77)
[2017.08.12-09.17.37:837][542]LogModuleManager: Shutting down and abandoning module WindowsNoEditorTargetPlatform (75)
[2017.08.12-09.17.37:837][542]LogModuleManager: Shutting down and abandoning module WindowsClientTargetPlatform (73)
[2017.08.12-09.17.37:837][542]LogModuleManager: Shutting down and abandoning module MacTargetPlatform (71)
[2017.08.12-09.17.37:837][542]LogModuleManager: Shutting down and abandoning module MacServerTargetPlatform (69)
[2017.08.12-09.17.37:837][542]LogModuleManager: Shutting down and abandoning module MacNoEditorTargetPlatform (67)
[2017.08.12-09.17.37:837][542]LogModuleManager: Shutting down and abandoning module MacClientTargetPlatform (65)
[2017.08.12-09.17.37:837][542]LogModuleManager: Shutting down and abandoning module AllDesktopTargetPlatform (63)
[2017.08.12-09.17.37:837][542]LogModuleManager: Shutting down and abandoning module InputCore (60)
[2017.08.12-09.17.37:837][542]LogModuleManager: Shutting down and abandoning module Settings (58)
[2017.08.12-09.17.37:837][542]LogModuleManager: Shutting down and abandoning module OculusRift (56)
[2017.08.12-09.17.37:837][542]LogModuleManager: Shutting down and abandoning module GearVRController (54)
[2017.08.12-09.17.37:837][542]LogModuleManager: Shutting down and abandoning module GearVR (52)
[2017.08.12-09.17.37:838][542]LogModuleManager: Shutting down and abandoning module ExampleDeviceProfileSelector (50)
[2017.08.12-09.17.37:838][542]LogModuleManager: Shutting down and abandoning module OnlineBlueprintSupport (48)
[2017.08.12-09.17.37:838][542]LogModuleManager: Shutting down and abandoning module OnlineSubsystem (44)
[2017.08.12-09.17.37:838][542]LogOnline:Display: Unloading online subsystem: NULL
[2017.08.12-09.17.37:839][542]LogModuleManager: Shutting down and abandoning module XMPP (43)
[2017.08.12-09.17.37:840][542]LogModuleManager: Shutting down and abandoning module HTTP (41)
[2017.08.12-09.17.37:840][542]LogHttp:Display: Http module shutting down, but needs to wait on 1 outstanding Http requests:
[2017.08.12-09.17.37:840][542]LogHttp:Display: 	verb=[POST] url=[https://datarouter.ol.epicgames.com/datarouter/api/v1/public/data?SessionID=%7B87C1E4ED-4D48-7B25-A408-119AC89A103F%7D&AppID=UEEditor.Rocket.Release&AppVersion=4.16.2-3514769%2B%2B%2BUE4%2BRelease-4.16&UserID=78865e4d4a8ae815e8d400bc6125e577%7C5361294e5f654db5881228f5582e9124%7C456667b1-22e8-45ef-a524-8410a492a64f&AppEnvironment=datacollector-binary&UploadType=eteventstream] status=Processing
[2017.08.12-09.17.37:847][542]LogModuleManager: Shutting down and abandoning module SSL (40)
[2017.08.12-09.17.37:849][542]LogModuleManager: Shutting down and abandoning module HTTPChunkInstaller (36)
[2017.08.12-09.17.37:850][542]LogModuleManager: Shutting down and abandoning module AnimationModifiers (34)
[2017.08.12-09.17.37:851][542]LogModuleManager: Shutting down and abandoning module PropertyEditor (33)
[2017.08.12-09.17.37:851][542]LogModuleManager: Shutting down and abandoning module AudioEditor (30)
[2017.08.12-09.17.37:852][542]LogModuleManager: Shutting down and abandoning module TextureCompressor (28)
[2017.08.12-09.17.37:852][542]LogModuleManager: Shutting down and abandoning module ShaderCore (26)
[2017.08.12-09.17.37:852][542]LogModuleManager: Shutting down and abandoning module Landscape (24)
[2017.08.12-09.17.37:852][542]LogModuleManager: Shutting down and abandoning module SlateRHIRenderer (22)
[2017.08.12-09.17.37:853][542]LogModuleManager: Shutting down and abandoning module OpenGLDrv (20)
[2017.08.12-09.17.37:854][542]LogModuleManager: Shutting down and abandoning module D3D11RHI (18)
[2017.08.12-09.17.37:854][542]LogModuleManager: Shutting down and abandoning module AnimGraphRuntime (16)
[2017.08.12-09.17.37:854][542]LogModuleManager: Shutting down and abandoning module Renderer (14)
[2017.08.12-09.17.37:854][542]LogModuleManager: Shutting down and abandoning module Engine (12)
[2017.08.12-09.17.37:854][542]LogModuleManager: Shutting down and abandoning module CoreUObject (10)
[2017.08.12-09.17.37:854][542]LogModuleManager: Shutting down and abandoning module NetworkFile (8)
[2017.08.12-09.17.37:854][542]LogModuleManager: Shutting down and abandoning module StreamingFile (6)
[2017.08.12-09.17.37:854][542]LogModuleManager: Shutting down and abandoning module SandboxFile (4)
[2017.08.12-09.17.37:854][542]LogModuleManager: Shutting down and abandoning module PakFile (2)
[2017.08.12-09.17.37:856][542]LogExit: Exiting.
[2017.08.12-09.17.37:874][542]Log file closed, 08/12/17 11:17:37
