Log file open, 08/26/17 19:45:34
LogInit:Display: Running engine for game: Postwar
LogPlatformFile: Not using cached read wrapper
LogInit:Display: RandInit(548500247) SRandInit(548500247).
LogTaskGraph: Started task graph with 5 named threads and 8 total threads with 1 sets of task threads.
LogStats: Stats thread started at 0.513373
LogInit: Using libcurl 7.47.1
LogInit:  - built for x86_64-pc-win32
LogInit:  - supports SSL with OpenSSL/1.0.2g
LogInit:  - supports HTTP deflate (compression) using libz 1.2.8
LogInit:  - other features:
LogInit:      CURL_VERSION_SSL
LogInit:      CURL_VERSION_LIBZ
LogInit:      CURL_VERSION_IPV6
LogInit:      CURL_VERSION_ASYNCHDNS
LogInit:      CURL_VERSION_LARGEFILE
LogInit:      CURL_VERSION_IDN
LogInit:  CurlRequestOptions (configurable via config and command line):
LogInit:  - bVerifyPeer = false  - Libcurl will NOT verify peer certificate
LogInit:  - bUseHttpProxy = false  - Libcurl will NOT use HTTP proxy
LogInit:  - bDontReuseConnections = false  - Libcurl will reuse connections
LogInit:  - CertBundlePath = nullptr  - Libcurl will use whatever was configured at build time.
LogInit: Build: ++UE4+Release-4.16-CL-3514769
LogInit: Engine Version: 4.16.2-3514769+++UE4+Release-4.16
LogInit: Compatible Engine Version: 4.16.0-3452394+++UE4+Release-4.16
LogInit: Net CL: 3452394
LogDevObjectVersion: Number of dev versions registered: 16
LogDevObjectVersion:   Dev-Blueprints (B0D832E4-1F89-4F0D-ACCF-7EB736FD4AA2): 9
LogDevObjectVersion:   Dev-Build (E1C64328-A22C-4D53-A36C-8E866417BD8C): 0
LogDevObjectVersion:   Dev-Core (375EC13C-06E4-48FB-B500-84F0262A717E): 2
LogDevObjectVersion:   Dev-Editor (E4B068ED-F494-42E9-A231-DA0B2E46BB41): 17
LogDevObjectVersion:   Dev-Framework (CFFC743F-43B0-4480-9391-14DF171D2073): 23
LogDevObjectVersion:   Dev-Mobile (B02B49B5-BB20-44E9-A304-32B752E40360): 0
LogDevObjectVersion:   Dev-Networking (A4E4105C-59A1-49B5-A7C5-40C4547EDFEE): 0
LogDevObjectVersion:   Dev-Online (39C831C9-5AE6-47DC-9A44-9C173E1C8E7C): 0
LogDevObjectVersion:   Dev-Physics (78F01B33-EBEA-4F98-B9B4-84EACCB95AA2): 0
LogDevObjectVersion:   Dev-Platform (6631380F-2D4D-43E0-8009-CF276956A95A): 0
LogDevObjectVersion:   Dev-Rendering (12F88B9F-8875-4AFC-A67C-D90C383ABD29): 15
LogDevObjectVersion:   Dev-Sequencer (7B5AE74C-D270-4C10-A958-57980B212A5A): 4
LogDevObjectVersion:   Dev-VR (D7296918-1DD6-4BDD-9DE2-64A83CC13884): 0
LogDevObjectVersion:   Dev-LoadTimes (C2A15278-BFE7-4AFE-6C17-90FF531DF755): 1
LogDevObjectVersion:   Private-Geometry (6EACA3D4-40EC-4CC1-B786-8BED09428FC5): 1
LogDevObjectVersion:   Dev-AnimPhys (29E575DD-E0A3-4627-9D10-D276232CDCEA): 3
LogInit: Compiled (64-bit): Jun 29 2017 02:03:24
LogInit: Compiled with Visual C++: 19.00.24215.01
LogInit: Build Configuration: Development
LogInit: Branch Name: ++UE4+Release-4.16
LogInit: Command line:  
LogInit: Base directory: D:/Program Files/Epic Games/UE_4.16/Engine/Binaries/Win64/
LogInit: Installed Engine Build: 1
LogInit: Presizing for max 8388607 objects, including 0 objects not considered by GC, pre-allocating 0 bytes for permanent pool.
LogInit: Object subsystem initialized
[2017.08.26-17.45.35:222][  0]LogInit: Selected Device Profile: [Windows]
[2017.08.26-17.45.35:222][  0]LogInit: Applying CVar settings loaded from the selected device profile: [Windows]
[2017.08.26-17.45.35:250][  0]LogInit: Computer: DESKTOP-T9NOKQO
[2017.08.26-17.45.35:250][  0]LogInit: User: cripe
[2017.08.26-17.45.35:250][  0]LogInit: CPU Page size=4096, Cores=4
[2017.08.26-17.45.35:250][  0]LogInit: High frequency timer resolution =2.435765 MHz
[2017.08.26-17.45.35:250][  0]LogMemory: Memory total: Physical=15.9GB (16GB approx)
[2017.08.26-17.45.35:250][  0]LogMemory: Platform Memory Stats for Windows
[2017.08.26-17.45.35:250][  0]LogMemory: Process Physical Memory: 273.28 MB used, 273.28 MB peak
[2017.08.26-17.45.35:250][  0]LogMemory: Process Virtual Memory: 263.18 MB used, 263.18 MB peak
[2017.08.26-17.45.35:250][  0]LogMemory: Physical Memory: 5872.94 MB used,  10430.20 MB free, 16303.14 MB total
[2017.08.26-17.45.35:250][  0]LogMemory: Virtual Memory: 626.64 MB used,  10430.20 MB free, 134217728.00 MB total
[2017.08.26-17.45.35:391][  0]LogInit: Overriding language with editor language configuration option (en).
[2017.08.26-17.45.35:391][  0]LogInit: Overriding locale with editor locale configuration option (en).
[2017.08.26-17.45.36:575][  0]LogD3D11RHI: D3D11 adapters:
[2017.08.26-17.45.37:183][  0]LogD3D11RHI:    0. 'NVIDIA GeForce GTX 860M' (Feature Level 11_0)
[2017.08.26-17.45.37:183][  0]LogD3D11RHI:       2017/0/8151 MB DedicatedVideo/DedicatedSystem/SharedSystem, Outputs:2, VendorId:0x10de
[2017.08.26-17.45.37:191][  0]LogD3D11RHI:    1. 'Intel(R) HD Graphics 4600' (Feature Level 11_0)
[2017.08.26-17.45.37:191][  0]LogD3D11RHI:       112/0/2048 MB DedicatedVideo/DedicatedSystem/SharedSystem, Outputs:0, VendorId:0x8086
[2017.08.26-17.45.37:192][  0]LogD3D11RHI:    2. 'Microsoft Basic Render Driver' (Feature Level 11_0)
[2017.08.26-17.45.37:192][  0]LogD3D11RHI:       0/0/8151 MB DedicatedVideo/DedicatedSystem/SharedSystem, Outputs:0, VendorId:0x1414
[2017.08.26-17.45.37:192][  0]LogD3D11RHI: Chosen D3D11 Adapter: 0
[2017.08.26-17.45.37:198][  0]LogD3D11RHI: Creating new Direct3DDevice
[2017.08.26-17.45.37:198][  0]LogD3D11RHI:     GPU DeviceId: 0x119a (for the marketing name, search the web for "GPU Device Id")
[2017.08.26-17.45.37:198][  0]LogWindows: EnumDisplayDevices:
[2017.08.26-17.45.37:198][  0]LogWindows:    0. 'Intel(R) HD Graphics 4600' (P:1 D:1)
[2017.08.26-17.45.37:198][  0]LogWindows:    1. 'Intel(R) HD Graphics 4600' (P:0 D:1)
[2017.08.26-17.45.37:198][  0]LogWindows:    2. 'Intel(R) HD Graphics 4600' (P:0 D:0)
[2017.08.26-17.45.37:198][  0]LogWindows: DebugString: PrimaryIsNotTheChoosenAdapter PrimaryIsNotTheChoosenAdapter PrimaryIsNotTheChoosenAdapter FoundDriverCount:0 
[2017.08.26-17.45.37:198][  0]LogD3D11RHI:     Adapter Name: NVIDIA GeForce GTX 860M
[2017.08.26-17.45.37:198][  0]LogD3D11RHI:   Driver Version: Unknown (internal:Unknown, unified:Unknown)
[2017.08.26-17.45.37:198][  0]LogD3D11RHI:      Driver Date: Unknown
[2017.08.26-17.45.37:198][  0]LogRHI: Texture pool is 1361 MB (70% of 1945 MB)
[2017.08.26-17.45.37:753][  0]LogD3D11RHI: Async texture creation enabled
[2017.08.26-17.45.37:788][  0]LogD3D11RHI: GPU Timing Frequency: 1000.000000 (Debug: 2 2)
[2017.08.26-17.45.37:796][  0]LogShaderCompilers: Guid format shader working directory is 6 characters bigger than the processId version (E:/Usuario/Ruben/UNIVERSIDAD/TFG/Postwar/Intermediate/Shaders/WorkingDirectory/3352/).
[2017.08.26-17.45.37:796][  0]LogShaderCompilers: Cleaned the shader compiler working directory 'C:/Users/cripe/AppData/Local/Temp/UnrealShaderWorkingDir/30A4D53D4215B24DCB7A7EB52FB5D57C/'.
[2017.08.26-17.45.37:796][  0]LogShaderCompilers:Display: Using Local Shader Compiler.
[2017.08.26-17.45.39:165][  0]LogTemp:Display: Loaded TP AllDesktopTargetPlatform
[2017.08.26-17.45.39:214][  0]LogTemp:Display: Loaded TP MacClientTargetPlatform
[2017.08.26-17.45.39:263][  0]LogTemp:Display: Loaded TP MacNoEditorTargetPlatform
[2017.08.26-17.45.39:313][  0]LogTemp:Display: Loaded TP MacServerTargetPlatform
[2017.08.26-17.45.39:364][  0]LogTemp:Display: Loaded TP MacTargetPlatform
[2017.08.26-17.45.39:415][  0]LogTemp:Display: Loaded TP WindowsClientTargetPlatform
[2017.08.26-17.45.39:469][  0]LogTemp:Display: Loaded TP WindowsNoEditorTargetPlatform
[2017.08.26-17.45.39:523][  0]LogTemp:Display: Loaded TP WindowsServerTargetPlatform
[2017.08.26-17.45.39:566][  0]LogTemp:Display: Loaded TP WindowsTargetPlatform
[2017.08.26-17.45.39:612][  0]LogTemp:Display: Loaded TP AndroidTargetPlatform
[2017.08.26-17.45.39:658][  0]LogTemp:Display: Loaded TP Android_ASTCTargetPlatform
[2017.08.26-17.45.39:709][  0]LogTemp:Display: Loaded TP Android_ATCTargetPlatform
[2017.08.26-17.45.39:755][  0]LogTemp:Display: Loaded TP Android_DXTTargetPlatform
[2017.08.26-17.45.39:802][  0]LogTemp:Display: Loaded TP Android_ETC1TargetPlatform
[2017.08.26-17.45.39:849][  0]LogTemp:Display: Loaded TP Android_ETC2TargetPlatform
[2017.08.26-17.45.39:947][  0]LogTemp:Display: Loaded TP Android_MultiTargetPlatform
[2017.08.26-17.45.39:947][  0]LogTemp:Display: Loaded TP Android_PVRTCTargetPlatform
[2017.08.26-17.45.39:988][  0]LogTemp:Display: Loaded TP HTML5TargetPlatform
[2017.08.26-17.45.40:077][  0]LogTemp:Display: Loaded TP IOSTargetPlatform
[2017.08.26-17.45.40:104][  0]LogTemp:Display: Loaded TP TVOSTargetPlatform
[2017.08.26-17.45.40:153][  0]LogTemp:Display: Loaded TP LinuxClientTargetPlatform
[2017.08.26-17.45.40:202][  0]LogTemp:Display: Loaded TP LinuxNoEditorTargetPlatform
[2017.08.26-17.45.40:253][  0]LogTemp:Display: Loaded TP LinuxServerTargetPlatform
[2017.08.26-17.45.40:301][  0]LogTemp:Display: Loaded TP LinuxTargetPlatform
[2017.08.26-17.45.40:301][  0]LogTargetPlatformManager:Display: Building Assets For Windows
[2017.08.26-17.45.40:804][  0]LogDerivedDataCache:Display: Max Cache Size: 512 MB
[2017.08.26-17.45.41:159][  0]LogDerivedDataCache: Loaded boot cache 0.35s 90MB C:/Users/cripe/AppData/Local/UnrealEngine/4.16/DerivedDataCache/Boot.ddc.
[2017.08.26-17.45.41:159][  0]LogDerivedDataCache:Display: Loaded Boot cache: C:/Users/cripe/AppData/Local/UnrealEngine/4.16/DerivedDataCache/Boot.ddc
[2017.08.26-17.45.41:159][  0]LogDerivedDataCache: FDerivedDataBackendGraph:  Pak pak cache file E:/Usuario/Ruben/UNIVERSIDAD/TFG/Postwar/DerivedDataCache/DDC.ddp not found, will not use a pak cache.
[2017.08.26-17.45.41:159][  0]LogDerivedDataCache: Unable to find inner node Pak for hierarchical cache Hierarchy.
[2017.08.26-17.45.41:159][  0]LogDerivedDataCache: FDerivedDataBackendGraph:  CompressedPak pak cache file E:/Usuario/Ruben/UNIVERSIDAD/TFG/Postwar/DerivedDataCache/Compressed.ddp not found, will not use a pak cache.
[2017.08.26-17.45.41:159][  0]LogDerivedDataCache: Unable to find inner node CompressedPak for hierarchical cache Hierarchy.
[2017.08.26-17.45.41:181][  0]LogDerivedDataCache:Display: Pak cache opened for reading ../../../Engine/DerivedDataCache/Compressed.ddp.
[2017.08.26-17.45.41:195][  0]LogDerivedDataCache: Using Local data cache path C:/Users/cripe/AppData/Local/UnrealEngine/Common/DerivedDataCache: Writable
[2017.08.26-17.45.41:209][  0]LogMaterial: Verifying Global Shaders for PCD3D_SM5
[2017.08.26-17.45.41:213][  0]LogSlate: Using Freetype 2.6.0
[2017.08.26-17.45.41:218][  0]LogSlate: SlateFontCache - WITH_FREETYPE: 1, WITH_HARFBUZZ: 1
[2017.08.26-17.45.41:218][  0]LogSlate: SlateFontCache - WITH_FREETYPE: 1, WITH_HARFBUZZ: 1
[2017.08.26-17.45.42:003][  0]LogInit: Selected Device Profile: [Windows]
[2017.08.26-17.45.42:134][  0]LogContentStreaming: Texture pool size is 0.00 MB
[2017.08.26-17.45.42:326][  0]LogMeshUtilities: Using QuadricMeshReduction for automatic static mesh reduction
[2017.08.26-17.45.42:380][  0]LogSimplygon: Simplygon DLL not present - disabling.
[2017.08.26-17.45.42:431][  0]LogMeshUtilities: Using SimplygonSwarm for distributed automatic mesh merging
[2017.08.26-17.45.42:431][  0]LogMeshUtilities: No automatic skeletal mesh reduction module available
[2017.08.26-17.45.42:431][  0]LogMeshUtilities: No automatic mesh merging module available
[2017.08.26-17.45.43:217][  0]LogNetVersion: Postwar , NetCL: 3452394, EngineNetVer: 2, GameNetVer: 0 (Checksum: 2296384490)
[2017.08.26-17.45.43:293][  0]LogAssetRegistry: FAssetRegistry took 0.0285 seconds to start up
[2017.08.26-17.45.43:328][  0]LogPackageLocalizationCache: Processed 4 localized package path(s) for 1 prioritized culture(s) in 0.016878 seconds
[2017.08.26-17.45.43:334][  0]LogUObjectArray: 34194 objects as part of root set at end of initial load.
[2017.08.26-17.45.43:334][  0]LogUObjectAllocator: 7260416 out of 0 bytes used by permanent object pool.
[2017.08.26-17.45.43:334][  0]LogUObjectArray: CloseDisregardForGC: 0/0 objects in disregard for GC pool
[2017.08.26-17.45.43:391][  0]LogInit: WinSock: version 1.1 (2.2), MaxSocks=32767, MaxUdp=65467
[2017.08.26-17.45.47:094][  0]LogTcpMessaging: Initializing TcpMessaging bridge
[2017.08.26-17.45.47:136][  0]LogUdpMessaging: Initializing bridge on interface 0.0.0.0:0 to multicast group 230.0.0.1:6666.
[2017.08.26-17.45.47:768][  0]LogMaterial: Uniform references updated for custom material expression Custom.
[2017.08.26-17.45.48:214][  0]SourceControl: Info Source control is disabled
[2017.08.26-17.45.48:291][  0]SourceControl: Info Source control is disabled
[2017.08.26-17.45.48:351][  0]SourceControl: Info Source control is disabled
[2017.08.26-17.45.48:401][  0]SourceControl: Info Source control is disabled
[2017.08.26-17.45.49:181][  0]LogAndroidPermission: UAndroidPermissionCallbackProxy::GetInstance
[2017.08.26-17.45.49:833][  0]LogEngine: Initializing Engine...
[2017.08.26-17.45.49:836][  0]LogHMD: Failed to initialize OpenVR with code 110
[2017.08.26-17.45.50:119][  0]LogStats: UGameplayTagsManager::ConstructGameplayTagTree: Construct from data asset -  0.000 s
[2017.08.26-17.45.50:119][  0]LogStats: UGameplayTagsManager::ConstructGameplayTagTree: GameplayTagTreeChangedEvent.Broadcast -  0.000 s
[2017.08.26-17.45.50:268][  0]LogAIModule: Creating AISystem for world Untitled
[2017.08.26-17.45.50:288][  0]LogInit: XAudio2 using 'Altavoces (Realtek High Definition Audio)' : 2 channels at 48 kHz using 32 bits per sample (channel mask 0x3)
[2017.08.26-17.45.50:307][  0]LogInit: FAudioDevice initialized.
[2017.08.26-17.45.50:358][  0]LogDerivedDataCache: Saved boot cache 0.05s 90MB C:/Users/cripe/AppData/Local/UnrealEngine/4.16/DerivedDataCache/Boot.ddc.
[2017.08.26-17.45.50:374][  0]LogInit: Texture streaming: Enabled
[2017.08.26-17.45.50:467][  0]LogEngineSessionManager: EngineSessionManager initialized
[2017.08.26-17.45.50:778][  0]LogInit: Transaction tracking system initialized
[2017.08.26-17.45.51:198][  0]BlueprintLog: New page: Editor Load
[2017.08.26-17.45.52:285][  0]LocalizationService: Info Localization service is disabled
[2017.08.26-17.45.53:067][  0]LogConsoleResponse:Display: 
[2017.08.26-17.45.53:323][  0]LogCook:Display: Max memory allowance for cook 16384mb min free memory 0mb
[2017.08.26-17.45.53:323][  0]LogCook:Display: Mobile HDR setting 1
[2017.08.26-17.45.53:361][  0]LogFileCache: Scanning file cache for directory 'E:/Usuario/Ruben/UNIVERSIDAD/TFG/Postwar/Content/' took 0.05s
[2017.08.26-17.45.54:659][  0]SourceControl: Info Source control is disabled
[2017.08.26-17.45.54:661][  0]Cmd: MAP LOAD FILE="E:/Usuario/Ruben/UNIVERSIDAD/TFG/Postwar/Content/FirstPersonBP/PostWar/Niveles/MainMenu.umap" TEMPLATE=0 SHOWPROGRESS=1 FEATURELEVEL=3
[2017.08.26-17.45.54:715][  0]LightingResults: New page: Lighting Build
[2017.08.26-17.45.54:770][  0]MapCheck: New page: Map Check
[2017.08.26-17.45.54:770][  0]LightingResults: New page: Lighting Build
[2017.08.26-17.45.56:519][  0]LogBlueprint:Warning: [WeaponParent] 'HUD reference' variable not found. Base class was probably changed.
[2017.08.26-17.45.56:519][  0]LogBlueprint:Warning: [WeaponParent] 'Opac' variable not found. Base class was probably changed.
[2017.08.26-17.45.56:656][  0]LogBlueprint:Warning: [WeaponParent] 'HUD reference' variable not found. Base class was probably changed.
[2017.08.26-17.45.57:776][  0]LogAIModule: Creating AISystem for world MainMenu
[2017.08.26-17.45.57:782][  0]LogEditorServer: Finished looking for orphan Actors (0.000 secs)
[2017.08.26-17.45.57:810][  0]Cmd: MAP CHECKDEP NOCLEARLOG
[2017.08.26-17.45.57:901][  0]MapCheck: Info Map check complete: 0 Error(s), 0 Warning(s), took 90.79ms to complete.
[2017.08.26-17.45.57:901][  0]LogFileHelpers: Loading map 'MainMenu' took 3.240
[2017.08.26-17.45.58:107][  0]LogCollectionManager: Loaded 0 collections in 0.001897 seconds
[2017.08.26-17.45.58:205][  0]LogFileCache: Scanning file cache for directory 'E:/Usuario/Ruben/UNIVERSIDAD/TFG/Postwar/Saved/Collections/' took 0.01s
[2017.08.26-17.45.58:205][  0]LogFileCache: Scanning file cache for directory 'E:/Usuario/Ruben/UNIVERSIDAD/TFG/Postwar/Content/Developers/cripe/Collections/' took 0.01s
[2017.08.26-17.45.58:205][  0]LogFileCache: Scanning file cache for directory 'E:/Usuario/Ruben/UNIVERSIDAD/TFG/Postwar/Content/Collections/' took 0.01s
[2017.08.26-17.45.58:205][  0]LogCollectionManager: Rebuilt the GUID cache for 0 collections in 0.000002 seconds
[2017.08.26-17.45.58:217][  0]LogContentBrowser: Native class hierarchy populated in 0.0112 seconds. Added 2329 classes and 491 folders.
[2017.08.26-17.45.58:281][  0]LogContentBrowser: Native class hierarchy updated for 'WidgetCarousel' in 0.0008 seconds. Added 0 classes and 0 folders.
[2017.08.26-17.45.58:401][  0]LogContentBrowser: Native class hierarchy updated for 'AddContentDialog' in 0.0007 seconds. Added 0 classes and 0 folders.
[2017.08.26-17.45.58:453][  0]LogContentBrowser: Native class hierarchy updated for 'SceneOutliner' in 0.0006 seconds. Added 1 classes and 2 folders.
[2017.08.26-17.45.58:615][  0]LogCrashTracker: Crashtracker disabled due to settings.
[2017.08.26-17.45.58:631][  0]LogSlate: Took 0.001540 seconds to synchronously load lazily loaded font '../../../Engine/Content/Slate/Fonts/Roboto-Regular.ttf' (155K)
[2017.08.26-17.45.58:634][  0]LogSlate: Took 0.001444 seconds to synchronously load lazily loaded font '../../../Engine/Content/Slate/Fonts/Roboto-Bold.ttf' (160K)
[2017.08.26-17.45.58:640][  0]LogSlate: Took 0.001466 seconds to synchronously load lazily loaded font '../../../Engine/Content/Editor/Slate/Fonts/FontAwesome.ttf' (139K)
[2017.08.26-17.45.58:812][  0]LogRenderer: Reallocating scene render targets to support 1208x672 NumSamples 1 (Frame:1).
[2017.08.26-17.45.59:536][  0]LogUObjectGlobals:Warning: Failed to find object 'Class None.'
[2017.08.26-17.45.59:613][  0]LogContentBrowser: Native class hierarchy updated for 'HierarchicalLODOutliner' in 0.0007 seconds. Added 1 classes and 2 folders.
[2017.08.26-17.45.59:613][  0]LogLoad: (Engine Initialization) Total time: 27.19 seconds
[2017.08.26-17.45.59:613][  0]LogLoad: (Engine Initialization) Total Blueprint compile time: 0.61 seconds
[2017.08.26-17.45.59:613][  0]LogExternalProfiler: Found external profiler: VSPerf
[2017.08.26-17.45.59:613][  0]LogExternalProfiler: Using external profiler: VSPerf
[2017.08.26-17.45.59:954][  0]LogOcInput: OculusInput pre-init called
[2017.08.26-17.45.59:955][  0]LogHMD: Starting GearVRController plugin
[2017.08.26-17.45.59:994][  0]LogContentStreaming: Texture pool size now 1000 MB
[2017.08.26-17.46.00:049][  0]LogSlate: Took 0.001403 seconds to synchronously load lazily loaded font '../../../Engine/Content/Slate/Fonts/Roboto-Light.ttf' (159K)
[2017.08.26-17.46.00:976][  3]LogAssetRegistry: Asset discovery search completed in 17.7043 seconds
[2017.08.26-17.46.00:982][  3]LogCollectionManager: Rebuilt the object cache for 0 collections in 0.000001 seconds (found 0 objects)
[2017.08.26-17.46.00:982][  3]LogCollectionManager: Fixed up redirectors for 0 collections in 0.000081 seconds (updated 0 objects)
[2017.08.26-17.46.05:619][ 17]LogFileCache: Retrieving MD5 hashes for directory 'E:/Usuario/Ruben/UNIVERSIDAD/TFG/Postwar/Content/' took 5.64s
[2017.08.26-17.46.37:806][230]LogRenderer: Reallocating scene render targets to support 1312x672 NumSamples 1 (Frame:4).
[2017.08.26-17.46.45:178][604]LogSlate: Took 0.000610 seconds to synchronously load lazily loaded font '../../../Engine/Content/Slate/Fonts/Roboto-Light.ttf' (159K)
[2017.08.26-17.46.46:237][604]LogSlate: Took 0.000366 seconds to synchronously load lazily loaded font '../../../Engine/Content/Slate/Fonts/Roboto-Regular.ttf' (155K)
[2017.08.26-17.47.17:073][604]LogMaterial: Missing cached shader map for material Material__386, compiling. 
[2017.08.26-17.47.17:075][604]LogMaterial:Warning: Failed to compile Material /Game/FirstPersonBP/PostWar/Models/Power-up/Material__386.Material__386 for platform PCD3D_SM5, Default Material will be used in game.
[2017.08.26-17.47.17:075][604]LogMaterial:Warning: 	(Node TextureSample) Texture Sample> Missing input texture
[2017.08.26-17.47.20:886][604]LogMaterial: Missing cached shader map for material Metal_Galvanized, compiling. 
[2017.08.26-17.47.20:887][604]LogMaterial:Warning: Failed to compile Material /Game/FirstPersonBP/PostWar/Models/armasHabitacion/Metal_Galvanized.Metal_Galvanized for platform PCD3D_SM5, Default Material will be used in game.
[2017.08.26-17.47.20:887][604]LogMaterial:Warning: 	(Node TextureSample) TextureSample> Sampler type is Normal, should be Color for /Game/FirstPersonBP/PostWar/Models/armasHabitacion/Camo.Camo
[2017.08.26-17.47.24:817][604]LogAIModule: Creating AISystem for world Mapa
[2017.08.26-17.47.25:185][604]Cmd: MAP LOAD FILE="E:/Usuario/Ruben/UNIVERSIDAD/TFG/Postwar/Content/FirstPersonBP/PostWar/Niveles/Mapa.umap" TEMPLATE=0 SHOWPROGRESS=1 FEATURELEVEL=3
[2017.08.26-17.47.25:186][604]LightingResults: New page: Lighting Build
[2017.08.26-17.47.25:187][604]LoadErrors: New page: Loading map: Mapa.umap
[2017.08.26-17.47.25:188][604]MapCheck: New page: Map Check
[2017.08.26-17.47.25:188][604]LightingResults: New page: Lighting Build
[2017.08.26-17.47.25:618][604]LogEditorServer: Finished looking for orphan Actors (0.001 secs)
[2017.08.26-17.47.25:754][604]Cmd: MAP CHECKDEP NOCLEARLOG
[2017.08.26-17.47.26:195][604]MapCheck: Info Map check complete: 0 Error(s), 0 Warning(s), took 441.442ms to complete.
[2017.08.26-17.47.26:197][604]LogFileHelpers: Loading map 'Mapa' took 1.013
[2017.08.26-17.47.44:525][645]LogEditorViewport: Clicking on Actor (LMB): PointLight (PointLight13)
[2017.08.26-17.47.55:740][471]LogEditorViewport: Clicking on Actor (LMB): PointLight (PointLight83)
[2017.08.26-17.48.00:609][703]LogEditorViewport: Clicking on Actor (LMB): PointLight (PointLight41)
[2017.08.26-17.48.11:533][275]Cmd: TRANSACTION UNDO
[2017.08.26-17.48.11:534][275]LogEditorTransaction: Undo Edit Intensity
[2017.08.26-17.48.11:555][275]LogSlate: Took 0.000420 seconds to synchronously load lazily loaded font '../../../Engine/Content/Slate/Fonts/Roboto-Light.ttf' (159K)
[2017.08.26-17.48.15:830][519]Cmd: TRANSACTION UNDO
[2017.08.26-17.48.15:830][519]LogEditorTransaction: Undo Edit Intensity
[2017.08.26-17.48.22:789][923]Cmd: TRANSACTION UNDO
[2017.08.26-17.48.22:789][923]LogEditorTransaction: Undo Edit Attenuation Radius
[2017.08.26-17.48.43:585][ 21]LogEditorViewport: Clicking on Actor (LMB): StaticMeshActor (desayunoOptimizado)
[2017.08.26-17.48.45:508][ 97]LogEditorViewport: Clicking on Actor (LMB): StaticMeshActor (vasoPlastico17)
[2017.08.26-17.48.46:231][134]LogEditorViewport: Clicking on Actor (LMB): StaticMeshActor (desayuno)
[2017.08.26-17.48.48:053][203]LogEditorViewport: Clicking on Actor (LMB): StaticMeshActor (bancoYmesas)
[2017.08.26-17.49.37:625][966]Cmd: BRUSH ADD SELECTNEWBRUSH
[2017.08.26-17.49.39:168][ 42]Cmd: TRANSACTION UNDO
[2017.08.26-17.49.39:168][ 42]LogEditorTransaction: Undo Brush Add
[2017.08.26-17.49.45:188][389]Cmd: BRUSH ADD SELECTNEWBRUSH
[2017.08.26-17.50.07:397][576]LogTexture:Display: Building textures: Texture2D_2 (G8, 128X128)
[2017.08.26-17.50.42:653][649]Cmd: BRUSH ADD SELECTNEWBRUSH
[2017.08.26-17.51.31:587][707]Cmd: BRUSH ADD SELECTNEWBRUSH
[2017.08.26-17.52.37:132][402]LogEditorViewport: Clicking on Actor (LMB): BP_Sky_Sphere_C (BP_Sky_Sphere)
[2017.08.26-17.53.33:572][188]Cmd: DELETE
[2017.08.26-17.53.33:572][188]Cmd: ACTOR DELETE
[2017.08.26-17.53.33:582][188]LogEditorActor: Deleted Actor: Brush
[2017.08.26-17.53.33:708][188]LogEditorActor: Deleted 1 Actors (0.133 secs)
[2017.08.26-17.53.37:784][390]Cmd: DELETE
[2017.08.26-17.53.37:784][390]Cmd: ACTOR DELETE
[2017.08.26-17.53.37:793][390]LogEditorActor: Deleted Actor: Brush
[2017.08.26-17.53.37:921][390]LogEditorActor: Deleted 1 Actors (0.135 secs)
[2017.08.26-17.53.40:724][525]Cmd: DELETE
[2017.08.26-17.53.40:724][525]Cmd: ACTOR DELETE
[2017.08.26-17.53.40:733][525]LogEditorActor: Deleted Actor: Brush
[2017.08.26-17.53.40:886][525]LogEditorActor: Deleted 1 Actors (0.161 secs)
[2017.08.26-17.54.55:770][728]LogContentBrowser: Native class hierarchy updated for 'BlueprintGraph' in 0.0011 seconds. Added 112 classes and 0 folders.
[2017.08.26-17.54.56:893][728]LogSlate: Took 0.001484 seconds to synchronously load lazily loaded font '../../../Engine/Content/Editor/Slate/Fonts/Roboto-BoldCondensed.ttf' (158K)
[2017.08.26-17.54.57:492][729]LogSlate: Took 0.001593 seconds to synchronously load lazily loaded font '../../../Engine/Content/Editor/Slate/Fonts/Roboto-Italic.ttf' (157K)
[2017.08.26-17.55.01:700][798]LogRenderer: Reallocating scene render targets to support 1652x712 NumSamples 1 (Frame:1).
[2017.08.26-17.55.37:420][435]LogEditorViewport: Clicking on Actor (LMB): MaquinaDamage_C (MaquinaDamage)
[2017.08.26-17.56.19:157][648]LogEditorViewport: Clicking on Actor (LMB): MaquinaDamage_C (MaquinaDamage)
[2017.08.26-17.56.21:378][776]LogEditorViewport: Clicking on Actor (LMB): MaquinaDamage_C (MaquinaDamage)
[2017.08.26-17.56.21:449][778]LogEditorViewport: Clicking on Component (LMB): StaticMeshComponent (maquina)
[2017.08.26-17.56.31:119][115]Cmd: QUIT_EDITOR
[2017.08.26-17.56.31:167][115]LogWindowsTextInputMethodSystem:Display: IME system now deactivated.
[2017.08.26-17.56.31:177][115]LogExit: Preparing to exit.
[2017.08.26-17.56.31:848][115]LogExit: Editor shut down
[2017.08.26-17.56.31:853][115]LogExit: Transaction tracking system shut down
[2017.08.26-17.56.32:339][115]LogObj: Freed 0b from 0 cluster array pools.
[2017.08.26-17.56.32:339][115]LogExit: Object subsystem successfully closed.
[2017.08.26-17.56.32:412][115]LogD3D11RHI: Shutdown
[2017.08.26-17.56.32:412][115]LogD3D11RHI: CleanupD3DDevice
[2017.08.26-17.56.32:914][115]LogD3D11RHI: ~FD3D11DynamicRHI
[2017.08.26-17.56.32:929][115]LogModuleManager: Shutting down and abandoning module BlueprintGraph (528)
[2017.08.26-17.56.32:929][115]LogModuleManager: Shutting down and abandoning module BlueprintProfiler (526)
[2017.08.26-17.56.32:929][115]LogModuleManager: Shutting down and abandoning module HierarchicalLODOutliner (524)
[2017.08.26-17.56.32:929][115]LogModuleManager: Shutting down and abandoning module CrashTracker (522)
[2017.08.26-17.56.32:929][115]LogModuleManager: Shutting down and abandoning module SceneOutliner (520)
[2017.08.26-17.56.32:929][115]LogModuleManager: Shutting down and abandoning module AddContentDialog (518)
[2017.08.26-17.56.32:930][115]LogDirectoryWatcher: A directory notification for 'D:/Program Files/Epic Games/UE_4.16/FeaturePacks/' was aborted.
[2017.08.26-17.56.32:931][115]LogModuleManager: Shutting down and abandoning module WidgetCarousel (517)
[2017.08.26-17.56.32:931][115]LogModuleManager: Shutting down and abandoning module EditorWidgets (514)
[2017.08.26-17.56.32:931][115]LogModuleManager: Shutting down and abandoning module CollectionManager (512)
[2017.08.26-17.56.32:931][115]LogDirectoryWatcher: A directory notification for 'E:/Usuario/Ruben/UNIVERSIDAD/TFG/Postwar/Content/Collections/' was aborted.
[2017.08.26-17.56.32:931][115]LogDirectoryWatcher: A directory notification for 'E:/Usuario/Ruben/UNIVERSIDAD/TFG/Postwar/Content/Developers/cripe/Collections/' was aborted.
[2017.08.26-17.56.32:931][115]LogDirectoryWatcher: A directory notification for 'E:/Usuario/Ruben/UNIVERSIDAD/TFG/Postwar/Saved/Collections/' was aborted.
[2017.08.26-17.56.32:931][115]LogModuleManager: Shutting down and abandoning module StatsViewer (510)
[2017.08.26-17.56.32:931][115]LogModuleManager: Shutting down and abandoning module FoliageEdit (508)
[2017.08.26-17.56.32:931][115]LogModuleManager: Shutting down and abandoning module LandscapeEditor (506)
[2017.08.26-17.56.32:932][115]LogModuleManager: Shutting down and abandoning module MeshPaintMode (504)
[2017.08.26-17.56.32:932][115]LogModuleManager: Shutting down and abandoning module SceneDepthPickerMode (502)
[2017.08.26-17.56.32:932][115]LogModuleManager: Shutting down and abandoning module ActorPickerMode (500)
[2017.08.26-17.56.32:932][115]LogModuleManager: Shutting down and abandoning module GeometryMode (498)
[2017.08.26-17.56.32:932][115]LogModuleManager: Shutting down and abandoning module TextureAlignMode (496)
[2017.08.26-17.56.32:932][115]LogModuleManager: Shutting down and abandoning module BspMode (494)
[2017.08.26-17.56.32:932][115]LogModuleManager: Shutting down and abandoning module HardwareSurvey (492)
[2017.08.26-17.56.32:932][115]LogModuleManager: Shutting down and abandoning module SequenceRecorderSections (490)
[2017.08.26-17.56.32:932][115]LogModuleManager: Shutting down and abandoning module AutomationWorker (488)
[2017.08.26-17.56.32:932][115]LogModuleManager: Shutting down and abandoning module MatineeToLevelSequence (486)
[2017.08.26-17.56.32:932][115]LogModuleManager: Shutting down and abandoning module LevelSequenceEditor (484)
[2017.08.26-17.56.32:932][115]LogModuleManager: Shutting down and abandoning module PlacementMode (483)
[2017.08.26-17.56.32:932][115]LogModuleManager: Shutting down and abandoning module WmfMediaFactory (480)
[2017.08.26-17.56.32:932][115]LogModuleManager: Shutting down and abandoning module WmfMediaEditor (478)
[2017.08.26-17.56.32:932][115]LogModuleManager: Shutting down and abandoning module AvfMediaFactory (476)
[2017.08.26-17.56.32:932][115]LogModuleManager: Shutting down and abandoning module AvfMediaEditor (474)
[2017.08.26-17.56.32:932][115]LogModuleManager: Shutting down and abandoning module AndroidMediaFactory (472)
[2017.08.26-17.56.32:932][115]LogModuleManager: Shutting down and abandoning module Media (471)
[2017.08.26-17.56.32:932][115]LogModuleManager: Shutting down and abandoning module AndroidMediaEditor (468)
[2017.08.26-17.56.32:932][115]LogModuleManager: Shutting down and abandoning module CharacterAI (466)
[2017.08.26-17.56.32:932][115]LogModuleManager: Shutting down and abandoning module AudioCapture (464)
[2017.08.26-17.56.32:932][115]LogModuleManager: Shutting down and abandoning module SequenceRecorder (463)
[2017.08.26-17.56.32:932][115]LogModuleManager: Shutting down and abandoning module SmartSnapping (460)
[2017.08.26-17.56.32:932][115]LogModuleManager: Shutting down and abandoning module SessionServices (458)
[2017.08.26-17.56.32:932][115]LogModuleManager: Shutting down and abandoning module ViewportSnapping (456)
[2017.08.26-17.56.32:932][115]LogModuleManager: Shutting down and abandoning module ViewportInteraction (454)
[2017.08.26-17.56.32:932][115]LogModuleManager: Shutting down and abandoning module ClothPainter (452)
[2017.08.26-17.56.32:933][115]LogModuleManager: Shutting down and abandoning module LogVisualizer (450)
[2017.08.26-17.56.32:934][115]LogModuleManager: Shutting down and abandoning module IntroTutorials (448)
[2017.08.26-17.56.32:934][115]LogModuleManager: Shutting down and abandoning module GameProjectGeneration (447)
[2017.08.26-17.56.32:935][115]LogModuleManager: Shutting down and abandoning module EditorLiveStreaming (444)
[2017.08.26-17.56.32:935][115]LogModuleManager: Shutting down and abandoning module IOSPlatformEditor (442)
[2017.08.26-17.56.32:936][115]LogModuleManager: Shutting down and abandoning module HTML5PlatformEditor (440)
[2017.08.26-17.56.32:936][115]LogModuleManager: Shutting down and abandoning module AndroidPlatformEditor (438)
[2017.08.26-17.56.32:936][115]LogModuleManager: Shutting down and abandoning module AndroidDeviceDetection (437)
[2017.08.26-17.56.33:918][115]LogModuleManager: Shutting down and abandoning module IOSRuntimeSettings (434)
[2017.08.26-17.56.33:918][115]LogModuleManager: Shutting down and abandoning module AndroidRuntimeSettings (432)
[2017.08.26-17.56.33:918][115]LogModuleManager: Shutting down and abandoning module InputBindingEditor (430)
[2017.08.26-17.56.33:919][115]LogModuleManager: Shutting down and abandoning module MergeActors (428)
[2017.08.26-17.56.33:919][115]LogModuleManager: Shutting down and abandoning module SizeMap (426)
[2017.08.26-17.56.33:919][115]LogModuleManager: Shutting down and abandoning module TreeMap (424)
[2017.08.26-17.56.33:919][115]LogModuleManager: Shutting down and abandoning module ReferenceViewer (422)
[2017.08.26-17.56.33:919][115]LogModuleManager: Shutting down and abandoning module LocalizationDashboard (420)
[2017.08.26-17.56.33:920][115]LogModuleManager: Shutting down and abandoning module LocalizationService (419)
[2017.08.26-17.56.33:920][115]LogModuleManager: Shutting down and abandoning module HardwareTargeting (416)
[2017.08.26-17.56.33:920][115]LogModuleManager: Shutting down and abandoning module DeviceProfileEditor (414)
[2017.08.26-17.56.33:920][115]LogModuleManager: Shutting down and abandoning module UndoHistory (412)
[2017.08.26-17.56.33:920][115]LogModuleManager: Shutting down and abandoning module UserFeedback (410)
[2017.08.26-17.56.33:920][115]LogModuleManager: Shutting down and abandoning module XmlParser (408)
[2017.08.26-17.56.33:920][115]LogModuleManager: Shutting down and abandoning module Blutility (406)
[2017.08.26-17.56.33:920][115]LogModuleManager: Shutting down and abandoning module ProjectSettingsViewer (404)
[2017.08.26-17.56.33:920][115]LogModuleManager: Shutting down and abandoning module ProjectTargetPlatformEditor (403)
[2017.08.26-17.56.33:920][115]LogModuleManager: Shutting down and abandoning module EditorSettingsViewer (400)
[2017.08.26-17.56.33:920][115]LogModuleManager: Shutting down and abandoning module SettingsEditor (398)
[2017.08.26-17.56.33:920][115]LogModuleManager: Shutting down and abandoning module ProjectLauncher (396)
[2017.08.26-17.56.33:921][115]LogModuleManager: Shutting down and abandoning module SessionFrontend (394)
[2017.08.26-17.56.33:921][115]LogModuleManager: Shutting down and abandoning module ProfilerClient (392)
[2017.08.26-17.56.33:922][115]LogModuleManager: Shutting down and abandoning module DeviceManager (390)
[2017.08.26-17.56.33:922][115]LogModuleManager: Shutting down and abandoning module TargetDeviceServices (389)
[2017.08.26-17.56.33:986][115]LogModuleManager: Shutting down and abandoning module AutomationController (386)
[2017.08.26-17.56.33:986][115]LogModuleManager: Shutting down and abandoning module AutomationWindow (384)
[2017.08.26-17.56.33:987][115]LogModuleManager: Shutting down and abandoning module Layers (382)
[2017.08.26-17.56.33:989][115]LogModuleManager: Shutting down and abandoning module ComponentVisualizers (380)
[2017.08.26-17.56.33:989][115]LogModuleManager: Shutting down and abandoning module DetailCustomizations (378)
[2017.08.26-17.56.33:989][115]LogModuleManager: Shutting down and abandoning module PackagesDialog (376)
[2017.08.26-17.56.33:989][115]LogModuleManager: Shutting down and abandoning module Persona (374)
[2017.08.26-17.56.33:989][115]LogModuleManager: Shutting down and abandoning module AdvancedPreviewScene (373)
[2017.08.26-17.56.33:989][115]LogModuleManager: Shutting down and abandoning module AnimGraph (371)
[2017.08.26-17.56.33:989][115]LogModuleManager: Shutting down and abandoning module Kismet (368)
[2017.08.26-17.56.34:003][115]LogModuleManager: Shutting down and abandoning module ClassViewer (366)
[2017.08.26-17.56.34:003][115]LogModuleManager: Shutting down and abandoning module Toolbox (364)
[2017.08.26-17.56.34:003][115]LogModuleManager: Shutting down and abandoning module ModuleUI (362)
[2017.08.26-17.56.34:004][115]LogModuleManager: Shutting down and abandoning module MovieSceneTools (360)
[2017.08.26-17.56.34:004][115]LogModuleManager: Shutting down and abandoning module OutputLog (358)
[2017.08.26-17.56.34:004][115]LogModuleManager: Shutting down and abandoning module GammaUI (356)
[2017.08.26-17.56.34:005][115]LogModuleManager: Shutting down and abandoning module Documentation (354)
[2017.08.26-17.56.34:005][115]LogModuleManager: Shutting down and abandoning module MovieSceneTracks (352)
[2017.08.26-17.56.34:005][115]LogModuleManager: Shutting down and abandoning module MovieScene (350)
[2017.08.26-17.56.34:005][115]LogModuleManager: Shutting down and abandoning module Niagara (348)
[2017.08.26-17.56.34:005][115]LogModuleManager: Shutting down and abandoning module NiagaraEditor (347)
[2017.08.26-17.56.34:006][115]LogModuleManager: Shutting down and abandoning module StreamingPauseRendering (344)
[2017.08.26-17.56.34:006][115]LogModuleManager: Shutting down and abandoning module AnalyticsET (342)
[2017.08.26-17.56.34:006][115]LogModuleManager: Shutting down and abandoning module PortalServices (340)
[2017.08.26-17.56.34:006][115]LogModuleManager: Shutting down and abandoning module PortalRpc (338)
[2017.08.26-17.56.34:006][115]LogModuleManager: Shutting down and abandoning module MessagingRpc (336)
[2017.08.26-17.56.34:006][115]LogModuleManager: Shutting down and abandoning module AIModule (334)
[2017.08.26-17.56.34:006][115]LogModuleManager: Shutting down and abandoning module GameplayDebugger (333)
[2017.08.26-17.56.34:006][115]LogModuleManager: Shutting down and abandoning module AITestSuite (331)
[2017.08.26-17.56.34:006][115]LogModuleManager: Shutting down and abandoning module ProfilerService (328)
[2017.08.26-17.56.34:161][115]LogModuleManager: Shutting down and abandoning module TaskGraph (326)
[2017.08.26-17.56.34:162][115]LogModuleManager: Shutting down and abandoning module SteamVRController (324)
[2017.08.26-17.56.34:162][115]LogModuleManager: Shutting down and abandoning module SteamVR (322)
[2017.08.26-17.56.34:162][115]LogModuleManager: Shutting down and abandoning module ProceduralMeshComponentEditor (320)
[2017.08.26-17.56.34:162][115]LogModuleManager: Shutting down and abandoning module ProceduralMeshComponent (318)
[2017.08.26-17.56.34:162][115]LogModuleManager: Shutting down and abandoning module OculusLibrary (316)
[2017.08.26-17.56.34:162][115]LogModuleManager: Shutting down and abandoning module OculusInput (314)
[2017.08.26-17.56.34:162][115]LogModuleManager: Shutting down and abandoning module MobilePatchingUtils (312)
[2017.08.26-17.56.34:162][115]LogModuleManager: Shutting down and abandoning module CustomMeshComponent (310)
[2017.08.26-17.56.34:162][115]LogModuleManager: Shutting down and abandoning module CableComponent (308)
[2017.08.26-17.56.34:162][115]LogModuleManager: Shutting down and abandoning module ArchVisCharacter (306)
[2017.08.26-17.56.34:162][115]LogModuleManager: Shutting down and abandoning module AndroidPermission (304)
[2017.08.26-17.56.34:162][115]LogModuleManager: Shutting down and abandoning module MediaPlayerEditor (300)
[2017.08.26-17.56.34:163][115]LogModuleManager: Shutting down and abandoning module HTML5Networking (298)
[2017.08.26-17.56.34:163][115]LogModuleManager: Shutting down and abandoning module AlembicImporter (296)
[2017.08.26-17.56.34:163][115]LogModuleManager: Shutting down and abandoning module AlembicLibrary (295)
[2017.08.26-17.56.34:163][115]LogModuleManager: Shutting down and abandoning module GeometryCache (294)
[2017.08.26-17.56.34:163][115]LogModuleManager: Shutting down and abandoning module GeometryCacheEd (293)
[2017.08.26-17.56.34:163][115]LogModuleManager: Shutting down and abandoning module SuperSearchEditor (288)
[2017.08.26-17.56.34:163][115]LogModuleManager: Shutting down and abandoning module SuperSearch (287)
[2017.08.26-17.56.34:163][115]LogModuleManager: Shutting down and abandoning module SpeedTreeImporter (284)
[2017.08.26-17.56.34:163][115]LogModuleManager: Shutting down and abandoning module PluginBrowser (282)
[2017.08.26-17.56.34:163][115]LogModuleManager: Shutting down and abandoning module MobileLauncherProfileWizard (280)
[2017.08.26-17.56.34:163][115]LogModuleManager: Shutting down and abandoning module VisualStudioSourceCodeAccess (278)
[2017.08.26-17.56.34:163][115]LogModuleManager: Shutting down and abandoning module DesktopPlatform (277)
[2017.08.26-17.56.34:163][115]LogModuleManager: Shutting down and abandoning module UObjectPlugin (274)
[2017.08.26-17.56.34:163][115]LogModuleManager: Shutting down and abandoning module SubversionSourceControl (272)
[2017.08.26-17.56.34:163][115]LogModuleManager: Shutting down and abandoning module PerforceSourceControl (270)
[2017.08.26-17.56.34:163][115]LogModuleManager: Shutting down and abandoning module GitSourceControl (268)
[2017.08.26-17.56.34:163][115]LogModuleManager: Shutting down and abandoning module SourceControl (267)
[2017.08.26-17.56.34:163][115]LogModuleManager: Shutting down and abandoning module LightPropagationVolumeEditor (264)
[2017.08.26-17.56.34:163][115]LogModuleManager: Shutting down and abandoning module PaperTiledImporter (262)
[2017.08.26-17.56.34:163][115]LogModuleManager: Shutting down and abandoning module PaperSpriteSheetImporter (260)
[2017.08.26-17.56.34:163][115]LogModuleManager: Shutting down and abandoning module Paper2DEditor (258)
[2017.08.26-17.56.34:163][115]LogModuleManager: Shutting down and abandoning module MeshPaint (257)
[2017.08.26-17.56.34:163][115]LogModuleManager: Shutting down and abandoning module LevelEditor (255)
[2017.08.26-17.56.34:164][115]LogModuleManager: Shutting down and abandoning module PixelInspectorModule (254)
[2017.08.26-17.56.34:164][115]LogModuleManager: Shutting down and abandoning module MainFrame (252)
[2017.08.26-17.56.34:165][115]LogModuleManager: Shutting down and abandoning module HotReload (251)
[2017.08.26-17.56.34:165][115]LogModuleManager: Shutting down and abandoning module PhysXVehiclesEditor (246)
[2017.08.26-17.56.34:165][115]LogModuleManager: Shutting down and abandoning module PhysXVehicles (244)
[2017.08.26-17.56.34:165][115]LogModuleManager: Shutting down and abandoning module LocationServicesBPLibrary (242)
[2017.08.26-17.56.34:165][115]LogModuleManager: Shutting down and abandoning module ImmediatePhysicsEditor (240)
[2017.08.26-17.56.34:165][115]LogModuleManager: Shutting down and abandoning module ImmediatePhysics (238)
[2017.08.26-17.56.34:165][115]LogModuleManager: Shutting down and abandoning module UdpMessaging (236)
[2017.08.26-17.56.34:265][115]LogModuleManager: Shutting down and abandoning module TcpMessaging (234)
[2017.08.26-17.56.34:366][115]LogModuleManager: Shutting down and abandoning module GameplayTagsEditor (232)
[2017.08.26-17.56.34:367][115]LogModuleManager: Shutting down and abandoning module FacialAnimationEditor (230)
[2017.08.26-17.56.34:367][115]LogModuleManager: Shutting down and abandoning module FacialAnimation (228)
[2017.08.26-17.56.34:367][115]LogModuleManager: Shutting down and abandoning module AssetManagerEditor (226)
[2017.08.26-17.56.34:367][115]LogModuleManager: Shutting down and abandoning module GraphEditor (225)
[2017.08.26-17.56.34:368][115]LogModuleManager: Shutting down and abandoning module ContentBrowser (223)
[2017.08.26-17.56.34:369][115]LogModuleManager: Shutting down and abandoning module LightPropagationVolumeRuntime (220)
[2017.08.26-17.56.34:369][115]LogModuleManager: Shutting down and abandoning module Paper2D (218)
[2017.08.26-17.56.34:369][115]LogModuleManager: Shutting down and abandoning module WindowsMoviePlayer (216)
[2017.08.26-17.56.34:369][115]LogModuleManager: Shutting down and abandoning module WmfMedia (214)
[2017.08.26-17.56.34:369][115]LogModuleManager: Shutting down and abandoning module ClothingSystemEditor (212)
[2017.08.26-17.56.34:369][115]LogModuleManager: Shutting down and abandoning module ClothingSystemRuntime (210)
[2017.08.26-17.56.34:370][115]LogModuleManager: Shutting down and abandoning module MediaAssets (208)
[2017.08.26-17.56.34:370][115]LogModuleManager: Shutting down and abandoning module GameLiveStreaming (206)
[2017.08.26-17.56.34:370][115]LogModuleManager: Shutting down and abandoning module VREditor (204)
[2017.08.26-17.56.34:370][115]LogModuleManager: Shutting down and abandoning module StringTableEditor (202)
[2017.08.26-17.56.34:370][115]LogModuleManager: Shutting down and abandoning module GameplayTasksEditor (200)
[2017.08.26-17.56.34:370][115]LogModuleManager: Shutting down and abandoning module BehaviorTreeEditor (198)
[2017.08.26-17.56.34:371][115]LogModuleManager: Shutting down and abandoning module FunctionalTesting (196)
[2017.08.26-17.56.34:371][115]LogModuleManager: Shutting down and abandoning module CollisionAnalyzer (194)
[2017.08.26-17.56.34:371][115]LogModuleManager: Shutting down and abandoning module UMG (192)
[2017.08.26-17.56.34:371][115]LogModuleManager: Shutting down and abandoning module UMGEditor (191)
[2017.08.26-17.56.34:371][115]LogModuleManager: Shutting down and abandoning module Sequencer (190)
[2017.08.26-17.56.34:372][115]LogModuleManager: Shutting down and abandoning module AssetTools (188)
[2017.08.26-17.56.34:373][115]LogModuleManager: Shutting down and abandoning module MessageLog (187)
[2017.08.26-17.56.34:373][115]LogModuleManager: Shutting down and abandoning module WorkspaceMenuStructure (186)
[2017.08.26-17.56.34:373][115]LogModuleManager: Shutting down and abandoning module SlateReflector (180)
[2017.08.26-17.56.34:374][115]LogModuleManager: Shutting down and abandoning module Slate (178)
[2017.08.26-17.56.34:374][115]LogModuleManager: Shutting down and abandoning module EditorStyle (176)
[2017.08.26-17.56.34:376][115]LogModuleManager: Shutting down and abandoning module SourceCodeAccess (174)
[2017.08.26-17.56.34:376][115]LogModuleManager: Shutting down and abandoning module HeadMountedDisplay (172)
[2017.08.26-17.56.34:376][115]LogModuleManager: Shutting down and abandoning module XAudio2 (170)
[2017.08.26-17.56.34:376][115]LogModuleManager: Shutting down and abandoning module Networking (168)
[2017.08.26-17.56.34:376][115]LogModuleManager: Shutting down and abandoning module Core (164)
[2017.08.26-17.56.34:376][115]LogModuleManager: Shutting down and abandoning module AssetRegistry (162)
[2017.08.26-17.56.34:522][115]LogDirectoryWatcher: A directory notification for '../../../Engine/Content/' was aborted.
[2017.08.26-17.56.34:522][115]LogDirectoryWatcher: A directory notification for 'E:/Usuario/Ruben/UNIVERSIDAD/TFG/Postwar/Content/' was aborted.
[2017.08.26-17.56.34:522][115]LogDirectoryWatcher: A directory notification for '../../../Engine/Plugins/2D/Paper2D/Content/' was aborted.
[2017.08.26-17.56.34:522][115]LogDirectoryWatcher: A directory notification for '../../../Engine/Plugins/Runtime/GearVR/Content/' was aborted.
[2017.08.26-17.56.34:532][115]LogModuleManager: Shutting down and abandoning module DirectoryWatcher (161)
[2017.08.26-17.56.34:534][115]LogModuleManager: Shutting down and abandoning module KismetCompiler (158)
[2017.08.26-17.56.34:534][115]LogModuleManager: Shutting down and abandoning module LevelSequence (156)
[2017.08.26-17.56.34:534][115]LogModuleManager: Shutting down and abandoning module PhysXFormats (154)
[2017.08.26-17.56.34:534][115]LogModuleManager: Shutting down and abandoning module MeshUtilities (152)
[2017.08.26-17.56.34:534][115]LogModuleManager: Shutting down and abandoning module SimplygonSwarm (151)
[2017.08.26-17.56.34:534][115]LogModuleManager: Shutting down and abandoning module SimplygonMeshReduction (149)
[2017.08.26-17.56.34:534][115]LogModuleManager: Shutting down and abandoning module QuadricMeshReduction (147)
[2017.08.26-17.56.34:534][115]LogModuleManager: Shutting down and abandoning module DerivedDataCache (144)
[2017.08.26-17.56.34:568][115]LogDerivedDataCache: Shutdown
[2017.08.26-17.56.34:568][115]LogModuleManager: Shutting down and abandoning module TargetPlatform (142)
[2017.08.26-17.56.34:568][115]LogModuleManager: Shutting down and abandoning module VulkanShaderFormat (141)
[2017.08.26-17.56.34:568][115]LogModuleManager: Shutting down and abandoning module ShaderFormatVectorVM (139)
[2017.08.26-17.56.34:569][115]LogModuleManager: Shutting down and abandoning module ShaderFormatOpenGL (137)
[2017.08.26-17.56.34:570][115]LogModuleManager: Shutting down and abandoning module ShaderFormatD3D (135)
[2017.08.26-17.56.34:570][115]LogModuleManager: Shutting down and abandoning module MetalShaderFormat (133)
[2017.08.26-17.56.34:570][115]LogModuleManager: Shutting down and abandoning module TextureFormatUncompressed (131)
[2017.08.26-17.56.34:570][115]LogModuleManager: Shutting down and abandoning module TextureFormatPVR (129)
[2017.08.26-17.56.34:570][115]LogModuleManager: Shutting down and abandoning module TextureFormatDXT (127)
[2017.08.26-17.56.34:571][115]LogModuleManager: Shutting down and abandoning module TextureFormatIntelISPCTexComp (125)
[2017.08.26-17.56.34:571][115]LogModuleManager: Shutting down and abandoning module TextureFormatASTC (123)
[2017.08.26-17.56.34:571][115]LogModuleManager: Shutting down and abandoning module ImageWrapper (122)
[2017.08.26-17.56.34:571][115]LogModuleManager: Shutting down and abandoning module TextureFormatAndroid (119)
[2017.08.26-17.56.34:571][115]LogModuleManager: Shutting down and abandoning module AudioFormatOpus (117)
[2017.08.26-17.56.34:571][115]LogModuleManager: Shutting down and abandoning module AudioFormatOgg (115)
[2017.08.26-17.56.34:571][115]LogModuleManager: Shutting down and abandoning module AudioFormatADPCM (113)
[2017.08.26-17.56.34:571][115]LogModuleManager: Shutting down and abandoning module LinuxTargetPlatform (111)
[2017.08.26-17.56.34:571][115]LogModuleManager: Shutting down and abandoning module LinuxServerTargetPlatform (109)
[2017.08.26-17.56.34:571][115]LogModuleManager: Shutting down and abandoning module LinuxNoEditorTargetPlatform (107)
[2017.08.26-17.56.34:571][115]LogModuleManager: Shutting down and abandoning module LinuxClientTargetPlatform (105)
[2017.08.26-17.56.34:571][115]LogModuleManager: Shutting down and abandoning module TVOSTargetPlatform (103)
[2017.08.26-17.56.34:571][115]LogModuleManager: Shutting down and abandoning module Messaging (101)
[2017.08.26-17.56.34:571][115]LogModuleManager: Shutting down and abandoning module IOSTargetPlatform (99)
[2017.08.26-17.56.34:571][115]LogModuleManager: Shutting down and abandoning module HTML5TargetPlatform (97)
[2017.08.26-17.56.34:571][115]LogModuleManager: Shutting down and abandoning module Android_PVRTCTargetPlatform (95)
[2017.08.26-17.56.34:571][115]LogModuleManager: Shutting down and abandoning module Android_MultiTargetPlatform (93)
[2017.08.26-17.56.34:571][115]LogModuleManager: Shutting down and abandoning module Android_ETC2TargetPlatform (91)
[2017.08.26-17.56.34:571][115]LogModuleManager: Shutting down and abandoning module Android_ETC1TargetPlatform (89)
[2017.08.26-17.56.34:571][115]LogModuleManager: Shutting down and abandoning module Android_DXTTargetPlatform (87)
[2017.08.26-17.56.34:571][115]LogModuleManager: Shutting down and abandoning module Android_ATCTargetPlatform (85)
[2017.08.26-17.56.34:571][115]LogModuleManager: Shutting down and abandoning module Android_ASTCTargetPlatform (83)
[2017.08.26-17.56.34:571][115]LogModuleManager: Shutting down and abandoning module AndroidTargetPlatform (81)
[2017.08.26-17.56.34:571][115]LogModuleManager: Shutting down and abandoning module WindowsTargetPlatform (79)
[2017.08.26-17.56.34:571][115]LogModuleManager: Shutting down and abandoning module WindowsServerTargetPlatform (77)
[2017.08.26-17.56.34:571][115]LogModuleManager: Shutting down and abandoning module WindowsNoEditorTargetPlatform (75)
[2017.08.26-17.56.34:571][115]LogModuleManager: Shutting down and abandoning module WindowsClientTargetPlatform (73)
[2017.08.26-17.56.34:571][115]LogModuleManager: Shutting down and abandoning module MacTargetPlatform (71)
[2017.08.26-17.56.34:571][115]LogModuleManager: Shutting down and abandoning module MacServerTargetPlatform (69)
[2017.08.26-17.56.34:571][115]LogModuleManager: Shutting down and abandoning module MacNoEditorTargetPlatform (67)
[2017.08.26-17.56.34:571][115]LogModuleManager: Shutting down and abandoning module MacClientTargetPlatform (65)
[2017.08.26-17.56.34:571][115]LogModuleManager: Shutting down and abandoning module AllDesktopTargetPlatform (63)
[2017.08.26-17.56.34:571][115]LogModuleManager: Shutting down and abandoning module InputCore (60)
[2017.08.26-17.56.34:571][115]LogModuleManager: Shutting down and abandoning module Settings (58)
[2017.08.26-17.56.34:571][115]LogModuleManager: Shutting down and abandoning module OculusRift (56)
[2017.08.26-17.56.34:571][115]LogModuleManager: Shutting down and abandoning module GearVRController (54)
[2017.08.26-17.56.34:571][115]LogModuleManager: Shutting down and abandoning module GearVR (52)
[2017.08.26-17.56.34:571][115]LogModuleManager: Shutting down and abandoning module ExampleDeviceProfileSelector (50)
[2017.08.26-17.56.34:571][115]LogModuleManager: Shutting down and abandoning module OnlineBlueprintSupport (48)
[2017.08.26-17.56.34:571][115]LogModuleManager: Shutting down and abandoning module OnlineSubsystem (44)
[2017.08.26-17.56.34:571][115]LogOnline:Display: Unloading online subsystem: NULL
[2017.08.26-17.56.34:572][115]LogModuleManager: Shutting down and abandoning module XMPP (43)
[2017.08.26-17.56.34:572][115]LogModuleManager: Shutting down and abandoning module HTTP (41)
[2017.08.26-17.56.34:572][115]LogHttp:Display: Http module shutting down, but needs to wait on 1 outstanding Http requests:
[2017.08.26-17.56.34:572][115]LogHttp:Display: 	verb=[POST] url=[https://datarouter.ol.epicgames.com/datarouter/api/v1/public/data?SessionID=%7B67EFA227-4C86-1F7C-83B9-6DAF0A29E44D%7D&AppID=UEEditor.Rocket.Release&AppVersion=4.16.2-3514769%2B%2B%2BUE4%2BRelease-4.16&UserID=78865e4d4a8ae815e8d400bc6125e577%7C5361294e5f654db5881228f5582e9124%7C456667b1-22e8-45ef-a524-8410a492a64f&AppEnvironment=datacollector-binary&UploadType=eteventstream] status=Processing
[2017.08.26-17.56.34:603][115]LogModuleManager: Shutting down and abandoning module SSL (40)
[2017.08.26-17.56.34:606][115]LogModuleManager: Shutting down and abandoning module HTTPChunkInstaller (36)
[2017.08.26-17.56.34:606][115]LogModuleManager: Shutting down and abandoning module AnimationModifiers (34)
[2017.08.26-17.56.34:607][115]LogModuleManager: Shutting down and abandoning module PropertyEditor (33)
[2017.08.26-17.56.34:607][115]LogModuleManager: Shutting down and abandoning module AudioEditor (30)
[2017.08.26-17.56.34:607][115]LogModuleManager: Shutting down and abandoning module TextureCompressor (28)
[2017.08.26-17.56.34:607][115]LogModuleManager: Shutting down and abandoning module ShaderCore (26)
[2017.08.26-17.56.34:607][115]LogModuleManager: Shutting down and abandoning module Landscape (24)
[2017.08.26-17.56.34:607][115]LogModuleManager: Shutting down and abandoning module SlateRHIRenderer (22)
[2017.08.26-17.56.34:610][115]LogModuleManager: Shutting down and abandoning module OpenGLDrv (20)
[2017.08.26-17.56.34:611][115]LogModuleManager: Shutting down and abandoning module D3D11RHI (18)
[2017.08.26-17.56.34:611][115]LogModuleManager: Shutting down and abandoning module AnimGraphRuntime (16)
[2017.08.26-17.56.34:611][115]LogModuleManager: Shutting down and abandoning module Renderer (14)
[2017.08.26-17.56.34:611][115]LogModuleManager: Shutting down and abandoning module Engine (12)
[2017.08.26-17.56.34:611][115]LogModuleManager: Shutting down and abandoning module CoreUObject (10)
[2017.08.26-17.56.34:611][115]LogModuleManager: Shutting down and abandoning module NetworkFile (8)
[2017.08.26-17.56.34:611][115]LogModuleManager: Shutting down and abandoning module StreamingFile (6)
[2017.08.26-17.56.34:611][115]LogModuleManager: Shutting down and abandoning module SandboxFile (4)
[2017.08.26-17.56.34:611][115]LogModuleManager: Shutting down and abandoning module PakFile (2)
[2017.08.26-17.56.34:612][115]LogExit: Exiting.
[2017.08.26-17.56.34:634][115]Log file closed, 08/26/17 19:56:34
