Log file open, 07/22/17 12:47:52
LogInit:Display: Running engine for game: Postwar
LogPlatformFile: Not using cached read wrapper
LogInit:Display: RandInit(-212532423) SRandInit(-212532423).
LogTaskGraph: Started task graph with 5 named threads and 8 total threads with 1 sets of task threads.
LogStats: Stats thread started at 0.103999
LogInit: Using libcurl 7.47.1
LogInit:  - built for x86_64-pc-win32
LogInit:  - supports SSL with OpenSSL/1.0.2g
LogInit:  - supports HTTP deflate (compression) using libz 1.2.8
LogInit:  - other features:
LogInit:      CURL_VERSION_SSL
LogInit:      CURL_VERSION_LIBZ
LogInit:      CURL_VERSION_IPV6
LogInit:      CURL_VERSION_ASYNCHDNS
LogInit:      CURL_VERSION_LARGEFILE
LogInit:      CURL_VERSION_IDN
LogInit:  CurlRequestOptions (configurable via config and command line):
LogInit:  - bVerifyPeer = false  - Libcurl will NOT verify peer certificate
LogInit:  - bUseHttpProxy = false  - Libcurl will NOT use HTTP proxy
LogInit:  - bDontReuseConnections = false  - Libcurl will reuse connections
LogInit:  - CertBundlePath = nullptr  - Libcurl will use whatever was configured at build time.
LogInit: Build: ++UE4+Release-4.16-CL-3514769
LogInit: Engine Version: 4.16.2-3514769+++UE4+Release-4.16
LogInit: Compatible Engine Version: 4.16.0-3452394+++UE4+Release-4.16
LogInit: Net CL: 3452394
LogDevObjectVersion: Number of dev versions registered: 16
LogDevObjectVersion:   Dev-Blueprints (B0D832E4-1F89-4F0D-ACCF-7EB736FD4AA2): 9
LogDevObjectVersion:   Dev-Build (E1C64328-A22C-4D53-A36C-8E866417BD8C): 0
LogDevObjectVersion:   Dev-Core (375EC13C-06E4-48FB-B500-84F0262A717E): 2
LogDevObjectVersion:   Dev-Editor (E4B068ED-F494-42E9-A231-DA0B2E46BB41): 17
LogDevObjectVersion:   Dev-Framework (CFFC743F-43B0-4480-9391-14DF171D2073): 23
LogDevObjectVersion:   Dev-Mobile (B02B49B5-BB20-44E9-A304-32B752E40360): 0
LogDevObjectVersion:   Dev-Networking (A4E4105C-59A1-49B5-A7C5-40C4547EDFEE): 0
LogDevObjectVersion:   Dev-Online (39C831C9-5AE6-47DC-9A44-9C173E1C8E7C): 0
LogDevObjectVersion:   Dev-Physics (78F01B33-EBEA-4F98-B9B4-84EACCB95AA2): 0
LogDevObjectVersion:   Dev-Platform (6631380F-2D4D-43E0-8009-CF276956A95A): 0
LogDevObjectVersion:   Dev-Rendering (12F88B9F-8875-4AFC-A67C-D90C383ABD29): 15
LogDevObjectVersion:   Dev-Sequencer (7B5AE74C-D270-4C10-A958-57980B212A5A): 4
LogDevObjectVersion:   Dev-VR (D7296918-1DD6-4BDD-9DE2-64A83CC13884): 0
LogDevObjectVersion:   Dev-LoadTimes (C2A15278-BFE7-4AFE-6C17-90FF531DF755): 1
LogDevObjectVersion:   Private-Geometry (6EACA3D4-40EC-4CC1-B786-8BED09428FC5): 1
LogDevObjectVersion:   Dev-AnimPhys (29E575DD-E0A3-4627-9D10-D276232CDCEA): 3
LogInit: Compiled (64-bit): Jun 29 2017 02:03:24
LogInit: Compiled with Visual C++: 19.00.24215.01
LogInit: Build Configuration: Development
LogInit: Branch Name: ++UE4+Release-4.16
LogInit: Command line:  
LogInit: Base directory: D:/Program Files/Epic Games/UE_4.16/Engine/Binaries/Win64/
LogInit: Installed Engine Build: 1
LogInit: Presizing for max 8388607 objects, including 0 objects not considered by GC, pre-allocating 0 bytes for permanent pool.
LogInit: Object subsystem initialized
[2017.07.22-10.47.53:475][  0]LogInit: Selected Device Profile: [Windows]
[2017.07.22-10.47.53:475][  0]LogInit: Applying CVar settings loaded from the selected device profile: [Windows]
[2017.07.22-10.47.53:488][  0]LogInit: Computer: DESKTOP-T9NOKQO
[2017.07.22-10.47.53:488][  0]LogInit: User: cripe
[2017.07.22-10.47.53:488][  0]LogInit: CPU Page size=4096, Cores=4
[2017.07.22-10.47.53:488][  0]LogInit: High frequency timer resolution =2.435774 MHz
[2017.07.22-10.47.53:489][  0]LogMemory: Memory total: Physical=15.9GB (16GB approx)
[2017.07.22-10.47.53:489][  0]LogMemory: Platform Memory Stats for Windows
[2017.07.22-10.47.53:489][  0]LogMemory: Process Physical Memory: 274.43 MB used, 274.43 MB peak
[2017.07.22-10.47.53:489][  0]LogMemory: Process Virtual Memory: 261.19 MB used, 261.19 MB peak
[2017.07.22-10.47.53:489][  0]LogMemory: Physical Memory: 6629.19 MB used,  9673.95 MB free, 16303.14 MB total
[2017.07.22-10.47.53:489][  0]LogMemory: Virtual Memory: 624.58 MB used,  9673.95 MB free, 134217728.00 MB total
[2017.07.22-10.47.53:635][  0]LogInit: Overriding language with editor language configuration option (en).
[2017.07.22-10.47.53:635][  0]LogInit: Overriding locale with editor locale configuration option (en).
[2017.07.22-10.47.54:811][  0]LogD3D11RHI: D3D11 adapters:
[2017.07.22-10.47.55:492][  0]LogD3D11RHI:    0. 'NVIDIA GeForce GTX 860M' (Feature Level 11_0)
[2017.07.22-10.47.55:492][  0]LogD3D11RHI:       2017/0/8151 MB DedicatedVideo/DedicatedSystem/SharedSystem, Outputs:2, VendorId:0x10de
[2017.07.22-10.47.55:501][  0]LogD3D11RHI:    1. 'Intel(R) HD Graphics 4600' (Feature Level 11_0)
[2017.07.22-10.47.55:501][  0]LogD3D11RHI:       112/0/2048 MB DedicatedVideo/DedicatedSystem/SharedSystem, Outputs:0, VendorId:0x8086
[2017.07.22-10.47.55:503][  0]LogD3D11RHI:    2. 'Microsoft Basic Render Driver' (Feature Level 11_0)
[2017.07.22-10.47.55:503][  0]LogD3D11RHI:       0/0/8151 MB DedicatedVideo/DedicatedSystem/SharedSystem, Outputs:0, VendorId:0x1414
[2017.07.22-10.47.55:503][  0]LogD3D11RHI: Chosen D3D11 Adapter: 0
[2017.07.22-10.47.55:510][  0]LogD3D11RHI: Creating new Direct3DDevice
[2017.07.22-10.47.55:510][  0]LogD3D11RHI:     GPU DeviceId: 0x119a (for the marketing name, search the web for "GPU Device Id")
[2017.07.22-10.47.55:510][  0]LogWindows: EnumDisplayDevices:
[2017.07.22-10.47.55:510][  0]LogWindows:    0. 'Intel(R) HD Graphics 4600' (P:1 D:1)
[2017.07.22-10.47.55:510][  0]LogWindows:    1. 'Intel(R) HD Graphics 4600' (P:0 D:1)
[2017.07.22-10.47.55:510][  0]LogWindows:    2. 'Intel(R) HD Graphics 4600' (P:0 D:0)
[2017.07.22-10.47.55:510][  0]LogWindows: DebugString: PrimaryIsNotTheChoosenAdapter PrimaryIsNotTheChoosenAdapter PrimaryIsNotTheChoosenAdapter FoundDriverCount:0 
[2017.07.22-10.47.55:510][  0]LogD3D11RHI:     Adapter Name: NVIDIA GeForce GTX 860M
[2017.07.22-10.47.55:510][  0]LogD3D11RHI:   Driver Version: Unknown (internal:Unknown, unified:Unknown)
[2017.07.22-10.47.55:510][  0]LogD3D11RHI:      Driver Date: Unknown
[2017.07.22-10.47.55:511][  0]LogRHI: Texture pool is 1361 MB (70% of 1945 MB)
[2017.07.22-10.47.56:111][  0]LogD3D11RHI: Async texture creation enabled
[2017.07.22-10.47.56:179][  0]LogD3D11RHI: GPU Timing Frequency: 1000.000000 (Debug: 2 2)
[2017.07.22-10.47.56:185][  0]LogShaderCompilers: Guid format shader working directory is 6 characters bigger than the processId version (E:/Usuario/Ruben/UNIVERSIDAD/TFG/Postwar/Intermediate/Shaders/WorkingDirectory/4408/).
[2017.07.22-10.47.56:186][  0]LogShaderCompilers: Cleaned the shader compiler working directory 'C:/Users/cripe/AppData/Local/Temp/UnrealShaderWorkingDir/0E2F0E684CFB126EF2F02FBEC76DF0CF/'.
[2017.07.22-10.47.56:186][  0]LogShaderCompilers:Display: Using Local Shader Compiler.
[2017.07.22-10.47.57:475][  0]LogTemp:Display: Loaded TP AllDesktopTargetPlatform
[2017.07.22-10.47.57:527][  0]LogTemp:Display: Loaded TP MacClientTargetPlatform
[2017.07.22-10.47.57:578][  0]LogTemp:Display: Loaded TP MacNoEditorTargetPlatform
[2017.07.22-10.47.57:628][  0]LogTemp:Display: Loaded TP MacServerTargetPlatform
[2017.07.22-10.47.57:683][  0]LogTemp:Display: Loaded TP MacTargetPlatform
[2017.07.22-10.47.57:741][  0]LogTemp:Display: Loaded TP WindowsClientTargetPlatform
[2017.07.22-10.47.57:797][  0]LogTemp:Display: Loaded TP WindowsNoEditorTargetPlatform
[2017.07.22-10.47.57:849][  0]LogTemp:Display: Loaded TP WindowsServerTargetPlatform
[2017.07.22-10.47.57:902][  0]LogTemp:Display: Loaded TP WindowsTargetPlatform
[2017.07.22-10.47.57:960][  0]LogTemp:Display: Loaded TP AndroidTargetPlatform
[2017.07.22-10.47.58:019][  0]LogTemp:Display: Loaded TP Android_ASTCTargetPlatform
[2017.07.22-10.47.58:079][  0]LogTemp:Display: Loaded TP Android_ATCTargetPlatform
[2017.07.22-10.47.58:134][  0]LogTemp:Display: Loaded TP Android_DXTTargetPlatform
[2017.07.22-10.47.58:187][  0]LogTemp:Display: Loaded TP Android_ETC1TargetPlatform
[2017.07.22-10.47.58:239][  0]LogTemp:Display: Loaded TP Android_ETC2TargetPlatform
[2017.07.22-10.47.58:347][  0]LogTemp:Display: Loaded TP Android_MultiTargetPlatform
[2017.07.22-10.47.58:347][  0]LogTemp:Display: Loaded TP Android_PVRTCTargetPlatform
[2017.07.22-10.47.58:386][  0]LogTemp:Display: Loaded TP HTML5TargetPlatform
[2017.07.22-10.47.58:483][  0]LogTemp:Display: Loaded TP IOSTargetPlatform
[2017.07.22-10.47.58:517][  0]LogTemp:Display: Loaded TP TVOSTargetPlatform
[2017.07.22-10.47.58:572][  0]LogTemp:Display: Loaded TP LinuxClientTargetPlatform
[2017.07.22-10.47.58:620][  0]LogTemp:Display: Loaded TP LinuxNoEditorTargetPlatform
[2017.07.22-10.47.58:672][  0]LogTemp:Display: Loaded TP LinuxServerTargetPlatform
[2017.07.22-10.47.58:722][  0]LogTemp:Display: Loaded TP LinuxTargetPlatform
[2017.07.22-10.47.58:722][  0]LogTargetPlatformManager:Display: Building Assets For Windows
[2017.07.22-10.47.59:246][  0]LogDerivedDataCache:Display: Max Cache Size: 512 MB
[2017.07.22-10.47.59:581][  0]LogDerivedDataCache: Loaded boot cache 0.34s 90MB C:/Users/cripe/AppData/Local/UnrealEngine/4.16/DerivedDataCache/Boot.ddc.
[2017.07.22-10.47.59:582][  0]LogDerivedDataCache:Display: Loaded Boot cache: C:/Users/cripe/AppData/Local/UnrealEngine/4.16/DerivedDataCache/Boot.ddc
[2017.07.22-10.47.59:582][  0]LogDerivedDataCache: FDerivedDataBackendGraph:  Pak pak cache file E:/Usuario/Ruben/UNIVERSIDAD/TFG/Postwar/DerivedDataCache/DDC.ddp not found, will not use a pak cache.
[2017.07.22-10.47.59:582][  0]LogDerivedDataCache: Unable to find inner node Pak for hierarchical cache Hierarchy.
[2017.07.22-10.47.59:582][  0]LogDerivedDataCache: FDerivedDataBackendGraph:  CompressedPak pak cache file E:/Usuario/Ruben/UNIVERSIDAD/TFG/Postwar/DerivedDataCache/Compressed.ddp not found, will not use a pak cache.
[2017.07.22-10.47.59:582][  0]LogDerivedDataCache: Unable to find inner node CompressedPak for hierarchical cache Hierarchy.
[2017.07.22-10.47.59:604][  0]LogDerivedDataCache:Display: Pak cache opened for reading ../../../Engine/DerivedDataCache/Compressed.ddp.
[2017.07.22-10.47.59:618][  0]LogDerivedDataCache: Using Local data cache path C:/Users/cripe/AppData/Local/UnrealEngine/Common/DerivedDataCache: Writable
[2017.07.22-10.47.59:634][  0]LogMaterial: Verifying Global Shaders for PCD3D_SM5
[2017.07.22-10.47.59:640][  0]LogSlate: Using Freetype 2.6.0
[2017.07.22-10.47.59:643][  0]LogSlate: SlateFontCache - WITH_FREETYPE: 1, WITH_HARFBUZZ: 1
[2017.07.22-10.47.59:643][  0]LogSlate: SlateFontCache - WITH_FREETYPE: 1, WITH_HARFBUZZ: 1
[2017.07.22-10.48.00:484][  0]LogInit: Selected Device Profile: [Windows]
[2017.07.22-10.48.00:631][  0]LogContentStreaming: Texture pool size is 0.00 MB
[2017.07.22-10.48.00:848][  0]LogMeshUtilities: Using QuadricMeshReduction for automatic static mesh reduction
[2017.07.22-10.48.00:904][  0]LogSimplygon: Simplygon DLL not present - disabling.
[2017.07.22-10.48.00:965][  0]LogMeshUtilities: Using SimplygonSwarm for distributed automatic mesh merging
[2017.07.22-10.48.00:965][  0]LogMeshUtilities: No automatic skeletal mesh reduction module available
[2017.07.22-10.48.00:965][  0]LogMeshUtilities: No automatic mesh merging module available
[2017.07.22-10.48.01:789][  0]LogNetVersion: Postwar , NetCL: 3452394, EngineNetVer: 2, GameNetVer: 0 (Checksum: 2296384490)
[2017.07.22-10.48.01:866][  0]LogAssetRegistry: FAssetRegistry took 0.0276 seconds to start up
[2017.07.22-10.48.01:907][  0]LogPackageLocalizationCache: Processed 4 localized package path(s) for 1 prioritized culture(s) in 0.019100 seconds
[2017.07.22-10.48.01:914][  0]LogUObjectArray: 34194 objects as part of root set at end of initial load.
[2017.07.22-10.48.01:914][  0]LogUObjectAllocator: 7260416 out of 0 bytes used by permanent object pool.
[2017.07.22-10.48.01:914][  0]LogUObjectArray: CloseDisregardForGC: 0/0 objects in disregard for GC pool
[2017.07.22-10.48.01:970][  0]LogInit: WinSock: version 1.1 (2.2), MaxSocks=32767, MaxUdp=65467
[2017.07.22-10.48.05:329][  0]LogTcpMessaging: Initializing TcpMessaging bridge
[2017.07.22-10.48.05:370][  0]LogUdpMessaging: Initializing bridge on interface 0.0.0.0:0 to multicast group 230.0.0.1:6666.
[2017.07.22-10.48.05:955][  0]LogMaterial: Uniform references updated for custom material expression Custom.
[2017.07.22-10.48.06:383][  0]SourceControl: Info Source control is disabled
[2017.07.22-10.48.06:451][  0]SourceControl: Info Source control is disabled
[2017.07.22-10.48.06:508][  0]SourceControl: Info Source control is disabled
[2017.07.22-10.48.06:558][  0]SourceControl: Info Source control is disabled
[2017.07.22-10.48.07:306][  0]LogAndroidPermission: UAndroidPermissionCallbackProxy::GetInstance
[2017.07.22-10.48.07:942][  0]LogEngine: Initializing Engine...
[2017.07.22-10.48.07:944][  0]LogHMD: Failed to initialize OpenVR with code 110
[2017.07.22-10.48.08:214][  0]LogStats: UGameplayTagsManager::ConstructGameplayTagTree: Construct from data asset -  0.000 s
[2017.07.22-10.48.08:214][  0]LogStats: UGameplayTagsManager::ConstructGameplayTagTree: GameplayTagTreeChangedEvent.Broadcast -  0.000 s
[2017.07.22-10.48.08:365][  0]LogAIModule: Creating AISystem for world Untitled
[2017.07.22-10.48.08:387][  0]LogInit: XAudio2 using 'Altavoces (Realtek High Definition Audio)' : 2 channels at 48 kHz using 32 bits per sample (channel mask 0x3)
[2017.07.22-10.48.08:403][  0]LogInit: FAudioDevice initialized.
[2017.07.22-10.48.08:449][  0]LogDerivedDataCache: Saved boot cache 0.05s 90MB C:/Users/cripe/AppData/Local/UnrealEngine/4.16/DerivedDataCache/Boot.ddc.
[2017.07.22-10.48.08:454][  0]LogInit: Texture streaming: Enabled
[2017.07.22-10.48.08:540][  0]LogEngineSessionManager: EngineSessionManager initialized
[2017.07.22-10.48.08:822][  0]LogInit: Transaction tracking system initialized
[2017.07.22-10.48.09:150][  0]BlueprintLog: New page: Editor Load
[2017.07.22-10.48.10:186][  0]LocalizationService: Info Localization service is disabled
[2017.07.22-10.48.10:957][  0]LogConsoleResponse:Display: 
[2017.07.22-10.48.11:149][  0]LogCook:Display: Max memory allowance for cook 16384mb min free memory 0mb
[2017.07.22-10.48.11:149][  0]LogCook:Display: Mobile HDR setting 1
[2017.07.22-10.48.11:934][  0]LogFileCache: Scanning file cache for directory 'E:/Usuario/Ruben/UNIVERSIDAD/TFG/Postwar/Content/' took 0.02s
[2017.07.22-10.48.12:366][  0]SourceControl: Info Source control is disabled
[2017.07.22-10.48.12:368][  0]Cmd: MAP LOAD FILE="E:/Usuario/Ruben/UNIVERSIDAD/TFG/Postwar/Content/FirstPersonBP/Maps/FirstPersonExampleMap.umap" TEMPLATE=0 SHOWPROGRESS=1 FEATURELEVEL=3
[2017.07.22-10.48.12:370][  0]LightingResults: New page: Lighting Build
[2017.07.22-10.48.12:428][  0]MapCheck: New page: Map Check
[2017.07.22-10.48.12:428][  0]LightingResults: New page: Lighting Build
[2017.07.22-10.48.13:234][  0]LogBlueprint:Warning: [WeaponParent] 'Opac' variable not found. Base class was probably changed.
[2017.07.22-10.48.13:235][  0]LogBlueprint:Warning: [WeaponParent] 'HUD reference' variable not found. Base class was probably changed.
[2017.07.22-10.48.13:327][  0]LogBlueprint:Warning: [WeaponParent] 'HUD reference' variable not found. Base class was probably changed.
[2017.07.22-10.48.17:025][  0]LogAIModule: Creating AISystem for world FirstPersonExampleMap
[2017.07.22-10.48.17:062][  0]LogEditorServer: Finished looking for orphan Actors (0.000 secs)
[2017.07.22-10.48.17:097][  0]Cmd: MAP CHECKDEP NOCLEARLOG
[2017.07.22-10.48.17:230][  0]MapCheck: Info Map check complete: 0 Error(s), 0 Warning(s), took 132.917ms to complete.
[2017.07.22-10.48.17:230][  0]LogFileHelpers: Loading map 'FirstPersonExampleMap' took 4.863
[2017.07.22-10.48.17:455][  0]LogCollectionManager: Loaded 0 collections in 0.001937 seconds
[2017.07.22-10.48.17:552][  0]LogFileCache: Scanning file cache for directory 'E:/Usuario/Ruben/UNIVERSIDAD/TFG/Postwar/Saved/Collections/' took 0.01s
[2017.07.22-10.48.17:552][  0]LogFileCache: Scanning file cache for directory 'E:/Usuario/Ruben/UNIVERSIDAD/TFG/Postwar/Content/Developers/cripe/Collections/' took 0.01s
[2017.07.22-10.48.17:552][  0]LogFileCache: Scanning file cache for directory 'E:/Usuario/Ruben/UNIVERSIDAD/TFG/Postwar/Content/Collections/' took 0.01s
[2017.07.22-10.48.17:552][  0]LogCollectionManager: Rebuilt the GUID cache for 0 collections in 0.000002 seconds
[2017.07.22-10.48.17:564][  0]LogContentBrowser: Native class hierarchy populated in 0.0104 seconds. Added 2329 classes and 491 folders.
[2017.07.22-10.48.17:641][  0]LogContentBrowser: Native class hierarchy updated for 'WidgetCarousel' in 0.0006 seconds. Added 0 classes and 0 folders.
[2017.07.22-10.48.17:762][  0]LogContentBrowser: Native class hierarchy updated for 'AddContentDialog' in 0.0006 seconds. Added 0 classes and 0 folders.
[2017.07.22-10.48.17:814][  0]LogContentBrowser: Native class hierarchy updated for 'SceneOutliner' in 0.0006 seconds. Added 1 classes and 2 folders.
[2017.07.22-10.48.17:982][  0]LogCrashTracker: Crashtracker disabled due to settings.
[2017.07.22-10.48.17:995][  0]LogSlate: Took 0.001537 seconds to synchronously load lazily loaded font '../../../Engine/Content/Slate/Fonts/Roboto-Regular.ttf' (155K)
[2017.07.22-10.48.17:998][  0]LogSlate: Took 0.001223 seconds to synchronously load lazily loaded font '../../../Engine/Content/Slate/Fonts/Roboto-Bold.ttf' (160K)
[2017.07.22-10.48.18:006][  0]LogSlate: Took 0.001336 seconds to synchronously load lazily loaded font '../../../Engine/Content/Editor/Slate/Fonts/FontAwesome.ttf' (139K)
[2017.07.22-10.48.18:124][  0]LogRenderer: Reallocating scene render targets to support 1208x620 NumSamples 1 (Frame:1).
[2017.07.22-10.48.18:285][  0]LogUObjectGlobals:Warning: Failed to find object 'Class None.'
[2017.07.22-10.48.18:352][  0]LogContentBrowser: Native class hierarchy updated for 'HierarchicalLODOutliner' in 0.0006 seconds. Added 1 classes and 2 folders.
[2017.07.22-10.48.18:352][  0]LogLoad: (Engine Initialization) Total time: 26.91 seconds
[2017.07.22-10.48.18:352][  0]LogLoad: (Engine Initialization) Total Blueprint compile time: 0.55 seconds
[2017.07.22-10.48.18:352][  0]LogExternalProfiler: Found external profiler: VSPerf
[2017.07.22-10.48.18:352][  0]LogExternalProfiler: Using external profiler: VSPerf
[2017.07.22-10.48.18:692][  0]LogOcInput: OculusInput pre-init called
[2017.07.22-10.48.18:692][  0]LogHMD: Starting GearVRController plugin
[2017.07.22-10.48.18:721][  0]LogContentStreaming: Texture pool size now 1000 MB
[2017.07.22-10.48.18:777][  0]LogSlate: Took 0.001223 seconds to synchronously load lazily loaded font '../../../Engine/Content/Slate/Fonts/Roboto-Light.ttf' (159K)
[2017.07.22-10.48.19:038][  1]LogAssetRegistry: Asset discovery search completed in 17.1937 seconds
[2017.07.22-10.48.19:041][  1]LogCollectionManager: Rebuilt the object cache for 0 collections in 0.000000 seconds (found 0 objects)
[2017.07.22-10.48.19:041][  1]LogCollectionManager: Fixed up redirectors for 0 collections in 0.000044 seconds (updated 0 objects)
[2017.07.22-10.48.51:357][ 98]LogTemp: Repeting last play command: Selected Viewport
[2017.07.22-10.48.51:409][ 98]LogBlueprintUserMessages: Early PlayInEditor Detection: Level '/Game/FirstPersonBP/Maps/FirstPersonExampleMap.FirstPersonExampleMap:PersistentLevel' has LevelScriptBlueprint '/Game/FirstPersonBP/Maps/FirstPersonExampleMap.FirstPersonExampleMap:PersistentLevel.FirstPersonExampleMap' with GeneratedClass '/Game/FirstPersonBP/Maps/FirstPersonExampleMap.FirstPersonExampleMap_C' with ClassGeneratedBy '/Game/FirstPersonBP/Maps/FirstPersonExampleMap.FirstPersonExampleMap:PersistentLevel.FirstPersonExampleMap'
[2017.07.22-10.48.51:409][ 98]LogPlayLevel: PlayLevel: No blueprints needed recompiling
[2017.07.22-10.48.51:411][ 98]PIE: New page: PIE session: FirstPersonExampleMap (Jul 22, 2017, 2:48:51 PM)
[2017.07.22-10.48.51:411][ 98]LogPlayLevel: Creating play world package: /Game/FirstPersonBP/Maps/UEDPIE_0_FirstPersonExampleMap
[2017.07.22-10.48.51:444][ 98]LogPlayLevel: PIE: StaticDuplicateObject took: (0.032988s)
[2017.07.22-10.48.51:444][ 98]LogAIModule: Creating AISystem for world FirstPersonExampleMap
[2017.07.22-10.48.51:445][ 98]LogPlayLevel: PIE: World Init took: (0.000964s)
[2017.07.22-10.48.51:445][ 98]LogPlayLevel: PIE: Created PIE world by copying editor world from /Game/FirstPersonBP/Maps/FirstPersonExampleMap.FirstPersonExampleMap to /Game/FirstPersonBP/Maps/UEDPIE_0_FirstPersonExampleMap.FirstPersonExampleMap (0.034233s)
[2017.07.22-10.48.51:467][ 98]LogInit: XAudio2 using 'Altavoces (Realtek High Definition Audio)' : 2 channels at 48 kHz using 32 bits per sample (channel mask 0x3)
[2017.07.22-10.48.51:478][ 98]LogInit: FAudioDevice initialized.
[2017.07.22-10.48.51:524][ 98]LogLoad: Game class is 'FirstPersonGameMode_C'
[2017.07.22-10.48.51:530][ 98]LogWorld: Bringing World /Game/FirstPersonBP/Maps/UEDPIE_0_FirstPersonExampleMap.FirstPersonExampleMap up for play (max tick rate 60) at 2017.07.22-12.48.51
[2017.07.22-10.48.51:532][ 98]LogWorld: Bringing up level for play took: 0.005264
[2017.07.22-10.48.51:577][ 98]LogContentBrowser: Native class hierarchy updated for 'MovieSceneCapture' in 0.0007 seconds. Added 11 classes and 0 folders.
[2017.07.22-10.48.51:582][ 98]PIE: Info Play in editor start time for /Game/FirstPersonBP/Maps/UEDPIE_0_FirstPersonExampleMap 0.498
[2017.07.22-10.48.51:583][ 98]LogBlueprintUserMessages: Late PlayInEditor Detection: Level '/Game/FirstPersonBP/Maps/FirstPersonExampleMap.FirstPersonExampleMap:PersistentLevel' has LevelScriptBlueprint '/Game/FirstPersonBP/Maps/FirstPersonExampleMap.FirstPersonExampleMap:PersistentLevel.FirstPersonExampleMap' with GeneratedClass '/Game/FirstPersonBP/Maps/FirstPersonExampleMap.FirstPersonExampleMap_C' with ClassGeneratedBy '/Game/FirstPersonBP/Maps/FirstPersonExampleMap.FirstPersonExampleMap:PersistentLevel.FirstPersonExampleMap'
[2017.07.22-10.48.51:603][ 98]LogScript:Warning: Accessed None trying to read property Equipada
	BasicAmmo_C /Engine/Transient.UnrealEdEngine_0:GameInstance_0.BasicAmmo_C_0
	Function /Game/FirstPersonBP/PostWar/HUD/BasicAmmo.BasicAmmo_C:MunicionActual:00D5
[2017.07.22-10.48.51:603][ 98]LogScript:Warning: Accessed None trying to read property Equipada
	BasicAmmo_C /Engine/Transient.UnrealEdEngine_0:GameInstance_0.BasicAmmo_C_0
	Function /Game/FirstPersonBP/PostWar/HUD/BasicAmmo.BasicAmmo_C:MunicionTotal:00D5
[2017.07.22-10.48.51:603][ 98]LogScript:Warning: Accessed None trying to read property Equipada
	BasicAmmo_C /Engine/Transient.UnrealEdEngine_0:GameInstance_0.BasicAmmo_C_0
	Function /Game/FirstPersonBP/PostWar/HUD/BasicAmmo.BasicAmmo_C:Recargando:00AB
[2017.07.22-10.48.51:703][ 99]LogScript:Warning: Accessed None trying to read property Equipada
	BasicAmmo_C /Engine/Transient.UnrealEdEngine_0:GameInstance_0.BasicAmmo_C_0
	Function /Game/FirstPersonBP/PostWar/HUD/BasicAmmo.BasicAmmo_C:MunicionActual:00D5
[2017.07.22-10.48.51:703][ 99]LogScript:Warning: Accessed None trying to read property Equipada
	BasicAmmo_C /Engine/Transient.UnrealEdEngine_0:GameInstance_0.BasicAmmo_C_0
	Function /Game/FirstPersonBP/PostWar/HUD/BasicAmmo.BasicAmmo_C:MunicionTotal:00D5
[2017.07.22-10.48.51:703][ 99]LogScript:Warning: Accessed None trying to read property Equipada
	BasicAmmo_C /Engine/Transient.UnrealEdEngine_0:GameInstance_0.BasicAmmo_C_0
	Function /Game/FirstPersonBP/PostWar/HUD/BasicAmmo.BasicAmmo_C:Recargando:00AB
[2017.07.22-10.48.51:716][100]LogScript:Warning: Accessed None trying to read property Equipada
	BasicAmmo_C /Engine/Transient.UnrealEdEngine_0:GameInstance_0.BasicAmmo_C_0
	Function /Game/FirstPersonBP/PostWar/HUD/BasicAmmo.BasicAmmo_C:MunicionActual:00D5
[2017.07.22-10.48.51:716][100]LogScript:Warning: Accessed None trying to read property Equipada
	BasicAmmo_C /Engine/Transient.UnrealEdEngine_0:GameInstance_0.BasicAmmo_C_0
	Function /Game/FirstPersonBP/PostWar/HUD/BasicAmmo.BasicAmmo_C:MunicionTotal:00D5
[2017.07.22-10.48.51:716][100]LogScript:Warning: Accessed None trying to read property Equipada
	BasicAmmo_C /Engine/Transient.UnrealEdEngine_0:GameInstance_0.BasicAmmo_C_0
	Function /Game/FirstPersonBP/PostWar/HUD/BasicAmmo.BasicAmmo_C:Recargando:00AB
[2017.07.22-10.48.51:761][101]LogScript:Warning: Accessed None trying to read property Equipada
	BasicAmmo_C /Engine/Transient.UnrealEdEngine_0:GameInstance_0.BasicAmmo_C_0
	Function /Game/FirstPersonBP/PostWar/HUD/BasicAmmo.BasicAmmo_C:MunicionActual:00D5
[2017.07.22-10.48.51:761][101]LogScript:Warning: Accessed None trying to read property Equipada
	BasicAmmo_C /Engine/Transient.UnrealEdEngine_0:GameInstance_0.BasicAmmo_C_0
	Function /Game/FirstPersonBP/PostWar/HUD/BasicAmmo.BasicAmmo_C:MunicionTotal:00D5
[2017.07.22-10.48.51:761][101]LogScript:Warning: Accessed None trying to read property Equipada
	BasicAmmo_C /Engine/Transient.UnrealEdEngine_0:GameInstance_0.BasicAmmo_C_0
	Function /Game/FirstPersonBP/PostWar/HUD/BasicAmmo.BasicAmmo_C:Recargando:00AB
[2017.07.22-10.48.51:822][102]LogScript:Warning: Accessed None trying to read property Equipada
	BasicAmmo_C /Engine/Transient.UnrealEdEngine_0:GameInstance_0.BasicAmmo_C_0
	Function /Game/FirstPersonBP/PostWar/HUD/BasicAmmo.BasicAmmo_C:MunicionActual:00D5
[2017.07.22-10.48.51:822][102]LogScript:Warning: Accessed None trying to read property Equipada
	BasicAmmo_C /Engine/Transient.UnrealEdEngine_0:GameInstance_0.BasicAmmo_C_0
	Function /Game/FirstPersonBP/PostWar/HUD/BasicAmmo.BasicAmmo_C:MunicionTotal:00D5
[2017.07.22-10.48.51:822][102]LogScript:Warning: Accessed None trying to read property Equipada
	BasicAmmo_C /Engine/Transient.UnrealEdEngine_0:GameInstance_0.BasicAmmo_C_0
	Function /Game/FirstPersonBP/PostWar/HUD/BasicAmmo.BasicAmmo_C:Recargando:00AB
[2017.07.22-10.48.51:839][103]LogScript:Warning: Accessed None trying to read property Equipada
	BasicAmmo_C /Engine/Transient.UnrealEdEngine_0:GameInstance_0.BasicAmmo_C_0
	Function /Game/FirstPersonBP/PostWar/HUD/BasicAmmo.BasicAmmo_C:MunicionActual:00D5
[2017.07.22-10.48.51:839][103]LogScript:Warning: Accessed None trying to read property Equipada
	BasicAmmo_C /Engine/Transient.UnrealEdEngine_0:GameInstance_0.BasicAmmo_C_0
	Function /Game/FirstPersonBP/PostWar/HUD/BasicAmmo.BasicAmmo_C:MunicionTotal:00D5
[2017.07.22-10.48.53:382][195]LogScript:Warning: Accessed None trying to read property Equipada
	FirstPersonCharacter_C /Game/FirstPersonBP/Maps/UEDPIE_0_FirstPersonExampleMap.FirstPersonExampleMap:PersistentLevel.FirstPersonCharacter_C_1
	Function /Game/FirstPersonBP/Blueprints/FirstPersonCharacter.FirstPersonCharacter_C:ExecuteUbergraph_FirstPersonCharacter:065C
[2017.07.22-10.48.53:382][195]PIE:Error: Error Blueprint Runtime Error: Accessed None trying to read property Equipada from function: 'ExecuteUbergraph_FirstPersonCharacter' from node: Set recargando in graph: EventGraph in object: FirstPersonCharacter with description: Accessed None trying to read property Equipada
[2017.07.22-10.48.54:465][260]LogScript:Warning: Accessed None trying to read property Equipada
	FirstPersonCharacter_C /Game/FirstPersonBP/Maps/UEDPIE_0_FirstPersonExampleMap.FirstPersonExampleMap:PersistentLevel.FirstPersonCharacter_C_1
	Function /Game/FirstPersonBP/Blueprints/FirstPersonCharacter.FirstPersonCharacter_C:ExecuteUbergraph_FirstPersonCharacter:065C
[2017.07.22-10.48.54:465][260]PIE:Error: Error Blueprint Runtime Error: Accessed None trying to read property Equipada from function: 'ExecuteUbergraph_FirstPersonCharacter' from node: Set recargando in graph: EventGraph in object: FirstPersonCharacter with description: Accessed None trying to read property Equipada
[2017.07.22-10.48.54:817][281]LogBlueprintUserMessages: [AKDrop_408] Aun no hemos comprado este arma
[2017.07.22-10.48.55:051][295]LogBlueprintUserMessages: [AKDrop_408] Compro AK
[2017.07.22-10.49.02:306][730]LogBlueprintUserMessages: [AK_C_0] Recarga interrumpida
[2017.07.22-10.49.07:823][ 61]LogBlueprintUserMessages: [Power-upTiempoRecarga_422] Has entrado en zona de mejorar
[2017.07.22-10.49.08:089][ 77]LogBlueprintUserMessages: [Power-upTiempoRecarga_422] Has entrado en zona de mejorar
[2017.07.22-10.49.08:356][ 93]LogBlueprintUserMessages: [Power-upTiempoRecarga_422] soy power-up tiempo recarga
[2017.07.22-10.49.09:339][152]LogBlueprintUserMessages: [Power-upTiempoRecarga_422] Has salido de zona de mejorar
[2017.07.22-10.49.09:373][154]LogBlueprintUserMessages: [Power-upTiempoRecarga_422] Has salido de zona de mejorar
[2017.07.22-10.49.13:356][393]LogBlueprintUserMessages: [FirstPersonCharacter_C_1] Mi vida Maxima es: 10
[2017.07.22-10.49.13:739][416]LogBlueprintUserMessages: [FirstPersonCharacter_C_1] Mi vida Maxima es: 10
[2017.07.22-10.49.13:906][426]LogBlueprintUserMessages: [FirstPersonCharacter_C_1] Mi vida Maxima es: 10
[2017.07.22-10.49.14:723][475]LogBlueprintUserMessages: [Power-upResistencia_234] Has entrado en zona de mejorar
[2017.07.22-10.49.14:991][491]LogBlueprintUserMessages: [Power-upResistencia_234] Has entrado en zona de mejorar
[2017.07.22-10.49.15:656][531]LogBlueprintUserMessages: [Power-upResistencia_234] soy power-up resistencia
[2017.07.22-10.49.16:306][570]LogBlueprintUserMessages: [Power-upResistencia_234] Has salido de zona de mejorar
[2017.07.22-10.49.16:590][587]LogBlueprintUserMessages: [Power-upResistencia_234] Has salido de zona de mejorar
[2017.07.22-10.49.17:173][622]LogBlueprintUserMessages: [FirstPersonCharacter_C_1] Mi vida Maxima es: 15
[2017.07.22-10.49.17:823][661]LogBlueprintUserMessages: [FirstPersonCharacter_C_1] Mi vida Maxima es: 15
[2017.07.22-10.49.18:124][679]LogBlueprintUserMessages: [FirstPersonCharacter_C_1] Mi vida Maxima es: 15
[2017.07.22-10.49.18:290][689]LogBlueprintUserMessages: [FirstPersonCharacter_C_1] Mi vida Maxima es: 15
[2017.07.22-10.49.19:173][742]LogBlueprintUserMessages: [FirstPersonCharacter_C_1] Mi vida Maxima es: 15
[2017.07.22-10.49.19:323][751]LogBlueprintUserMessages: [FirstPersonCharacter_C_1] Mi vida Maxima es: 15
[2017.07.22-10.49.21:739][896]LogBlueprintUserMessages: [FirstPersonCharacter_C_1] Mi vida actual es es: 14
[2017.07.22-10.49.22:273][928]LogBlueprintUserMessages: [FirstPersonCharacter_C_1] Mi vida actual es es: 13
[2017.07.22-10.49.22:556][945]LogBlueprintUserMessages: [FirstPersonCharacter_C_1] Mi vida actual es es: 12
[2017.07.22-10.49.22:773][958]LogBlueprintUserMessages: [FirstPersonCharacter_C_1] Mi vida actual es es: 11
[2017.07.22-10.49.22:940][968]LogBlueprintUserMessages: [FirstPersonCharacter_C_1] Mi vida actual es es: 10
[2017.07.22-10.49.23:090][977]LogBlueprintUserMessages: [FirstPersonCharacter_C_1] Mi vida actual es es: 9
[2017.07.22-10.49.23:273][988]LogBlueprintUserMessages: [FirstPersonCharacter_C_1] Mi vida actual es es: 8
[2017.07.22-10.49.23:457][999]LogBlueprintUserMessages: [FirstPersonCharacter_C_1] Mi vida actual es es: 7
[2017.07.22-10.49.23:623][  9]LogBlueprintUserMessages: [FirstPersonCharacter_C_1] Mi vida actual es es: 6
[2017.07.22-10.49.23:789][ 19]LogBlueprintUserMessages: [FirstPersonCharacter_C_1] Mi vida actual es es: 5
[2017.07.22-10.49.23:973][ 30]LogBlueprintUserMessages: [FirstPersonCharacter_C_1] Mi vida actual es es: 4
[2017.07.22-10.49.24:156][ 41]LogBlueprintUserMessages: [FirstPersonCharacter_C_1] Mi vida actual es es: 3
[2017.07.22-10.49.24:357][ 53]LogBlueprintUserMessages: [FirstPersonCharacter_C_1] Mi vida actual es es: 2
[2017.07.22-10.49.24:523][ 63]LogBlueprintUserMessages: [FirstPersonCharacter_C_1] Mi vida actual es es: 1
[2017.07.22-10.49.24:706][ 74]LogBlueprintUserMessages: [FirstPersonCharacter_C_1] Mi vida actual es es: 0
[2017.07.22-10.49.24:706][ 74]LogBlueprintUserMessages: [FirstPersonCharacter_C_1] he muerto
[2017.07.22-10.49.25:823][141]LogBlueprintUserMessages: [FirstPersonCharacter_C_1] Mi vida actual es es: -1
[2017.07.22-10.49.25:823][141]LogBlueprintUserMessages: [FirstPersonCharacter_C_1] he muerto
[2017.07.22-10.49.28:824][321]LogBlueprintUserMessages: [FirstPersonCharacter_C_1] Mi vida actual es es: 0
[2017.07.22-10.49.31:824][501]LogBlueprintUserMessages: [FirstPersonCharacter_C_1] Mi vida actual es es: 1
[2017.07.22-10.49.32:490][541]LogBlueprintUserMessages: [Power-upRevivir_94] Has entrado en zona de mejorar
[2017.07.22-10.49.32:790][559]LogBlueprintUserMessages: [Power-upRevivir_94] Has entrado en zona de mejorar
[2017.07.22-10.49.33:040][574]LogBlueprintUserMessages: [Power-upRevivir_94] soy power-up revivir
[2017.07.22-10.49.33:757][617]LogBlueprintUserMessages: [Power-upResistencia_234] Has entrado en zona de mejorar
[2017.07.22-10.49.33:824][621]LogBlueprintUserMessages: [Power-upRevivir_94] Has salido de zona de mejorar
[2017.07.22-10.49.33:890][625]LogBlueprintUserMessages: [Power-upRevivir_94] Has salido de zona de mejorar
[2017.07.22-10.49.34:090][637]LogBlueprintUserMessages: [Power-upResistencia_234] Has salido de zona de mejorar
[2017.07.22-10.49.34:824][681]LogBlueprintUserMessages: [FirstPersonCharacter_C_1] Mi vida actual es es: 2
[2017.07.22-10.49.37:824][861]LogBlueprintUserMessages: [FirstPersonCharacter_C_1] Mi vida actual es es: 3
[2017.07.22-10.49.39:206][944]LogBlueprintUserMessages: [FirstPersonCharacter_C_1] Mi vida actual es es: 2
[2017.07.22-10.49.39:623][969]LogBlueprintUserMessages: [FirstPersonCharacter_C_1] Mi vida actual es es: 1
[2017.07.22-10.49.40:123][999]LogBlueprintUserMessages: [FirstPersonCharacter_C_1] Mi vida actual es es: 0
[2017.07.22-10.49.42:373][134]LogBlueprintUserMessages: [FirstPersonCharacter_C_1] NO PUEDES HACER DAÑO MIENTRAS SE REVIVE
[2017.07.22-10.49.45:374][314]LogBlueprintUserMessages: [FirstPersonCharacter_C_1] vida al maximo
[2017.07.22-10.49.48:374][494]LogBlueprintUserMessages: [FirstPersonCharacter_C_1] Mi vida actual es es: 14
[2017.07.22-10.49.48:607][508]LogBlueprintUserMessages: [FirstPersonCharacter_C_1] Mi vida actual es es: 13
[2017.07.22-10.49.48:773][518]LogBlueprintUserMessages: [FirstPersonCharacter_C_1] Mi vida actual es es: 12
[2017.07.22-10.49.48:924][527]LogBlueprintUserMessages: [FirstPersonCharacter_C_1] Mi vida actual es es: 11
[2017.07.22-10.49.51:924][707]LogBlueprintUserMessages: [FirstPersonCharacter_C_1] Mi vida actual es es: 12
[2017.07.22-10.49.54:924][887]LogBlueprintUserMessages: [FirstPersonCharacter_C_1] Mi vida actual es es: 13
[2017.07.22-10.49.57:924][ 67]LogBlueprintUserMessages: [FirstPersonCharacter_C_1] Mi vida actual es es: 14
[2017.07.22-10.50.00:924][247]LogBlueprintUserMessages: [FirstPersonCharacter_C_1] Mi vida actual es es: 15
[2017.07.22-10.50.03:925][427]LogBlueprintUserMessages: [FirstPersonCharacter_C_1] vida al maximo
[2017.07.22-10.50.09:241][746]LogBlueprintUserMessages: [MaquinaCadencia_162] Has entrado en zona de mejorar
[2017.07.22-10.50.09:341][752]LogBlueprintUserMessages: [MaquinaCadencia_162] Has entrado en zona de mejorar
[2017.07.22-10.50.09:608][768]LogBlueprintUserMessages: [MaquinaCadencia_162] Has salido de zona de mejorar
[2017.07.22-10.50.09:608][768]LogBlueprintUserMessages: [MaquinaCadencia_162] Has salido de zona de mejorar
[2017.07.22-10.50.12:075][916]LogBlueprintUserMessages: [MaquinaCadencia_162] Has entrado en zona de mejorar
[2017.07.22-10.50.12:174][922]LogBlueprintUserMessages: [MaquinaCadencia_162] Has entrado en zona de mejorar
[2017.07.22-10.50.12:458][939]LogBlueprintUserMessages: [MaquinaCadencia_162] Has salido de zona de mejorar
[2017.07.22-10.50.12:458][939]LogBlueprintUserMessages: [MaquinaCadencia_162] Has salido de zona de mejorar
[2017.07.22-10.50.12:507][942]LogBlueprintUserMessages: [MaquinaCapacidadCargador_310] Has entrado en zona de mejorar
[2017.07.22-10.50.12:624][949]LogBlueprintUserMessages: [MaquinaCapacidadCargador_310] Has entrado en zona de mejorar
[2017.07.22-10.50.12:774][958]LogBlueprintUserMessages: [MaquinaCapacidadCargador_310] Has salido de zona de mejorar
[2017.07.22-10.50.12:908][966]LogBlueprintUserMessages: [MaquinaCapacidadCargador_310] Has salido de zona de mejorar
[2017.07.22-10.50.12:941][968]LogBlueprintUserMessages: [MaquinaDamage_350] Has entrado en zona de mejorar
[2017.07.22-10.50.13:041][974]LogBlueprintUserMessages: [MaquinaDamage_350] Has salido de zona de mejorar
[2017.07.22-10.50.23:224][585]LogBlueprintUserMessages: [MaquinaCapacidadCargador_310] Has entrado en zona de mejorar
[2017.07.22-10.50.23:591][607]LogBlueprintUserMessages: [MaquinaCapacidadCargador_310] Soy maquina mejorar capacidad cargador
[2017.07.22-10.50.23:825][621]LogBlueprintUserMessages: [MaquinaCapacidadCargador_310] Soy maquina mejorar capacidad cargador
[2017.07.22-10.50.24:225][645]LogBlueprintUserMessages: [MaquinaCapacidadCargador_310] Has entrado en zona de mejorar
[2017.07.22-10.50.24:458][659]LogBlueprintUserMessages: [MaquinaCapacidadCargador_310] Has salido de zona de mejorar
[2017.07.22-10.50.24:475][660]LogBlueprintUserMessages: [MaquinaCapacidadCargador_310] Has salido de zona de mejorar
[2017.07.22-10.50.27:159][821]LogBlueprintUserMessages: Early EndPlayMap Detection: Level '/Game/FirstPersonBP/Maps/FirstPersonExampleMap.FirstPersonExampleMap:PersistentLevel' has LevelScriptBlueprint '/Game/FirstPersonBP/Maps/FirstPersonExampleMap.FirstPersonExampleMap:PersistentLevel.FirstPersonExampleMap' with GeneratedClass '/Game/FirstPersonBP/Maps/FirstPersonExampleMap.FirstPersonExampleMap_C' with ClassGeneratedBy '/Game/FirstPersonBP/Maps/FirstPersonExampleMap.FirstPersonExampleMap:PersistentLevel.FirstPersonExampleMap'
[2017.07.22-10.50.27:192][821]LogBlueprintUserMessages: Late EndPlayMap Detection: Level '/Game/FirstPersonBP/Maps/FirstPersonExampleMap.FirstPersonExampleMap:PersistentLevel' has LevelScriptBlueprint '/Game/FirstPersonBP/Maps/FirstPersonExampleMap.FirstPersonExampleMap:PersistentLevel.FirstPersonExampleMap' with GeneratedClass '/Game/FirstPersonBP/Maps/FirstPersonExampleMap.FirstPersonExampleMap_C' with ClassGeneratedBy '/Game/FirstPersonBP/Maps/FirstPersonExampleMap.FirstPersonExampleMap:PersistentLevel.FirstPersonExampleMap'
[2017.07.22-10.50.59:349][975]LogTemp: Repeting last play command: Selected Viewport
[2017.07.22-10.50.59:367][975]LogBlueprintUserMessages: Early PlayInEditor Detection: Level '/Game/FirstPersonBP/Maps/FirstPersonExampleMap.FirstPersonExampleMap:PersistentLevel' has LevelScriptBlueprint '/Game/FirstPersonBP/Maps/FirstPersonExampleMap.FirstPersonExampleMap:PersistentLevel.FirstPersonExampleMap' with GeneratedClass '/Game/FirstPersonBP/Maps/FirstPersonExampleMap.FirstPersonExampleMap_C' with ClassGeneratedBy '/Game/FirstPersonBP/Maps/FirstPersonExampleMap.FirstPersonExampleMap:PersistentLevel.FirstPersonExampleMap'
[2017.07.22-10.50.59:367][975]LogPlayLevel: PlayLevel: No blueprints needed recompiling
[2017.07.22-10.50.59:368][975]PIE: New page: PIE session: FirstPersonExampleMap (Jul 22, 2017, 2:50:59 PM)
[2017.07.22-10.50.59:368][975]LogPlayLevel: Creating play world package: /Game/FirstPersonBP/Maps/UEDPIE_0_FirstPersonExampleMap
[2017.07.22-10.50.59:389][975]LogPlayLevel: PIE: StaticDuplicateObject took: (0.021717s)
[2017.07.22-10.50.59:390][975]LogAIModule: Creating AISystem for world FirstPersonExampleMap
[2017.07.22-10.50.59:390][975]LogPlayLevel: PIE: World Init took: (0.001028s)
[2017.07.22-10.50.59:391][975]LogPlayLevel: PIE: Created PIE world by copying editor world from /Game/FirstPersonBP/Maps/FirstPersonExampleMap.FirstPersonExampleMap to /Game/FirstPersonBP/Maps/UEDPIE_0_FirstPersonExampleMap.FirstPersonExampleMap (0.023074s)
[2017.07.22-10.50.59:411][975]LogInit: XAudio2 using 'Altavoces (Realtek High Definition Audio)' : 2 channels at 48 kHz using 32 bits per sample (channel mask 0x3)
[2017.07.22-10.50.59:423][975]LogInit: FAudioDevice initialized.
[2017.07.22-10.50.59:456][975]LogLoad: Game class is 'FirstPersonGameMode_C'
[2017.07.22-10.50.59:460][975]LogWorld: Bringing World /Game/FirstPersonBP/Maps/UEDPIE_0_FirstPersonExampleMap.FirstPersonExampleMap up for play (max tick rate 60) at 2017.07.22-12.50.59
[2017.07.22-10.50.59:461][975]LogWorld: Bringing up level for play took: 0.003223
[2017.07.22-10.50.59:462][975]PIE: Info Play in editor start time for /Game/FirstPersonBP/Maps/UEDPIE_0_FirstPersonExampleMap 0.378
[2017.07.22-10.50.59:463][975]LogBlueprintUserMessages: Late PlayInEditor Detection: Level '/Game/FirstPersonBP/Maps/FirstPersonExampleMap.FirstPersonExampleMap:PersistentLevel' has LevelScriptBlueprint '/Game/FirstPersonBP/Maps/FirstPersonExampleMap.FirstPersonExampleMap:PersistentLevel.FirstPersonExampleMap' with GeneratedClass '/Game/FirstPersonBP/Maps/FirstPersonExampleMap.FirstPersonExampleMap_C' with ClassGeneratedBy '/Game/FirstPersonBP/Maps/FirstPersonExampleMap.FirstPersonExampleMap:PersistentLevel.FirstPersonExampleMap'
[2017.07.22-10.50.59:500][975]LogScript:Warning: Accessed None trying to read property Equipada
	BasicAmmo_C /Engine/Transient.UnrealEdEngine_0:GameInstance_1.BasicAmmo_C_1
	Function /Game/FirstPersonBP/PostWar/HUD/BasicAmmo.BasicAmmo_C:MunicionActual:00D5
[2017.07.22-10.50.59:500][975]LogScript:Warning: Accessed None trying to read property Equipada
	BasicAmmo_C /Engine/Transient.UnrealEdEngine_0:GameInstance_1.BasicAmmo_C_1
	Function /Game/FirstPersonBP/PostWar/HUD/BasicAmmo.BasicAmmo_C:MunicionTotal:00D5
[2017.07.22-10.50.59:500][975]LogScript:Warning: Accessed None trying to read property Equipada
	BasicAmmo_C /Engine/Transient.UnrealEdEngine_0:GameInstance_1.BasicAmmo_C_1
	Function /Game/FirstPersonBP/PostWar/HUD/BasicAmmo.BasicAmmo_C:Recargando:00AB
[2017.07.22-10.50.59:512][976]LogScript:Warning: Accessed None trying to read property Equipada
	BasicAmmo_C /Engine/Transient.UnrealEdEngine_0:GameInstance_1.BasicAmmo_C_1
	Function /Game/FirstPersonBP/PostWar/HUD/BasicAmmo.BasicAmmo_C:MunicionActual:00D5
[2017.07.22-10.50.59:512][976]LogScript:Warning: Accessed None trying to read property Equipada
	BasicAmmo_C /Engine/Transient.UnrealEdEngine_0:GameInstance_1.BasicAmmo_C_1
	Function /Game/FirstPersonBP/PostWar/HUD/BasicAmmo.BasicAmmo_C:MunicionTotal:00D5
[2017.07.22-10.50.59:512][976]LogScript:Warning: Accessed None trying to read property Equipada
	BasicAmmo_C /Engine/Transient.UnrealEdEngine_0:GameInstance_1.BasicAmmo_C_1
	Function /Game/FirstPersonBP/PostWar/HUD/BasicAmmo.BasicAmmo_C:Recargando:00AB
[2017.07.22-10.50.59:529][977]LogScript:Warning: Accessed None trying to read property Equipada
	BasicAmmo_C /Engine/Transient.UnrealEdEngine_0:GameInstance_1.BasicAmmo_C_1
	Function /Game/FirstPersonBP/PostWar/HUD/BasicAmmo.BasicAmmo_C:MunicionActual:00D5
[2017.07.22-10.50.59:529][977]LogScript:Warning: Accessed None trying to read property Equipada
	BasicAmmo_C /Engine/Transient.UnrealEdEngine_0:GameInstance_1.BasicAmmo_C_1
	Function /Game/FirstPersonBP/PostWar/HUD/BasicAmmo.BasicAmmo_C:MunicionTotal:00D5
[2017.07.22-10.50.59:529][977]LogScript:Warning: Accessed None trying to read property Equipada
	BasicAmmo_C /Engine/Transient.UnrealEdEngine_0:GameInstance_1.BasicAmmo_C_1
	Function /Game/FirstPersonBP/PostWar/HUD/BasicAmmo.BasicAmmo_C:Recargando:00AB
[2017.07.22-10.50.59:545][978]LogScript:Warning: Accessed None trying to read property Equipada
	BasicAmmo_C /Engine/Transient.UnrealEdEngine_0:GameInstance_1.BasicAmmo_C_1
	Function /Game/FirstPersonBP/PostWar/HUD/BasicAmmo.BasicAmmo_C:MunicionActual:00D5
[2017.07.22-10.50.59:545][978]LogScript:Warning: Accessed None trying to read property Equipada
	BasicAmmo_C /Engine/Transient.UnrealEdEngine_0:GameInstance_1.BasicAmmo_C_1
	Function /Game/FirstPersonBP/PostWar/HUD/BasicAmmo.BasicAmmo_C:MunicionTotal:00D5
[2017.07.22-10.50.59:545][978]LogScript:Warning: Accessed None trying to read property Equipada
	BasicAmmo_C /Engine/Transient.UnrealEdEngine_0:GameInstance_1.BasicAmmo_C_1
	Function /Game/FirstPersonBP/PostWar/HUD/BasicAmmo.BasicAmmo_C:Recargando:00AB
[2017.07.22-10.50.59:562][979]LogScript:Warning: Accessed None trying to read property Equipada
	BasicAmmo_C /Engine/Transient.UnrealEdEngine_0:GameInstance_1.BasicAmmo_C_1
	Function /Game/FirstPersonBP/PostWar/HUD/BasicAmmo.BasicAmmo_C:MunicionActual:00D5
[2017.07.22-10.50.59:562][979]LogScript:Warning: Accessed None trying to read property Equipada
	BasicAmmo_C /Engine/Transient.UnrealEdEngine_0:GameInstance_1.BasicAmmo_C_1
	Function /Game/FirstPersonBP/PostWar/HUD/BasicAmmo.BasicAmmo_C:MunicionTotal:00D5
[2017.07.22-10.50.59:562][979]LogScript:Warning: Accessed None trying to read property Equipada
	BasicAmmo_C /Engine/Transient.UnrealEdEngine_0:GameInstance_1.BasicAmmo_C_1
	Function /Game/FirstPersonBP/PostWar/HUD/BasicAmmo.BasicAmmo_C:Recargando:00AB
[2017.07.22-10.50.59:579][980]LogScript:Warning: Accessed None trying to read property Equipada
	BasicAmmo_C /Engine/Transient.UnrealEdEngine_0:GameInstance_1.BasicAmmo_C_1
	Function /Game/FirstPersonBP/PostWar/HUD/BasicAmmo.BasicAmmo_C:MunicionActual:00D5
[2017.07.22-10.50.59:579][980]LogScript:Warning: Accessed None trying to read property Equipada
	BasicAmmo_C /Engine/Transient.UnrealEdEngine_0:GameInstance_1.BasicAmmo_C_1
	Function /Game/FirstPersonBP/PostWar/HUD/BasicAmmo.BasicAmmo_C:MunicionTotal:00D5
[2017.07.22-10.50.59:876][998]LogBlueprintUserMessages: [MaquinaDamage_350] Has entrado en zona de mejorar
[2017.07.22-10.51.00:143][ 14]LogScript:Warning: Accessed None trying to read property Equipada
	FirstPersonCharacter_C /Game/FirstPersonBP/Maps/UEDPIE_0_FirstPersonExampleMap.FirstPersonExampleMap:PersistentLevel.FirstPersonCharacter_C_1
	Function /Game/FirstPersonBP/Blueprints/FirstPersonCharacter.FirstPersonCharacter_C:ExecuteUbergraph_FirstPersonCharacter:065C
[2017.07.22-10.51.00:143][ 14]PIE:Error: Error Blueprint Runtime Error: Accessed None trying to read property Equipada from function: 'ExecuteUbergraph_FirstPersonCharacter' from node: Set recargando in graph: EventGraph in object: FirstPersonCharacter with description: Accessed None trying to read property Equipada
[2017.07.22-10.51.00:330][ 25]LogBlueprintUserMessages: [MaquinaDamage_350] Has salido de zona de mejorar
[2017.07.22-10.51.01:081][ 70]LogScript:Warning: Accessed None trying to read property Equipada
	FirstPersonCharacter_C /Game/FirstPersonBP/Maps/UEDPIE_0_FirstPersonExampleMap.FirstPersonExampleMap:PersistentLevel.FirstPersonCharacter_C_1
	Function /Game/FirstPersonBP/Blueprints/FirstPersonCharacter.FirstPersonCharacter_C:ExecuteUbergraph_FirstPersonCharacter:065C
[2017.07.22-10.51.01:081][ 70]PIE:Error: Error Blueprint Runtime Error: Accessed None trying to read property Equipada from function: 'ExecuteUbergraph_FirstPersonCharacter' from node: Set recargando in graph: EventGraph in object: FirstPersonCharacter with description: Accessed None trying to read property Equipada
[2017.07.22-10.51.01:880][118]LogBlueprintUserMessages: [AKDrop_408] Aun no hemos comprado este arma
[2017.07.22-10.51.02:081][130]LogBlueprintUserMessages: [AKDrop_408] Compro AK
[2017.07.22-10.51.02:797][173]LogBlueprintUserMessages: [shotgunDrop_110] Aun no hemos comprado este arma
[2017.07.22-10.51.02:931][181]LogBlueprintUserMessages: [shotgunDrop_110] Compro escopeta
[2017.07.22-10.51.06:830][415]LogBlueprintUserMessages: [AKDrop_408] Ya hemos comprado este arma
[2017.07.22-10.51.09:164][555]LogBlueprintUserMessages: [AKDrop_408] Municion al maximo
[2017.07.22-10.51.09:614][582]LogBlueprintUserMessages: [AKDrop_408] Municion al maximo
[2017.07.22-10.51.09:781][592]LogBlueprintUserMessages: [AKDrop_408] Municion al maximo
[2017.07.22-10.51.09:947][602]LogBlueprintUserMessages: [AKDrop_408] Municion al maximo
[2017.07.22-10.51.10:164][615]LogBlueprintUserMessages: [AKDrop_408] Municion al maximo
[2017.07.22-10.51.10:380][628]LogBlueprintUserMessages: [AKDrop_408] Municion al maximo
[2017.07.22-10.51.10:547][638]LogBlueprintUserMessages: [AKDrop_408] Municion al maximo
[2017.07.22-10.51.10:747][650]LogBlueprintUserMessages: [AKDrop_408] Municion al maximo
[2017.07.22-10.51.12:381][748]LogBlueprintUserMessages: [shotgunDrop_110] Ya hemos comprado este arma
[2017.07.22-10.51.12:847][776]LogBlueprintUserMessages: [shotgunDrop_110] Compro Municion
[2017.07.22-10.51.13:781][832]LogBlueprintUserMessages: [M4a1Drop_232] Aun no hemos comprado este arma
[2017.07.22-10.51.14:331][865]LogBlueprintUserMessages: [M4a1Drop_232] Aun no hemos comprado este arma
[2017.07.22-10.51.37:015][226]LogBlueprintUserMessages: [M4a1Drop_232] Aun no hemos comprado este arma
[2017.07.22-10.51.37:465][253]LogBlueprintUserMessages: [M4a1Drop_232] Compro m4a1
[2017.07.22-10.51.46:432][791]LogBlueprintUserMessages: [shotgun_C_0] Recarga interrumpida
[2017.07.22-10.51.54:249][260]LogBlueprintUserMessages: [shotgun_C_0] Recarga interrumpida
[2017.07.22-10.51.56:165][375]LogBlueprintUserMessages: [MaquinaRecarga_262] Has entrado en zona de mejorar
[2017.07.22-10.51.56:182][376]LogBlueprintUserMessages: [MaquinaRecarga_262] Has entrado en zona de mejorar
[2017.07.22-10.51.56:332][385]LogBlueprintUserMessages: [MaquinaRecarga_262] Has salido de zona de mejorar
[2017.07.22-10.51.56:365][387]LogBlueprintUserMessages: [MaquinaMunicionMax_262] Has entrado en zona de mejorar
[2017.07.22-10.51.56:399][389]LogBlueprintUserMessages: [MaquinaRecarga_262] Has salido de zona de mejorar
[2017.07.22-10.51.56:515][396]LogBlueprintUserMessages: [MaquinaMunicionMax_262] Has entrado en zona de mejorar
[2017.07.22-10.51.56:549][398]LogBlueprintUserMessages: [MaquinaMunicionMax_262] Has salido de zona de mejorar
[2017.07.22-10.51.56:566][399]LogBlueprintUserMessages: [MaquinaMunicionMax_262] Has salido de zona de mejorar
[2017.07.22-10.52.00:269][621]LogBlueprintUserMessages: [MaquinaCadencia_162] Has entrado en zona de mejorar
[2017.07.22-10.52.00:469][633]LogBlueprintUserMessages: [MaquinaCadencia_162] Has salido de zona de mejorar
[2017.07.22-10.52.06:336][985]LogBlueprintUserMessages: Early EndPlayMap Detection: Level '/Game/FirstPersonBP/Maps/FirstPersonExampleMap.FirstPersonExampleMap:PersistentLevel' has LevelScriptBlueprint '/Game/FirstPersonBP/Maps/FirstPersonExampleMap.FirstPersonExampleMap:PersistentLevel.FirstPersonExampleMap' with GeneratedClass '/Game/FirstPersonBP/Maps/FirstPersonExampleMap.FirstPersonExampleMap_C' with ClassGeneratedBy '/Game/FirstPersonBP/Maps/FirstPersonExampleMap.FirstPersonExampleMap:PersistentLevel.FirstPersonExampleMap'
[2017.07.22-10.52.06:370][985]LogBlueprintUserMessages: Late EndPlayMap Detection: Level '/Game/FirstPersonBP/Maps/FirstPersonExampleMap.FirstPersonExampleMap:PersistentLevel' has LevelScriptBlueprint '/Game/FirstPersonBP/Maps/FirstPersonExampleMap.FirstPersonExampleMap:PersistentLevel.FirstPersonExampleMap' with GeneratedClass '/Game/FirstPersonBP/Maps/FirstPersonExampleMap.FirstPersonExampleMap_C' with ClassGeneratedBy '/Game/FirstPersonBP/Maps/FirstPersonExampleMap.FirstPersonExampleMap:PersistentLevel.FirstPersonExampleMap'
[2017.07.22-10.52.30:029][763]LogSlate: Took 0.000292 seconds to synchronously load lazily loaded font '../../../Engine/Content/Slate/Fonts/Roboto-Light.ttf' (159K)
[2017.07.22-10.52.30:471][763]LogContentBrowser: Native class hierarchy updated for 'BlueprintGraph' in 0.0011 seconds. Added 112 classes and 0 folders.
[2017.07.22-10.52.31:081][763]LogSlate: Took 0.000307 seconds to synchronously load lazily loaded font '../../../Engine/Content/Slate/Fonts/Roboto-Regular.ttf' (155K)
[2017.07.22-10.52.31:200][763]LogSlate: Took 0.001224 seconds to synchronously load lazily loaded font '../../../Engine/Content/Editor/Slate/Fonts/Roboto-BoldCondensed.ttf' (158K)
[2017.07.22-10.52.31:337][764]LogSlate: Took 0.001441 seconds to synchronously load lazily loaded font '../../../Engine/Content/Editor/Slate/Fonts/Roboto-Italic.ttf' (157K)
[2017.07.22-10.53.59:114][910]BlueprintLog: New page: Compile FirstPersonCharacter
[2017.07.22-10.53.59:219][910]LogBlueprint:Warning: [WeaponParent] 'HUD reference' variable not found. Base class was probably changed.
[2017.07.22-10.54.00:210][934]Cmd: OBJ SAVEPACKAGE PACKAGE="/Game/FirstPersonBP/Blueprints/FirstPersonCharacter" FILE="E:/Usuario/Ruben/UNIVERSIDAD/TFG/Postwar/Content/FirstPersonBP/Blueprints/FirstPersonCharacter.uasset" SILENT=true
[2017.07.22-10.54.00:582][934]LogSavePackage: Save=360.89ms
[2017.07.22-10.54.00:582][934]LogSavePackage: Moving 'E:/Usuario/Ruben/UNIVERSIDAD/TFG/Postwar/Saved/FirstPersonCharacter958A89CD434182A7BA1CB8934EC5A4AF.tmp' to 'E:/Usuario/Ruben/UNIVERSIDAD/TFG/Postwar/Content/FirstPersonBP/Blueprints/FirstPersonCharacter.uasset'
[2017.07.22-10.54.00:585][934]LogSavePackage:Display: Finished SavePackage E:/Usuario/Ruben/UNIVERSIDAD/TFG/Postwar/Content/FirstPersonBP/Blueprints/FirstPersonCharacter.uasset
[2017.07.22-10.54.03:628][111]LogTemp: Repeting last play command: Selected Viewport
[2017.07.22-10.54.03:650][111]LogBlueprintUserMessages: Early PlayInEditor Detection: Level '/Game/FirstPersonBP/Maps/FirstPersonExampleMap.FirstPersonExampleMap:PersistentLevel' has LevelScriptBlueprint '/Game/FirstPersonBP/Maps/FirstPersonExampleMap.FirstPersonExampleMap:PersistentLevel.FirstPersonExampleMap' with GeneratedClass '/Game/FirstPersonBP/Maps/FirstPersonExampleMap.FirstPersonExampleMap_C' with ClassGeneratedBy '/Game/FirstPersonBP/Maps/FirstPersonExampleMap.FirstPersonExampleMap:PersistentLevel.FirstPersonExampleMap'
[2017.07.22-10.54.03:650][111]LogPlayLevel: PlayLevel: No blueprints needed recompiling
[2017.07.22-10.54.03:651][111]PIE: New page: PIE session: FirstPersonExampleMap (Jul 22, 2017, 2:54:03 PM)
[2017.07.22-10.54.03:651][111]LogPlayLevel: Creating play world package: /Game/FirstPersonBP/Maps/UEDPIE_0_FirstPersonExampleMap
[2017.07.22-10.54.03:674][111]LogPlayLevel: PIE: StaticDuplicateObject took: (0.022969s)
[2017.07.22-10.54.03:674][111]LogAIModule: Creating AISystem for world FirstPersonExampleMap
[2017.07.22-10.54.03:675][111]LogPlayLevel: PIE: World Init took: (0.000967s)
[2017.07.22-10.54.03:675][111]LogPlayLevel: PIE: Created PIE world by copying editor world from /Game/FirstPersonBP/Maps/FirstPersonExampleMap.FirstPersonExampleMap to /Game/FirstPersonBP/Maps/UEDPIE_0_FirstPersonExampleMap.FirstPersonExampleMap (0.024203s)
[2017.07.22-10.54.03:710][111]LogInit: XAudio2 using 'Altavoces (Realtek High Definition Audio)' : 2 channels at 48 kHz using 32 bits per sample (channel mask 0x3)
[2017.07.22-10.54.03:721][111]LogInit: FAudioDevice initialized.
[2017.07.22-10.54.03:755][111]LogLoad: Game class is 'FirstPersonGameMode_C'
[2017.07.22-10.54.03:760][111]LogWorld: Bringing World /Game/FirstPersonBP/Maps/UEDPIE_0_FirstPersonExampleMap.FirstPersonExampleMap up for play (max tick rate 60) at 2017.07.22-12.54.03
[2017.07.22-10.54.03:760][111]LogWorld: Bringing up level for play took: 0.003963
[2017.07.22-10.54.03:763][111]PIE: Info Play in editor start time for /Game/FirstPersonBP/Maps/UEDPIE_0_FirstPersonExampleMap 0.678
[2017.07.22-10.54.03:763][111]LogBlueprintUserMessages: Late PlayInEditor Detection: Level '/Game/FirstPersonBP/Maps/FirstPersonExampleMap.FirstPersonExampleMap:PersistentLevel' has LevelScriptBlueprint '/Game/FirstPersonBP/Maps/FirstPersonExampleMap.FirstPersonExampleMap:PersistentLevel.FirstPersonExampleMap' with GeneratedClass '/Game/FirstPersonBP/Maps/FirstPersonExampleMap.FirstPersonExampleMap_C' with ClassGeneratedBy '/Game/FirstPersonBP/Maps/FirstPersonExampleMap.FirstPersonExampleMap:PersistentLevel.FirstPersonExampleMap'
[2017.07.22-10.54.04:635][161]LogScript:Warning: Accessed None trying to read property Equipada
	FirstPersonCharacter_C /Game/FirstPersonBP/Maps/UEDPIE_0_FirstPersonExampleMap.FirstPersonExampleMap:PersistentLevel.FirstPersonCharacter_C_1
	Function /Game/FirstPersonBP/Blueprints/FirstPersonCharacter.FirstPersonCharacter_C:ExecuteUbergraph_FirstPersonCharacter:065C
[2017.07.22-10.54.04:636][161]PIE:Error: Error Blueprint Runtime Error: Accessed None trying to read property Equipada from function: 'ExecuteUbergraph_FirstPersonCharacter' from node: Set recargando in graph: EventGraph in object: FirstPersonCharacter with description: Accessed None trying to read property Equipada
[2017.07.22-10.54.06:103][249]LogScript:Warning: Accessed None trying to read property Equipada
	FirstPersonCharacter_C /Game/FirstPersonBP/Maps/UEDPIE_0_FirstPersonExampleMap.FirstPersonExampleMap:PersistentLevel.FirstPersonCharacter_C_1
	Function /Game/FirstPersonBP/Blueprints/FirstPersonCharacter.FirstPersonCharacter_C:ExecuteUbergraph_FirstPersonCharacter:065C
[2017.07.22-10.54.06:103][249]PIE:Error: Error Blueprint Runtime Error: Accessed None trying to read property Equipada from function: 'ExecuteUbergraph_FirstPersonCharacter' from node: Set recargando in graph: EventGraph in object: FirstPersonCharacter with description: Accessed None trying to read property Equipada
[2017.07.22-10.54.06:656][282]LogBlueprintUserMessages: [shotgunDrop_110] Aun no hemos comprado este arma
[2017.07.22-10.54.06:889][296]LogBlueprintUserMessages: [shotgunDrop_110] Compro escopeta
[2017.07.22-10.54.07:507][333]LogBlueprintUserMessages: [M4a1Drop_232] Aun no hemos comprado este arma
[2017.07.22-10.54.07:725][346]LogBlueprintUserMessages: [M4a1Drop_232] Compro m4a1
[2017.07.22-10.54.09:663][462]LogBlueprintUserMessages: [M4a1Drop_232] Ya hemos comprado este arma
[2017.07.22-10.54.10:179][493]LogBlueprintUserMessages: [M4a1Drop_232] Municion al maximo
[2017.07.22-10.54.11:330][562]LogBlueprintUserMessages: [M4a1Drop_232] Ya hemos comprado este arma
[2017.07.22-10.54.11:814][591]LogBlueprintUserMessages: [shotgunDrop_110] Ya hemos comprado este arma
[2017.07.22-10.54.12:080][607]LogBlueprintUserMessages: [shotgunDrop_110] Municion al maximo
[2017.07.22-10.54.14:581][757]LogBlueprintUserMessages: [shotgunDrop_110] Ya hemos comprado este arma
[2017.07.22-10.54.14:947][779]LogBlueprintUserMessages: [shotgunDrop_110] Municion al maximo
[2017.07.22-10.54.15:931][838]LogBlueprintUserMessages: Early EndPlayMap Detection: Level '/Game/FirstPersonBP/Maps/FirstPersonExampleMap.FirstPersonExampleMap:PersistentLevel' has LevelScriptBlueprint '/Game/FirstPersonBP/Maps/FirstPersonExampleMap.FirstPersonExampleMap:PersistentLevel.FirstPersonExampleMap' with GeneratedClass '/Game/FirstPersonBP/Maps/FirstPersonExampleMap.FirstPersonExampleMap_C' with ClassGeneratedBy '/Game/FirstPersonBP/Maps/FirstPersonExampleMap.FirstPersonExampleMap:PersistentLevel.FirstPersonExampleMap'
[2017.07.22-10.54.15:972][838]LogBlueprintUserMessages: Late EndPlayMap Detection: Level '/Game/FirstPersonBP/Maps/FirstPersonExampleMap.FirstPersonExampleMap:PersistentLevel' has LevelScriptBlueprint '/Game/FirstPersonBP/Maps/FirstPersonExampleMap.FirstPersonExampleMap:PersistentLevel.FirstPersonExampleMap' with GeneratedClass '/Game/FirstPersonBP/Maps/FirstPersonExampleMap.FirstPersonExampleMap_C' with ClassGeneratedBy '/Game/FirstPersonBP/Maps/FirstPersonExampleMap.FirstPersonExampleMap:PersistentLevel.FirstPersonExampleMap'
[2017.07.22-10.54.23:909][275]BlueprintLog: New page: Compile FirstPersonCharacter
[2017.07.22-10.54.24:049][275]LogBlueprint:Warning: [WeaponParent] 'HUD reference' variable not found. Base class was probably changed.
[2017.07.22-10.54.25:083][297]Cmd: OBJ SAVEPACKAGE PACKAGE="/Game/FirstPersonBP/Blueprints/FirstPersonCharacter" FILE="E:/Usuario/Ruben/UNIVERSIDAD/TFG/Postwar/Content/FirstPersonBP/Blueprints/FirstPersonCharacter.uasset" SILENT=true
[2017.07.22-10.54.25:527][297]LogSavePackage: Save=439.03ms
[2017.07.22-10.54.25:527][297]LogSavePackage: Moving 'E:/Usuario/Ruben/UNIVERSIDAD/TFG/Postwar/Saved/FirstPersonCharacter4E3A25C14814FFBBA25E9685AB7290CC.tmp' to 'E:/Usuario/Ruben/UNIVERSIDAD/TFG/Postwar/Content/FirstPersonBP/Blueprints/FirstPersonCharacter.uasset'
[2017.07.22-10.54.25:530][297]LogSavePackage:Display: Finished SavePackage E:/Usuario/Ruben/UNIVERSIDAD/TFG/Postwar/Content/FirstPersonBP/Blueprints/FirstPersonCharacter.uasset
[2017.07.22-10.54.26:274][340]LogTemp: Repeting last play command: Selected Viewport
[2017.07.22-10.54.26:299][340]LogBlueprintUserMessages: Early PlayInEditor Detection: Level '/Game/FirstPersonBP/Maps/FirstPersonExampleMap.FirstPersonExampleMap:PersistentLevel' has LevelScriptBlueprint '/Game/FirstPersonBP/Maps/FirstPersonExampleMap.FirstPersonExampleMap:PersistentLevel.FirstPersonExampleMap' with GeneratedClass '/Game/FirstPersonBP/Maps/FirstPersonExampleMap.FirstPersonExampleMap_C' with ClassGeneratedBy '/Game/FirstPersonBP/Maps/FirstPersonExampleMap.FirstPersonExampleMap:PersistentLevel.FirstPersonExampleMap'
[2017.07.22-10.54.26:299][340]LogPlayLevel: PlayLevel: No blueprints needed recompiling
[2017.07.22-10.54.26:299][340]PIE: New page: PIE session: FirstPersonExampleMap (Jul 22, 2017, 2:54:26 PM)
[2017.07.22-10.54.26:299][340]LogPlayLevel: Creating play world package: /Game/FirstPersonBP/Maps/UEDPIE_0_FirstPersonExampleMap
[2017.07.22-10.54.26:325][340]LogPlayLevel: PIE: StaticDuplicateObject took: (0.026323s)
[2017.07.22-10.54.26:326][340]LogAIModule: Creating AISystem for world FirstPersonExampleMap
[2017.07.22-10.54.26:326][340]LogPlayLevel: PIE: World Init took: (0.000973s)
[2017.07.22-10.54.26:327][340]LogPlayLevel: PIE: Created PIE world by copying editor world from /Game/FirstPersonBP/Maps/FirstPersonExampleMap.FirstPersonExampleMap to /Game/FirstPersonBP/Maps/UEDPIE_0_FirstPersonExampleMap.FirstPersonExampleMap (0.027671s)
[2017.07.22-10.54.26:359][340]LogInit: XAudio2 using 'Altavoces (Realtek High Definition Audio)' : 2 channels at 48 kHz using 32 bits per sample (channel mask 0x3)
[2017.07.22-10.54.26:373][340]LogInit: FAudioDevice initialized.
[2017.07.22-10.54.26:410][340]LogLoad: Game class is 'FirstPersonGameMode_C'
[2017.07.22-10.54.26:415][340]LogWorld: Bringing World /Game/FirstPersonBP/Maps/UEDPIE_0_FirstPersonExampleMap.FirstPersonExampleMap up for play (max tick rate 60) at 2017.07.22-12.54.26
[2017.07.22-10.54.26:415][340]LogWorld: Bringing up level for play took: 0.003691
[2017.07.22-10.54.26:417][340]PIE: Info Play in editor start time for /Game/FirstPersonBP/Maps/UEDPIE_0_FirstPersonExampleMap -0.667
[2017.07.22-10.54.26:418][340]LogBlueprintUserMessages: Late PlayInEditor Detection: Level '/Game/FirstPersonBP/Maps/FirstPersonExampleMap.FirstPersonExampleMap:PersistentLevel' has LevelScriptBlueprint '/Game/FirstPersonBP/Maps/FirstPersonExampleMap.FirstPersonExampleMap:PersistentLevel.FirstPersonExampleMap' with GeneratedClass '/Game/FirstPersonBP/Maps/FirstPersonExampleMap.FirstPersonExampleMap_C' with ClassGeneratedBy '/Game/FirstPersonBP/Maps/FirstPersonExampleMap.FirstPersonExampleMap:PersistentLevel.FirstPersonExampleMap'
[2017.07.22-10.54.27:319][391]LogScript:Warning: Accessed None trying to read property Equipada
	FirstPersonCharacter_C /Game/FirstPersonBP/Maps/UEDPIE_0_FirstPersonExampleMap.FirstPersonExampleMap:PersistentLevel.FirstPersonCharacter_C_1
	Function /Game/FirstPersonBP/Blueprints/FirstPersonCharacter.FirstPersonCharacter_C:ExecuteUbergraph_FirstPersonCharacter:065C
[2017.07.22-10.54.27:319][391]PIE:Error: Error Blueprint Runtime Error: Accessed None trying to read property Equipada from function: 'ExecuteUbergraph_FirstPersonCharacter' from node: Set recargando in graph: EventGraph in object: FirstPersonCharacter with description: Accessed None trying to read property Equipada
[2017.07.22-10.54.28:941][488]LogBlueprintUserMessages: [shotgunDrop_110] Aun no hemos comprado este arma
[2017.07.22-10.54.29:143][500]LogBlueprintUserMessages: [shotgunDrop_110] Compro escopeta
[2017.07.22-10.54.29:840][541]LogBlueprintUserMessages: [M4a1Drop_232] Aun no hemos comprado este arma
[2017.07.22-10.54.30:144][559]LogBlueprintUserMessages: [M4a1Drop_232] Compro m4a1
[2017.07.22-10.54.57:612][206]LogBlueprintUserMessages: Early EndPlayMap Detection: Level '/Game/FirstPersonBP/Maps/FirstPersonExampleMap.FirstPersonExampleMap:PersistentLevel' has LevelScriptBlueprint '/Game/FirstPersonBP/Maps/FirstPersonExampleMap.FirstPersonExampleMap:PersistentLevel.FirstPersonExampleMap' with GeneratedClass '/Game/FirstPersonBP/Maps/FirstPersonExampleMap.FirstPersonExampleMap_C' with ClassGeneratedBy '/Game/FirstPersonBP/Maps/FirstPersonExampleMap.FirstPersonExampleMap:PersistentLevel.FirstPersonExampleMap'
[2017.07.22-10.54.57:654][206]LogBlueprintUserMessages: Late EndPlayMap Detection: Level '/Game/FirstPersonBP/Maps/FirstPersonExampleMap.FirstPersonExampleMap:PersistentLevel' has LevelScriptBlueprint '/Game/FirstPersonBP/Maps/FirstPersonExampleMap.FirstPersonExampleMap:PersistentLevel.FirstPersonExampleMap' with GeneratedClass '/Game/FirstPersonBP/Maps/FirstPersonExampleMap.FirstPersonExampleMap_C' with ClassGeneratedBy '/Game/FirstPersonBP/Maps/FirstPersonExampleMap.FirstPersonExampleMap:PersistentLevel.FirstPersonExampleMap'
[2017.07.22-10.55.01:339][413]Cmd: OBJ SAVEPACKAGE PACKAGE="/Game/FirstPersonBP/Blueprints/FirstPersonCharacter" FILE="E:/Usuario/Ruben/UNIVERSIDAD/TFG/Postwar/Content/FirstPersonBP/Blueprints/FirstPersonCharacter.uasset" SILENT=true
[2017.07.22-10.55.01:678][413]LogSavePackage: Save=334.60ms
[2017.07.22-10.55.01:678][413]LogSavePackage: Moving 'E:/Usuario/Ruben/UNIVERSIDAD/TFG/Postwar/Saved/FirstPersonCharacter407B64BC441038197A5A7CA89D014302.tmp' to 'E:/Usuario/Ruben/UNIVERSIDAD/TFG/Postwar/Content/FirstPersonBP/Blueprints/FirstPersonCharacter.uasset'
[2017.07.22-10.55.01:680][413]LogSavePackage:Display: Finished SavePackage E:/Usuario/Ruben/UNIVERSIDAD/TFG/Postwar/Content/FirstPersonBP/Blueprints/FirstPersonCharacter.uasset
[2017.07.22-10.55.06:302][668]LogSavePackage: Save=198.02ms
[2017.07.22-10.55.06:302][668]LogSavePackage: Moving 'E:/Usuario/Ruben/UNIVERSIDAD/TFG/Postwar/Saved/FirstPersonExampleMap59CADF5D4B6FDD543F954391C5AA6C5A.tmp' to 'E:/Usuario/Ruben/UNIVERSIDAD/TFG/Postwar/Content/FirstPersonBP/Maps/FirstPersonExampleMap.umap'
[2017.07.22-10.55.06:306][668]LogSavePackage:Display: Finished SavePackage E:/Usuario/Ruben/UNIVERSIDAD/TFG/Postwar/Content/FirstPersonBP/Maps/FirstPersonExampleMap.umap
[2017.07.22-10.55.07:947][668]LogSavePackage: Save=1228.92ms
[2017.07.22-10.55.07:947][668]LogSavePackage: Moving 'E:/Usuario/Ruben/UNIVERSIDAD/TFG/Postwar/Saved/FirstPersonExampleMap_BuiltDataBFC50C184DBD9F8631164AB74BF7B42C.tmp' to 'E:/Usuario/Ruben/UNIVERSIDAD/TFG/Postwar/Content/FirstPersonBP/Maps/FirstPersonExampleMap_BuiltData.uasset'
[2017.07.22-10.55.07:950][668]LogSavePackage:Display: Finished SavePackage E:/Usuario/Ruben/UNIVERSIDAD/TFG/Postwar/Content/FirstPersonBP/Maps/FirstPersonExampleMap_BuiltData.uasset
[2017.07.22-10.55.10:716][825]LogWindowsTextInputMethodSystem:Display: IME system now deactivated.
[2017.07.22-10.55.10:961][826]Cmd: QUIT_EDITOR
[2017.07.22-10.55.11:189][826]LogExit: Preparing to exit.
[2017.07.22-10.55.11:680][826]LogExit: Editor shut down
[2017.07.22-10.55.11:684][826]LogExit: Transaction tracking system shut down
[2017.07.22-10.55.11:904][826]LogObj: Freed 0b from 0 cluster array pools.
[2017.07.22-10.55.11:905][826]LogExit: Object subsystem successfully closed.
[2017.07.22-10.55.11:936][826]LogD3D11RHI: Shutdown
[2017.07.22-10.55.11:936][826]LogD3D11RHI: CleanupD3DDevice
[2017.07.22-10.55.12:055][826]LogD3D11RHI: ~FD3D11DynamicRHI
[2017.07.22-10.55.12:090][826]LogModuleManager: Shutting down and abandoning module BlueprintGraph (530)
[2017.07.22-10.55.12:091][826]LogModuleManager: Shutting down and abandoning module BlueprintProfiler (528)
[2017.07.22-10.55.12:092][826]LogModuleManager: Shutting down and abandoning module MovieSceneCapture (526)
[2017.07.22-10.55.12:092][826]LogModuleManager: Shutting down and abandoning module HierarchicalLODOutliner (524)
[2017.07.22-10.55.12:092][826]LogModuleManager: Shutting down and abandoning module CrashTracker (522)
[2017.07.22-10.55.12:092][826]LogModuleManager: Shutting down and abandoning module SceneOutliner (520)
[2017.07.22-10.55.12:093][826]LogModuleManager: Shutting down and abandoning module AddContentDialog (518)
[2017.07.22-10.55.12:093][826]LogDirectoryWatcher: A directory notification for 'D:/Program Files/Epic Games/UE_4.16/FeaturePacks/' was aborted.
[2017.07.22-10.55.12:096][826]LogModuleManager: Shutting down and abandoning module WidgetCarousel (517)
[2017.07.22-10.55.12:096][826]LogModuleManager: Shutting down and abandoning module EditorWidgets (514)
[2017.07.22-10.55.12:096][826]LogModuleManager: Shutting down and abandoning module CollectionManager (512)
[2017.07.22-10.55.12:096][826]LogDirectoryWatcher: A directory notification for 'E:/Usuario/Ruben/UNIVERSIDAD/TFG/Postwar/Content/Collections/' was aborted.
[2017.07.22-10.55.12:096][826]LogDirectoryWatcher: A directory notification for 'E:/Usuario/Ruben/UNIVERSIDAD/TFG/Postwar/Content/Developers/cripe/Collections/' was aborted.
[2017.07.22-10.55.12:096][826]LogDirectoryWatcher: A directory notification for 'E:/Usuario/Ruben/UNIVERSIDAD/TFG/Postwar/Saved/Collections/' was aborted.
[2017.07.22-10.55.12:096][826]LogModuleManager: Shutting down and abandoning module StatsViewer (510)
[2017.07.22-10.55.12:097][826]LogModuleManager: Shutting down and abandoning module FoliageEdit (508)
[2017.07.22-10.55.12:097][826]LogModuleManager: Shutting down and abandoning module LandscapeEditor (506)
[2017.07.22-10.55.12:098][826]LogModuleManager: Shutting down and abandoning module MeshPaintMode (504)
[2017.07.22-10.55.12:098][826]LogModuleManager: Shutting down and abandoning module SceneDepthPickerMode (502)
[2017.07.22-10.55.12:098][826]LogModuleManager: Shutting down and abandoning module ActorPickerMode (500)
[2017.07.22-10.55.12:098][826]LogModuleManager: Shutting down and abandoning module GeometryMode (498)
[2017.07.22-10.55.12:098][826]LogModuleManager: Shutting down and abandoning module TextureAlignMode (496)
[2017.07.22-10.55.12:098][826]LogModuleManager: Shutting down and abandoning module BspMode (494)
[2017.07.22-10.55.12:098][826]LogModuleManager: Shutting down and abandoning module HardwareSurvey (492)
[2017.07.22-10.55.12:098][826]LogModuleManager: Shutting down and abandoning module SequenceRecorderSections (490)
[2017.07.22-10.55.12:098][826]LogModuleManager: Shutting down and abandoning module AutomationWorker (488)
[2017.07.22-10.55.12:099][826]LogModuleManager: Shutting down and abandoning module MatineeToLevelSequence (486)
[2017.07.22-10.55.12:099][826]LogModuleManager: Shutting down and abandoning module LevelSequenceEditor (484)
[2017.07.22-10.55.12:102][826]LogModuleManager: Shutting down and abandoning module PlacementMode (483)
[2017.07.22-10.55.12:102][826]LogModuleManager: Shutting down and abandoning module WmfMediaFactory (480)
[2017.07.22-10.55.12:102][826]LogModuleManager: Shutting down and abandoning module WmfMediaEditor (478)
[2017.07.22-10.55.12:102][826]LogModuleManager: Shutting down and abandoning module AvfMediaFactory (476)
[2017.07.22-10.55.12:102][826]LogModuleManager: Shutting down and abandoning module AvfMediaEditor (474)
[2017.07.22-10.55.12:102][826]LogModuleManager: Shutting down and abandoning module AndroidMediaFactory (472)
[2017.07.22-10.55.12:102][826]LogModuleManager: Shutting down and abandoning module Media (471)
[2017.07.22-10.55.12:102][826]LogModuleManager: Shutting down and abandoning module AndroidMediaEditor (468)
[2017.07.22-10.55.12:102][826]LogModuleManager: Shutting down and abandoning module CharacterAI (466)
[2017.07.22-10.55.12:102][826]LogModuleManager: Shutting down and abandoning module AudioCapture (464)
[2017.07.22-10.55.12:102][826]LogModuleManager: Shutting down and abandoning module SequenceRecorder (463)
[2017.07.22-10.55.12:103][826]LogModuleManager: Shutting down and abandoning module SmartSnapping (460)
[2017.07.22-10.55.12:103][826]LogModuleManager: Shutting down and abandoning module SessionServices (458)
[2017.07.22-10.55.12:103][826]LogModuleManager: Shutting down and abandoning module ViewportSnapping (456)
[2017.07.22-10.55.12:103][826]LogModuleManager: Shutting down and abandoning module ViewportInteraction (454)
[2017.07.22-10.55.12:103][826]LogModuleManager: Shutting down and abandoning module ClothPainter (452)
[2017.07.22-10.55.12:104][826]LogModuleManager: Shutting down and abandoning module LogVisualizer (450)
[2017.07.22-10.55.12:105][826]LogModuleManager: Shutting down and abandoning module IntroTutorials (448)
[2017.07.22-10.55.12:107][826]LogModuleManager: Shutting down and abandoning module GameProjectGeneration (447)
[2017.07.22-10.55.12:108][826]LogModuleManager: Shutting down and abandoning module EditorLiveStreaming (444)
[2017.07.22-10.55.12:108][826]LogModuleManager: Shutting down and abandoning module IOSPlatformEditor (442)
[2017.07.22-10.55.12:109][826]LogModuleManager: Shutting down and abandoning module HTML5PlatformEditor (440)
[2017.07.22-10.55.12:109][826]LogModuleManager: Shutting down and abandoning module AndroidPlatformEditor (438)
[2017.07.22-10.55.12:109][826]LogModuleManager: Shutting down and abandoning module AndroidDeviceDetection (437)
[2017.07.22-10.55.12:734][826]LogModuleManager: Shutting down and abandoning module IOSRuntimeSettings (434)
[2017.07.22-10.55.12:734][826]LogModuleManager: Shutting down and abandoning module AndroidRuntimeSettings (432)
[2017.07.22-10.55.12:734][826]LogModuleManager: Shutting down and abandoning module InputBindingEditor (430)
[2017.07.22-10.55.12:735][826]LogModuleManager: Shutting down and abandoning module MergeActors (428)
[2017.07.22-10.55.12:735][826]LogModuleManager: Shutting down and abandoning module SizeMap (426)
[2017.07.22-10.55.12:735][826]LogModuleManager: Shutting down and abandoning module TreeMap (424)
[2017.07.22-10.55.12:736][826]LogModuleManager: Shutting down and abandoning module ReferenceViewer (422)
[2017.07.22-10.55.12:737][826]LogModuleManager: Shutting down and abandoning module LocalizationDashboard (420)
[2017.07.22-10.55.12:738][826]LogModuleManager: Shutting down and abandoning module LocalizationService (419)
[2017.07.22-10.55.12:738][826]LogModuleManager: Shutting down and abandoning module HardwareTargeting (416)
[2017.07.22-10.55.12:738][826]LogModuleManager: Shutting down and abandoning module DeviceProfileEditor (414)
[2017.07.22-10.55.12:738][826]LogModuleManager: Shutting down and abandoning module UndoHistory (412)
[2017.07.22-10.55.12:739][826]LogModuleManager: Shutting down and abandoning module UserFeedback (410)
[2017.07.22-10.55.12:739][826]LogModuleManager: Shutting down and abandoning module XmlParser (408)
[2017.07.22-10.55.12:739][826]LogModuleManager: Shutting down and abandoning module Blutility (406)
[2017.07.22-10.55.12:739][826]LogModuleManager: Shutting down and abandoning module ProjectSettingsViewer (404)
[2017.07.22-10.55.12:739][826]LogModuleManager: Shutting down and abandoning module ProjectTargetPlatformEditor (403)
[2017.07.22-10.55.12:739][826]LogModuleManager: Shutting down and abandoning module EditorSettingsViewer (400)
[2017.07.22-10.55.12:739][826]LogModuleManager: Shutting down and abandoning module SettingsEditor (398)
[2017.07.22-10.55.12:740][826]LogModuleManager: Shutting down and abandoning module ProjectLauncher (396)
[2017.07.22-10.55.12:740][826]LogModuleManager: Shutting down and abandoning module SessionFrontend (394)
[2017.07.22-10.55.12:741][826]LogModuleManager: Shutting down and abandoning module ProfilerClient (392)
[2017.07.22-10.55.12:742][826]LogModuleManager: Shutting down and abandoning module DeviceManager (390)
[2017.07.22-10.55.12:742][826]LogModuleManager: Shutting down and abandoning module TargetDeviceServices (389)
[2017.07.22-10.55.12:805][826]LogModuleManager: Shutting down and abandoning module AutomationController (386)
[2017.07.22-10.55.12:806][826]LogModuleManager: Shutting down and abandoning module AutomationWindow (384)
[2017.07.22-10.55.12:807][826]LogModuleManager: Shutting down and abandoning module Layers (382)
[2017.07.22-10.55.12:809][826]LogModuleManager: Shutting down and abandoning module ComponentVisualizers (380)
[2017.07.22-10.55.12:809][826]LogModuleManager: Shutting down and abandoning module DetailCustomizations (378)
[2017.07.22-10.55.12:810][826]LogModuleManager: Shutting down and abandoning module PackagesDialog (376)
[2017.07.22-10.55.12:810][826]LogModuleManager: Shutting down and abandoning module Persona (374)
[2017.07.22-10.55.12:811][826]LogModuleManager: Shutting down and abandoning module AdvancedPreviewScene (373)
[2017.07.22-10.55.12:811][826]LogModuleManager: Shutting down and abandoning module AnimGraph (371)
[2017.07.22-10.55.12:811][826]LogModuleManager: Shutting down and abandoning module Kismet (368)
[2017.07.22-10.55.12:821][826]LogModuleManager: Shutting down and abandoning module ClassViewer (366)
[2017.07.22-10.55.12:821][826]LogModuleManager: Shutting down and abandoning module Toolbox (364)
[2017.07.22-10.55.12:821][826]LogModuleManager: Shutting down and abandoning module ModuleUI (362)
[2017.07.22-10.55.12:822][826]LogModuleManager: Shutting down and abandoning module MovieSceneTools (360)
[2017.07.22-10.55.12:823][826]LogModuleManager: Shutting down and abandoning module OutputLog (358)
[2017.07.22-10.55.12:824][826]LogModuleManager: Shutting down and abandoning module GammaUI (356)
[2017.07.22-10.55.12:824][826]LogModuleManager: Shutting down and abandoning module Documentation (354)
[2017.07.22-10.55.12:824][826]LogModuleManager: Shutting down and abandoning module MovieSceneTracks (352)
[2017.07.22-10.55.12:824][826]LogModuleManager: Shutting down and abandoning module MovieScene (350)
[2017.07.22-10.55.12:824][826]LogModuleManager: Shutting down and abandoning module Niagara (348)
[2017.07.22-10.55.12:824][826]LogModuleManager: Shutting down and abandoning module NiagaraEditor (347)
[2017.07.22-10.55.12:827][826]LogModuleManager: Shutting down and abandoning module StreamingPauseRendering (344)
[2017.07.22-10.55.12:827][826]LogModuleManager: Shutting down and abandoning module AnalyticsET (342)
[2017.07.22-10.55.12:827][826]LogModuleManager: Shutting down and abandoning module PortalServices (340)
[2017.07.22-10.55.12:827][826]LogModuleManager: Shutting down and abandoning module PortalRpc (338)
[2017.07.22-10.55.12:827][826]LogModuleManager: Shutting down and abandoning module MessagingRpc (336)
[2017.07.22-10.55.12:827][826]LogModuleManager: Shutting down and abandoning module AIModule (334)
[2017.07.22-10.55.12:827][826]LogModuleManager: Shutting down and abandoning module GameplayDebugger (333)
[2017.07.22-10.55.12:827][826]LogModuleManager: Shutting down and abandoning module AITestSuite (331)
[2017.07.22-10.55.12:828][826]LogModuleManager: Shutting down and abandoning module ProfilerService (328)
[2017.07.22-10.55.12:983][826]LogModuleManager: Shutting down and abandoning module TaskGraph (326)
[2017.07.22-10.55.12:984][826]LogModuleManager: Shutting down and abandoning module SteamVRController (324)
[2017.07.22-10.55.12:984][826]LogModuleManager: Shutting down and abandoning module SteamVR (322)
[2017.07.22-10.55.12:984][826]LogModuleManager: Shutting down and abandoning module ProceduralMeshComponentEditor (320)
[2017.07.22-10.55.12:984][826]LogModuleManager: Shutting down and abandoning module ProceduralMeshComponent (318)
[2017.07.22-10.55.12:984][826]LogModuleManager: Shutting down and abandoning module OculusLibrary (316)
[2017.07.22-10.55.12:984][826]LogModuleManager: Shutting down and abandoning module OculusInput (314)
[2017.07.22-10.55.12:984][826]LogModuleManager: Shutting down and abandoning module MobilePatchingUtils (312)
[2017.07.22-10.55.12:984][826]LogModuleManager: Shutting down and abandoning module CustomMeshComponent (310)
[2017.07.22-10.55.12:984][826]LogModuleManager: Shutting down and abandoning module CableComponent (308)
[2017.07.22-10.55.12:984][826]LogModuleManager: Shutting down and abandoning module ArchVisCharacter (306)
[2017.07.22-10.55.12:984][826]LogModuleManager: Shutting down and abandoning module AndroidPermission (304)
[2017.07.22-10.55.12:984][826]LogModuleManager: Shutting down and abandoning module MediaPlayerEditor (300)
[2017.07.22-10.55.12:986][826]LogModuleManager: Shutting down and abandoning module HTML5Networking (298)
[2017.07.22-10.55.12:986][826]LogModuleManager: Shutting down and abandoning module AlembicImporter (296)
[2017.07.22-10.55.12:986][826]LogModuleManager: Shutting down and abandoning module AlembicLibrary (295)
[2017.07.22-10.55.12:986][826]LogModuleManager: Shutting down and abandoning module GeometryCache (294)
[2017.07.22-10.55.12:986][826]LogModuleManager: Shutting down and abandoning module GeometryCacheEd (293)
[2017.07.22-10.55.12:986][826]LogModuleManager: Shutting down and abandoning module SuperSearchEditor (288)
[2017.07.22-10.55.12:986][826]LogModuleManager: Shutting down and abandoning module SuperSearch (287)
[2017.07.22-10.55.12:986][826]LogModuleManager: Shutting down and abandoning module SpeedTreeImporter (284)
[2017.07.22-10.55.12:986][826]LogModuleManager: Shutting down and abandoning module PluginBrowser (282)
[2017.07.22-10.55.12:987][826]LogModuleManager: Shutting down and abandoning module MobileLauncherProfileWizard (280)
[2017.07.22-10.55.12:988][826]LogModuleManager: Shutting down and abandoning module VisualStudioSourceCodeAccess (278)
[2017.07.22-10.55.12:988][826]LogModuleManager: Shutting down and abandoning module DesktopPlatform (277)
[2017.07.22-10.55.12:988][826]LogModuleManager: Shutting down and abandoning module UObjectPlugin (274)
[2017.07.22-10.55.12:988][826]LogModuleManager: Shutting down and abandoning module SubversionSourceControl (272)
[2017.07.22-10.55.12:989][826]LogModuleManager: Shutting down and abandoning module PerforceSourceControl (270)
[2017.07.22-10.55.12:989][826]LogModuleManager: Shutting down and abandoning module GitSourceControl (268)
[2017.07.22-10.55.12:990][826]LogModuleManager: Shutting down and abandoning module SourceControl (267)
[2017.07.22-10.55.12:990][826]LogModuleManager: Shutting down and abandoning module LightPropagationVolumeEditor (264)
[2017.07.22-10.55.12:990][826]LogModuleManager: Shutting down and abandoning module PaperTiledImporter (262)
[2017.07.22-10.55.12:990][826]LogModuleManager: Shutting down and abandoning module PaperSpriteSheetImporter (260)
[2017.07.22-10.55.12:990][826]LogModuleManager: Shutting down and abandoning module Paper2DEditor (258)
[2017.07.22-10.55.12:991][826]LogModuleManager: Shutting down and abandoning module MeshPaint (257)
[2017.07.22-10.55.12:991][826]LogModuleManager: Shutting down and abandoning module LevelEditor (255)
[2017.07.22-10.55.12:992][826]LogModuleManager: Shutting down and abandoning module PixelInspectorModule (254)
[2017.07.22-10.55.12:993][826]LogModuleManager: Shutting down and abandoning module MainFrame (252)
[2017.07.22-10.55.12:993][826]LogModuleManager: Shutting down and abandoning module HotReload (251)
[2017.07.22-10.55.12:994][826]LogModuleManager: Shutting down and abandoning module PhysXVehiclesEditor (246)
[2017.07.22-10.55.12:994][826]LogModuleManager: Shutting down and abandoning module PhysXVehicles (244)
[2017.07.22-10.55.12:994][826]LogModuleManager: Shutting down and abandoning module LocationServicesBPLibrary (242)
[2017.07.22-10.55.12:994][826]LogModuleManager: Shutting down and abandoning module ImmediatePhysicsEditor (240)
[2017.07.22-10.55.12:994][826]LogModuleManager: Shutting down and abandoning module ImmediatePhysics (238)
[2017.07.22-10.55.12:995][826]LogModuleManager: Shutting down and abandoning module UdpMessaging (236)
[2017.07.22-10.55.13:095][826]LogModuleManager: Shutting down and abandoning module TcpMessaging (234)
[2017.07.22-10.55.13:196][826]LogModuleManager: Shutting down and abandoning module GameplayTagsEditor (232)
[2017.07.22-10.55.13:198][826]LogModuleManager: Shutting down and abandoning module FacialAnimationEditor (230)
[2017.07.22-10.55.13:198][826]LogModuleManager: Shutting down and abandoning module FacialAnimation (228)
[2017.07.22-10.55.13:198][826]LogModuleManager: Shutting down and abandoning module AssetManagerEditor (226)
[2017.07.22-10.55.13:199][826]LogModuleManager: Shutting down and abandoning module GraphEditor (225)
[2017.07.22-10.55.13:199][826]LogModuleManager: Shutting down and abandoning module ContentBrowser (223)
[2017.07.22-10.55.13:200][826]LogModuleManager: Shutting down and abandoning module LightPropagationVolumeRuntime (220)
[2017.07.22-10.55.13:200][826]LogModuleManager: Shutting down and abandoning module Paper2D (218)
[2017.07.22-10.55.13:201][826]LogModuleManager: Shutting down and abandoning module WindowsMoviePlayer (216)
[2017.07.22-10.55.13:201][826]LogModuleManager: Shutting down and abandoning module WmfMedia (214)
[2017.07.22-10.55.13:201][826]LogModuleManager: Shutting down and abandoning module ClothingSystemEditor (212)
[2017.07.22-10.55.13:201][826]LogModuleManager: Shutting down and abandoning module ClothingSystemRuntime (210)
[2017.07.22-10.55.13:202][826]LogModuleManager: Shutting down and abandoning module MediaAssets (208)
[2017.07.22-10.55.13:202][826]LogModuleManager: Shutting down and abandoning module GameLiveStreaming (206)
[2017.07.22-10.55.13:202][826]LogModuleManager: Shutting down and abandoning module VREditor (204)
[2017.07.22-10.55.13:202][826]LogModuleManager: Shutting down and abandoning module StringTableEditor (202)
[2017.07.22-10.55.13:204][826]LogModuleManager: Shutting down and abandoning module GameplayTasksEditor (200)
[2017.07.22-10.55.13:204][826]LogModuleManager: Shutting down and abandoning module BehaviorTreeEditor (198)
[2017.07.22-10.55.13:205][826]LogModuleManager: Shutting down and abandoning module FunctionalTesting (196)
[2017.07.22-10.55.13:205][826]LogModuleManager: Shutting down and abandoning module CollisionAnalyzer (194)
[2017.07.22-10.55.13:206][826]LogModuleManager: Shutting down and abandoning module UMG (192)
[2017.07.22-10.55.13:207][826]LogModuleManager: Shutting down and abandoning module UMGEditor (191)
[2017.07.22-10.55.13:208][826]LogModuleManager: Shutting down and abandoning module Sequencer (190)
[2017.07.22-10.55.13:209][826]LogModuleManager: Shutting down and abandoning module AssetTools (188)
[2017.07.22-10.55.13:211][826]LogModuleManager: Shutting down and abandoning module MessageLog (187)
[2017.07.22-10.55.13:211][826]LogModuleManager: Shutting down and abandoning module WorkspaceMenuStructure (186)
[2017.07.22-10.55.13:212][826]LogModuleManager: Shutting down and abandoning module SlateReflector (180)
[2017.07.22-10.55.13:213][826]LogModuleManager: Shutting down and abandoning module Slate (178)
[2017.07.22-10.55.13:213][826]LogModuleManager: Shutting down and abandoning module EditorStyle (176)
[2017.07.22-10.55.13:216][826]LogModuleManager: Shutting down and abandoning module SourceCodeAccess (174)
[2017.07.22-10.55.13:216][826]LogModuleManager: Shutting down and abandoning module HeadMountedDisplay (172)
[2017.07.22-10.55.13:216][826]LogModuleManager: Shutting down and abandoning module XAudio2 (170)
[2017.07.22-10.55.13:216][826]LogModuleManager: Shutting down and abandoning module Networking (168)
[2017.07.22-10.55.13:216][826]LogModuleManager: Shutting down and abandoning module Core (164)
[2017.07.22-10.55.13:216][826]LogModuleManager: Shutting down and abandoning module AssetRegistry (162)
[2017.07.22-10.55.13:276][826]LogDirectoryWatcher: A directory notification for '../../../Engine/Content/' was aborted.
[2017.07.22-10.55.13:276][826]LogDirectoryWatcher: A directory notification for 'E:/Usuario/Ruben/UNIVERSIDAD/TFG/Postwar/Content/' was aborted.
[2017.07.22-10.55.13:277][826]LogDirectoryWatcher: A directory notification for '../../../Engine/Plugins/2D/Paper2D/Content/' was aborted.
[2017.07.22-10.55.13:277][826]LogDirectoryWatcher: A directory notification for '../../../Engine/Plugins/Runtime/GearVR/Content/' was aborted.
[2017.07.22-10.55.13:281][826]LogModuleManager: Shutting down and abandoning module DirectoryWatcher (161)
[2017.07.22-10.55.13:281][826]LogModuleManager: Shutting down and abandoning module KismetCompiler (158)
[2017.07.22-10.55.13:281][826]LogModuleManager: Shutting down and abandoning module LevelSequence (156)
[2017.07.22-10.55.13:281][826]LogModuleManager: Shutting down and abandoning module PhysXFormats (154)
[2017.07.22-10.55.13:281][826]LogModuleManager: Shutting down and abandoning module MeshUtilities (152)
[2017.07.22-10.55.13:282][826]LogModuleManager: Shutting down and abandoning module SimplygonSwarm (151)
[2017.07.22-10.55.13:283][826]LogModuleManager: Shutting down and abandoning module SimplygonMeshReduction (149)
[2017.07.22-10.55.13:283][826]LogModuleManager: Shutting down and abandoning module QuadricMeshReduction (147)
[2017.07.22-10.55.13:283][826]LogModuleManager: Shutting down and abandoning module DerivedDataCache (144)
[2017.07.22-10.55.13:308][826]LogDerivedDataCache: Shutdown
[2017.07.22-10.55.13:308][826]LogModuleManager: Shutting down and abandoning module TargetPlatform (142)
[2017.07.22-10.55.13:308][826]LogModuleManager: Shutting down and abandoning module VulkanShaderFormat (141)
[2017.07.22-10.55.13:309][826]LogModuleManager: Shutting down and abandoning module ShaderFormatVectorVM (139)
[2017.07.22-10.55.13:310][826]LogModuleManager: Shutting down and abandoning module ShaderFormatOpenGL (137)
[2017.07.22-10.55.13:310][826]LogModuleManager: Shutting down and abandoning module ShaderFormatD3D (135)
[2017.07.22-10.55.13:310][826]LogModuleManager: Shutting down and abandoning module MetalShaderFormat (133)
[2017.07.22-10.55.13:311][826]LogModuleManager: Shutting down and abandoning module TextureFormatUncompressed (131)
[2017.07.22-10.55.13:311][826]LogModuleManager: Shutting down and abandoning module TextureFormatPVR (129)
[2017.07.22-10.55.13:311][826]LogModuleManager: Shutting down and abandoning module TextureFormatDXT (127)
[2017.07.22-10.55.13:311][826]LogModuleManager: Shutting down and abandoning module TextureFormatIntelISPCTexComp (125)
[2017.07.22-10.55.13:311][826]LogModuleManager: Shutting down and abandoning module TextureFormatASTC (123)
[2017.07.22-10.55.13:311][826]LogModuleManager: Shutting down and abandoning module ImageWrapper (122)
[2017.07.22-10.55.13:311][826]LogModuleManager: Shutting down and abandoning module TextureFormatAndroid (119)
[2017.07.22-10.55.13:311][826]LogModuleManager: Shutting down and abandoning module AudioFormatOpus (117)
[2017.07.22-10.55.13:311][826]LogModuleManager: Shutting down and abandoning module AudioFormatOgg (115)
[2017.07.22-10.55.13:311][826]LogModuleManager: Shutting down and abandoning module AudioFormatADPCM (113)
[2017.07.22-10.55.13:311][826]LogModuleManager: Shutting down and abandoning module LinuxTargetPlatform (111)
[2017.07.22-10.55.13:311][826]LogModuleManager: Shutting down and abandoning module LinuxServerTargetPlatform (109)
[2017.07.22-10.55.13:311][826]LogModuleManager: Shutting down and abandoning module LinuxNoEditorTargetPlatform (107)
[2017.07.22-10.55.13:311][826]LogModuleManager: Shutting down and abandoning module LinuxClientTargetPlatform (105)
[2017.07.22-10.55.13:311][826]LogModuleManager: Shutting down and abandoning module TVOSTargetPlatform (103)
[2017.07.22-10.55.13:311][826]LogModuleManager: Shutting down and abandoning module Messaging (101)
[2017.07.22-10.55.13:311][826]LogModuleManager: Shutting down and abandoning module IOSTargetPlatform (99)
[2017.07.22-10.55.13:311][826]LogModuleManager: Shutting down and abandoning module HTML5TargetPlatform (97)
[2017.07.22-10.55.13:311][826]LogModuleManager: Shutting down and abandoning module Android_PVRTCTargetPlatform (95)
[2017.07.22-10.55.13:311][826]LogModuleManager: Shutting down and abandoning module Android_MultiTargetPlatform (93)
[2017.07.22-10.55.13:311][826]LogModuleManager: Shutting down and abandoning module Android_ETC2TargetPlatform (91)
[2017.07.22-10.55.13:311][826]LogModuleManager: Shutting down and abandoning module Android_ETC1TargetPlatform (89)
[2017.07.22-10.55.13:311][826]LogModuleManager: Shutting down and abandoning module Android_DXTTargetPlatform (87)
[2017.07.22-10.55.13:311][826]LogModuleManager: Shutting down and abandoning module Android_ATCTargetPlatform (85)
[2017.07.22-10.55.13:311][826]LogModuleManager: Shutting down and abandoning module Android_ASTCTargetPlatform (83)
[2017.07.22-10.55.13:311][826]LogModuleManager: Shutting down and abandoning module AndroidTargetPlatform (81)
[2017.07.22-10.55.13:311][826]LogModuleManager: Shutting down and abandoning module WindowsTargetPlatform (79)
[2017.07.22-10.55.13:311][826]LogModuleManager: Shutting down and abandoning module WindowsServerTargetPlatform (77)
[2017.07.22-10.55.13:312][826]LogModuleManager: Shutting down and abandoning module WindowsNoEditorTargetPlatform (75)
[2017.07.22-10.55.13:312][826]LogModuleManager: Shutting down and abandoning module WindowsClientTargetPlatform (73)
[2017.07.22-10.55.13:312][826]LogModuleManager: Shutting down and abandoning module MacTargetPlatform (71)
[2017.07.22-10.55.13:312][826]LogModuleManager: Shutting down and abandoning module MacServerTargetPlatform (69)
[2017.07.22-10.55.13:312][826]LogModuleManager: Shutting down and abandoning module MacNoEditorTargetPlatform (67)
[2017.07.22-10.55.13:312][826]LogModuleManager: Shutting down and abandoning module MacClientTargetPlatform (65)
[2017.07.22-10.55.13:312][826]LogModuleManager: Shutting down and abandoning module AllDesktopTargetPlatform (63)
[2017.07.22-10.55.13:312][826]LogModuleManager: Shutting down and abandoning module InputCore (60)
[2017.07.22-10.55.13:312][826]LogModuleManager: Shutting down and abandoning module Settings (58)
[2017.07.22-10.55.13:312][826]LogModuleManager: Shutting down and abandoning module OculusRift (56)
[2017.07.22-10.55.13:312][826]LogModuleManager: Shutting down and abandoning module GearVRController (54)
[2017.07.22-10.55.13:312][826]LogModuleManager: Shutting down and abandoning module GearVR (52)
[2017.07.22-10.55.13:313][826]LogModuleManager: Shutting down and abandoning module ExampleDeviceProfileSelector (50)
[2017.07.22-10.55.13:313][826]LogModuleManager: Shutting down and abandoning module OnlineBlueprintSupport (48)
[2017.07.22-10.55.13:313][826]LogModuleManager: Shutting down and abandoning module OnlineSubsystem (44)
[2017.07.22-10.55.13:313][826]LogOnline:Display: Unloading online subsystem: NULL
[2017.07.22-10.55.13:314][826]LogModuleManager: Shutting down and abandoning module XMPP (43)
[2017.07.22-10.55.13:315][826]LogModuleManager: Shutting down and abandoning module HTTP (41)
[2017.07.22-10.55.13:315][826]LogHttp:Display: Http module shutting down, but needs to wait on 1 outstanding Http requests:
[2017.07.22-10.55.13:315][826]LogHttp:Display: 	verb=[POST] url=[https://datarouter.ol.epicgames.com/datarouter/api/v1/public/data?SessionID=%7BFBA7392B-4A93-E528-05C4-158941F65E56%7D&AppID=UEEditor.Rocket.Release&AppVersion=4.16.2-3514769%2B%2B%2BUE4%2BRelease-4.16&UserID=78865e4d4a8ae815e8d400bc6125e577%7C5361294e5f654db5881228f5582e9124%7C456667b1-22e8-45ef-a524-8410a492a64f&AppEnvironment=datacollector-binary&UploadType=eteventstream] status=Processing
[2017.07.22-10.55.13:321][826]LogModuleManager: Shutting down and abandoning module SSL (40)
[2017.07.22-10.55.13:324][826]LogModuleManager: Shutting down and abandoning module HTTPChunkInstaller (36)
[2017.07.22-10.55.13:325][826]LogModuleManager: Shutting down and abandoning module AnimationModifiers (34)
[2017.07.22-10.55.13:325][826]LogModuleManager: Shutting down and abandoning module PropertyEditor (33)
[2017.07.22-10.55.13:325][826]LogModuleManager: Shutting down and abandoning module AudioEditor (30)
[2017.07.22-10.55.13:327][826]LogModuleManager: Shutting down and abandoning module TextureCompressor (28)
[2017.07.22-10.55.13:327][826]LogModuleManager: Shutting down and abandoning module ShaderCore (26)
[2017.07.22-10.55.13:327][826]LogModuleManager: Shutting down and abandoning module Landscape (24)
[2017.07.22-10.55.13:327][826]LogModuleManager: Shutting down and abandoning module SlateRHIRenderer (22)
[2017.07.22-10.55.13:329][826]LogModuleManager: Shutting down and abandoning module OpenGLDrv (20)
[2017.07.22-10.55.13:330][826]LogModuleManager: Shutting down and abandoning module D3D11RHI (18)
[2017.07.22-10.55.13:330][826]LogModuleManager: Shutting down and abandoning module AnimGraphRuntime (16)
[2017.07.22-10.55.13:330][826]LogModuleManager: Shutting down and abandoning module Renderer (14)
[2017.07.22-10.55.13:330][826]LogModuleManager: Shutting down and abandoning module Engine (12)
[2017.07.22-10.55.13:330][826]LogModuleManager: Shutting down and abandoning module CoreUObject (10)
[2017.07.22-10.55.13:330][826]LogModuleManager: Shutting down and abandoning module NetworkFile (8)
[2017.07.22-10.55.13:330][826]LogModuleManager: Shutting down and abandoning module StreamingFile (6)
[2017.07.22-10.55.13:330][826]LogModuleManager: Shutting down and abandoning module SandboxFile (4)
[2017.07.22-10.55.13:330][826]LogModuleManager: Shutting down and abandoning module PakFile (2)
[2017.07.22-10.55.13:332][826]LogExit: Exiting.
[2017.07.22-10.55.13:352][826]Log file closed, 07/22/17 12:55:13
