Log file open, 07/15/17 13:56:44
LogInit:Display: Running engine for game: Postwar
LogPlatformFile: Not using cached read wrapper
LogInit:Display: RandInit(1190171683) SRandInit(1190171683).
LogTaskGraph: Started task graph with 5 named threads and 8 total threads with 1 sets of task threads.
LogStats: Stats thread started at 0.113279
LogInit: Using libcurl 7.47.1
LogInit:  - built for x86_64-pc-win32
LogInit:  - supports SSL with OpenSSL/1.0.2g
LogInit:  - supports HTTP deflate (compression) using libz 1.2.8
LogInit:  - other features:
LogInit:      CURL_VERSION_SSL
LogInit:      CURL_VERSION_LIBZ
LogInit:      CURL_VERSION_IPV6
LogInit:      CURL_VERSION_ASYNCHDNS
LogInit:      CURL_VERSION_LARGEFILE
LogInit:      CURL_VERSION_IDN
LogInit:  CurlRequestOptions (configurable via config and command line):
LogInit:  - bVerifyPeer = false  - Libcurl will NOT verify peer certificate
LogInit:  - bUseHttpProxy = false  - Libcurl will NOT use HTTP proxy
LogInit:  - bDontReuseConnections = false  - Libcurl will reuse connections
LogInit:  - CertBundlePath = nullptr  - Libcurl will use whatever was configured at build time.
LogInit: Build: ++UE4+Release-4.16-CL-3514769
LogInit: Engine Version: 4.16.2-3514769+++UE4+Release-4.16
LogInit: Compatible Engine Version: 4.16.0-3452394+++UE4+Release-4.16
LogInit: Net CL: 3452394
LogDevObjectVersion: Number of dev versions registered: 16
LogDevObjectVersion:   Dev-Blueprints (B0D832E4-1F89-4F0D-ACCF-7EB736FD4AA2): 9
LogDevObjectVersion:   Dev-Build (E1C64328-A22C-4D53-A36C-8E866417BD8C): 0
LogDevObjectVersion:   Dev-Core (375EC13C-06E4-48FB-B500-84F0262A717E): 2
LogDevObjectVersion:   Dev-Editor (E4B068ED-F494-42E9-A231-DA0B2E46BB41): 17
LogDevObjectVersion:   Dev-Framework (CFFC743F-43B0-4480-9391-14DF171D2073): 23
LogDevObjectVersion:   Dev-Mobile (B02B49B5-BB20-44E9-A304-32B752E40360): 0
LogDevObjectVersion:   Dev-Networking (A4E4105C-59A1-49B5-A7C5-40C4547EDFEE): 0
LogDevObjectVersion:   Dev-Online (39C831C9-5AE6-47DC-9A44-9C173E1C8E7C): 0
LogDevObjectVersion:   Dev-Physics (78F01B33-EBEA-4F98-B9B4-84EACCB95AA2): 0
LogDevObjectVersion:   Dev-Platform (6631380F-2D4D-43E0-8009-CF276956A95A): 0
LogDevObjectVersion:   Dev-Rendering (12F88B9F-8875-4AFC-A67C-D90C383ABD29): 15
LogDevObjectVersion:   Dev-Sequencer (7B5AE74C-D270-4C10-A958-57980B212A5A): 4
LogDevObjectVersion:   Dev-VR (D7296918-1DD6-4BDD-9DE2-64A83CC13884): 0
LogDevObjectVersion:   Dev-LoadTimes (C2A15278-BFE7-4AFE-6C17-90FF531DF755): 1
LogDevObjectVersion:   Private-Geometry (6EACA3D4-40EC-4CC1-B786-8BED09428FC5): 1
LogDevObjectVersion:   Dev-AnimPhys (29E575DD-E0A3-4627-9D10-D276232CDCEA): 3
LogInit: Compiled (64-bit): Jun 29 2017 02:03:24
LogInit: Compiled with Visual C++: 19.00.24215.01
LogInit: Build Configuration: Development
LogInit: Branch Name: ++UE4+Release-4.16
LogInit: Command line:  
LogInit: Base directory: D:/Program Files/Epic Games/UE_4.16/Engine/Binaries/Win64/
LogInit: Installed Engine Build: 1
LogInit: Presizing for max 8388607 objects, including 0 objects not considered by GC, pre-allocating 0 bytes for permanent pool.
LogInit: Object subsystem initialized
[2017.07.15-11.56.45:086][  0]LogInit: Selected Device Profile: [Windows]
[2017.07.15-11.56.45:086][  0]LogInit: Applying CVar settings loaded from the selected device profile: [Windows]
[2017.07.15-11.56.45:687][  0]LogInit: Computer: DESKTOP-T9NOKQO
[2017.07.15-11.56.45:687][  0]LogInit: User: cripe
[2017.07.15-11.56.45:687][  0]LogInit: CPU Page size=4096, Cores=4
[2017.07.15-11.56.45:687][  0]LogInit: High frequency timer resolution =2.435774 MHz
[2017.07.15-11.56.45:687][  0]LogMemory: Memory total: Physical=15.9GB (16GB approx)
[2017.07.15-11.56.45:687][  0]LogMemory: Platform Memory Stats for Windows
[2017.07.15-11.56.45:687][  0]LogMemory: Process Physical Memory: 273.70 MB used, 273.70 MB peak
[2017.07.15-11.56.45:687][  0]LogMemory: Process Virtual Memory: 261.23 MB used, 261.23 MB peak
[2017.07.15-11.56.45:687][  0]LogMemory: Physical Memory: 6999.23 MB used,  9303.91 MB free, 16303.14 MB total
[2017.07.15-11.56.45:687][  0]LogMemory: Virtual Memory: 624.58 MB used,  9303.91 MB free, 134217728.00 MB total
[2017.07.15-11.56.45:788][  0]LogInit: Overriding language with editor language configuration option (en).
[2017.07.15-11.56.45:788][  0]LogInit: Overriding locale with editor locale configuration option (en).
[2017.07.15-11.56.47:073][  0]LogD3D11RHI: D3D11 adapters:
[2017.07.15-11.56.47:784][  0]LogD3D11RHI:    0. 'NVIDIA GeForce GTX 860M' (Feature Level 11_0)
[2017.07.15-11.56.47:784][  0]LogD3D11RHI:       2017/0/8151 MB DedicatedVideo/DedicatedSystem/SharedSystem, Outputs:2, VendorId:0x10de
[2017.07.15-11.56.47:790][  0]LogD3D11RHI:    1. 'Intel(R) HD Graphics 4600' (Feature Level 11_0)
[2017.07.15-11.56.47:790][  0]LogD3D11RHI:       112/0/2048 MB DedicatedVideo/DedicatedSystem/SharedSystem, Outputs:0, VendorId:0x8086
[2017.07.15-11.56.47:792][  0]LogD3D11RHI:    2. 'Microsoft Basic Render Driver' (Feature Level 11_0)
[2017.07.15-11.56.47:792][  0]LogD3D11RHI:       0/0/8151 MB DedicatedVideo/DedicatedSystem/SharedSystem, Outputs:0, VendorId:0x1414
[2017.07.15-11.56.47:792][  0]LogD3D11RHI: Chosen D3D11 Adapter: 0
[2017.07.15-11.56.47:797][  0]LogD3D11RHI: Creating new Direct3DDevice
[2017.07.15-11.56.47:797][  0]LogD3D11RHI:     GPU DeviceId: 0x119a (for the marketing name, search the web for "GPU Device Id")
[2017.07.15-11.56.47:797][  0]LogWindows: EnumDisplayDevices:
[2017.07.15-11.56.47:797][  0]LogWindows:    0. 'Intel(R) HD Graphics 4600' (P:1 D:1)
[2017.07.15-11.56.47:797][  0]LogWindows:    1. 'Intel(R) HD Graphics 4600' (P:0 D:1)
[2017.07.15-11.56.47:798][  0]LogWindows:    2. 'Intel(R) HD Graphics 4600' (P:0 D:0)
[2017.07.15-11.56.47:798][  0]LogWindows: DebugString: PrimaryIsNotTheChoosenAdapter PrimaryIsNotTheChoosenAdapter PrimaryIsNotTheChoosenAdapter FoundDriverCount:0 
[2017.07.15-11.56.47:798][  0]LogD3D11RHI:     Adapter Name: NVIDIA GeForce GTX 860M
[2017.07.15-11.56.47:798][  0]LogD3D11RHI:   Driver Version: Unknown (internal:Unknown, unified:Unknown)
[2017.07.15-11.56.47:798][  0]LogD3D11RHI:      Driver Date: Unknown
[2017.07.15-11.56.47:798][  0]LogRHI: Texture pool is 1361 MB (70% of 1945 MB)
[2017.07.15-11.56.48:482][  0]LogD3D11RHI: Async texture creation enabled
[2017.07.15-11.56.48:537][  0]LogD3D11RHI: GPU Timing Frequency: 1000.000000 (Debug: 2 2)
[2017.07.15-11.56.48:538][  0]LogShaderCompilers: Guid format shader working directory is 6 characters bigger than the processId version (E:/Usuario/Ruben/UNIVERSIDAD/TFG/Postwar/Intermediate/Shaders/WorkingDirectory/5688/).
[2017.07.15-11.56.48:539][  0]LogShaderCompilers: Cleaned the shader compiler working directory 'C:/Users/cripe/AppData/Local/Temp/UnrealShaderWorkingDir/5D65F19A4B7F2855B67C02B966D50798/'.
[2017.07.15-11.56.48:539][  0]LogShaderCompilers:Display: Using Local Shader Compiler.
[2017.07.15-11.56.49:798][  0]LogTemp:Display: Loaded TP AllDesktopTargetPlatform
[2017.07.15-11.56.49:859][  0]LogTemp:Display: Loaded TP MacClientTargetPlatform
[2017.07.15-11.56.49:921][  0]LogTemp:Display: Loaded TP MacNoEditorTargetPlatform
[2017.07.15-11.56.49:989][  0]LogTemp:Display: Loaded TP MacServerTargetPlatform
[2017.07.15-11.56.50:058][  0]LogTemp:Display: Loaded TP MacTargetPlatform
[2017.07.15-11.56.50:119][  0]LogTemp:Display: Loaded TP WindowsClientTargetPlatform
[2017.07.15-11.56.50:185][  0]LogTemp:Display: Loaded TP WindowsNoEditorTargetPlatform
[2017.07.15-11.56.50:250][  0]LogTemp:Display: Loaded TP WindowsServerTargetPlatform
[2017.07.15-11.56.50:305][  0]LogTemp:Display: Loaded TP WindowsTargetPlatform
[2017.07.15-11.56.50:369][  0]LogTemp:Display: Loaded TP AndroidTargetPlatform
[2017.07.15-11.56.50:430][  0]LogTemp:Display: Loaded TP Android_ASTCTargetPlatform
[2017.07.15-11.56.50:492][  0]LogTemp:Display: Loaded TP Android_ATCTargetPlatform
[2017.07.15-11.56.50:555][  0]LogTemp:Display: Loaded TP Android_DXTTargetPlatform
[2017.07.15-11.56.50:615][  0]LogTemp:Display: Loaded TP Android_ETC1TargetPlatform
[2017.07.15-11.56.50:676][  0]LogTemp:Display: Loaded TP Android_ETC2TargetPlatform
[2017.07.15-11.56.50:790][  0]LogTemp:Display: Loaded TP Android_MultiTargetPlatform
[2017.07.15-11.56.50:790][  0]LogTemp:Display: Loaded TP Android_PVRTCTargetPlatform
[2017.07.15-11.56.50:836][  0]LogTemp:Display: Loaded TP HTML5TargetPlatform
[2017.07.15-11.56.50:947][  0]LogTemp:Display: Loaded TP IOSTargetPlatform
[2017.07.15-11.56.50:979][  0]LogTemp:Display: Loaded TP TVOSTargetPlatform
[2017.07.15-11.56.51:053][  0]LogTemp:Display: Loaded TP LinuxClientTargetPlatform
[2017.07.15-11.56.51:118][  0]LogTemp:Display: Loaded TP LinuxNoEditorTargetPlatform
[2017.07.15-11.56.51:180][  0]LogTemp:Display: Loaded TP LinuxServerTargetPlatform
[2017.07.15-11.56.51:243][  0]LogTemp:Display: Loaded TP LinuxTargetPlatform
[2017.07.15-11.56.51:243][  0]LogTargetPlatformManager:Display: Building Assets For Windows
[2017.07.15-11.56.51:798][  0]LogDerivedDataCache:Display: Max Cache Size: 512 MB
[2017.07.15-11.56.51:924][  0]LogDerivedDataCache: Loaded boot cache 0.13s 90MB C:/Users/cripe/AppData/Local/UnrealEngine/4.16/DerivedDataCache/Boot.ddc.
[2017.07.15-11.56.51:924][  0]LogDerivedDataCache:Display: Loaded Boot cache: C:/Users/cripe/AppData/Local/UnrealEngine/4.16/DerivedDataCache/Boot.ddc
[2017.07.15-11.56.51:925][  0]LogDerivedDataCache: FDerivedDataBackendGraph:  Pak pak cache file E:/Usuario/Ruben/UNIVERSIDAD/TFG/Postwar/DerivedDataCache/DDC.ddp not found, will not use a pak cache.
[2017.07.15-11.56.51:925][  0]LogDerivedDataCache: Unable to find inner node Pak for hierarchical cache Hierarchy.
[2017.07.15-11.56.51:925][  0]LogDerivedDataCache: FDerivedDataBackendGraph:  CompressedPak pak cache file E:/Usuario/Ruben/UNIVERSIDAD/TFG/Postwar/DerivedDataCache/Compressed.ddp not found, will not use a pak cache.
[2017.07.15-11.56.51:925][  0]LogDerivedDataCache: Unable to find inner node CompressedPak for hierarchical cache Hierarchy.
[2017.07.15-11.56.51:944][  0]LogDerivedDataCache:Display: Pak cache opened for reading ../../../Engine/DerivedDataCache/Compressed.ddp.
[2017.07.15-11.56.51:957][  0]LogDerivedDataCache: Using Local data cache path C:/Users/cripe/AppData/Local/UnrealEngine/Common/DerivedDataCache: Writable
[2017.07.15-11.56.51:970][  0]LogMaterial: Verifying Global Shaders for PCD3D_SM5
[2017.07.15-11.56.51:970][  0]LogSlate: Using Freetype 2.6.0
[2017.07.15-11.56.51:972][  0]LogSlate: SlateFontCache - WITH_FREETYPE: 1, WITH_HARFBUZZ: 1
[2017.07.15-11.56.51:972][  0]LogSlate: SlateFontCache - WITH_FREETYPE: 1, WITH_HARFBUZZ: 1
[2017.07.15-11.56.52:414][  0]LogInit: Selected Device Profile: [Windows]
[2017.07.15-11.56.52:516][  0]LogContentStreaming: Texture pool size is 0.00 MB
[2017.07.15-11.56.52:700][  0]LogMeshUtilities: Using QuadricMeshReduction for automatic static mesh reduction
[2017.07.15-11.56.52:752][  0]LogSimplygon: Simplygon DLL not present - disabling.
[2017.07.15-11.56.52:813][  0]LogMeshUtilities: Using SimplygonSwarm for distributed automatic mesh merging
[2017.07.15-11.56.52:813][  0]LogMeshUtilities: No automatic skeletal mesh reduction module available
[2017.07.15-11.56.52:813][  0]LogMeshUtilities: No automatic mesh merging module available
[2017.07.15-11.56.53:507][  0]LogNetVersion: Postwar , NetCL: 3452394, EngineNetVer: 2, GameNetVer: 0 (Checksum: 2296384490)
[2017.07.15-11.56.53:573][  0]LogAssetRegistry: FAssetRegistry took 0.0290 seconds to start up
[2017.07.15-11.56.53:621][  0]LogPackageLocalizationCache: Processed 4 localized package path(s) for 1 prioritized culture(s) in 0.027273 seconds
[2017.07.15-11.56.53:632][  0]LogUObjectArray: 34194 objects as part of root set at end of initial load.
[2017.07.15-11.56.53:632][  0]LogUObjectAllocator: 7260416 out of 0 bytes used by permanent object pool.
[2017.07.15-11.56.53:632][  0]LogUObjectArray: CloseDisregardForGC: 0/0 objects in disregard for GC pool
[2017.07.15-11.56.53:698][  0]LogInit: WinSock: version 1.1 (2.2), MaxSocks=32767, MaxUdp=65467
[2017.07.15-11.56.56:822][  0]LogTcpMessaging: Initializing TcpMessaging bridge
[2017.07.15-11.56.56:869][  0]LogUdpMessaging: Initializing bridge on interface 0.0.0.0:0 to multicast group 230.0.0.1:6666.
[2017.07.15-11.56.57:528][  0]LogMaterial: Uniform references updated for custom material expression Custom.
[2017.07.15-11.56.58:050][  0]SourceControl: Info Source control is disabled
[2017.07.15-11.56.58:134][  0]SourceControl: Info Source control is disabled
[2017.07.15-11.56.58:199][  0]SourceControl: Info Source control is disabled
[2017.07.15-11.56.58:262][  0]SourceControl: Info Source control is disabled
[2017.07.15-11.56.59:128][  0]LogAndroidPermission: UAndroidPermissionCallbackProxy::GetInstance
[2017.07.15-11.56.59:903][  0]LogEngine: Initializing Engine...
[2017.07.15-11.56.59:904][  0]LogHMD: Failed to initialize OpenVR with code 110
[2017.07.15-11.57.00:180][  0]LogStats: UGameplayTagsManager::ConstructGameplayTagTree: Construct from data asset -  0.000 s
[2017.07.15-11.57.00:180][  0]LogStats: UGameplayTagsManager::ConstructGameplayTagTree: GameplayTagTreeChangedEvent.Broadcast -  0.000 s
[2017.07.15-11.57.00:386][  0]LogAIModule: Creating AISystem for world Untitled
[2017.07.15-11.57.00:399][  0]LogInit: XAudio2 using 'Altavoces (Realtek High Definition Audio)' : 2 channels at 48 kHz using 32 bits per sample (channel mask 0x3)
[2017.07.15-11.57.00:427][  0]LogInit: FAudioDevice initialized.
[2017.07.15-11.57.00:510][  0]LogDerivedDataCache: Saved boot cache 0.08s 90MB C:/Users/cripe/AppData/Local/UnrealEngine/4.16/DerivedDataCache/Boot.ddc.
[2017.07.15-11.57.00:516][  0]LogInit: Texture streaming: Enabled
[2017.07.15-11.57.00:641][  0]LogEngineSessionManager: EngineSessionManager initialized
[2017.07.15-11.57.01:100][  0]LogInit: Transaction tracking system initialized
[2017.07.15-11.57.01:629][  0]BlueprintLog: New page: Editor Load
[2017.07.15-11.57.02:958][  0]LocalizationService: Info Localization service is disabled
[2017.07.15-11.57.03:889][  0]LogConsoleResponse:Display: 
[2017.07.15-11.57.04:080][  0]LogCook:Display: Max memory allowance for cook 16384mb min free memory 0mb
[2017.07.15-11.57.04:080][  0]LogCook:Display: Mobile HDR setting 1
[2017.07.15-11.57.04:826][  0]LogFileCache: Scanning file cache for directory 'E:/Usuario/Ruben/UNIVERSIDAD/TFG/Postwar/Content/' took 0.02s
[2017.07.15-11.57.05:640][  0]SourceControl: Info Source control is disabled
[2017.07.15-11.57.05:640][  0]Cmd: MAP LOAD FILE="E:/Usuario/Ruben/UNIVERSIDAD/TFG/Postwar/Content/FirstPersonBP/Maps/FirstPersonExampleMap.umap" TEMPLATE=0 SHOWPROGRESS=1 FEATURELEVEL=3
[2017.07.15-11.57.05:641][  0]LightingResults: New page: Lighting Build
[2017.07.15-11.57.05:707][  0]MapCheck: New page: Map Check
[2017.07.15-11.57.05:707][  0]LightingResults: New page: Lighting Build
[2017.07.15-11.57.06:611][  0]LogBlueprint:Warning: USimpleConstructionScript::FixupRootNodeParentReferences() - Couldn't find native parent component 'StaticMeshComponent0' for 'DefaultSceneRoot' in BlueprintGeneratedClass 'WeaponParent_C' (it may have been removed)
[2017.07.15-11.57.06:748][  0]LogAIModule: Creating AISystem for world FirstPersonExampleMap
[2017.07.15-11.57.06:768][  0]LogEditorServer: Finished looking for orphan Actors (0.000 secs)
[2017.07.15-11.57.06:797][  0]Cmd: MAP CHECKDEP NOCLEARLOG
[2017.07.15-11.57.06:961][  0]MapCheck: Info Map check complete: 0 Error(s), 0 Warning(s), took 164.011ms to complete.
[2017.07.15-11.57.06:961][  0]LogFileHelpers: Loading map 'FirstPersonExampleMap' took 1.321
[2017.07.15-11.57.07:042][  0]LogWindowsTextInputMethodSystem:Display: IME system now deactivated.
[2017.07.15-11.57.07:188][  0]LogCollectionManager: Loaded 0 collections in 0.002385 seconds
[2017.07.15-11.57.07:302][  0]LogFileCache: Scanning file cache for directory 'E:/Usuario/Ruben/UNIVERSIDAD/TFG/Postwar/Saved/Collections/' took 0.01s
[2017.07.15-11.57.07:302][  0]LogFileCache: Scanning file cache for directory 'E:/Usuario/Ruben/UNIVERSIDAD/TFG/Postwar/Content/Developers/cripe/Collections/' took 0.01s
[2017.07.15-11.57.07:302][  0]LogFileCache: Scanning file cache for directory 'E:/Usuario/Ruben/UNIVERSIDAD/TFG/Postwar/Content/Collections/' took 0.01s
[2017.07.15-11.57.07:302][  0]LogCollectionManager: Rebuilt the GUID cache for 0 collections in 0.000002 seconds
[2017.07.15-11.57.07:314][  0]LogContentBrowser: Native class hierarchy populated in 0.0121 seconds. Added 2329 classes and 491 folders.
[2017.07.15-11.57.07:409][  0]LogContentBrowser: Native class hierarchy updated for 'WidgetCarousel' in 0.0016 seconds. Added 0 classes and 0 folders.
[2017.07.15-11.57.07:484][  0]LogContentBrowser: Native class hierarchy updated for 'AddContentDialog' in 0.0006 seconds. Added 0 classes and 0 folders.
[2017.07.15-11.57.07:538][  0]LogContentBrowser: Native class hierarchy updated for 'SceneOutliner' in 0.0007 seconds. Added 1 classes and 2 folders.
[2017.07.15-11.57.07:651][  0]LogCrashTracker: Crashtracker disabled due to settings.
[2017.07.15-11.57.07:659][  0]LogSlate: Took 0.000840 seconds to synchronously load lazily loaded font '../../../Engine/Content/Slate/Fonts/Roboto-Regular.ttf' (155K)
[2017.07.15-11.57.07:663][  0]LogSlate: Took 0.000897 seconds to synchronously load lazily loaded font '../../../Engine/Content/Slate/Fonts/Roboto-Bold.ttf' (160K)
[2017.07.15-11.57.07:672][  0]LogSlate: Took 0.001001 seconds to synchronously load lazily loaded font '../../../Engine/Content/Editor/Slate/Fonts/FontAwesome.ttf' (139K)
[2017.07.15-11.57.07:794][  0]LogRenderer: Reallocating scene render targets to support 1208x576 NumSamples 1 (Frame:1).
[2017.07.15-11.57.07:970][  0]LogUObjectGlobals:Warning: Failed to find object 'Class None.'
[2017.07.15-11.57.08:067][  0]LogContentBrowser: Native class hierarchy updated for 'HierarchicalLODOutliner' in 0.0011 seconds. Added 1 classes and 2 folders.
[2017.07.15-11.57.08:068][  0]LogLoad: (Engine Initialization) Total time: 25.59 seconds
[2017.07.15-11.57.08:068][  0]LogLoad: (Engine Initialization) Total Blueprint compile time: 0.33 seconds
[2017.07.15-11.57.08:068][  0]LogExternalProfiler: Found external profiler: VSPerf
[2017.07.15-11.57.08:068][  0]LogExternalProfiler: Using external profiler: VSPerf
[2017.07.15-11.57.08:086][  0]LogOcInput: OculusInput pre-init called
[2017.07.15-11.57.08:086][  0]LogHMD: Starting GearVRController plugin
[2017.07.15-11.57.08:114][  0]LogContentStreaming: Texture pool size now 1000 MB
[2017.07.15-11.57.08:179][  0]LogSlate: Took 0.000790 seconds to synchronously load lazily loaded font '../../../Engine/Content/Slate/Fonts/Roboto-Light.ttf' (159K)
[2017.07.15-11.57.08:223][  1]LogAssetRegistry: Asset discovery search completed in 14.6732 seconds
[2017.07.15-11.57.08:227][  1]LogCollectionManager: Rebuilt the object cache for 0 collections in 0.000002 seconds (found 0 objects)
[2017.07.15-11.57.08:227][  1]LogCollectionManager: Fixed up redirectors for 0 collections in 0.000087 seconds (updated 0 objects)
[2017.07.15-11.57.09:131][ 43]LogSlate: Took 0.000487 seconds to synchronously load lazily loaded font '../../../Engine/Content/Slate/Fonts/Roboto-Light.ttf' (159K)
[2017.07.15-11.57.20:881][108]LogTemp: Repeting last play command: Selected Viewport
[2017.07.15-11.57.20:939][108]LogBlueprintUserMessages: Early PlayInEditor Detection: Level '/Game/FirstPersonBP/Maps/FirstPersonExampleMap.FirstPersonExampleMap:PersistentLevel' has LevelScriptBlueprint '/Game/FirstPersonBP/Maps/FirstPersonExampleMap.FirstPersonExampleMap:PersistentLevel.FirstPersonExampleMap' with GeneratedClass '/Game/FirstPersonBP/Maps/FirstPersonExampleMap.FirstPersonExampleMap_C' with ClassGeneratedBy '/Game/FirstPersonBP/Maps/FirstPersonExampleMap.FirstPersonExampleMap:PersistentLevel.FirstPersonExampleMap'
[2017.07.15-11.57.20:939][108]LogPlayLevel: PlayLevel: No blueprints needed recompiling
[2017.07.15-11.57.20:939][108]PIE: New page: PIE session: FirstPersonExampleMap (Jul 15, 2017, 3:57:20 PM)
[2017.07.15-11.57.20:939][108]LogPlayLevel: Creating play world package: /Game/FirstPersonBP/Maps/UEDPIE_0_FirstPersonExampleMap
[2017.07.15-11.57.20:992][108]LogPlayLevel: PIE: StaticDuplicateObject took: (0.053191s)
[2017.07.15-11.57.20:993][108]LogAIModule: Creating AISystem for world FirstPersonExampleMap
[2017.07.15-11.57.20:993][108]LogPlayLevel: PIE: World Init took: (0.000919s)
[2017.07.15-11.57.20:994][108]LogPlayLevel: PIE: Created PIE world by copying editor world from /Game/FirstPersonBP/Maps/FirstPersonExampleMap.FirstPersonExampleMap to /Game/FirstPersonBP/Maps/UEDPIE_0_FirstPersonExampleMap.FirstPersonExampleMap (0.054497s)
[2017.07.15-11.57.21:019][108]LogInit: XAudio2 using 'Altavoces (Realtek High Definition Audio)' : 2 channels at 48 kHz using 32 bits per sample (channel mask 0x3)
[2017.07.15-11.57.21:042][108]LogInit: FAudioDevice initialized.
[2017.07.15-11.57.21:096][108]LogLoad: Game class is 'FirstPersonGameMode_C'
[2017.07.15-11.57.21:103][108]LogWorld: Bringing World /Game/FirstPersonBP/Maps/UEDPIE_0_FirstPersonExampleMap.FirstPersonExampleMap up for play (max tick rate 60) at 2017.07.15-13.57.21
[2017.07.15-11.57.21:104][108]LogWorld: Bringing up level for play took: 0.004600
[2017.07.15-11.57.21:160][108]LogContentBrowser: Native class hierarchy updated for 'MovieSceneCapture' in 0.0011 seconds. Added 11 classes and 0 folders.
[2017.07.15-11.57.21:161][108]PIE: Info Play in editor start time for /Game/FirstPersonBP/Maps/UEDPIE_0_FirstPersonExampleMap 0.231
[2017.07.15-11.57.21:162][108]LogBlueprintUserMessages: Late PlayInEditor Detection: Level '/Game/FirstPersonBP/Maps/FirstPersonExampleMap.FirstPersonExampleMap:PersistentLevel' has LevelScriptBlueprint '/Game/FirstPersonBP/Maps/FirstPersonExampleMap.FirstPersonExampleMap:PersistentLevel.FirstPersonExampleMap' with GeneratedClass '/Game/FirstPersonBP/Maps/FirstPersonExampleMap.FirstPersonExampleMap_C' with ClassGeneratedBy '/Game/FirstPersonBP/Maps/FirstPersonExampleMap.FirstPersonExampleMap:PersistentLevel.FirstPersonExampleMap'
[2017.07.15-11.57.28:561][544]LogSpawn:Warning: SpawnActor failed because of collision at the spawn location [X=-71.192 Y=787.130 Z=161.177] for [FirstPersonProjectile_C]
[2017.07.15-11.57.28:712][553]LogSpawn:Warning: SpawnActor failed because of collision at the spawn location [X=-155.405 Y=776.640 Z=161.177] for [FirstPersonProjectile_C]
[2017.07.15-11.57.38:823][159]LogBlueprintUserMessages: [shotgunDrop_110] Aun no hemos comprado este arma
[2017.07.15-11.57.38:908][164]LogBlueprintUserMessages: [shotgunDrop_110] Aun no hemos comprado este arma
[2017.07.15-11.57.39:540][202]LogBlueprintUserMessages: [shotgunDrop_110] Compro escopeta
[2017.07.15-11.57.43:424][434]LogBlueprintUserMessages: [AKDrop_408] Aun no hemos comprado este arma
[2017.07.15-11.57.43:524][440]LogBlueprintUserMessages: [AKDrop_408] Aun no hemos comprado este arma
[2017.07.15-11.57.44:208][481]LogBlueprintUserMessages: [AKDrop_408] Compro AK
[2017.07.15-11.58.06:188][776]LogBlueprintUserMessages: Early EndPlayMap Detection: Level '/Game/FirstPersonBP/Maps/FirstPersonExampleMap.FirstPersonExampleMap:PersistentLevel' has LevelScriptBlueprint '/Game/FirstPersonBP/Maps/FirstPersonExampleMap.FirstPersonExampleMap:PersistentLevel.FirstPersonExampleMap' with GeneratedClass '/Game/FirstPersonBP/Maps/FirstPersonExampleMap.FirstPersonExampleMap_C' with ClassGeneratedBy '/Game/FirstPersonBP/Maps/FirstPersonExampleMap.FirstPersonExampleMap:PersistentLevel.FirstPersonExampleMap'
[2017.07.15-11.58.06:229][776]LogBlueprintUserMessages: Late EndPlayMap Detection: Level '/Game/FirstPersonBP/Maps/FirstPersonExampleMap.FirstPersonExampleMap:PersistentLevel' has LevelScriptBlueprint '/Game/FirstPersonBP/Maps/FirstPersonExampleMap.FirstPersonExampleMap:PersistentLevel.FirstPersonExampleMap' with GeneratedClass '/Game/FirstPersonBP/Maps/FirstPersonExampleMap.FirstPersonExampleMap_C' with ClassGeneratedBy '/Game/FirstPersonBP/Maps/FirstPersonExampleMap.FirstPersonExampleMap:PersistentLevel.FirstPersonExampleMap'
[2017.07.15-11.58.08:787][906]LogEditorViewport: Clicking on Actor (LMB): AKDrop_C (AKDrop)
[2017.07.15-11.58.08:873][906]LogEditorViewport: Clicking on Component (LMB): StaticMeshComponent (AKM_Lod_0_AKM_Lod_0)
[2017.07.15-11.58.27:367][882]LogEditorViewport: Clicking on Actor (context menu): StaticMeshActor (Wall3)
[2017.07.15-11.58.28:882][935]LogEditorViewport: Clicking on Actor (LMB): StaticMeshActor (Floor)
[2017.07.15-11.58.29:685][976]LogEditorViewport: Clicking on Actor (LMB): AKDrop_C (AKDrop)
[2017.07.15-11.58.33:018][129]LogTemp: Repeting last play command: Selected Viewport
[2017.07.15-11.58.33:044][129]LogBlueprintUserMessages: Early PlayInEditor Detection: Level '/Game/FirstPersonBP/Maps/FirstPersonExampleMap.FirstPersonExampleMap:PersistentLevel' has LevelScriptBlueprint '/Game/FirstPersonBP/Maps/FirstPersonExampleMap.FirstPersonExampleMap:PersistentLevel.FirstPersonExampleMap' with GeneratedClass '/Game/FirstPersonBP/Maps/FirstPersonExampleMap.FirstPersonExampleMap_C' with ClassGeneratedBy '/Game/FirstPersonBP/Maps/FirstPersonExampleMap.FirstPersonExampleMap:PersistentLevel.FirstPersonExampleMap'
[2017.07.15-11.58.33:044][129]LogPlayLevel: PlayLevel: No blueprints needed recompiling
[2017.07.15-11.58.33:044][129]PIE: New page: PIE session: FirstPersonExampleMap (Jul 15, 2017, 3:58:33 PM)
[2017.07.15-11.58.33:044][129]LogPlayLevel: Creating play world package: /Game/FirstPersonBP/Maps/UEDPIE_0_FirstPersonExampleMap
[2017.07.15-11.58.33:092][129]LogPlayLevel: PIE: StaticDuplicateObject took: (0.046816s)
[2017.07.15-11.58.33:093][129]LogAIModule: Creating AISystem for world FirstPersonExampleMap
[2017.07.15-11.58.33:093][129]LogPlayLevel: PIE: World Init took: (0.001500s)
[2017.07.15-11.58.33:093][129]LogPlayLevel: PIE: Created PIE world by copying editor world from /Game/FirstPersonBP/Maps/FirstPersonExampleMap.FirstPersonExampleMap to /Game/FirstPersonBP/Maps/UEDPIE_0_FirstPersonExampleMap.FirstPersonExampleMap (0.048847s)
[2017.07.15-11.58.33:126][129]LogInit: XAudio2 using 'Altavoces (Realtek High Definition Audio)' : 2 channels at 48 kHz using 32 bits per sample (channel mask 0x3)
[2017.07.15-11.58.33:146][129]LogInit: FAudioDevice initialized.
[2017.07.15-11.58.33:185][129]LogLoad: Game class is 'FirstPersonGameMode_C'
[2017.07.15-11.58.33:195][129]LogWorld: Bringing World /Game/FirstPersonBP/Maps/UEDPIE_0_FirstPersonExampleMap.FirstPersonExampleMap up for play (max tick rate 60) at 2017.07.15-13.58.33
[2017.07.15-11.58.33:196][129]LogWorld: Bringing up level for play took: 0.009373
[2017.07.15-11.58.33:199][129]PIE: Info Play in editor start time for /Game/FirstPersonBP/Maps/UEDPIE_0_FirstPersonExampleMap 0.269
[2017.07.15-11.58.33:199][129]LogBlueprintUserMessages: Late PlayInEditor Detection: Level '/Game/FirstPersonBP/Maps/FirstPersonExampleMap.FirstPersonExampleMap:PersistentLevel' has LevelScriptBlueprint '/Game/FirstPersonBP/Maps/FirstPersonExampleMap.FirstPersonExampleMap:PersistentLevel.FirstPersonExampleMap' with GeneratedClass '/Game/FirstPersonBP/Maps/FirstPersonExampleMap.FirstPersonExampleMap_C' with ClassGeneratedBy '/Game/FirstPersonBP/Maps/FirstPersonExampleMap.FirstPersonExampleMap:PersistentLevel.FirstPersonExampleMap'
[2017.07.15-11.58.36:562][322]LogBlueprintUserMessages: [AKDrop_408] Aun no hemos comprado este arma
[2017.07.15-11.58.36:645][327]LogBlueprintUserMessages: [AKDrop_408] Aun no hemos comprado este arma
[2017.07.15-11.58.36:932][344]LogBlueprintUserMessages: [AKDrop_408] Compro AK
[2017.07.15-11.59.02:445][862]LogBlueprintUserMessages: [shotgunDrop_110] Aun no hemos comprado este arma
[2017.07.15-11.59.02:528][867]LogBlueprintUserMessages: [shotgunDrop_110] Aun no hemos comprado este arma
[2017.07.15-11.59.02:830][885]LogBlueprintUserMessages: [shotgunDrop_110] Compro escopeta
[2017.07.15-11.59.04:301][973]LogSpawn:Warning: SpawnActor failed because of collision at the spawn location [X=-234.641 Y=1293.103 Z=168.674] for [FirstPersonProjectile_C]
[2017.07.15-11.59.06:727][118]LogSpawn:Warning: SpawnActor failed because of collision at the spawn location [X=230.872 Y=513.052 Z=169.307] for [FirstPersonProjectile_C]
[2017.07.15-11.59.07:293][152]LogSpawn:Warning: SpawnActor failed because of collision at the spawn location [X=326.831 Y=624.124 Z=165.566] for [FirstPersonProjectile_C]
[2017.07.15-11.59.07:443][161]LogSpawn:Warning: SpawnActor failed because of collision at the spawn location [X=309.403 Y=634.838 Z=165.359] for [FirstPersonProjectile_C]
[2017.07.15-11.59.08:929][250]LogSpawn:Warning: SpawnActor failed because of collision at the spawn location [X=-540.899 Y=784.558 Z=159.589] for [FirstPersonProjectile_C]
[2017.07.15-11.59.09:331][274]LogSpawn:Warning: SpawnActor failed because of collision at the spawn location [X=-604.631 Y=1009.211 Z=159.956] for [FirstPersonProjectile_C]
[2017.07.15-11.59.10:960][372]LogBlueprintUserMessages: Early EndPlayMap Detection: Level '/Game/FirstPersonBP/Maps/FirstPersonExampleMap.FirstPersonExampleMap:PersistentLevel' has LevelScriptBlueprint '/Game/FirstPersonBP/Maps/FirstPersonExampleMap.FirstPersonExampleMap:PersistentLevel.FirstPersonExampleMap' with GeneratedClass '/Game/FirstPersonBP/Maps/FirstPersonExampleMap.FirstPersonExampleMap_C' with ClassGeneratedBy '/Game/FirstPersonBP/Maps/FirstPersonExampleMap.FirstPersonExampleMap:PersistentLevel.FirstPersonExampleMap'
[2017.07.15-11.59.11:014][372]LogBlueprintUserMessages: Late EndPlayMap Detection: Level '/Game/FirstPersonBP/Maps/FirstPersonExampleMap.FirstPersonExampleMap:PersistentLevel' has LevelScriptBlueprint '/Game/FirstPersonBP/Maps/FirstPersonExampleMap.FirstPersonExampleMap:PersistentLevel.FirstPersonExampleMap' with GeneratedClass '/Game/FirstPersonBP/Maps/FirstPersonExampleMap.FirstPersonExampleMap_C' with ClassGeneratedBy '/Game/FirstPersonBP/Maps/FirstPersonExampleMap.FirstPersonExampleMap:PersistentLevel.FirstPersonExampleMap'
[2017.07.15-11.59.12:044][428]LogTemp: Repeting last play command: Selected Viewport
[2017.07.15-11.59.12:059][428]LogBlueprintUserMessages: Early PlayInEditor Detection: Level '/Game/FirstPersonBP/Maps/FirstPersonExampleMap.FirstPersonExampleMap:PersistentLevel' has LevelScriptBlueprint '/Game/FirstPersonBP/Maps/FirstPersonExampleMap.FirstPersonExampleMap:PersistentLevel.FirstPersonExampleMap' with GeneratedClass '/Game/FirstPersonBP/Maps/FirstPersonExampleMap.FirstPersonExampleMap_C' with ClassGeneratedBy '/Game/FirstPersonBP/Maps/FirstPersonExampleMap.FirstPersonExampleMap:PersistentLevel.FirstPersonExampleMap'
[2017.07.15-11.59.12:059][428]LogPlayLevel: PlayLevel: No blueprints needed recompiling
[2017.07.15-11.59.12:059][428]PIE: New page: PIE session: FirstPersonExampleMap (Jul 15, 2017, 3:59:12 PM)
[2017.07.15-11.59.12:059][428]LogPlayLevel: Creating play world package: /Game/FirstPersonBP/Maps/UEDPIE_0_FirstPersonExampleMap
[2017.07.15-11.59.12:090][428]LogPlayLevel: PIE: StaticDuplicateObject took: (0.030909s)
[2017.07.15-11.59.12:092][428]LogAIModule: Creating AISystem for world FirstPersonExampleMap
[2017.07.15-11.59.12:093][428]LogPlayLevel: PIE: World Init took: (0.002860s)
[2017.07.15-11.59.12:093][428]LogPlayLevel: PIE: Created PIE world by copying editor world from /Game/FirstPersonBP/Maps/FirstPersonExampleMap.FirstPersonExampleMap to /Game/FirstPersonBP/Maps/UEDPIE_0_FirstPersonExampleMap.FirstPersonExampleMap (0.034528s)
[2017.07.15-11.59.12:119][428]LogInit: XAudio2 using 'Altavoces (Realtek High Definition Audio)' : 2 channels at 48 kHz using 32 bits per sample (channel mask 0x3)
[2017.07.15-11.59.12:135][428]LogInit: FAudioDevice initialized.
[2017.07.15-11.59.12:172][428]LogLoad: Game class is 'FirstPersonGameMode_C'
[2017.07.15-11.59.12:176][428]LogWorld: Bringing World /Game/FirstPersonBP/Maps/UEDPIE_0_FirstPersonExampleMap.FirstPersonExampleMap up for play (max tick rate 60) at 2017.07.15-13.59.12
[2017.07.15-11.59.12:176][428]LogWorld: Bringing up level for play took: 0.002863
[2017.07.15-11.59.12:177][428]PIE: Info Play in editor start time for /Game/FirstPersonBP/Maps/UEDPIE_0_FirstPersonExampleMap -0.753
[2017.07.15-11.59.12:178][428]LogBlueprintUserMessages: Late PlayInEditor Detection: Level '/Game/FirstPersonBP/Maps/FirstPersonExampleMap.FirstPersonExampleMap:PersistentLevel' has LevelScriptBlueprint '/Game/FirstPersonBP/Maps/FirstPersonExampleMap.FirstPersonExampleMap:PersistentLevel.FirstPersonExampleMap' with GeneratedClass '/Game/FirstPersonBP/Maps/FirstPersonExampleMap.FirstPersonExampleMap_C' with ClassGeneratedBy '/Game/FirstPersonBP/Maps/FirstPersonExampleMap.FirstPersonExampleMap:PersistentLevel.FirstPersonExampleMap'
[2017.07.15-11.59.15:724][636]LogBlueprintUserMessages: [shotgunDrop_110] Aun no hemos comprado este arma
[2017.07.15-11.59.15:822][642]LogBlueprintUserMessages: [shotgunDrop_110] Aun no hemos comprado este arma
[2017.07.15-11.59.16:074][657]LogBlueprintUserMessages: [shotgunDrop_110] Compro escopeta
[2017.07.15-11.59.21:341][971]LogSpawn:Warning: SpawnActor failed because of collision at the spawn location [X=375.015 Y=-98.781 Z=170.014] for [FirstPersonProjectile_C]
[2017.07.15-12.00.01:328][326]LogBlueprintUserMessages: Early EndPlayMap Detection: Level '/Game/FirstPersonBP/Maps/FirstPersonExampleMap.FirstPersonExampleMap:PersistentLevel' has LevelScriptBlueprint '/Game/FirstPersonBP/Maps/FirstPersonExampleMap.FirstPersonExampleMap:PersistentLevel.FirstPersonExampleMap' with GeneratedClass '/Game/FirstPersonBP/Maps/FirstPersonExampleMap.FirstPersonExampleMap_C' with ClassGeneratedBy '/Game/FirstPersonBP/Maps/FirstPersonExampleMap.FirstPersonExampleMap:PersistentLevel.FirstPersonExampleMap'
[2017.07.15-12.00.01:383][326]LogBlueprintUserMessages: Late EndPlayMap Detection: Level '/Game/FirstPersonBP/Maps/FirstPersonExampleMap.FirstPersonExampleMap:PersistentLevel' has LevelScriptBlueprint '/Game/FirstPersonBP/Maps/FirstPersonExampleMap.FirstPersonExampleMap:PersistentLevel.FirstPersonExampleMap' with GeneratedClass '/Game/FirstPersonBP/Maps/FirstPersonExampleMap.FirstPersonExampleMap_C' with ClassGeneratedBy '/Game/FirstPersonBP/Maps/FirstPersonExampleMap.FirstPersonExampleMap:PersistentLevel.FirstPersonExampleMap'
[2017.07.15-12.00.01:984][341]LogSlate: Took 0.001804 seconds to synchronously load lazily loaded font '../../../Engine/Content/Editor/Slate/Fonts/Roboto-Italic.ttf' (157K)
[2017.07.15-12.04.59:676][285]Cmd: QUIT_EDITOR
[2017.07.15-12.04.59:717][285]LogWindowsTextInputMethodSystem:Display: IME system now deactivated.
[2017.07.15-12.04.59:732][285]LogExit: Preparing to exit.
[2017.07.15-12.05.00:334][285]LogExit: Editor shut down
[2017.07.15-12.05.00:341][285]LogExit: Transaction tracking system shut down
[2017.07.15-12.05.00:448][285]LogObj: Freed 0b from 0 cluster array pools.
[2017.07.15-12.05.00:448][285]LogExit: Object subsystem successfully closed.
[2017.07.15-12.05.00:474][285]LogD3D11RHI: Shutdown
[2017.07.15-12.05.00:474][285]LogD3D11RHI: CleanupD3DDevice
[2017.07.15-12.05.00:615][285]LogD3D11RHI: ~FD3D11DynamicRHI
[2017.07.15-12.05.00:623][285]LogModuleManager: Shutting down and abandoning module MovieSceneCapture (526)
[2017.07.15-12.05.00:623][285]LogModuleManager: Shutting down and abandoning module HierarchicalLODOutliner (524)
[2017.07.15-12.05.00:623][285]LogModuleManager: Shutting down and abandoning module CrashTracker (522)
[2017.07.15-12.05.00:623][285]LogModuleManager: Shutting down and abandoning module SceneOutliner (520)
[2017.07.15-12.05.00:623][285]LogModuleManager: Shutting down and abandoning module AddContentDialog (518)
[2017.07.15-12.05.00:623][285]LogDirectoryWatcher: A directory notification for 'D:/Program Files/Epic Games/UE_4.16/FeaturePacks/' was aborted.
[2017.07.15-12.05.00:624][285]LogModuleManager: Shutting down and abandoning module WidgetCarousel (517)
[2017.07.15-12.05.00:624][285]LogModuleManager: Shutting down and abandoning module EditorWidgets (514)
[2017.07.15-12.05.00:624][285]LogModuleManager: Shutting down and abandoning module CollectionManager (512)
[2017.07.15-12.05.00:624][285]LogDirectoryWatcher: A directory notification for 'E:/Usuario/Ruben/UNIVERSIDAD/TFG/Postwar/Content/Collections/' was aborted.
[2017.07.15-12.05.00:624][285]LogDirectoryWatcher: A directory notification for 'E:/Usuario/Ruben/UNIVERSIDAD/TFG/Postwar/Content/Developers/cripe/Collections/' was aborted.
[2017.07.15-12.05.00:624][285]LogDirectoryWatcher: A directory notification for 'E:/Usuario/Ruben/UNIVERSIDAD/TFG/Postwar/Saved/Collections/' was aborted.
[2017.07.15-12.05.00:624][285]LogModuleManager: Shutting down and abandoning module StatsViewer (510)
[2017.07.15-12.05.00:624][285]LogModuleManager: Shutting down and abandoning module FoliageEdit (508)
[2017.07.15-12.05.00:624][285]LogModuleManager: Shutting down and abandoning module LandscapeEditor (506)
[2017.07.15-12.05.00:625][285]LogModuleManager: Shutting down and abandoning module MeshPaintMode (504)
[2017.07.15-12.05.00:625][285]LogModuleManager: Shutting down and abandoning module SceneDepthPickerMode (502)
[2017.07.15-12.05.00:625][285]LogModuleManager: Shutting down and abandoning module ActorPickerMode (500)
[2017.07.15-12.05.00:625][285]LogModuleManager: Shutting down and abandoning module GeometryMode (498)
[2017.07.15-12.05.00:625][285]LogModuleManager: Shutting down and abandoning module TextureAlignMode (496)
[2017.07.15-12.05.00:625][285]LogModuleManager: Shutting down and abandoning module BspMode (494)
[2017.07.15-12.05.00:625][285]LogModuleManager: Shutting down and abandoning module HardwareSurvey (492)
[2017.07.15-12.05.00:625][285]LogModuleManager: Shutting down and abandoning module SequenceRecorderSections (490)
[2017.07.15-12.05.00:625][285]LogModuleManager: Shutting down and abandoning module AutomationWorker (488)
[2017.07.15-12.05.00:625][285]LogModuleManager: Shutting down and abandoning module MatineeToLevelSequence (486)
[2017.07.15-12.05.00:625][285]LogModuleManager: Shutting down and abandoning module LevelSequenceEditor (484)
[2017.07.15-12.05.00:625][285]LogModuleManager: Shutting down and abandoning module PlacementMode (483)
[2017.07.15-12.05.00:625][285]LogModuleManager: Shutting down and abandoning module WmfMediaFactory (480)
[2017.07.15-12.05.00:625][285]LogModuleManager: Shutting down and abandoning module WmfMediaEditor (478)
[2017.07.15-12.05.00:625][285]LogModuleManager: Shutting down and abandoning module AvfMediaFactory (476)
[2017.07.15-12.05.00:625][285]LogModuleManager: Shutting down and abandoning module AvfMediaEditor (474)
[2017.07.15-12.05.00:625][285]LogModuleManager: Shutting down and abandoning module AndroidMediaFactory (472)
[2017.07.15-12.05.00:625][285]LogModuleManager: Shutting down and abandoning module Media (471)
[2017.07.15-12.05.00:625][285]LogModuleManager: Shutting down and abandoning module AndroidMediaEditor (468)
[2017.07.15-12.05.00:625][285]LogModuleManager: Shutting down and abandoning module CharacterAI (466)
[2017.07.15-12.05.00:625][285]LogModuleManager: Shutting down and abandoning module AudioCapture (464)
[2017.07.15-12.05.00:625][285]LogModuleManager: Shutting down and abandoning module SequenceRecorder (463)
[2017.07.15-12.05.00:625][285]LogModuleManager: Shutting down and abandoning module SmartSnapping (460)
[2017.07.15-12.05.00:625][285]LogModuleManager: Shutting down and abandoning module SessionServices (458)
[2017.07.15-12.05.00:625][285]LogModuleManager: Shutting down and abandoning module ViewportSnapping (456)
[2017.07.15-12.05.00:625][285]LogModuleManager: Shutting down and abandoning module ViewportInteraction (454)
[2017.07.15-12.05.00:625][285]LogModuleManager: Shutting down and abandoning module ClothPainter (452)
[2017.07.15-12.05.00:625][285]LogModuleManager: Shutting down and abandoning module LogVisualizer (450)
[2017.07.15-12.05.00:625][285]LogModuleManager: Shutting down and abandoning module IntroTutorials (448)
[2017.07.15-12.05.00:625][285]LogModuleManager: Shutting down and abandoning module GameProjectGeneration (447)
[2017.07.15-12.05.00:625][285]LogModuleManager: Shutting down and abandoning module EditorLiveStreaming (444)
[2017.07.15-12.05.00:625][285]LogModuleManager: Shutting down and abandoning module IOSPlatformEditor (442)
[2017.07.15-12.05.00:625][285]LogModuleManager: Shutting down and abandoning module HTML5PlatformEditor (440)
[2017.07.15-12.05.00:625][285]LogModuleManager: Shutting down and abandoning module AndroidPlatformEditor (438)
[2017.07.15-12.05.00:625][285]LogModuleManager: Shutting down and abandoning module AndroidDeviceDetection (437)
[2017.07.15-12.05.01:617][285]LogModuleManager: Shutting down and abandoning module IOSRuntimeSettings (434)
[2017.07.15-12.05.01:617][285]LogModuleManager: Shutting down and abandoning module AndroidRuntimeSettings (432)
[2017.07.15-12.05.01:617][285]LogModuleManager: Shutting down and abandoning module InputBindingEditor (430)
[2017.07.15-12.05.01:617][285]LogModuleManager: Shutting down and abandoning module MergeActors (428)
[2017.07.15-12.05.01:617][285]LogModuleManager: Shutting down and abandoning module SizeMap (426)
[2017.07.15-12.05.01:617][285]LogModuleManager: Shutting down and abandoning module TreeMap (424)
[2017.07.15-12.05.01:617][285]LogModuleManager: Shutting down and abandoning module ReferenceViewer (422)
[2017.07.15-12.05.01:617][285]LogModuleManager: Shutting down and abandoning module LocalizationDashboard (420)
[2017.07.15-12.05.01:617][285]LogModuleManager: Shutting down and abandoning module LocalizationService (419)
[2017.07.15-12.05.01:617][285]LogModuleManager: Shutting down and abandoning module HardwareTargeting (416)
[2017.07.15-12.05.01:617][285]LogModuleManager: Shutting down and abandoning module DeviceProfileEditor (414)
[2017.07.15-12.05.01:617][285]LogModuleManager: Shutting down and abandoning module UndoHistory (412)
[2017.07.15-12.05.01:617][285]LogModuleManager: Shutting down and abandoning module UserFeedback (410)
[2017.07.15-12.05.01:617][285]LogModuleManager: Shutting down and abandoning module XmlParser (408)
[2017.07.15-12.05.01:617][285]LogModuleManager: Shutting down and abandoning module Blutility (406)
[2017.07.15-12.05.01:617][285]LogModuleManager: Shutting down and abandoning module ProjectSettingsViewer (404)
[2017.07.15-12.05.01:617][285]LogModuleManager: Shutting down and abandoning module ProjectTargetPlatformEditor (403)
[2017.07.15-12.05.01:617][285]LogModuleManager: Shutting down and abandoning module EditorSettingsViewer (400)
[2017.07.15-12.05.01:618][285]LogModuleManager: Shutting down and abandoning module SettingsEditor (398)
[2017.07.15-12.05.01:618][285]LogModuleManager: Shutting down and abandoning module ProjectLauncher (396)
[2017.07.15-12.05.01:618][285]LogModuleManager: Shutting down and abandoning module SessionFrontend (394)
[2017.07.15-12.05.01:618][285]LogModuleManager: Shutting down and abandoning module ProfilerClient (392)
[2017.07.15-12.05.01:618][285]LogModuleManager: Shutting down and abandoning module DeviceManager (390)
[2017.07.15-12.05.01:618][285]LogModuleManager: Shutting down and abandoning module TargetDeviceServices (389)
[2017.07.15-12.05.01:682][285]LogModuleManager: Shutting down and abandoning module AutomationController (386)
[2017.07.15-12.05.01:682][285]LogModuleManager: Shutting down and abandoning module AutomationWindow (384)
[2017.07.15-12.05.01:682][285]LogModuleManager: Shutting down and abandoning module Layers (382)
[2017.07.15-12.05.01:682][285]LogModuleManager: Shutting down and abandoning module ComponentVisualizers (380)
[2017.07.15-12.05.01:682][285]LogModuleManager: Shutting down and abandoning module DetailCustomizations (378)
[2017.07.15-12.05.01:682][285]LogModuleManager: Shutting down and abandoning module PackagesDialog (376)
[2017.07.15-12.05.01:682][285]LogModuleManager: Shutting down and abandoning module Persona (374)
[2017.07.15-12.05.01:682][285]LogModuleManager: Shutting down and abandoning module AdvancedPreviewScene (373)
[2017.07.15-12.05.01:682][285]LogModuleManager: Shutting down and abandoning module AnimGraph (371)
[2017.07.15-12.05.01:682][285]LogModuleManager: Shutting down and abandoning module Kismet (368)
[2017.07.15-12.05.01:683][285]LogModuleManager: Shutting down and abandoning module ClassViewer (366)
[2017.07.15-12.05.01:683][285]LogModuleManager: Shutting down and abandoning module Toolbox (364)
[2017.07.15-12.05.01:683][285]LogModuleManager: Shutting down and abandoning module ModuleUI (362)
[2017.07.15-12.05.01:683][285]LogModuleManager: Shutting down and abandoning module MovieSceneTools (360)
[2017.07.15-12.05.01:683][285]LogModuleManager: Shutting down and abandoning module OutputLog (358)
[2017.07.15-12.05.01:683][285]LogModuleManager: Shutting down and abandoning module GammaUI (356)
[2017.07.15-12.05.01:683][285]LogModuleManager: Shutting down and abandoning module Documentation (354)
[2017.07.15-12.05.01:683][285]LogModuleManager: Shutting down and abandoning module MovieSceneTracks (352)
[2017.07.15-12.05.01:683][285]LogModuleManager: Shutting down and abandoning module MovieScene (350)
[2017.07.15-12.05.01:683][285]LogModuleManager: Shutting down and abandoning module Niagara (348)
[2017.07.15-12.05.01:683][285]LogModuleManager: Shutting down and abandoning module NiagaraEditor (347)
[2017.07.15-12.05.01:683][285]LogModuleManager: Shutting down and abandoning module StreamingPauseRendering (344)
[2017.07.15-12.05.01:683][285]LogModuleManager: Shutting down and abandoning module AnalyticsET (342)
[2017.07.15-12.05.01:683][285]LogModuleManager: Shutting down and abandoning module PortalServices (340)
[2017.07.15-12.05.01:683][285]LogModuleManager: Shutting down and abandoning module PortalRpc (338)
[2017.07.15-12.05.01:683][285]LogModuleManager: Shutting down and abandoning module MessagingRpc (336)
[2017.07.15-12.05.01:683][285]LogModuleManager: Shutting down and abandoning module AIModule (334)
[2017.07.15-12.05.01:683][285]LogModuleManager: Shutting down and abandoning module GameplayDebugger (333)
[2017.07.15-12.05.01:683][285]LogModuleManager: Shutting down and abandoning module AITestSuite (331)
[2017.07.15-12.05.01:683][285]LogModuleManager: Shutting down and abandoning module ProfilerService (328)
[2017.07.15-12.05.01:813][285]LogModuleManager: Shutting down and abandoning module TaskGraph (326)
[2017.07.15-12.05.01:813][285]LogModuleManager: Shutting down and abandoning module SteamVRController (324)
[2017.07.15-12.05.01:813][285]LogModuleManager: Shutting down and abandoning module SteamVR (322)
[2017.07.15-12.05.01:813][285]LogModuleManager: Shutting down and abandoning module ProceduralMeshComponentEditor (320)
[2017.07.15-12.05.01:813][285]LogModuleManager: Shutting down and abandoning module ProceduralMeshComponent (318)
[2017.07.15-12.05.01:813][285]LogModuleManager: Shutting down and abandoning module OculusLibrary (316)
[2017.07.15-12.05.01:813][285]LogModuleManager: Shutting down and abandoning module OculusInput (314)
[2017.07.15-12.05.01:813][285]LogModuleManager: Shutting down and abandoning module MobilePatchingUtils (312)
[2017.07.15-12.05.01:813][285]LogModuleManager: Shutting down and abandoning module CustomMeshComponent (310)
[2017.07.15-12.05.01:813][285]LogModuleManager: Shutting down and abandoning module CableComponent (308)
[2017.07.15-12.05.01:813][285]LogModuleManager: Shutting down and abandoning module ArchVisCharacter (306)
[2017.07.15-12.05.01:813][285]LogModuleManager: Shutting down and abandoning module AndroidPermission (304)
[2017.07.15-12.05.01:813][285]LogModuleManager: Shutting down and abandoning module MediaPlayerEditor (300)
[2017.07.15-12.05.01:813][285]LogModuleManager: Shutting down and abandoning module HTML5Networking (298)
[2017.07.15-12.05.01:813][285]LogModuleManager: Shutting down and abandoning module AlembicImporter (296)
[2017.07.15-12.05.01:813][285]LogModuleManager: Shutting down and abandoning module AlembicLibrary (295)
[2017.07.15-12.05.01:813][285]LogModuleManager: Shutting down and abandoning module GeometryCache (294)
[2017.07.15-12.05.01:813][285]LogModuleManager: Shutting down and abandoning module GeometryCacheEd (293)
[2017.07.15-12.05.01:813][285]LogModuleManager: Shutting down and abandoning module SuperSearchEditor (288)
[2017.07.15-12.05.01:813][285]LogModuleManager: Shutting down and abandoning module SuperSearch (287)
[2017.07.15-12.05.01:813][285]LogModuleManager: Shutting down and abandoning module SpeedTreeImporter (284)
[2017.07.15-12.05.01:813][285]LogModuleManager: Shutting down and abandoning module PluginBrowser (282)
[2017.07.15-12.05.01:813][285]LogModuleManager: Shutting down and abandoning module MobileLauncherProfileWizard (280)
[2017.07.15-12.05.01:813][285]LogModuleManager: Shutting down and abandoning module VisualStudioSourceCodeAccess (278)
[2017.07.15-12.05.01:813][285]LogModuleManager: Shutting down and abandoning module DesktopPlatform (277)
[2017.07.15-12.05.01:813][285]LogModuleManager: Shutting down and abandoning module UObjectPlugin (274)
[2017.07.15-12.05.01:813][285]LogModuleManager: Shutting down and abandoning module SubversionSourceControl (272)
[2017.07.15-12.05.01:813][285]LogModuleManager: Shutting down and abandoning module PerforceSourceControl (270)
[2017.07.15-12.05.01:813][285]LogModuleManager: Shutting down and abandoning module GitSourceControl (268)
[2017.07.15-12.05.01:813][285]LogModuleManager: Shutting down and abandoning module SourceControl (267)
[2017.07.15-12.05.01:813][285]LogModuleManager: Shutting down and abandoning module LightPropagationVolumeEditor (264)
[2017.07.15-12.05.01:813][285]LogModuleManager: Shutting down and abandoning module PaperTiledImporter (262)
[2017.07.15-12.05.01:813][285]LogModuleManager: Shutting down and abandoning module PaperSpriteSheetImporter (260)
[2017.07.15-12.05.01:813][285]LogModuleManager: Shutting down and abandoning module Paper2DEditor (258)
[2017.07.15-12.05.01:813][285]LogModuleManager: Shutting down and abandoning module MeshPaint (257)
[2017.07.15-12.05.01:813][285]LogModuleManager: Shutting down and abandoning module LevelEditor (255)
[2017.07.15-12.05.01:814][285]LogModuleManager: Shutting down and abandoning module PixelInspectorModule (254)
[2017.07.15-12.05.01:815][285]LogModuleManager: Shutting down and abandoning module MainFrame (252)
[2017.07.15-12.05.01:815][285]LogModuleManager: Shutting down and abandoning module HotReload (251)
[2017.07.15-12.05.01:815][285]LogModuleManager: Shutting down and abandoning module PhysXVehiclesEditor (246)
[2017.07.15-12.05.01:815][285]LogModuleManager: Shutting down and abandoning module PhysXVehicles (244)
[2017.07.15-12.05.01:815][285]LogModuleManager: Shutting down and abandoning module LocationServicesBPLibrary (242)
[2017.07.15-12.05.01:815][285]LogModuleManager: Shutting down and abandoning module ImmediatePhysicsEditor (240)
[2017.07.15-12.05.01:815][285]LogModuleManager: Shutting down and abandoning module ImmediatePhysics (238)
[2017.07.15-12.05.01:815][285]LogModuleManager: Shutting down and abandoning module UdpMessaging (236)
[2017.07.15-12.05.01:916][285]LogModuleManager: Shutting down and abandoning module TcpMessaging (234)
[2017.07.15-12.05.02:016][285]LogModuleManager: Shutting down and abandoning module GameplayTagsEditor (232)
[2017.07.15-12.05.02:016][285]LogModuleManager: Shutting down and abandoning module FacialAnimationEditor (230)
[2017.07.15-12.05.02:016][285]LogModuleManager: Shutting down and abandoning module FacialAnimation (228)
[2017.07.15-12.05.02:016][285]LogModuleManager: Shutting down and abandoning module AssetManagerEditor (226)
[2017.07.15-12.05.02:016][285]LogModuleManager: Shutting down and abandoning module GraphEditor (225)
[2017.07.15-12.05.02:016][285]LogModuleManager: Shutting down and abandoning module ContentBrowser (223)
[2017.07.15-12.05.02:017][285]LogModuleManager: Shutting down and abandoning module LightPropagationVolumeRuntime (220)
[2017.07.15-12.05.02:017][285]LogModuleManager: Shutting down and abandoning module Paper2D (218)
[2017.07.15-12.05.02:017][285]LogModuleManager: Shutting down and abandoning module WindowsMoviePlayer (216)
[2017.07.15-12.05.02:017][285]LogModuleManager: Shutting down and abandoning module WmfMedia (214)
[2017.07.15-12.05.02:018][285]LogModuleManager: Shutting down and abandoning module ClothingSystemEditor (212)
[2017.07.15-12.05.02:018][285]LogModuleManager: Shutting down and abandoning module ClothingSystemRuntime (210)
[2017.07.15-12.05.02:018][285]LogModuleManager: Shutting down and abandoning module MediaAssets (208)
[2017.07.15-12.05.02:018][285]LogModuleManager: Shutting down and abandoning module GameLiveStreaming (206)
[2017.07.15-12.05.02:018][285]LogModuleManager: Shutting down and abandoning module VREditor (204)
[2017.07.15-12.05.02:018][285]LogModuleManager: Shutting down and abandoning module StringTableEditor (202)
[2017.07.15-12.05.02:018][285]LogModuleManager: Shutting down and abandoning module GameplayTasksEditor (200)
[2017.07.15-12.05.02:018][285]LogModuleManager: Shutting down and abandoning module BehaviorTreeEditor (198)
[2017.07.15-12.05.02:018][285]LogModuleManager: Shutting down and abandoning module FunctionalTesting (196)
[2017.07.15-12.05.02:018][285]LogModuleManager: Shutting down and abandoning module CollisionAnalyzer (194)
[2017.07.15-12.05.02:018][285]LogModuleManager: Shutting down and abandoning module UMG (192)
[2017.07.15-12.05.02:018][285]LogModuleManager: Shutting down and abandoning module UMGEditor (191)
[2017.07.15-12.05.02:018][285]LogModuleManager: Shutting down and abandoning module Sequencer (190)
[2017.07.15-12.05.02:018][285]LogModuleManager: Shutting down and abandoning module AssetTools (188)
[2017.07.15-12.05.02:018][285]LogModuleManager: Shutting down and abandoning module MessageLog (187)
[2017.07.15-12.05.02:018][285]LogModuleManager: Shutting down and abandoning module WorkspaceMenuStructure (186)
[2017.07.15-12.05.02:018][285]LogModuleManager: Shutting down and abandoning module SlateReflector (180)
[2017.07.15-12.05.02:018][285]LogModuleManager: Shutting down and abandoning module Slate (178)
[2017.07.15-12.05.02:018][285]LogModuleManager: Shutting down and abandoning module EditorStyle (176)
[2017.07.15-12.05.02:021][285]LogModuleManager: Shutting down and abandoning module SourceCodeAccess (174)
[2017.07.15-12.05.02:021][285]LogModuleManager: Shutting down and abandoning module HeadMountedDisplay (172)
[2017.07.15-12.05.02:021][285]LogModuleManager: Shutting down and abandoning module XAudio2 (170)
[2017.07.15-12.05.02:021][285]LogModuleManager: Shutting down and abandoning module Networking (168)
[2017.07.15-12.05.02:021][285]LogModuleManager: Shutting down and abandoning module Core (164)
[2017.07.15-12.05.02:021][285]LogModuleManager: Shutting down and abandoning module AssetRegistry (162)
[2017.07.15-12.05.02:078][285]LogDirectoryWatcher: A directory notification for '../../../Engine/Content/' was aborted.
[2017.07.15-12.05.02:078][285]LogDirectoryWatcher: A directory notification for 'E:/Usuario/Ruben/UNIVERSIDAD/TFG/Postwar/Content/' was aborted.
[2017.07.15-12.05.02:078][285]LogDirectoryWatcher: A directory notification for '../../../Engine/Plugins/2D/Paper2D/Content/' was aborted.
[2017.07.15-12.05.02:078][285]LogDirectoryWatcher: A directory notification for '../../../Engine/Plugins/Runtime/GearVR/Content/' was aborted.
[2017.07.15-12.05.02:083][285]LogModuleManager: Shutting down and abandoning module DirectoryWatcher (161)
[2017.07.15-12.05.02:083][285]LogModuleManager: Shutting down and abandoning module KismetCompiler (158)
[2017.07.15-12.05.02:083][285]LogModuleManager: Shutting down and abandoning module LevelSequence (156)
[2017.07.15-12.05.02:084][285]LogModuleManager: Shutting down and abandoning module PhysXFormats (154)
[2017.07.15-12.05.02:084][285]LogModuleManager: Shutting down and abandoning module MeshUtilities (152)
[2017.07.15-12.05.02:084][285]LogModuleManager: Shutting down and abandoning module SimplygonSwarm (151)
[2017.07.15-12.05.02:084][285]LogModuleManager: Shutting down and abandoning module SimplygonMeshReduction (149)
[2017.07.15-12.05.02:084][285]LogModuleManager: Shutting down and abandoning module QuadricMeshReduction (147)
[2017.07.15-12.05.02:084][285]LogModuleManager: Shutting down and abandoning module DerivedDataCache (144)
[2017.07.15-12.05.02:128][285]LogDerivedDataCache: Shutdown
[2017.07.15-12.05.02:129][285]LogModuleManager: Shutting down and abandoning module TargetPlatform (142)
[2017.07.15-12.05.02:129][285]LogModuleManager: Shutting down and abandoning module VulkanShaderFormat (141)
[2017.07.15-12.05.02:129][285]LogModuleManager: Shutting down and abandoning module ShaderFormatVectorVM (139)
[2017.07.15-12.05.02:129][285]LogModuleManager: Shutting down and abandoning module ShaderFormatOpenGL (137)
[2017.07.15-12.05.02:129][285]LogModuleManager: Shutting down and abandoning module ShaderFormatD3D (135)
[2017.07.15-12.05.02:129][285]LogModuleManager: Shutting down and abandoning module MetalShaderFormat (133)
[2017.07.15-12.05.02:129][285]LogModuleManager: Shutting down and abandoning module TextureFormatUncompressed (131)
[2017.07.15-12.05.02:129][285]LogModuleManager: Shutting down and abandoning module TextureFormatPVR (129)
[2017.07.15-12.05.02:129][285]LogModuleManager: Shutting down and abandoning module TextureFormatDXT (127)
[2017.07.15-12.05.02:129][285]LogModuleManager: Shutting down and abandoning module TextureFormatIntelISPCTexComp (125)
[2017.07.15-12.05.02:129][285]LogModuleManager: Shutting down and abandoning module TextureFormatASTC (123)
[2017.07.15-12.05.02:129][285]LogModuleManager: Shutting down and abandoning module ImageWrapper (122)
[2017.07.15-12.05.02:129][285]LogModuleManager: Shutting down and abandoning module TextureFormatAndroid (119)
[2017.07.15-12.05.02:129][285]LogModuleManager: Shutting down and abandoning module AudioFormatOpus (117)
[2017.07.15-12.05.02:129][285]LogModuleManager: Shutting down and abandoning module AudioFormatOgg (115)
[2017.07.15-12.05.02:129][285]LogModuleManager: Shutting down and abandoning module AudioFormatADPCM (113)
[2017.07.15-12.05.02:129][285]LogModuleManager: Shutting down and abandoning module LinuxTargetPlatform (111)
[2017.07.15-12.05.02:129][285]LogModuleManager: Shutting down and abandoning module LinuxServerTargetPlatform (109)
[2017.07.15-12.05.02:129][285]LogModuleManager: Shutting down and abandoning module LinuxNoEditorTargetPlatform (107)
[2017.07.15-12.05.02:129][285]LogModuleManager: Shutting down and abandoning module LinuxClientTargetPlatform (105)
[2017.07.15-12.05.02:129][285]LogModuleManager: Shutting down and abandoning module TVOSTargetPlatform (103)
[2017.07.15-12.05.02:129][285]LogModuleManager: Shutting down and abandoning module Messaging (101)
[2017.07.15-12.05.02:129][285]LogModuleManager: Shutting down and abandoning module IOSTargetPlatform (99)
[2017.07.15-12.05.02:129][285]LogModuleManager: Shutting down and abandoning module HTML5TargetPlatform (97)
[2017.07.15-12.05.02:129][285]LogModuleManager: Shutting down and abandoning module Android_PVRTCTargetPlatform (95)
[2017.07.15-12.05.02:129][285]LogModuleManager: Shutting down and abandoning module Android_MultiTargetPlatform (93)
[2017.07.15-12.05.02:129][285]LogModuleManager: Shutting down and abandoning module Android_ETC2TargetPlatform (91)
[2017.07.15-12.05.02:129][285]LogModuleManager: Shutting down and abandoning module Android_ETC1TargetPlatform (89)
[2017.07.15-12.05.02:129][285]LogModuleManager: Shutting down and abandoning module Android_DXTTargetPlatform (87)
[2017.07.15-12.05.02:129][285]LogModuleManager: Shutting down and abandoning module Android_ATCTargetPlatform (85)
[2017.07.15-12.05.02:129][285]LogModuleManager: Shutting down and abandoning module Android_ASTCTargetPlatform (83)
[2017.07.15-12.05.02:129][285]LogModuleManager: Shutting down and abandoning module AndroidTargetPlatform (81)
[2017.07.15-12.05.02:129][285]LogModuleManager: Shutting down and abandoning module WindowsTargetPlatform (79)
[2017.07.15-12.05.02:129][285]LogModuleManager: Shutting down and abandoning module WindowsServerTargetPlatform (77)
[2017.07.15-12.05.02:129][285]LogModuleManager: Shutting down and abandoning module WindowsNoEditorTargetPlatform (75)
[2017.07.15-12.05.02:129][285]LogModuleManager: Shutting down and abandoning module WindowsClientTargetPlatform (73)
[2017.07.15-12.05.02:129][285]LogModuleManager: Shutting down and abandoning module MacTargetPlatform (71)
[2017.07.15-12.05.02:129][285]LogModuleManager: Shutting down and abandoning module MacServerTargetPlatform (69)
[2017.07.15-12.05.02:129][285]LogModuleManager: Shutting down and abandoning module MacNoEditorTargetPlatform (67)
[2017.07.15-12.05.02:129][285]LogModuleManager: Shutting down and abandoning module MacClientTargetPlatform (65)
[2017.07.15-12.05.02:129][285]LogModuleManager: Shutting down and abandoning module AllDesktopTargetPlatform (63)
[2017.07.15-12.05.02:129][285]LogModuleManager: Shutting down and abandoning module InputCore (60)
[2017.07.15-12.05.02:129][285]LogModuleManager: Shutting down and abandoning module Settings (58)
[2017.07.15-12.05.02:129][285]LogModuleManager: Shutting down and abandoning module OculusRift (56)
[2017.07.15-12.05.02:129][285]LogModuleManager: Shutting down and abandoning module GearVRController (54)
[2017.07.15-12.05.02:129][285]LogModuleManager: Shutting down and abandoning module GearVR (52)
[2017.07.15-12.05.02:129][285]LogModuleManager: Shutting down and abandoning module ExampleDeviceProfileSelector (50)
[2017.07.15-12.05.02:129][285]LogModuleManager: Shutting down and abandoning module OnlineBlueprintSupport (48)
[2017.07.15-12.05.02:129][285]LogModuleManager: Shutting down and abandoning module OnlineSubsystem (44)
[2017.07.15-12.05.02:129][285]LogOnline:Display: Unloading online subsystem: NULL
[2017.07.15-12.05.02:129][285]LogModuleManager: Shutting down and abandoning module XMPP (43)
[2017.07.15-12.05.02:129][285]LogModuleManager: Shutting down and abandoning module HTTP (41)
[2017.07.15-12.05.02:129][285]LogHttp:Display: Http module shutting down, but needs to wait on 1 outstanding Http requests:
[2017.07.15-12.05.02:129][285]LogHttp:Display: 	verb=[POST] url=[https://datarouter.ol.epicgames.com/datarouter/api/v1/public/data?SessionID=%7BDFDDC49E-4E0C-ADED-4ABE-4083E92AACCE%7D&AppID=UEEditor.Rocket.Release&AppVersion=4.16.2-3514769%2B%2B%2BUE4%2BRelease-4.16&UserID=78865e4d4a8ae815e8d400bc6125e577%7C5361294e5f654db5881228f5582e9124%7C456667b1-22e8-45ef-a524-8410a492a64f&AppEnvironment=datacollector-binary&UploadType=eteventstream] status=Processing
[2017.07.15-12.05.02:160][285]LogModuleManager: Shutting down and abandoning module SSL (40)
[2017.07.15-12.05.02:162][285]LogModuleManager: Shutting down and abandoning module HTTPChunkInstaller (36)
[2017.07.15-12.05.02:162][285]LogModuleManager: Shutting down and abandoning module AnimationModifiers (34)
[2017.07.15-12.05.02:162][285]LogModuleManager: Shutting down and abandoning module PropertyEditor (33)
[2017.07.15-12.05.02:162][285]LogModuleManager: Shutting down and abandoning module AudioEditor (30)
[2017.07.15-12.05.02:162][285]LogModuleManager: Shutting down and abandoning module TextureCompressor (28)
[2017.07.15-12.05.02:162][285]LogModuleManager: Shutting down and abandoning module ShaderCore (26)
[2017.07.15-12.05.02:162][285]LogModuleManager: Shutting down and abandoning module Landscape (24)
[2017.07.15-12.05.02:162][285]LogModuleManager: Shutting down and abandoning module SlateRHIRenderer (22)
[2017.07.15-12.05.02:163][285]LogModuleManager: Shutting down and abandoning module OpenGLDrv (20)
[2017.07.15-12.05.02:163][285]LogModuleManager: Shutting down and abandoning module D3D11RHI (18)
[2017.07.15-12.05.02:163][285]LogModuleManager: Shutting down and abandoning module AnimGraphRuntime (16)
[2017.07.15-12.05.02:163][285]LogModuleManager: Shutting down and abandoning module Renderer (14)
[2017.07.15-12.05.02:163][285]LogModuleManager: Shutting down and abandoning module Engine (12)
[2017.07.15-12.05.02:163][285]LogModuleManager: Shutting down and abandoning module CoreUObject (10)
[2017.07.15-12.05.02:163][285]LogModuleManager: Shutting down and abandoning module NetworkFile (8)
[2017.07.15-12.05.02:163][285]LogModuleManager: Shutting down and abandoning module StreamingFile (6)
[2017.07.15-12.05.02:163][285]LogModuleManager: Shutting down and abandoning module SandboxFile (4)
[2017.07.15-12.05.02:163][285]LogModuleManager: Shutting down and abandoning module PakFile (2)
[2017.07.15-12.05.02:166][285]LogExit: Exiting.
[2017.07.15-12.05.02:177][285]Log file closed, 07/15/17 14:05:02
