Log file open, 08/31/17 18:39:56
LogInit:Display: Running engine for game: Postwar
LogPlatformFile: Not using cached read wrapper
LogInit:Display: RandInit(-925209409) SRandInit(-925209409).
LogTaskGraph: Started task graph with 5 named threads and 8 total threads with 1 sets of task threads.
LogStats: Stats thread started at 0.124076
LogInit: Using libcurl 7.47.1
LogInit:  - built for x86_64-pc-win32
LogInit:  - supports SSL with OpenSSL/1.0.2g
LogInit:  - supports HTTP deflate (compression) using libz 1.2.8
LogInit:  - other features:
LogInit:      CURL_VERSION_SSL
LogInit:      CURL_VERSION_LIBZ
LogInit:      CURL_VERSION_IPV6
LogInit:      CURL_VERSION_ASYNCHDNS
LogInit:      CURL_VERSION_LARGEFILE
LogInit:      CURL_VERSION_IDN
LogInit:  CurlRequestOptions (configurable via config and command line):
LogInit:  - bVerifyPeer = false  - Libcurl will NOT verify peer certificate
LogInit:  - bUseHttpProxy = false  - Libcurl will NOT use HTTP proxy
LogInit:  - bDontReuseConnections = false  - Libcurl will reuse connections
LogInit:  - CertBundlePath = nullptr  - Libcurl will use whatever was configured at build time.
LogInit: Build: ++UE4+Release-4.16-CL-3514769
LogInit: Engine Version: 4.16.2-3514769+++UE4+Release-4.16
LogInit: Compatible Engine Version: 4.16.0-3452394+++UE4+Release-4.16
LogInit: Net CL: 3452394
LogDevObjectVersion: Number of dev versions registered: 16
LogDevObjectVersion:   Dev-Blueprints (B0D832E4-1F89-4F0D-ACCF-7EB736FD4AA2): 9
LogDevObjectVersion:   Dev-Build (E1C64328-A22C-4D53-A36C-8E866417BD8C): 0
LogDevObjectVersion:   Dev-Core (375EC13C-06E4-48FB-B500-84F0262A717E): 2
LogDevObjectVersion:   Dev-Editor (E4B068ED-F494-42E9-A231-DA0B2E46BB41): 17
LogDevObjectVersion:   Dev-Framework (CFFC743F-43B0-4480-9391-14DF171D2073): 23
LogDevObjectVersion:   Dev-Mobile (B02B49B5-BB20-44E9-A304-32B752E40360): 0
LogDevObjectVersion:   Dev-Networking (A4E4105C-59A1-49B5-A7C5-40C4547EDFEE): 0
LogDevObjectVersion:   Dev-Online (39C831C9-5AE6-47DC-9A44-9C173E1C8E7C): 0
LogDevObjectVersion:   Dev-Physics (78F01B33-EBEA-4F98-B9B4-84EACCB95AA2): 0
LogDevObjectVersion:   Dev-Platform (6631380F-2D4D-43E0-8009-CF276956A95A): 0
LogDevObjectVersion:   Dev-Rendering (12F88B9F-8875-4AFC-A67C-D90C383ABD29): 15
LogDevObjectVersion:   Dev-Sequencer (7B5AE74C-D270-4C10-A958-57980B212A5A): 4
LogDevObjectVersion:   Dev-VR (D7296918-1DD6-4BDD-9DE2-64A83CC13884): 0
LogDevObjectVersion:   Dev-LoadTimes (C2A15278-BFE7-4AFE-6C17-90FF531DF755): 1
LogDevObjectVersion:   Private-Geometry (6EACA3D4-40EC-4CC1-B786-8BED09428FC5): 1
LogDevObjectVersion:   Dev-AnimPhys (29E575DD-E0A3-4627-9D10-D276232CDCEA): 3
LogInit: Compiled (64-bit): Jun 29 2017 02:03:24
LogInit: Compiled with Visual C++: 19.00.24215.01
LogInit: Build Configuration: Development
LogInit: Branch Name: ++UE4+Release-4.16
LogInit: Command line:  
LogInit: Base directory: D:/Program Files/Epic Games/UE_4.16/Engine/Binaries/Win64/
LogInit: Installed Engine Build: 1
LogInit: Presizing for max 8388607 objects, including 0 objects not considered by GC, pre-allocating 0 bytes for permanent pool.
LogInit: Object subsystem initialized
[2017.08.31-16.39.57:034][  0]LogInit: Selected Device Profile: [Windows]
[2017.08.31-16.39.57:034][  0]LogInit: Applying CVar settings loaded from the selected device profile: [Windows]
[2017.08.31-16.39.57:121][  0]LogInit: Computer: DESKTOP-T9NOKQO
[2017.08.31-16.39.57:121][  0]LogInit: User: cripe
[2017.08.31-16.39.57:121][  0]LogInit: CPU Page size=4096, Cores=4
[2017.08.31-16.39.57:121][  0]LogInit: High frequency timer resolution =2.435775 MHz
[2017.08.31-16.39.57:122][  0]LogMemory: Memory total: Physical=15.9GB (16GB approx)
[2017.08.31-16.39.57:122][  0]LogMemory: Platform Memory Stats for Windows
[2017.08.31-16.39.57:122][  0]LogMemory: Process Physical Memory: 273.33 MB used, 273.33 MB peak
[2017.08.31-16.39.57:122][  0]LogMemory: Process Virtual Memory: 263.30 MB used, 263.30 MB peak
[2017.08.31-16.39.57:122][  0]LogMemory: Physical Memory: 5238.42 MB used,  11064.72 MB free, 16303.14 MB total
[2017.08.31-16.39.57:122][  0]LogMemory: Virtual Memory: 626.64 MB used,  11064.72 MB free, 134217728.00 MB total
[2017.08.31-16.39.57:273][  0]LogInit: Overriding language with editor language configuration option (en).
[2017.08.31-16.39.57:273][  0]LogInit: Overriding locale with editor locale configuration option (en).
[2017.08.31-16.39.58:417][  0]LogD3D11RHI: D3D11 adapters:
[2017.08.31-16.39.59:026][  0]LogD3D11RHI:    0. 'NVIDIA GeForce GTX 860M' (Feature Level 11_0)
[2017.08.31-16.39.59:026][  0]LogD3D11RHI:       2017/0/8151 MB DedicatedVideo/DedicatedSystem/SharedSystem, Outputs:2, VendorId:0x10de
[2017.08.31-16.39.59:035][  0]LogD3D11RHI:    1. 'Intel(R) HD Graphics 4600' (Feature Level 11_0)
[2017.08.31-16.39.59:035][  0]LogD3D11RHI:       112/0/2048 MB DedicatedVideo/DedicatedSystem/SharedSystem, Outputs:0, VendorId:0x8086
[2017.08.31-16.39.59:037][  0]LogD3D11RHI:    2. 'Microsoft Basic Render Driver' (Feature Level 11_0)
[2017.08.31-16.39.59:037][  0]LogD3D11RHI:       0/0/8151 MB DedicatedVideo/DedicatedSystem/SharedSystem, Outputs:0, VendorId:0x1414
[2017.08.31-16.39.59:037][  0]LogD3D11RHI: Chosen D3D11 Adapter: 0
[2017.08.31-16.39.59:043][  0]LogD3D11RHI: Creating new Direct3DDevice
[2017.08.31-16.39.59:043][  0]LogD3D11RHI:     GPU DeviceId: 0x119a (for the marketing name, search the web for "GPU Device Id")
[2017.08.31-16.39.59:043][  0]LogWindows: EnumDisplayDevices:
[2017.08.31-16.39.59:043][  0]LogWindows:    0. 'Intel(R) HD Graphics 4600' (P:1 D:1)
[2017.08.31-16.39.59:044][  0]LogWindows:    1. 'Intel(R) HD Graphics 4600' (P:0 D:1)
[2017.08.31-16.39.59:044][  0]LogWindows:    2. 'Intel(R) HD Graphics 4600' (P:0 D:0)
[2017.08.31-16.39.59:044][  0]LogWindows: DebugString: PrimaryIsNotTheChoosenAdapter PrimaryIsNotTheChoosenAdapter PrimaryIsNotTheChoosenAdapter FoundDriverCount:0 
[2017.08.31-16.39.59:044][  0]LogD3D11RHI:     Adapter Name: NVIDIA GeForce GTX 860M
[2017.08.31-16.39.59:044][  0]LogD3D11RHI:   Driver Version: Unknown (internal:Unknown, unified:Unknown)
[2017.08.31-16.39.59:044][  0]LogD3D11RHI:      Driver Date: Unknown
[2017.08.31-16.39.59:044][  0]LogRHI: Texture pool is 1361 MB (70% of 1945 MB)
[2017.08.31-16.39.59:622][  0]LogD3D11RHI: Async texture creation enabled
[2017.08.31-16.39.59:667][  0]LogD3D11RHI: GPU Timing Frequency: 1000.000000 (Debug: 2 2)
[2017.08.31-16.39.59:679][  0]LogShaderCompilers: Guid format shader working directory is 6 characters bigger than the processId version (E:/Usuario/Ruben/UNIVERSIDAD/TFG/Postwar/Intermediate/Shaders/WorkingDirectory/9508/).
[2017.08.31-16.39.59:680][  0]LogShaderCompilers: Cleaned the shader compiler working directory 'C:/Users/cripe/AppData/Local/Temp/UnrealShaderWorkingDir/A0AC81304FAF577EB7CDB7BC43363177/'.
[2017.08.31-16.39.59:680][  0]LogShaderCompilers:Display: Using Local Shader Compiler.
[2017.08.31-16.40.01:149][  0]LogTemp:Display: Loaded TP AllDesktopTargetPlatform
[2017.08.31-16.40.01:203][  0]LogTemp:Display: Loaded TP MacClientTargetPlatform
[2017.08.31-16.40.01:253][  0]LogTemp:Display: Loaded TP MacNoEditorTargetPlatform
[2017.08.31-16.40.01:303][  0]LogTemp:Display: Loaded TP MacServerTargetPlatform
[2017.08.31-16.40.01:358][  0]LogTemp:Display: Loaded TP MacTargetPlatform
[2017.08.31-16.40.01:409][  0]LogTemp:Display: Loaded TP WindowsClientTargetPlatform
[2017.08.31-16.40.01:463][  0]LogTemp:Display: Loaded TP WindowsNoEditorTargetPlatform
[2017.08.31-16.40.01:517][  0]LogTemp:Display: Loaded TP WindowsServerTargetPlatform
[2017.08.31-16.40.01:564][  0]LogTemp:Display: Loaded TP WindowsTargetPlatform
[2017.08.31-16.40.01:618][  0]LogTemp:Display: Loaded TP AndroidTargetPlatform
[2017.08.31-16.40.01:670][  0]LogTemp:Display: Loaded TP Android_ASTCTargetPlatform
[2017.08.31-16.40.01:722][  0]LogTemp:Display: Loaded TP Android_ATCTargetPlatform
[2017.08.31-16.40.01:774][  0]LogTemp:Display: Loaded TP Android_DXTTargetPlatform
[2017.08.31-16.40.01:824][  0]LogTemp:Display: Loaded TP Android_ETC1TargetPlatform
[2017.08.31-16.40.01:872][  0]LogTemp:Display: Loaded TP Android_ETC2TargetPlatform
[2017.08.31-16.40.01:965][  0]LogTemp:Display: Loaded TP Android_MultiTargetPlatform
[2017.08.31-16.40.01:965][  0]LogTemp:Display: Loaded TP Android_PVRTCTargetPlatform
[2017.08.31-16.40.01:999][  0]LogTemp:Display: Loaded TP HTML5TargetPlatform
[2017.08.31-16.40.02:088][  0]LogTemp:Display: Loaded TP IOSTargetPlatform
[2017.08.31-16.40.02:114][  0]LogTemp:Display: Loaded TP TVOSTargetPlatform
[2017.08.31-16.40.02:159][  0]LogTemp:Display: Loaded TP LinuxClientTargetPlatform
[2017.08.31-16.40.02:204][  0]LogTemp:Display: Loaded TP LinuxNoEditorTargetPlatform
[2017.08.31-16.40.02:251][  0]LogTemp:Display: Loaded TP LinuxServerTargetPlatform
[2017.08.31-16.40.02:299][  0]LogTemp:Display: Loaded TP LinuxTargetPlatform
[2017.08.31-16.40.02:299][  0]LogTargetPlatformManager:Display: Building Assets For Windows
[2017.08.31-16.40.02:844][  0]LogDerivedDataCache:Display: Max Cache Size: 512 MB
[2017.08.31-16.40.03:203][  0]LogDerivedDataCache: Loaded boot cache 0.35s 90MB C:/Users/cripe/AppData/Local/UnrealEngine/4.16/DerivedDataCache/Boot.ddc.
[2017.08.31-16.40.03:203][  0]LogDerivedDataCache:Display: Loaded Boot cache: C:/Users/cripe/AppData/Local/UnrealEngine/4.16/DerivedDataCache/Boot.ddc
[2017.08.31-16.40.03:203][  0]LogDerivedDataCache: FDerivedDataBackendGraph:  Pak pak cache file E:/Usuario/Ruben/UNIVERSIDAD/TFG/Postwar/DerivedDataCache/DDC.ddp not found, will not use a pak cache.
[2017.08.31-16.40.03:203][  0]LogDerivedDataCache: Unable to find inner node Pak for hierarchical cache Hierarchy.
[2017.08.31-16.40.03:203][  0]LogDerivedDataCache: FDerivedDataBackendGraph:  CompressedPak pak cache file E:/Usuario/Ruben/UNIVERSIDAD/TFG/Postwar/DerivedDataCache/Compressed.ddp not found, will not use a pak cache.
[2017.08.31-16.40.03:203][  0]LogDerivedDataCache: Unable to find inner node CompressedPak for hierarchical cache Hierarchy.
[2017.08.31-16.40.03:226][  0]LogDerivedDataCache:Display: Pak cache opened for reading ../../../Engine/DerivedDataCache/Compressed.ddp.
[2017.08.31-16.40.03:239][  0]LogDerivedDataCache: Using Local data cache path C:/Users/cripe/AppData/Local/UnrealEngine/Common/DerivedDataCache: Writable
[2017.08.31-16.40.03:252][  0]LogMaterial: Verifying Global Shaders for PCD3D_SM5
[2017.08.31-16.40.03:257][  0]LogSlate: Using Freetype 2.6.0
[2017.08.31-16.40.03:261][  0]LogSlate: SlateFontCache - WITH_FREETYPE: 1, WITH_HARFBUZZ: 1
[2017.08.31-16.40.03:261][  0]LogSlate: SlateFontCache - WITH_FREETYPE: 1, WITH_HARFBUZZ: 1
[2017.08.31-16.40.04:062][  0]LogInit: Selected Device Profile: [Windows]
[2017.08.31-16.40.04:205][  0]LogContentStreaming: Texture pool size is 0.00 MB
[2017.08.31-16.40.04:400][  0]LogMeshUtilities: Using QuadricMeshReduction for automatic static mesh reduction
[2017.08.31-16.40.04:450][  0]LogSimplygon: Simplygon DLL not present - disabling.
[2017.08.31-16.40.04:500][  0]LogMeshUtilities: Using SimplygonSwarm for distributed automatic mesh merging
[2017.08.31-16.40.04:500][  0]LogMeshUtilities: No automatic skeletal mesh reduction module available
[2017.08.31-16.40.04:500][  0]LogMeshUtilities: No automatic mesh merging module available
[2017.08.31-16.40.05:338][  0]LogNetVersion: Postwar , NetCL: 3452394, EngineNetVer: 2, GameNetVer: 0 (Checksum: 2296384490)
[2017.08.31-16.40.05:420][  0]LogAssetRegistry: FAssetRegistry took 0.0300 seconds to start up
[2017.08.31-16.40.05:557][  0]LogPackageLocalizationCache: Processed 4 localized package path(s) for 1 prioritized culture(s) in 0.113312 seconds
[2017.08.31-16.40.05:564][  0]LogUObjectArray: 34194 objects as part of root set at end of initial load.
[2017.08.31-16.40.05:564][  0]LogUObjectAllocator: 7260416 out of 0 bytes used by permanent object pool.
[2017.08.31-16.40.05:564][  0]LogUObjectArray: CloseDisregardForGC: 0/0 objects in disregard for GC pool
[2017.08.31-16.40.05:630][  0]LogInit: WinSock: version 1.1 (2.2), MaxSocks=32767, MaxUdp=65467
[2017.08.31-16.40.09:209][  0]LogTcpMessaging: Initializing TcpMessaging bridge
[2017.08.31-16.40.09:257][  0]LogUdpMessaging: Initializing bridge on interface 0.0.0.0:0 to multicast group 230.0.0.1:6666.
[2017.08.31-16.40.09:902][  0]LogMaterial: Uniform references updated for custom material expression Custom.
[2017.08.31-16.40.10:334][  0]SourceControl: Info Source control is disabled
[2017.08.31-16.40.10:404][  0]SourceControl: Info Source control is disabled
[2017.08.31-16.40.10:456][  0]SourceControl: Info Source control is disabled
[2017.08.31-16.40.10:504][  0]SourceControl: Info Source control is disabled
[2017.08.31-16.40.11:249][  0]LogAndroidPermission: UAndroidPermissionCallbackProxy::GetInstance
[2017.08.31-16.40.11:887][  0]LogEngine: Initializing Engine...
[2017.08.31-16.40.11:890][  0]LogHMD: Failed to initialize OpenVR with code 110
[2017.08.31-16.40.12:146][  0]LogStats: UGameplayTagsManager::ConstructGameplayTagTree: Construct from data asset -  0.000 s
[2017.08.31-16.40.12:146][  0]LogStats: UGameplayTagsManager::ConstructGameplayTagTree: GameplayTagTreeChangedEvent.Broadcast -  0.000 s
[2017.08.31-16.40.12:290][  0]LogAIModule: Creating AISystem for world Untitled
[2017.08.31-16.40.12:311][  0]LogInit: XAudio2 using 'Altavoces (Realtek High Definition Audio)' : 2 channels at 48 kHz using 32 bits per sample (channel mask 0x3)
[2017.08.31-16.40.12:334][  0]LogInit: FAudioDevice initialized.
[2017.08.31-16.40.12:389][  0]LogDerivedDataCache: Saved boot cache 0.05s 90MB C:/Users/cripe/AppData/Local/UnrealEngine/4.16/DerivedDataCache/Boot.ddc.
[2017.08.31-16.40.12:402][  0]LogInit: Texture streaming: Enabled
[2017.08.31-16.40.12:491][  0]LogEngineSessionManager: EngineSessionManager initialized
[2017.08.31-16.40.12:723][  0]LogInit: Transaction tracking system initialized
[2017.08.31-16.40.13:030][  0]BlueprintLog: New page: Editor Load
[2017.08.31-16.40.14:236][  0]LocalizationService: Info Localization service is disabled
[2017.08.31-16.40.15:000][  0]LogConsoleResponse:Display: 
[2017.08.31-16.40.15:234][  0]LogCook:Display: Max memory allowance for cook 16384mb min free memory 0mb
[2017.08.31-16.40.15:234][  0]LogCook:Display: Mobile HDR setting 1
[2017.08.31-16.40.15:477][  0]LogFileCache: Scanning file cache for directory 'E:/Usuario/Ruben/UNIVERSIDAD/TFG/Postwar/Content/' took 0.05s
[2017.08.31-16.40.16:336][  0]SourceControl: Info Source control is disabled
[2017.08.31-16.40.16:337][  0]Cmd: MAP LOAD FILE="E:/Usuario/Ruben/UNIVERSIDAD/TFG/Postwar/Content/FirstPersonBP/PostWar/Niveles/MainMenu.umap" TEMPLATE=0 SHOWPROGRESS=1 FEATURELEVEL=3
[2017.08.31-16.40.16:390][  0]LightingResults: New page: Lighting Build
[2017.08.31-16.40.16:437][  0]MapCheck: New page: Map Check
[2017.08.31-16.40.16:437][  0]LightingResults: New page: Lighting Build
[2017.08.31-16.40.19:885][  0]LogAIModule: Creating AISystem for world MainMenu
[2017.08.31-16.40.19:889][  0]LogEditorServer: Finished looking for orphan Actors (0.000 secs)
[2017.08.31-16.40.19:925][  0]Cmd: MAP CHECKDEP NOCLEARLOG
[2017.08.31-16.40.20:002][  0]MapCheck: Info Map check complete: 0 Error(s), 0 Warning(s), took 76.636ms to complete.
[2017.08.31-16.40.20:002][  0]LogFileHelpers: Loading map 'MainMenu' took 3.665
[2017.08.31-16.40.20:105][  0]LogWindowsTextInputMethodSystem:Display: IME system now deactivated.
[2017.08.31-16.40.20:230][  0]LogCollectionManager: Loaded 0 collections in 0.001859 seconds
[2017.08.31-16.40.20:327][  0]LogFileCache: Scanning file cache for directory 'E:/Usuario/Ruben/UNIVERSIDAD/TFG/Postwar/Saved/Collections/' took 0.01s
[2017.08.31-16.40.20:327][  0]LogFileCache: Scanning file cache for directory 'E:/Usuario/Ruben/UNIVERSIDAD/TFG/Postwar/Content/Developers/cripe/Collections/' took 0.01s
[2017.08.31-16.40.20:327][  0]LogFileCache: Scanning file cache for directory 'E:/Usuario/Ruben/UNIVERSIDAD/TFG/Postwar/Content/Collections/' took 0.01s
[2017.08.31-16.40.20:327][  0]LogCollectionManager: Rebuilt the GUID cache for 0 collections in 0.000002 seconds
[2017.08.31-16.40.20:339][  0]LogContentBrowser: Native class hierarchy populated in 0.0105 seconds. Added 2329 classes and 491 folders.
[2017.08.31-16.40.20:403][  0]LogContentBrowser: Native class hierarchy updated for 'WidgetCarousel' in 0.0006 seconds. Added 0 classes and 0 folders.
[2017.08.31-16.40.20:543][  0]LogContentBrowser: Native class hierarchy updated for 'AddContentDialog' in 0.0006 seconds. Added 0 classes and 0 folders.
[2017.08.31-16.40.20:591][  0]LogContentBrowser: Native class hierarchy updated for 'SceneOutliner' in 0.0007 seconds. Added 1 classes and 2 folders.
[2017.08.31-16.40.20:801][  0]LogCrashTracker: Crashtracker disabled due to settings.
[2017.08.31-16.40.20:818][  0]LogSlate: Took 0.001823 seconds to synchronously load lazily loaded font '../../../Engine/Content/Slate/Fonts/Roboto-Regular.ttf' (155K)
[2017.08.31-16.40.20:823][  0]LogSlate: Took 0.001926 seconds to synchronously load lazily loaded font '../../../Engine/Content/Slate/Fonts/Roboto-Bold.ttf' (160K)
[2017.08.31-16.40.20:829][  0]LogSlate: Took 0.001114 seconds to synchronously load lazily loaded font '../../../Engine/Content/Editor/Slate/Fonts/FontAwesome.ttf' (139K)
[2017.08.31-16.40.20:970][  0]LogRenderer: Reallocating scene render targets to support 1208x684 NumSamples 1 (Frame:1).
[2017.08.31-16.40.21:163][  0]LogUObjectGlobals:Warning: Failed to find object 'Class None.'
[2017.08.31-16.40.21:227][  0]LogContentBrowser: Native class hierarchy updated for 'HierarchicalLODOutliner' in 0.0007 seconds. Added 1 classes and 2 folders.
[2017.08.31-16.40.21:227][  0]LogLoad: (Engine Initialization) Total time: 26.79 seconds
[2017.08.31-16.40.21:227][  0]LogLoad: (Engine Initialization) Total Blueprint compile time: 0.55 seconds
[2017.08.31-16.40.21:227][  0]LogExternalProfiler: Found external profiler: VSPerf
[2017.08.31-16.40.21:227][  0]LogExternalProfiler: Using external profiler: VSPerf
[2017.08.31-16.40.21:245][  0]LogOcInput: OculusInput pre-init called
[2017.08.31-16.40.21:245][  0]LogHMD: Starting GearVRController plugin
[2017.08.31-16.40.21:284][  0]LogContentStreaming: Texture pool size now 1000 MB
[2017.08.31-16.40.21:334][  0]LogSlate: Took 0.001223 seconds to synchronously load lazily loaded font '../../../Engine/Content/Slate/Fonts/Roboto-Light.ttf' (159K)
[2017.08.31-16.40.21:435][  2]LogAssetRegistry: Asset discovery search completed in 16.0362 seconds
[2017.08.31-16.40.21:439][  2]LogCollectionManager: Rebuilt the object cache for 0 collections in 0.000001 seconds (found 0 objects)
[2017.08.31-16.40.21:439][  2]LogCollectionManager: Fixed up redirectors for 0 collections in 0.000044 seconds (updated 0 objects)
[2017.08.31-16.40.26:369][233]LogFileCache: Retrieving MD5 hashes for directory 'E:/Usuario/Ruben/UNIVERSIDAD/TFG/Postwar/Content/' took 5.11s
[2017.08.31-17.24.39:921][907]LogSlate: Took 0.000259 seconds to synchronously load lazily loaded font '../../../Engine/Content/Slate/Fonts/Roboto-Light.ttf' (159K)
[2017.08.31-17.24.40:374][907]LogContentBrowser: Native class hierarchy updated for 'BlueprintGraph' in 0.0011 seconds. Added 112 classes and 0 folders.
[2017.08.31-17.24.40:993][907]LogSlate: Took 0.000246 seconds to synchronously load lazily loaded font '../../../Engine/Content/Slate/Fonts/Roboto-Regular.ttf' (155K)
[2017.08.31-17.24.41:109][907]LogSlate: Took 0.001193 seconds to synchronously load lazily loaded font '../../../Engine/Content/Editor/Slate/Fonts/Roboto-BoldCondensed.ttf' (158K)
[2017.08.31-17.24.41:359][908]LogSlate: Took 0.001957 seconds to synchronously load lazily loaded font '../../../Engine/Content/Editor/Slate/Fonts/Roboto-Italic.ttf' (157K)
[2017.08.31-17.39.06:737][ 75]LogSlate: Took 0.000301 seconds to synchronously load lazily loaded font '../../../Engine/Content/Slate/Fonts/Roboto-Light.ttf' (159K)
[2017.08.31-17.39.15:790][102]LogFileHelpers: Editor autosave (incl. sublevels) for '/Game/FirstPersonBP/PostWar/Niveles/MainMenu' took 0.022
[2017.08.31-17.39.15:876][102]OBJ SavePackage: Generating thumbnails for [1] asset(s) in package [/Game/FirstPersonBP/PostWar/IA/Zombi] ([1] browsable assets)...
[2017.08.31-17.39.15:895][102]OBJ SavePackage:     Rendered thumbnail for [Blueprint /Game/FirstPersonBP/PostWar/IA/Zombi.Zombi]
[2017.08.31-17.39.15:895][102]OBJ SavePackage: Finished generating thumbnails for package [/Game/FirstPersonBP/PostWar/IA/Zombi]
[2017.08.31-17.39.16:380][102]LogSavePackage: Save=132.51ms
[2017.08.31-17.39.16:380][102]LogSavePackage: Moving 'E:/Usuario/Ruben/UNIVERSIDAD/TFG/Postwar/Saved/Zombi_Auto1E42FFB2645A356C42EB218B09C039FCC.tmp' to 'E:/Usuario/Ruben/UNIVERSIDAD/TFG/Postwar/Saved/Autosaves/Game/FirstPersonBP/PostWar/IA/Zombi_Auto1.uasset'
[2017.08.31-17.39.16:408][102]LogSavePackage:Display: Finished SavePackage E:/Usuario/Ruben/UNIVERSIDAD/TFG/Postwar/Saved/Autosaves/Game/FirstPersonBP/PostWar/IA/Zombi_Auto1.uasset
[2017.08.31-17.39.16:408][102]LogFileHelpers: Auto-saving content packages took 0.617
[2017.08.31-17.42.02:187][604]Cmd: OBJ SAVEPACKAGE PACKAGE="/Game/FirstPersonBP/PostWar/IA/Zombi" FILE="E:/Usuario/Ruben/UNIVERSIDAD/TFG/Postwar/Content/FirstPersonBP/PostWar/IA/Zombi.uasset" SILENT=true
[2017.08.31-17.42.02:311][604]LogSavePackage: Save=114.26ms
[2017.08.31-17.42.02:311][604]LogSavePackage: Moving 'E:/Usuario/Ruben/UNIVERSIDAD/TFG/Postwar/Saved/ZombiBBBA1E564C12F2B93B13DEB8F070125B.tmp' to 'E:/Usuario/Ruben/UNIVERSIDAD/TFG/Postwar/Content/FirstPersonBP/PostWar/IA/Zombi.uasset'
[2017.08.31-17.42.04:968][604]LogSavePackage:Display: Finished SavePackage E:/Usuario/Ruben/UNIVERSIDAD/TFG/Postwar/Content/FirstPersonBP/PostWar/IA/Zombi.uasset
[2017.08.31-17.43.06:001][209]BlueprintLog: New page: Compile Zombi
[2017.08.31-17.43.06:890][248]Cmd: OBJ SAVEPACKAGE PACKAGE="/Game/FirstPersonBP/PostWar/IA/Zombi" FILE="E:/Usuario/Ruben/UNIVERSIDAD/TFG/Postwar/Content/FirstPersonBP/PostWar/IA/Zombi.uasset" SILENT=true
[2017.08.31-17.43.07:017][248]LogSavePackage: Save=118.89ms
[2017.08.31-17.43.07:017][248]LogSavePackage: Moving 'E:/Usuario/Ruben/UNIVERSIDAD/TFG/Postwar/Saved/Zombi13D2B6FE4020129B7B8D1D9858BE79A6.tmp' to 'E:/Usuario/Ruben/UNIVERSIDAD/TFG/Postwar/Content/FirstPersonBP/PostWar/IA/Zombi.uasset'
[2017.08.31-17.43.07:021][248]LogSavePackage:Display: Finished SavePackage E:/Usuario/Ruben/UNIVERSIDAD/TFG/Postwar/Content/FirstPersonBP/PostWar/IA/Zombi.uasset
[2017.08.31-17.46.50:382][508]BlueprintLog: New page: Compile Zombi
[2017.08.31-17.46.51:004][531]Cmd: OBJ SAVEPACKAGE PACKAGE="/Game/FirstPersonBP/PostWar/IA/Zombi" FILE="E:/Usuario/Ruben/UNIVERSIDAD/TFG/Postwar/Content/FirstPersonBP/PostWar/IA/Zombi.uasset" SILENT=true
[2017.08.31-17.46.51:129][531]LogSavePackage: Save=115.80ms
[2017.08.31-17.46.51:129][531]LogSavePackage: Moving 'E:/Usuario/Ruben/UNIVERSIDAD/TFG/Postwar/Saved/Zombi19F64A8A421A70BFC8B2A89C4CC0E014.tmp' to 'E:/Usuario/Ruben/UNIVERSIDAD/TFG/Postwar/Content/FirstPersonBP/PostWar/IA/Zombi.uasset'
[2017.08.31-17.46.51:133][531]LogSavePackage:Display: Finished SavePackage E:/Usuario/Ruben/UNIVERSIDAD/TFG/Postwar/Content/FirstPersonBP/PostWar/IA/Zombi.uasset
[2017.08.31-17.55.28:479][333]LogRenderer: Reallocating scene render targets to support 1652x712 NumSamples 1 (Frame:1).
[2017.08.31-17.55.33:899][582]LogContentBrowser: Native class hierarchy updated for 'SkeletonEditor' in 0.0007 seconds. Added 1 classes and 2 folders.
[2017.08.31-17.55.34:059][582]LogActorComponent: RegisterComponentWithWorld: (/Engine/Transient.World_5:PersistentLevel.Actor_0.DebugSkelMeshComponent_0) Already registered. Aborting.
[2017.08.31-17.55.34:119][582]LogSkeletalMesh: USkeletalMeshComponent::InitArticulated : Bodies already created (/Engine/Transient.World_5:PersistentLevel.Actor_0.DebugSkelMeshComponent_0) - call TermArticulated first.
[2017.08.31-17.55.34:436][582]LogContentBrowser: Native class hierarchy updated for 'ClothingSystemEditorInterface' in 0.0006 seconds. Added 1 classes and 0 folders.
[2017.08.31-17.55.34:443][583]LogRenderer: Reallocating scene render targets to support 1652x888 NumSamples 1 (Frame:1).
[2017.08.31-17.55.43:273][ 27]LogActorComponent: RegisterComponentWithWorld: (/Engine/Transient.World_8:PersistentLevel.Actor_1.DebugSkelMeshComponent_1) Already registered. Aborting.
[2017.08.31-17.55.43:501][ 27]LogSkeletalMesh: USkeletalMeshComponent::InitArticulated : Bodies already created (/Engine/Transient.World_8:PersistentLevel.Actor_1.DebugSkelMeshComponent_1) - call TermArticulated first.
[2017.08.31-17.55.43:826][ 27]LogContentBrowser:Verbose: The majority of assets in the view are of type: AnimSequence
[2017.08.31-17.55.45:225][106]LogUObjectArray:Warning: Invalid object index 6619252
[2017.08.31-17.55.45:374][106]LogStats: FPlatformStackWalk::StackWalkAndDump -  0.148 s
[2017.08.31-17.55.45:374][106]LogOutputDevice:Error: === Handled ensure: ===
[2017.08.31-17.55.45:374][106]LogOutputDevice:Error: 
[2017.08.31-17.55.45:374][106]LogOutputDevice:Error: Ensure condition failed: false [File:D:\Build\++UE4+Release-4.16+Compile\Sync\Engine\Source\Editor\UnrealEd\Private\Kismet2\KismetDebugUtilities.cpp] [Line: 1037]
[2017.08.31-17.55.45:374][106]LogOutputDevice:Error: Error: Invalid (but non-null) property associated with pin; cannot get variable value
[2017.08.31-17.55.45:374][106]LogOutputDevice:Error: Stack: 
[2017.08.31-17.55.45:374][106]LogOutputDevice:Error: UE4Editor-Core.dll!0x00000000EB8CE256
[2017.08.31-17.55.45:374][106]LogOutputDevice:Error: UE4Editor-Core.dll!0x00000000EB67B862
[2017.08.31-17.55.45:374][106]LogOutputDevice:Error: UE4Editor-Core.dll!0x00000000EB691E26
[2017.08.31-17.55.45:374][106]LogOutputDevice:Error: UE4Editor-UnrealEd.dll!0x00000000E2497556
[2017.08.31-17.55.45:374][106]LogOutputDevice:Error: UE4Editor-BlueprintGraph.dll!0x00000000E0F8D27B
[2017.08.31-17.55.45:374][106]LogOutputDevice:Error: UE4Editor-GraphEditor.dll!0x00000000E09224AA
[2017.08.31-17.55.45:374][106]LogOutputDevice:Error: UE4Editor-GraphEditor.dll!0x00000000E07C72CC
[2017.08.31-17.55.45:374][106]LogOutputDevice:Error: UE4Editor-GraphEditor.dll!0x00000000E07CA6D9
[2017.08.31-17.55.45:374][106]LogOutputDevice:Error: UE4Editor-GraphEditor.dll!0x00000000E08E8035
[2017.08.31-17.55.45:374][106]LogOutputDevice:Error: UE4Editor-Slate.dll!0x00000000EAA0DB57
[2017.08.31-17.55.45:374][106]LogOutputDevice:Error: UE4Editor-Slate.dll!0x00000000EAA14B61
[2017.08.31-17.55.45:374][106]LogOutputDevice:Error: UE4Editor-Slate.dll!0x00000000EAC348D3
[2017.08.31-17.55.45:374][106]LogOutputDevice:Error: UE4Editor-Slate.dll!0x00000000EAA6F604
[2017.08.31-17.55.45:374][106]LogOutputDevice:Error: UE4Editor-Slate.dll!0x00000000EAA477FC
[2017.08.31-17.55.45:374][106]LogOutputDevice:Error: UE4Editor-Slate.dll!0x00000000EAA3814C
[2017.08.31-17.55.45:374][106]LogOutputDevice:Error: UE4Editor-Core.dll!0x00000000EB8C1550
[2017.08.31-17.55.45:374][106]LogOutputDevice:Error: UE4Editor-Core.dll!0x00000000EB8AB771
[2017.08.31-17.55.45:374][106]LogOutputDevice:Error: UE4Editor-Core.dll!0x00000000EB8C337B
[2017.08.31-17.55.45:374][106]LogOutputDevice:Error: UE4Editor-Core.dll!0x00000000EB8A7AC2
[2017.08.31-17.55.45:374][106]LogOutputDevice:Error: USER32.dll!0x000000003E931C24
[2017.08.31-17.55.45:374][106]LogOutputDevice:Error: USER32.dll!0x000000003E93156C
[2017.08.31-17.55.45:374][106]LogOutputDevice:Error: UE4Editor-Core.dll!0x00000000EB8C3C86
[2017.08.31-17.55.45:374][106]LogOutputDevice:Error: UE4Editor.exe!0x000000007A77DB44
[2017.08.31-17.55.45:374][106]LogOutputDevice:Error: UE4Editor.exe!0x000000007A76F0B0
[2017.08.31-17.55.45:374][106]LogOutputDevice:Error: UE4Editor.exe!0x000000007A76F12A
[2017.08.31-17.55.45:374][106]LogOutputDevice:Error: UE4Editor.exe!0x000000007A780CF9
[2017.08.31-17.55.45:374][106]LogOutputDevice:Error: UE4Editor.exe!0x000000007A7825F7
[2017.08.31-17.55.45:374][106]LogOutputDevice:Error: KERNEL32.DLL!0x000000003E058364
[2017.08.31-17.55.45:374][106]LogOutputDevice:Error: ntdll.dll!0x000000003F2870D1
[2017.08.31-17.55.45:374][106]LogOutputDevice:Error: 
[2017.08.31-17.55.45:376][106]LogStats:                SubmitErrorReport -  0.000 s
[2017.08.31-17.55.45:851][106]LogStats:                    SendNewReport -  0.475 s
[2017.08.31-17.55.45:851][106]LogStats:             FDebug::EnsureFailed -  0.627 s
[2017.08.31-17.55.45:851][106]LogUObjectArray:Warning: Invalid object index 6619252
[2017.08.31-17.56.05:653][269]LogUObjectArray:Warning: Invalid object index 6619252
[2017.08.31-17.56.05:655][269]LogUObjectArray:Warning: Invalid object index 6619252
[2017.08.31-17.56.05:661][269]LogUObjectArray:Warning: Invalid object index 6619252
[2017.08.31-17.56.05:663][269]LogUObjectArray:Warning: Invalid object index 6619252
[2017.08.31-17.56.05:668][269]LogUObjectArray:Warning: Invalid object index 6619252
[2017.08.31-17.56.05:678][270]LogUObjectArray:Warning: Invalid object index 6619252
[2017.08.31-17.56.05:680][270]LogUObjectArray:Warning: Invalid object index 6619252
[2017.08.31-17.56.05:684][270]LogUObjectArray:Warning: Invalid object index 6619252
[2017.08.31-17.56.06:013][289]LogUObjectArray:Warning: Invalid object index 6619252
[2017.08.31-17.56.06:013][289]LogUObjectArray:Warning: Invalid object index 6619252
[2017.08.31-17.56.06:755][333]LogUObjectArray:Warning: Invalid object index 6619252
[2017.08.31-17.56.06:755][333]LogUObjectArray:Warning: Invalid object index 6619252
[2017.08.31-18.09.59:537][679]LogUObjectArray:Warning: Invalid object index 6619252
[2017.08.31-18.09.59:537][679]LogUObjectArray:Warning: Invalid object index 6619252
[2017.08.31-18.09.59:542][679]LogUObjectArray:Warning: Invalid object index 6619252
[2017.08.31-18.09.59:544][679]LogUObjectArray:Warning: Invalid object index 6619252
[2017.08.31-18.09.59:549][679]LogUObjectArray:Warning: Invalid object index 6619252
[2017.08.31-18.09.59:559][680]LogUObjectArray:Warning: Invalid object index 6619252
[2017.08.31-18.11.43:687][680]LogFileHelpers: Editor autosave (incl. sublevels) for '/Game/FirstPersonBP/PostWar/Niveles/MainMenu' took 0.022
[2017.08.31-18.11.43:689][680]OBJ SavePackage: Generating thumbnails for [1] asset(s) in package [/Game/FirstPersonBP/PostWar/IA/ZombieAnimationBP] ([1] browsable assets)...
[2017.08.31-18.11.43:707][680]OBJ SavePackage:     Rendered thumbnail for [AnimBlueprint /Game/FirstPersonBP/PostWar/IA/ZombieAnimationBP.ZombieAnimationBP]
[2017.08.31-18.11.43:707][680]OBJ SavePackage: Finished generating thumbnails for package [/Game/FirstPersonBP/PostWar/IA/ZombieAnimationBP]
[2017.08.31-18.11.46:311][680]LogSavePackage: Save=2594.52ms
[2017.08.31-18.11.46:311][680]LogSavePackage: Moving 'E:/Usuario/Ruben/UNIVERSIDAD/TFG/Postwar/Saved/ZombieAnimationBP_Auto210967331450BB95AF35275BF5C2953EF.tmp' to 'E:/Usuario/Ruben/UNIVERSIDAD/TFG/Postwar/Saved/Autosaves/Game/FirstPersonBP/PostWar/IA/ZombieAnimationBP_Auto2.uasset'
[2017.08.31-18.11.46:365][680]LogSavePackage:Display: Finished SavePackage E:/Usuario/Ruben/UNIVERSIDAD/TFG/Postwar/Saved/Autosaves/Game/FirstPersonBP/PostWar/IA/ZombieAnimationBP_Auto2.uasset
[2017.08.31-18.11.46:365][680]LogFileHelpers: Auto-saving content packages took 2.677
[2017.08.31-18.11.57:012][805]LogEditorTransaction: Undo Move Nodes
[2017.08.31-18.11.57:227][805]LogActorComponent: RegisterComponentWithWorld: (/Engine/Transient.World_5:PersistentLevel.Actor_0.DebugSkelMeshComponent_0) Already registered. Aborting.
[2017.08.31-18.11.57:232][805]LogActorComponent: RegisterComponentWithWorld: (/Engine/Transient.World_8:PersistentLevel.Actor_1.DebugSkelMeshComponent_1) Already registered. Aborting.
[2017.08.31-18.11.57:621][821]LogEditorTransaction: Undo Move Node
[2017.08.31-18.11.57:870][821]LogActorComponent: RegisterComponentWithWorld: (/Engine/Transient.World_5:PersistentLevel.Actor_0.DebugSkelMeshComponent_0) Already registered. Aborting.
[2017.08.31-18.11.57:876][821]LogActorComponent: RegisterComponentWithWorld: (/Engine/Transient.World_8:PersistentLevel.Actor_1.DebugSkelMeshComponent_1) Already registered. Aborting.
[2017.08.31-18.11.58:121][832]LogEditorTransaction: Undo Move Node
[2017.08.31-18.11.58:358][832]LogActorComponent: RegisterComponentWithWorld: (/Engine/Transient.World_5:PersistentLevel.Actor_0.DebugSkelMeshComponent_0) Already registered. Aborting.
[2017.08.31-18.11.58:363][832]LogActorComponent: RegisterComponentWithWorld: (/Engine/Transient.World_8:PersistentLevel.Actor_1.DebugSkelMeshComponent_1) Already registered. Aborting.
[2017.08.31-18.11.58:364][832]LogEditorTransaction: Undo Move Node
[2017.08.31-18.11.58:582][832]LogActorComponent: RegisterComponentWithWorld: (/Engine/Transient.World_5:PersistentLevel.Actor_0.DebugSkelMeshComponent_0) Already registered. Aborting.
[2017.08.31-18.11.58:587][832]LogActorComponent: RegisterComponentWithWorld: (/Engine/Transient.World_8:PersistentLevel.Actor_1.DebugSkelMeshComponent_1) Already registered. Aborting.
[2017.08.31-18.11.58:588][832]LogEditorTransaction: Undo Move Node
[2017.08.31-18.11.58:808][832]LogActorComponent: RegisterComponentWithWorld: (/Engine/Transient.World_5:PersistentLevel.Actor_0.DebugSkelMeshComponent_0) Already registered. Aborting.
[2017.08.31-18.11.58:813][832]LogActorComponent: RegisterComponentWithWorld: (/Engine/Transient.World_8:PersistentLevel.Actor_1.DebugSkelMeshComponent_1) Already registered. Aborting.
[2017.08.31-18.11.58:877][833]LogEditorTransaction: Undo Move Node
[2017.08.31-18.11.59:103][833]LogActorComponent: RegisterComponentWithWorld: (/Engine/Transient.World_5:PersistentLevel.Actor_0.DebugSkelMeshComponent_0) Already registered. Aborting.
[2017.08.31-18.11.59:107][833]LogActorComponent: RegisterComponentWithWorld: (/Engine/Transient.World_8:PersistentLevel.Actor_1.DebugSkelMeshComponent_1) Already registered. Aborting.
[2017.08.31-18.11.59:168][834]LogEditorTransaction: Undo Move Node
[2017.08.31-18.11.59:388][834]LogActorComponent: RegisterComponentWithWorld: (/Engine/Transient.World_5:PersistentLevel.Actor_0.DebugSkelMeshComponent_0) Already registered. Aborting.
[2017.08.31-18.11.59:393][834]LogActorComponent: RegisterComponentWithWorld: (/Engine/Transient.World_8:PersistentLevel.Actor_1.DebugSkelMeshComponent_1) Already registered. Aborting.
[2017.08.31-18.11.59:887][861]LogEditorTransaction: Undo Move Node
[2017.08.31-18.12.00:130][861]LogActorComponent: RegisterComponentWithWorld: (/Engine/Transient.World_5:PersistentLevel.Actor_0.DebugSkelMeshComponent_0) Already registered. Aborting.
[2017.08.31-18.12.00:136][861]LogActorComponent: RegisterComponentWithWorld: (/Engine/Transient.World_8:PersistentLevel.Actor_1.DebugSkelMeshComponent_1) Already registered. Aborting.
[2017.08.31-18.12.00:309][867]LogEditorTransaction: Undo Move Node
[2017.08.31-18.12.00:578][867]LogActorComponent: RegisterComponentWithWorld: (/Engine/Transient.World_5:PersistentLevel.Actor_0.DebugSkelMeshComponent_0) Already registered. Aborting.
[2017.08.31-18.12.00:585][867]LogActorComponent: RegisterComponentWithWorld: (/Engine/Transient.World_8:PersistentLevel.Actor_1.DebugSkelMeshComponent_1) Already registered. Aborting.
[2017.08.31-18.12.00:587][867]LogEditorTransaction: Undo Move Node
[2017.08.31-18.12.00:858][867]LogActorComponent: RegisterComponentWithWorld: (/Engine/Transient.World_5:PersistentLevel.Actor_0.DebugSkelMeshComponent_0) Already registered. Aborting.
[2017.08.31-18.12.00:865][867]LogActorComponent: RegisterComponentWithWorld: (/Engine/Transient.World_8:PersistentLevel.Actor_1.DebugSkelMeshComponent_1) Already registered. Aborting.
[2017.08.31-18.12.00:866][867]LogEditorTransaction: Undo Move Node
[2017.08.31-18.12.01:144][867]LogActorComponent: RegisterComponentWithWorld: (/Engine/Transient.World_5:PersistentLevel.Actor_0.DebugSkelMeshComponent_0) Already registered. Aborting.
[2017.08.31-18.12.01:151][867]LogActorComponent: RegisterComponentWithWorld: (/Engine/Transient.World_8:PersistentLevel.Actor_1.DebugSkelMeshComponent_1) Already registered. Aborting.
[2017.08.31-18.12.01:459][880]LogEditorTransaction: Undo Move Node
[2017.08.31-18.12.01:720][880]LogActorComponent: RegisterComponentWithWorld: (/Engine/Transient.World_5:PersistentLevel.Actor_0.DebugSkelMeshComponent_0) Already registered. Aborting.
[2017.08.31-18.12.01:725][880]LogActorComponent: RegisterComponentWithWorld: (/Engine/Transient.World_8:PersistentLevel.Actor_1.DebugSkelMeshComponent_1) Already registered. Aborting.
[2017.08.31-18.12.01:726][880]LogEditorTransaction: Undo Move Nodes
[2017.08.31-18.12.01:968][880]LogActorComponent: RegisterComponentWithWorld: (/Engine/Transient.World_5:PersistentLevel.Actor_0.DebugSkelMeshComponent_0) Already registered. Aborting.
[2017.08.31-18.12.01:974][880]LogActorComponent: RegisterComponentWithWorld: (/Engine/Transient.World_8:PersistentLevel.Actor_1.DebugSkelMeshComponent_1) Already registered. Aborting.
[2017.08.31-18.12.02:353][899]LogEditorTransaction: Undo Move Nodes
[2017.08.31-18.12.02:588][899]LogActorComponent: RegisterComponentWithWorld: (/Engine/Transient.World_5:PersistentLevel.Actor_0.DebugSkelMeshComponent_0) Already registered. Aborting.
[2017.08.31-18.12.02:593][899]LogActorComponent: RegisterComponentWithWorld: (/Engine/Transient.World_8:PersistentLevel.Actor_1.DebugSkelMeshComponent_1) Already registered. Aborting.
[2017.08.31-18.21.46:967][260]LogFileHelpers: Editor autosave (incl. sublevels) for '/Game/FirstPersonBP/PostWar/Niveles/MainMenu' took 0.040
[2017.08.31-18.21.46:969][260]OBJ SavePackage: Generating thumbnails for [1] asset(s) in package [/Game/FirstPersonBP/PostWar/IA/ZombieAnimationBP] ([1] browsable assets)...
[2017.08.31-18.21.46:986][260]OBJ SavePackage:     Rendered thumbnail for [AnimBlueprint /Game/FirstPersonBP/PostWar/IA/ZombieAnimationBP.ZombieAnimationBP]
[2017.08.31-18.21.46:986][260]OBJ SavePackage: Finished generating thumbnails for package [/Game/FirstPersonBP/PostWar/IA/ZombieAnimationBP]
[2017.08.31-18.21.49:847][260]LogSavePackage: Save=2851.33ms
[2017.08.31-18.21.49:847][260]LogSavePackage: Moving 'E:/Usuario/Ruben/UNIVERSIDAD/TFG/Postwar/Saved/ZombieAnimationBP_Auto3FFDAA1994A6A0E6303C846A92CB875B7.tmp' to 'E:/Usuario/Ruben/UNIVERSIDAD/TFG/Postwar/Saved/Autosaves/Game/FirstPersonBP/PostWar/IA/ZombieAnimationBP_Auto3.uasset'
[2017.08.31-18.21.49:849][260]LogSavePackage:Display: Finished SavePackage E:/Usuario/Ruben/UNIVERSIDAD/TFG/Postwar/Saved/Autosaves/Game/FirstPersonBP/PostWar/IA/ZombieAnimationBP_Auto3.uasset
[2017.08.31-18.21.49:849][260]LogFileHelpers: Auto-saving content packages took 2.881
[2017.08.31-18.39.12:499][642]LogEditorTransaction: Undo Break Node Links
[2017.08.31-18.39.12:724][642]LogActorComponent: RegisterComponentWithWorld: (/Engine/Transient.World_5:PersistentLevel.Actor_0.DebugSkelMeshComponent_0) Already registered. Aborting.
[2017.08.31-18.39.12:729][642]LogActorComponent: RegisterComponentWithWorld: (/Engine/Transient.World_8:PersistentLevel.Actor_1.DebugSkelMeshComponent_1) Already registered. Aborting.
[2017.08.31-18.39.54:359][642]LogFileHelpers: Editor autosave (incl. sublevels) for '/Game/FirstPersonBP/PostWar/Niveles/MainMenu' took 0.021
[2017.08.31-18.39.54:361][642]OBJ SavePackage: Generating thumbnails for [1] asset(s) in package [/Game/FirstPersonBP/PostWar/IA/ZombieAnimationBP] ([1] browsable assets)...
[2017.08.31-18.39.54:378][642]OBJ SavePackage:     Rendered thumbnail for [AnimBlueprint /Game/FirstPersonBP/PostWar/IA/ZombieAnimationBP.ZombieAnimationBP]
[2017.08.31-18.39.54:378][642]OBJ SavePackage: Finished generating thumbnails for package [/Game/FirstPersonBP/PostWar/IA/ZombieAnimationBP]
[2017.08.31-18.39.54:841][642]LogSavePackage: Save=453.78ms
[2017.08.31-18.39.54:841][642]LogSavePackage: Moving 'E:/Usuario/Ruben/UNIVERSIDAD/TFG/Postwar/Saved/ZombieAnimationBP_Auto4D8D1FEEC4640AB27F5EF9C80CC14F61C.tmp' to 'E:/Usuario/Ruben/UNIVERSIDAD/TFG/Postwar/Saved/Autosaves/Game/FirstPersonBP/PostWar/IA/ZombieAnimationBP_Auto4.uasset'
[2017.08.31-18.39.54:882][642]LogSavePackage:Display: Finished SavePackage E:/Usuario/Ruben/UNIVERSIDAD/TFG/Postwar/Saved/Autosaves/Game/FirstPersonBP/PostWar/IA/ZombieAnimationBP_Auto4.uasset
[2017.08.31-18.39.54:882][642]LogFileHelpers: Auto-saving content packages took 0.522
[2017.08.31-18.51.16:333][  7]LogActorComponent: RegisterComponentWithWorld: (/Engine/Transient.World_10:PersistentLevel.Actor_2.DebugSkelMeshComponent_3) Already registered. Aborting.
[2017.08.31-18.51.16:371][  7]LogSkeletalMesh: USkeletalMeshComponent::InitArticulated : Bodies already created (/Engine/Transient.World_10:PersistentLevel.Actor_2.DebugSkelMeshComponent_3) - call TermArticulated first.
[2017.08.31-18.51.16:686][  7]LogContentBrowser:Verbose: The majority of assets in the view are of type: AnimSequence
[2017.08.31-19.17.56:342][594]BlueprintLog: New page: Compile ZombieAnimationBP
[2017.08.31-19.17.56:539][594]BlueprintEditorCompileResults: Info  Result  was visible but ignored
[2017.08.31-19.17.56:951][614]Cmd: OBJ SAVEPACKAGE PACKAGE="/Game/FirstPersonBP/PostWar/IA/ZombieAnimationBP" FILE="E:/Usuario/Ruben/UNIVERSIDAD/TFG/Postwar/Content/FirstPersonBP/PostWar/IA/ZombieAnimationBP.uasset" SILENT=true
[2017.08.31-19.17.57:178][614]LogSavePackage: Save=217.16ms
[2017.08.31-19.17.57:178][614]LogSavePackage: Moving 'E:/Usuario/Ruben/UNIVERSIDAD/TFG/Postwar/Saved/ZombieAnimationBPF371C0B949F169B68E007091508529CF.tmp' to 'E:/Usuario/Ruben/UNIVERSIDAD/TFG/Postwar/Content/FirstPersonBP/PostWar/IA/ZombieAnimationBP.uasset'
[2017.08.31-19.17.57:184][614]LogSavePackage:Display: Finished SavePackage E:/Usuario/Ruben/UNIVERSIDAD/TFG/Postwar/Content/FirstPersonBP/PostWar/IA/ZombieAnimationBP.uasset
[2017.08.31-19.21.31:134][215]Cmd: TRANSACTION UNDO
[2017.08.31-19.21.31:134][215]LogEditorTransaction: Undo Move Node
[2017.08.31-19.21.31:525][237]Cmd: TRANSACTION UNDO
[2017.08.31-19.21.31:525][237]LogEditorTransaction: Undo Move Nodes
[2017.08.31-19.21.31:737][249]Cmd: TRANSACTION UNDO
[2017.08.31-19.21.31:737][249]LogEditorTransaction: Undo Move Node
[2017.08.31-19.21.32:056][268]Cmd: TRANSACTION UNDO
[2017.08.31-19.21.32:056][268]LogEditorTransaction: Undo Move Node
[2017.08.31-19.21.32:451][290]Cmd: TRANSACTION UNDO
[2017.08.31-19.21.32:451][290]LogEditorTransaction: Undo Move Node
[2017.08.31-19.21.32:490][290]LogFileHelpers: Editor autosave (incl. sublevels) for '/Game/FirstPersonBP/PostWar/Niveles/MainMenu' took 0.037
[2017.08.31-19.21.32:492][290]OBJ SavePackage: Generating thumbnails for [0] asset(s) in package [/Game/FirstPersonBP/PostWar/IA/Zombie_BT] ([1] browsable assets)...
[2017.08.31-19.21.32:493][290]OBJ SavePackage: Finished generating thumbnails for package [/Game/FirstPersonBP/PostWar/IA/Zombie_BT]
[2017.08.31-19.21.32:511][290]LogSavePackage: Save=8.75ms
[2017.08.31-19.21.32:511][290]LogSavePackage: Moving 'E:/Usuario/Ruben/UNIVERSIDAD/TFG/Postwar/Saved/Zombie_BT_Auto5EDC8A8C34F2BF91E76949FB6F075CE5A.tmp' to 'E:/Usuario/Ruben/UNIVERSIDAD/TFG/Postwar/Saved/Autosaves/Game/FirstPersonBP/PostWar/IA/Zombie_BT_Auto5.uasset'
[2017.08.31-19.21.32:512][290]LogSavePackage:Display: Finished SavePackage E:/Usuario/Ruben/UNIVERSIDAD/TFG/Postwar/Saved/Autosaves/Game/FirstPersonBP/PostWar/IA/Zombie_BT_Auto5.uasset
[2017.08.31-19.21.32:512][290]LogFileHelpers: Auto-saving content packages took 0.021
[2017.08.31-19.21.33:172][329]Cmd: TRANSACTION UNDO
[2017.08.31-19.21.33:172][329]LogEditorTransaction: Undo Move Node
[2017.08.31-19.21.33:539][351]Cmd: TRANSACTION UNDO
[2017.08.31-19.21.33:539][351]LogEditorTransaction: Undo Move Node
[2017.08.31-19.21.33:939][375]Cmd: TRANSACTION UNDO
[2017.08.31-19.21.33:939][375]LogEditorTransaction: Undo Delete current selection
[2017.08.31-19.21.34:298][396]Cmd: TRANSACTION UNDO
[2017.08.31-19.21.34:298][396]LogEditorTransaction: Undo Create Pin Link
[2017.08.31-19.21.34:719][421]Cmd: TRANSACTION UNDO
[2017.08.31-19.21.34:719][421]LogEditorTransaction: Undo Create Pin Link
[2017.08.31-19.21.35:186][449]Cmd: TRANSACTION UNDO
[2017.08.31-19.21.35:186][449]LogEditorTransaction: Undo Move Nodes
[2017.08.31-19.21.35:627][474]Cmd: TRANSACTION UNDO
[2017.08.31-19.21.35:627][474]LogEditorTransaction: Undo Move Node
[2017.08.31-19.21.36:495][525]Cmd: TRANSACTION UNDO
[2017.08.31-19.21.36:495][525]LogEditorTransaction: Undo Move Node
[2017.08.31-19.21.38:950][671]Cmd: TRANSACTION REDO
[2017.08.31-19.21.38:950][671]LogEditorTransaction: Redo Move Node
[2017.08.31-19.21.39:201][685]Cmd: TRANSACTION REDO
[2017.08.31-19.21.39:201][685]LogEditorTransaction: Redo Move Node
[2017.08.31-19.21.39:384][695]Cmd: TRANSACTION REDO
[2017.08.31-19.21.39:384][695]LogEditorTransaction: Redo Move Nodes
[2017.08.31-19.21.39:635][709]Cmd: TRANSACTION REDO
[2017.08.31-19.21.39:635][709]LogEditorTransaction: Redo Create Pin Link
[2017.08.31-19.21.39:853][722]Cmd: TRANSACTION REDO
[2017.08.31-19.21.39:853][722]LogEditorTransaction: Redo Create Pin Link
[2017.08.31-19.21.40:204][743]Cmd: TRANSACTION REDO
[2017.08.31-19.21.40:204][743]LogEditorTransaction: Redo Delete current selection
[2017.08.31-19.21.40:674][771]Cmd: TRANSACTION REDO
[2017.08.31-19.21.40:674][771]LogEditorTransaction: Redo Move Node
[2017.08.31-19.21.42:325][870]Cmd: TRANSACTION UNDO
[2017.08.31-19.21.42:325][870]LogEditorTransaction: Undo Move Node
[2017.08.31-19.21.42:611][887]Cmd: TRANSACTION UNDO
[2017.08.31-19.21.42:611][887]LogEditorTransaction: Undo Delete current selection
[2017.08.31-19.21.42:930][906]Cmd: TRANSACTION UNDO
[2017.08.31-19.21.42:930][906]LogEditorTransaction: Undo Create Pin Link
[2017.08.31-19.21.43:366][932]Cmd: TRANSACTION UNDO
[2017.08.31-19.21.43:366][932]LogEditorTransaction: Undo Create Pin Link
[2017.08.31-19.21.52:060][450]Cmd: OBJ SAVEPACKAGE PACKAGE="/Game/FirstPersonBP/PostWar/IA/Zombie_BT" FILE="E:/Usuario/Ruben/UNIVERSIDAD/TFG/Postwar/Content/FirstPersonBP/PostWar/IA/Zombie_BT.uasset" SILENT=true
[2017.08.31-19.21.52:127][450]LogSavePackage: Save=19.88ms
[2017.08.31-19.21.52:127][450]LogSavePackage: Moving 'E:/Usuario/Ruben/UNIVERSIDAD/TFG/Postwar/Saved/Zombie_BT8AD3BFBD4A0126C4B088A381EB321CF3.tmp' to 'E:/Usuario/Ruben/UNIVERSIDAD/TFG/Postwar/Content/FirstPersonBP/PostWar/IA/Zombie_BT.uasset'
[2017.08.31-19.21.52:130][450]LogSavePackage:Display: Finished SavePackage E:/Usuario/Ruben/UNIVERSIDAD/TFG/Postwar/Content/FirstPersonBP/PostWar/IA/Zombie_BT.uasset
[2017.08.31-19.31.33:126][478]LogFileHelpers: Editor autosave (incl. sublevels) for '/Game/FirstPersonBP/PostWar/Niveles/MainMenu' took 0.039
[2017.08.31-19.31.33:127][478]OBJ SavePackage: Generating thumbnails for [0] asset(s) in package [/Game/FirstPersonBP/PostWar/IA/ZombieAnimationBP] ([1] browsable assets)...
[2017.08.31-19.31.33:127][478]OBJ SavePackage: Finished generating thumbnails for package [/Game/FirstPersonBP/PostWar/IA/ZombieAnimationBP]
[2017.08.31-19.31.35:938][478]LogSavePackage: Save=2800.71ms
[2017.08.31-19.31.35:938][478]LogSavePackage: Moving 'E:/Usuario/Ruben/UNIVERSIDAD/TFG/Postwar/Saved/ZombieAnimationBP_Auto6100A7B684A6FF8FC84F84DB66559098B.tmp' to 'E:/Usuario/Ruben/UNIVERSIDAD/TFG/Postwar/Saved/Autosaves/Game/FirstPersonBP/PostWar/IA/ZombieAnimationBP_Auto6.uasset'
[2017.08.31-19.31.35:940][478]LogSavePackage:Display: Finished SavePackage E:/Usuario/Ruben/UNIVERSIDAD/TFG/Postwar/Saved/Autosaves/Game/FirstPersonBP/PostWar/IA/ZombieAnimationBP_Auto6.uasset
[2017.08.31-19.31.35:940][478]LogFileHelpers: Auto-saving content packages took 2.813
[2017.08.31-19.50.04:339][344]LogMaterial: Missing cached shader map for material Metal_Galvanized, compiling. 
[2017.08.31-19.50.04:342][344]LogMaterial:Warning: Failed to compile Material /Game/FirstPersonBP/PostWar/Models/armasHabitacion/Metal_Galvanized.Metal_Galvanized for platform PCD3D_SM5, Default Material will be used in game.
[2017.08.31-19.50.04:342][344]LogMaterial:Warning: 	(Node TextureSample) TextureSample> Sampler type is Normal, should be Color for /Game/FirstPersonBP/PostWar/Models/armasHabitacion/Camo.Camo
[2017.08.31-19.50.07:138][344]LogMaterial: Missing cached shader map for material Material__386, compiling. 
[2017.08.31-19.50.07:139][344]LogMaterial:Warning: Failed to compile Material /Game/FirstPersonBP/PostWar/Models/Power-up/Material__386.Material__386 for platform PCD3D_SM5, Default Material will be used in game.
[2017.08.31-19.50.07:139][344]LogMaterial:Warning: 	(Node TextureSample) Texture Sample> Missing input texture
[2017.08.31-19.50.07:593][344]LogAIModule: Creating AISystem for world Mapa
[2017.08.31-19.50.23:080][344]Cmd: OBJ SAVEPACKAGE PACKAGE="/Game/FirstPersonBP/PostWar/IA/ZombieAnimationBP" FILE="E:/Usuario/Ruben/UNIVERSIDAD/TFG/Postwar/Content/FirstPersonBP/PostWar/IA/ZombieAnimationBP.uasset" SILENT=true
[2017.08.31-19.50.23:298][344]LogSavePackage: Save=208.41ms
[2017.08.31-19.50.23:298][344]LogSavePackage: Moving 'E:/Usuario/Ruben/UNIVERSIDAD/TFG/Postwar/Saved/ZombieAnimationBPA444FE094E3828BA9D94D1A124DA1794.tmp' to 'E:/Usuario/Ruben/UNIVERSIDAD/TFG/Postwar/Content/FirstPersonBP/PostWar/IA/ZombieAnimationBP.uasset'
[2017.08.31-19.50.23:301][344]LogSavePackage:Display: Finished SavePackage E:/Usuario/Ruben/UNIVERSIDAD/TFG/Postwar/Content/FirstPersonBP/PostWar/IA/ZombieAnimationBP.uasset
[2017.08.31-19.50.23:303][344]Cmd: MAP LOAD FILE="E:/Usuario/Ruben/UNIVERSIDAD/TFG/Postwar/Content/FirstPersonBP/PostWar/Niveles/Mapa.umap" TEMPLATE=0 SHOWPROGRESS=1 FEATURELEVEL=3
[2017.08.31-19.50.23:303][344]LightingResults: New page: Lighting Build
[2017.08.31-19.50.23:304][344]LoadErrors: New page: Loading map: Mapa.umap
[2017.08.31-19.50.23:306][344]MapCheck: New page: Map Check
[2017.08.31-19.50.23:306][344]LightingResults: New page: Lighting Build
[2017.08.31-19.50.23:634][344]LogEditorServer: Finished looking for orphan Actors (0.000 secs)
[2017.08.31-19.50.23:735][344]Cmd: MAP CHECKDEP NOCLEARLOG
[2017.08.31-19.50.24:054][344]MapCheck: Info Map check complete: 0 Error(s), 0 Warning(s), took 318.635ms to complete.
[2017.08.31-19.50.24:056][344]LogFileHelpers: Loading map 'Mapa' took 0.755
[2017.08.31-19.53.15:145][245]LogEditorViewport: Clicking on Actor (LMB): StaticMeshActor (Wall7)
[2017.08.31-19.53.20:468][503]LogEditorViewport: Clicking on Actor (LMB): BP_Sky_Sphere_C (BP_Sky_Sphere)
[2017.08.31-19.53.22:157][587]LogRenderer: Reallocating scene render targets to support 1668x888 NumSamples 1 (Frame:4448).
[2017.08.31-19.53.22:219][588]LogRenderer: Reallocating scene render targets to support 1708x888 NumSamples 1 (Frame:4450).
[2017.08.31-19.53.22:336][589]LogRenderer: Reallocating scene render targets to support 1744x888 NumSamples 1 (Frame:4452).
[2017.08.31-19.53.22:455][590]LogRenderer: Reallocating scene render targets to support 1800x888 NumSamples 1 (Frame:4454).
[2017.08.31-19.53.22:557][591]LogRenderer: Reallocating scene render targets to support 1840x888 NumSamples 1 (Frame:4456).
[2017.08.31-19.53.26:402][743]LogEditorViewport: Clicking on Actor (LMB): StaticMeshActor (Wall7)
[2017.08.31-19.53.51:095][947]LogEditorViewport: Clicking on Actor (LMB): StaticMeshActor (light3)
[2017.08.31-19.53.52:926][994]LogEditorViewport: Clicking on Actor (CTRL LMB): StaticMeshActor (light)
[2017.08.31-19.53.53:615][ 17]LogEditorViewport: Clicking on Actor (CTRL LMB): StaticMeshActor (light2)
[2017.08.31-19.53.54:245][ 42]LogEditorViewport: Clicking on Actor (CTRL LMB): StaticMeshActor (light4)
[2017.08.31-19.53.55:029][ 73]LogEditorViewport: Clicking on Actor (CTRL LMB): StaticMeshActor (light6)
[2017.08.31-19.53.55:598][ 94]LogEditorViewport: Clicking on Actor (CTRL LMB): StaticMeshActor (light5)
[2017.08.31-19.54.35:199][280]LogEditorViewport: Clicking on Actor (LMB): BP_Sky_Sphere_C (BP_Sky_Sphere)
[2017.08.31-19.55.29:785][ 41]Cmd: QUIT_EDITOR
[2017.08.31-19.55.29:815][ 41]LogWindowsTextInputMethodSystem:Display: IME system now deactivated.
[2017.08.31-19.55.29:838][ 41]LogExit: Preparing to exit.
[2017.08.31-19.55.31:010][ 41]LogExit: Editor shut down
[2017.08.31-19.55.31:041][ 41]LogExit: Transaction tracking system shut down
[2017.08.31-19.55.31:582][ 41]LogObj: Freed 0b from 0 cluster array pools.
[2017.08.31-19.55.31:582][ 41]LogExit: Object subsystem successfully closed.
[2017.08.31-19.55.31:675][ 41]LogD3D11RHI: Shutdown
[2017.08.31-19.55.31:675][ 41]LogD3D11RHI: CleanupD3DDevice
[2017.08.31-19.55.32:134][ 41]LogD3D11RHI: ~FD3D11DynamicRHI
[2017.08.31-19.55.32:167][ 41]LogModuleManager: Shutting down and abandoning module AnimationEditor (538)
[2017.08.31-19.55.32:167][ 41]LogModuleManager: Shutting down and abandoning module AnimationBlueprintEditor (536)
[2017.08.31-19.55.32:167][ 41]LogModuleManager: Shutting down and abandoning module ClothingSystemEditorInterface (534)
[2017.08.31-19.55.32:167][ 41]LogModuleManager: Shutting down and abandoning module SkeletonEditor (532)
[2017.08.31-19.55.32:167][ 41]LogModuleManager: Shutting down and abandoning module SkeletalMeshEditor (530)
[2017.08.31-19.55.32:167][ 41]LogModuleManager: Shutting down and abandoning module BlueprintGraph (528)
[2017.08.31-19.55.32:167][ 41]LogModuleManager: Shutting down and abandoning module BlueprintProfiler (526)
[2017.08.31-19.55.32:169][ 41]LogModuleManager: Shutting down and abandoning module HierarchicalLODOutliner (524)
[2017.08.31-19.55.32:169][ 41]LogModuleManager: Shutting down and abandoning module CrashTracker (522)
[2017.08.31-19.55.32:169][ 41]LogModuleManager: Shutting down and abandoning module SceneOutliner (520)
[2017.08.31-19.55.32:169][ 41]LogModuleManager: Shutting down and abandoning module AddContentDialog (518)
[2017.08.31-19.55.32:170][ 41]LogDirectoryWatcher: A directory notification for 'D:/Program Files/Epic Games/UE_4.16/FeaturePacks/' was aborted.
[2017.08.31-19.55.32:176][ 41]LogModuleManager: Shutting down and abandoning module WidgetCarousel (517)
[2017.08.31-19.55.32:176][ 41]LogModuleManager: Shutting down and abandoning module EditorWidgets (514)
[2017.08.31-19.55.32:176][ 41]LogModuleManager: Shutting down and abandoning module CollectionManager (512)
[2017.08.31-19.55.32:176][ 41]LogDirectoryWatcher: A directory notification for 'E:/Usuario/Ruben/UNIVERSIDAD/TFG/Postwar/Content/Collections/' was aborted.
[2017.08.31-19.55.32:176][ 41]LogDirectoryWatcher: A directory notification for 'E:/Usuario/Ruben/UNIVERSIDAD/TFG/Postwar/Content/Developers/cripe/Collections/' was aborted.
[2017.08.31-19.55.32:176][ 41]LogDirectoryWatcher: A directory notification for 'E:/Usuario/Ruben/UNIVERSIDAD/TFG/Postwar/Saved/Collections/' was aborted.
[2017.08.31-19.55.32:176][ 41]LogModuleManager: Shutting down and abandoning module StatsViewer (510)
[2017.08.31-19.55.32:177][ 41]LogModuleManager: Shutting down and abandoning module FoliageEdit (508)
[2017.08.31-19.55.32:177][ 41]LogModuleManager: Shutting down and abandoning module LandscapeEditor (506)
[2017.08.31-19.55.32:178][ 41]LogModuleManager: Shutting down and abandoning module MeshPaintMode (504)
[2017.08.31-19.55.32:178][ 41]LogModuleManager: Shutting down and abandoning module SceneDepthPickerMode (502)
[2017.08.31-19.55.32:178][ 41]LogModuleManager: Shutting down and abandoning module ActorPickerMode (500)
[2017.08.31-19.55.32:178][ 41]LogModuleManager: Shutting down and abandoning module GeometryMode (498)
[2017.08.31-19.55.32:178][ 41]LogModuleManager: Shutting down and abandoning module TextureAlignMode (496)
[2017.08.31-19.55.32:178][ 41]LogModuleManager: Shutting down and abandoning module BspMode (494)
[2017.08.31-19.55.32:178][ 41]LogModuleManager: Shutting down and abandoning module HardwareSurvey (492)
[2017.08.31-19.55.32:178][ 41]LogModuleManager: Shutting down and abandoning module SequenceRecorderSections (490)
[2017.08.31-19.55.32:178][ 41]LogModuleManager: Shutting down and abandoning module AutomationWorker (488)
[2017.08.31-19.55.32:178][ 41]LogModuleManager: Shutting down and abandoning module MatineeToLevelSequence (486)
[2017.08.31-19.55.32:179][ 41]LogModuleManager: Shutting down and abandoning module LevelSequenceEditor (484)
[2017.08.31-19.55.32:181][ 41]LogModuleManager: Shutting down and abandoning module PlacementMode (483)
[2017.08.31-19.55.32:181][ 41]LogModuleManager: Shutting down and abandoning module WmfMediaFactory (480)
[2017.08.31-19.55.32:181][ 41]LogModuleManager: Shutting down and abandoning module WmfMediaEditor (478)
[2017.08.31-19.55.32:181][ 41]LogModuleManager: Shutting down and abandoning module AvfMediaFactory (476)
[2017.08.31-19.55.32:181][ 41]LogModuleManager: Shutting down and abandoning module AvfMediaEditor (474)
[2017.08.31-19.55.32:181][ 41]LogModuleManager: Shutting down and abandoning module AndroidMediaFactory (472)
[2017.08.31-19.55.32:181][ 41]LogModuleManager: Shutting down and abandoning module Media (471)
[2017.08.31-19.55.32:181][ 41]LogModuleManager: Shutting down and abandoning module AndroidMediaEditor (468)
[2017.08.31-19.55.32:181][ 41]LogModuleManager: Shutting down and abandoning module CharacterAI (466)
[2017.08.31-19.55.32:181][ 41]LogModuleManager: Shutting down and abandoning module AudioCapture (464)
[2017.08.31-19.55.32:182][ 41]LogModuleManager: Shutting down and abandoning module SequenceRecorder (463)
[2017.08.31-19.55.32:182][ 41]LogModuleManager: Shutting down and abandoning module SmartSnapping (460)
[2017.08.31-19.55.32:182][ 41]LogModuleManager: Shutting down and abandoning module SessionServices (458)
[2017.08.31-19.55.32:182][ 41]LogModuleManager: Shutting down and abandoning module ViewportSnapping (456)
[2017.08.31-19.55.32:182][ 41]LogModuleManager: Shutting down and abandoning module ViewportInteraction (454)
[2017.08.31-19.55.32:182][ 41]LogModuleManager: Shutting down and abandoning module ClothPainter (452)
[2017.08.31-19.55.32:184][ 41]LogModuleManager: Shutting down and abandoning module LogVisualizer (450)
[2017.08.31-19.55.32:185][ 41]LogModuleManager: Shutting down and abandoning module IntroTutorials (448)
[2017.08.31-19.55.32:185][ 41]LogModuleManager: Shutting down and abandoning module GameProjectGeneration (447)
[2017.08.31-19.55.32:186][ 41]LogModuleManager: Shutting down and abandoning module EditorLiveStreaming (444)
[2017.08.31-19.55.32:186][ 41]LogModuleManager: Shutting down and abandoning module IOSPlatformEditor (442)
[2017.08.31-19.55.32:187][ 41]LogModuleManager: Shutting down and abandoning module HTML5PlatformEditor (440)
[2017.08.31-19.55.32:187][ 41]LogModuleManager: Shutting down and abandoning module AndroidPlatformEditor (438)
[2017.08.31-19.55.32:187][ 41]LogModuleManager: Shutting down and abandoning module AndroidDeviceDetection (437)
[2017.08.31-19.55.32:289][ 41]LogModuleManager: Shutting down and abandoning module IOSRuntimeSettings (434)
[2017.08.31-19.55.32:289][ 41]LogModuleManager: Shutting down and abandoning module AndroidRuntimeSettings (432)
[2017.08.31-19.55.32:289][ 41]LogModuleManager: Shutting down and abandoning module InputBindingEditor (430)
[2017.08.31-19.55.32:291][ 41]LogModuleManager: Shutting down and abandoning module MergeActors (428)
[2017.08.31-19.55.32:291][ 41]LogModuleManager: Shutting down and abandoning module SizeMap (426)
[2017.08.31-19.55.32:291][ 41]LogModuleManager: Shutting down and abandoning module TreeMap (424)
[2017.08.31-19.55.32:291][ 41]LogModuleManager: Shutting down and abandoning module ReferenceViewer (422)
[2017.08.31-19.55.32:292][ 41]LogModuleManager: Shutting down and abandoning module LocalizationDashboard (420)
[2017.08.31-19.55.32:292][ 41]LogModuleManager: Shutting down and abandoning module LocalizationService (419)
[2017.08.31-19.55.32:292][ 41]LogModuleManager: Shutting down and abandoning module HardwareTargeting (416)
[2017.08.31-19.55.32:292][ 41]LogModuleManager: Shutting down and abandoning module DeviceProfileEditor (414)
[2017.08.31-19.55.32:293][ 41]LogModuleManager: Shutting down and abandoning module UndoHistory (412)
[2017.08.31-19.55.32:293][ 41]LogModuleManager: Shutting down and abandoning module UserFeedback (410)
[2017.08.31-19.55.32:293][ 41]LogModuleManager: Shutting down and abandoning module XmlParser (408)
[2017.08.31-19.55.32:293][ 41]LogModuleManager: Shutting down and abandoning module Blutility (406)
[2017.08.31-19.55.32:293][ 41]LogModuleManager: Shutting down and abandoning module ProjectSettingsViewer (404)
[2017.08.31-19.55.32:294][ 41]LogModuleManager: Shutting down and abandoning module ProjectTargetPlatformEditor (403)
[2017.08.31-19.55.32:294][ 41]LogModuleManager: Shutting down and abandoning module EditorSettingsViewer (400)
[2017.08.31-19.55.32:294][ 41]LogModuleManager: Shutting down and abandoning module SettingsEditor (398)
[2017.08.31-19.55.32:294][ 41]LogModuleManager: Shutting down and abandoning module ProjectLauncher (396)
[2017.08.31-19.55.32:295][ 41]LogModuleManager: Shutting down and abandoning module SessionFrontend (394)
[2017.08.31-19.55.32:296][ 41]LogModuleManager: Shutting down and abandoning module ProfilerClient (392)
[2017.08.31-19.55.32:296][ 41]LogModuleManager: Shutting down and abandoning module DeviceManager (390)
[2017.08.31-19.55.32:297][ 41]LogModuleManager: Shutting down and abandoning module TargetDeviceServices (389)
[2017.08.31-19.55.32:360][ 41]LogModuleManager: Shutting down and abandoning module AutomationController (386)
[2017.08.31-19.55.32:361][ 41]LogModuleManager: Shutting down and abandoning module AutomationWindow (384)
[2017.08.31-19.55.32:362][ 41]LogModuleManager: Shutting down and abandoning module Layers (382)
[2017.08.31-19.55.32:363][ 41]LogModuleManager: Shutting down and abandoning module ComponentVisualizers (380)
[2017.08.31-19.55.32:363][ 41]LogModuleManager: Shutting down and abandoning module DetailCustomizations (378)
[2017.08.31-19.55.32:364][ 41]LogModuleManager: Shutting down and abandoning module PackagesDialog (376)
[2017.08.31-19.55.32:364][ 41]LogModuleManager: Shutting down and abandoning module Persona (374)
[2017.08.31-19.55.32:364][ 41]LogModuleManager: Shutting down and abandoning module AdvancedPreviewScene (373)
[2017.08.31-19.55.32:364][ 41]LogModuleManager: Shutting down and abandoning module AnimGraph (371)
[2017.08.31-19.55.32:364][ 41]LogModuleManager: Shutting down and abandoning module Kismet (368)
[2017.08.31-19.55.32:377][ 41]LogModuleManager: Shutting down and abandoning module ClassViewer (366)
[2017.08.31-19.55.32:377][ 41]LogModuleManager: Shutting down and abandoning module Toolbox (364)
[2017.08.31-19.55.32:377][ 41]LogModuleManager: Shutting down and abandoning module ModuleUI (362)
[2017.08.31-19.55.32:378][ 41]LogModuleManager: Shutting down and abandoning module MovieSceneTools (360)
[2017.08.31-19.55.32:379][ 41]LogModuleManager: Shutting down and abandoning module OutputLog (358)
[2017.08.31-19.55.32:380][ 41]LogModuleManager: Shutting down and abandoning module GammaUI (356)
[2017.08.31-19.55.32:380][ 41]LogModuleManager: Shutting down and abandoning module Documentation (354)
[2017.08.31-19.55.32:380][ 41]LogModuleManager: Shutting down and abandoning module MovieSceneTracks (352)
[2017.08.31-19.55.32:380][ 41]LogModuleManager: Shutting down and abandoning module MovieScene (350)
[2017.08.31-19.55.32:380][ 41]LogModuleManager: Shutting down and abandoning module Niagara (348)
[2017.08.31-19.55.32:380][ 41]LogModuleManager: Shutting down and abandoning module NiagaraEditor (347)
[2017.08.31-19.55.32:382][ 41]LogModuleManager: Shutting down and abandoning module StreamingPauseRendering (344)
[2017.08.31-19.55.32:382][ 41]LogModuleManager: Shutting down and abandoning module AnalyticsET (342)
[2017.08.31-19.55.32:382][ 41]LogModuleManager: Shutting down and abandoning module PortalServices (340)
[2017.08.31-19.55.32:383][ 41]LogModuleManager: Shutting down and abandoning module PortalRpc (338)
[2017.08.31-19.55.32:383][ 41]LogModuleManager: Shutting down and abandoning module MessagingRpc (336)
[2017.08.31-19.55.32:383][ 41]LogModuleManager: Shutting down and abandoning module AIModule (334)
[2017.08.31-19.55.32:383][ 41]LogModuleManager: Shutting down and abandoning module GameplayDebugger (333)
[2017.08.31-19.55.32:383][ 41]LogModuleManager: Shutting down and abandoning module AITestSuite (331)
[2017.08.31-19.55.32:384][ 41]LogModuleManager: Shutting down and abandoning module ProfilerService (328)
[2017.08.31-19.55.32:428][ 41]LogModuleManager: Shutting down and abandoning module TaskGraph (326)
[2017.08.31-19.55.32:429][ 41]LogModuleManager: Shutting down and abandoning module SteamVRController (324)
[2017.08.31-19.55.32:429][ 41]LogModuleManager: Shutting down and abandoning module SteamVR (322)
[2017.08.31-19.55.32:429][ 41]LogModuleManager: Shutting down and abandoning module ProceduralMeshComponentEditor (320)
[2017.08.31-19.55.32:429][ 41]LogModuleManager: Shutting down and abandoning module ProceduralMeshComponent (318)
[2017.08.31-19.55.32:429][ 41]LogModuleManager: Shutting down and abandoning module OculusLibrary (316)
[2017.08.31-19.55.32:429][ 41]LogModuleManager: Shutting down and abandoning module OculusInput (314)
[2017.08.31-19.55.32:429][ 41]LogModuleManager: Shutting down and abandoning module MobilePatchingUtils (312)
[2017.08.31-19.55.32:429][ 41]LogModuleManager: Shutting down and abandoning module CustomMeshComponent (310)
[2017.08.31-19.55.32:429][ 41]LogModuleManager: Shutting down and abandoning module CableComponent (308)
[2017.08.31-19.55.32:429][ 41]LogModuleManager: Shutting down and abandoning module ArchVisCharacter (306)
[2017.08.31-19.55.32:429][ 41]LogModuleManager: Shutting down and abandoning module AndroidPermission (304)
[2017.08.31-19.55.32:429][ 41]LogModuleManager: Shutting down and abandoning module MediaPlayerEditor (300)
[2017.08.31-19.55.32:431][ 41]LogModuleManager: Shutting down and abandoning module HTML5Networking (298)
[2017.08.31-19.55.32:431][ 41]LogModuleManager: Shutting down and abandoning module AlembicImporter (296)
[2017.08.31-19.55.32:431][ 41]LogModuleManager: Shutting down and abandoning module AlembicLibrary (295)
[2017.08.31-19.55.32:431][ 41]LogModuleManager: Shutting down and abandoning module GeometryCache (294)
[2017.08.31-19.55.32:431][ 41]LogModuleManager: Shutting down and abandoning module GeometryCacheEd (293)
[2017.08.31-19.55.32:431][ 41]LogModuleManager: Shutting down and abandoning module SuperSearchEditor (288)
[2017.08.31-19.55.32:431][ 41]LogModuleManager: Shutting down and abandoning module SuperSearch (287)
[2017.08.31-19.55.32:431][ 41]LogModuleManager: Shutting down and abandoning module SpeedTreeImporter (284)
[2017.08.31-19.55.32:431][ 41]LogModuleManager: Shutting down and abandoning module PluginBrowser (282)
[2017.08.31-19.55.32:432][ 41]LogModuleManager: Shutting down and abandoning module MobileLauncherProfileWizard (280)
[2017.08.31-19.55.32:433][ 41]LogModuleManager: Shutting down and abandoning module VisualStudioSourceCodeAccess (278)
[2017.08.31-19.55.32:433][ 41]LogModuleManager: Shutting down and abandoning module DesktopPlatform (277)
[2017.08.31-19.55.32:433][ 41]LogModuleManager: Shutting down and abandoning module UObjectPlugin (274)
[2017.08.31-19.55.32:433][ 41]LogModuleManager: Shutting down and abandoning module SubversionSourceControl (272)
[2017.08.31-19.55.32:434][ 41]LogModuleManager: Shutting down and abandoning module PerforceSourceControl (270)
[2017.08.31-19.55.32:434][ 41]LogModuleManager: Shutting down and abandoning module GitSourceControl (268)
[2017.08.31-19.55.32:435][ 41]LogModuleManager: Shutting down and abandoning module SourceControl (267)
[2017.08.31-19.55.32:435][ 41]LogModuleManager: Shutting down and abandoning module LightPropagationVolumeEditor (264)
[2017.08.31-19.55.32:435][ 41]LogModuleManager: Shutting down and abandoning module PaperTiledImporter (262)
[2017.08.31-19.55.32:435][ 41]LogModuleManager: Shutting down and abandoning module PaperSpriteSheetImporter (260)
[2017.08.31-19.55.32:435][ 41]LogModuleManager: Shutting down and abandoning module Paper2DEditor (258)
[2017.08.31-19.55.32:436][ 41]LogModuleManager: Shutting down and abandoning module MeshPaint (257)
[2017.08.31-19.55.32:436][ 41]LogModuleManager: Shutting down and abandoning module LevelEditor (255)
[2017.08.31-19.55.32:438][ 41]LogModuleManager: Shutting down and abandoning module PixelInspectorModule (254)
[2017.08.31-19.55.32:438][ 41]LogModuleManager: Shutting down and abandoning module MainFrame (252)
[2017.08.31-19.55.32:439][ 41]LogModuleManager: Shutting down and abandoning module HotReload (251)
[2017.08.31-19.55.32:439][ 41]LogModuleManager: Shutting down and abandoning module PhysXVehiclesEditor (246)
[2017.08.31-19.55.32:440][ 41]LogModuleManager: Shutting down and abandoning module PhysXVehicles (244)
[2017.08.31-19.55.32:440][ 41]LogModuleManager: Shutting down and abandoning module LocationServicesBPLibrary (242)
[2017.08.31-19.55.32:440][ 41]LogModuleManager: Shutting down and abandoning module ImmediatePhysicsEditor (240)
[2017.08.31-19.55.32:440][ 41]LogModuleManager: Shutting down and abandoning module ImmediatePhysics (238)
[2017.08.31-19.55.32:440][ 41]LogModuleManager: Shutting down and abandoning module UdpMessaging (236)
[2017.08.31-19.55.32:540][ 41]LogModuleManager: Shutting down and abandoning module TcpMessaging (234)
[2017.08.31-19.55.32:642][ 41]LogModuleManager: Shutting down and abandoning module GameplayTagsEditor (232)
[2017.08.31-19.55.32:643][ 41]LogModuleManager: Shutting down and abandoning module FacialAnimationEditor (230)
[2017.08.31-19.55.32:643][ 41]LogModuleManager: Shutting down and abandoning module FacialAnimation (228)
[2017.08.31-19.55.32:643][ 41]LogModuleManager: Shutting down and abandoning module AssetManagerEditor (226)
[2017.08.31-19.55.32:644][ 41]LogModuleManager: Shutting down and abandoning module GraphEditor (225)
[2017.08.31-19.55.32:644][ 41]LogModuleManager: Shutting down and abandoning module ContentBrowser (223)
[2017.08.31-19.55.32:646][ 41]LogModuleManager: Shutting down and abandoning module LightPropagationVolumeRuntime (220)
[2017.08.31-19.55.32:646][ 41]LogModuleManager: Shutting down and abandoning module Paper2D (218)
[2017.08.31-19.55.32:646][ 41]LogModuleManager: Shutting down and abandoning module WindowsMoviePlayer (216)
[2017.08.31-19.55.32:646][ 41]LogModuleManager: Shutting down and abandoning module WmfMedia (214)
[2017.08.31-19.55.32:646][ 41]LogModuleManager: Shutting down and abandoning module ClothingSystemEditor (212)
[2017.08.31-19.55.32:647][ 41]LogModuleManager: Shutting down and abandoning module ClothingSystemRuntime (210)
[2017.08.31-19.55.32:647][ 41]LogModuleManager: Shutting down and abandoning module MediaAssets (208)
[2017.08.31-19.55.32:647][ 41]LogModuleManager: Shutting down and abandoning module GameLiveStreaming (206)
[2017.08.31-19.55.32:648][ 41]LogModuleManager: Shutting down and abandoning module VREditor (204)
[2017.08.31-19.55.32:648][ 41]LogModuleManager: Shutting down and abandoning module StringTableEditor (202)
[2017.08.31-19.55.32:649][ 41]LogModuleManager: Shutting down and abandoning module GameplayTasksEditor (200)
[2017.08.31-19.55.32:649][ 41]LogModuleManager: Shutting down and abandoning module BehaviorTreeEditor (198)
[2017.08.31-19.55.32:649][ 41]LogModuleManager: Shutting down and abandoning module FunctionalTesting (196)
[2017.08.31-19.55.32:649][ 41]LogModuleManager: Shutting down and abandoning module CollisionAnalyzer (194)
[2017.08.31-19.55.32:650][ 41]LogModuleManager: Shutting down and abandoning module UMG (192)
[2017.08.31-19.55.32:650][ 41]LogModuleManager: Shutting down and abandoning module UMGEditor (191)
[2017.08.31-19.55.32:652][ 41]LogModuleManager: Shutting down and abandoning module Sequencer (190)
[2017.08.31-19.55.32:653][ 41]LogModuleManager: Shutting down and abandoning module AssetTools (188)
[2017.08.31-19.55.32:655][ 41]LogModuleManager: Shutting down and abandoning module MessageLog (187)
[2017.08.31-19.55.32:655][ 41]LogModuleManager: Shutting down and abandoning module WorkspaceMenuStructure (186)
[2017.08.31-19.55.32:655][ 41]LogModuleManager: Shutting down and abandoning module SlateReflector (180)
[2017.08.31-19.55.32:657][ 41]LogModuleManager: Shutting down and abandoning module Slate (178)
[2017.08.31-19.55.32:657][ 41]LogModuleManager: Shutting down and abandoning module EditorStyle (176)
[2017.08.31-19.55.32:660][ 41]LogModuleManager: Shutting down and abandoning module SourceCodeAccess (174)
[2017.08.31-19.55.32:660][ 41]LogModuleManager: Shutting down and abandoning module HeadMountedDisplay (172)
[2017.08.31-19.55.32:660][ 41]LogModuleManager: Shutting down and abandoning module XAudio2 (170)
[2017.08.31-19.55.32:660][ 41]LogModuleManager: Shutting down and abandoning module Networking (168)
[2017.08.31-19.55.32:660][ 41]LogModuleManager: Shutting down and abandoning module Core (164)
[2017.08.31-19.55.32:660][ 41]LogModuleManager: Shutting down and abandoning module AssetRegistry (162)
[2017.08.31-19.55.32:895][ 41]LogDirectoryWatcher: A directory notification for '../../../Engine/Content/' was aborted.
[2017.08.31-19.55.32:895][ 41]LogDirectoryWatcher: A directory notification for 'E:/Usuario/Ruben/UNIVERSIDAD/TFG/Postwar/Content/' was aborted.
[2017.08.31-19.55.32:895][ 41]LogDirectoryWatcher: A directory notification for '../../../Engine/Plugins/2D/Paper2D/Content/' was aborted.
[2017.08.31-19.55.32:895][ 41]LogDirectoryWatcher: A directory notification for '../../../Engine/Plugins/Runtime/GearVR/Content/' was aborted.
[2017.08.31-19.55.32:908][ 41]LogModuleManager: Shutting down and abandoning module DirectoryWatcher (161)
[2017.08.31-19.55.32:913][ 41]LogModuleManager: Shutting down and abandoning module KismetCompiler (158)
[2017.08.31-19.55.32:913][ 41]LogModuleManager: Shutting down and abandoning module LevelSequence (156)
[2017.08.31-19.55.32:913][ 41]LogModuleManager: Shutting down and abandoning module PhysXFormats (154)
[2017.08.31-19.55.32:913][ 41]LogModuleManager: Shutting down and abandoning module MeshUtilities (152)
[2017.08.31-19.55.32:914][ 41]LogModuleManager: Shutting down and abandoning module SimplygonSwarm (151)
[2017.08.31-19.55.32:915][ 41]LogModuleManager: Shutting down and abandoning module SimplygonMeshReduction (149)
[2017.08.31-19.55.32:915][ 41]LogModuleManager: Shutting down and abandoning module QuadricMeshReduction (147)
[2017.08.31-19.55.32:915][ 41]LogModuleManager: Shutting down and abandoning module DerivedDataCache (144)
[2017.08.31-19.55.32:993][ 41]LogDerivedDataCache: Shutdown
[2017.08.31-19.55.32:993][ 41]LogModuleManager: Shutting down and abandoning module TargetPlatform (142)
[2017.08.31-19.55.32:993][ 41]LogModuleManager: Shutting down and abandoning module VulkanShaderFormat (141)
[2017.08.31-19.55.32:995][ 41]LogModuleManager: Shutting down and abandoning module ShaderFormatVectorVM (139)
[2017.08.31-19.55.32:996][ 41]LogModuleManager: Shutting down and abandoning module ShaderFormatOpenGL (137)
[2017.08.31-19.55.32:996][ 41]LogModuleManager: Shutting down and abandoning module ShaderFormatD3D (135)
[2017.08.31-19.55.32:996][ 41]LogModuleManager: Shutting down and abandoning module MetalShaderFormat (133)
[2017.08.31-19.55.32:997][ 41]LogModuleManager: Shutting down and abandoning module TextureFormatUncompressed (131)
[2017.08.31-19.55.32:997][ 41]LogModuleManager: Shutting down and abandoning module TextureFormatPVR (129)
[2017.08.31-19.55.32:997][ 41]LogModuleManager: Shutting down and abandoning module TextureFormatDXT (127)
[2017.08.31-19.55.32:997][ 41]LogModuleManager: Shutting down and abandoning module TextureFormatIntelISPCTexComp (125)
[2017.08.31-19.55.32:997][ 41]LogModuleManager: Shutting down and abandoning module TextureFormatASTC (123)
[2017.08.31-19.55.32:997][ 41]LogModuleManager: Shutting down and abandoning module ImageWrapper (122)
[2017.08.31-19.55.32:997][ 41]LogModuleManager: Shutting down and abandoning module TextureFormatAndroid (119)
[2017.08.31-19.55.32:997][ 41]LogModuleManager: Shutting down and abandoning module AudioFormatOpus (117)
[2017.08.31-19.55.32:997][ 41]LogModuleManager: Shutting down and abandoning module AudioFormatOgg (115)
[2017.08.31-19.55.32:997][ 41]LogModuleManager: Shutting down and abandoning module AudioFormatADPCM (113)
[2017.08.31-19.55.32:997][ 41]LogModuleManager: Shutting down and abandoning module LinuxTargetPlatform (111)
[2017.08.31-19.55.32:998][ 41]LogModuleManager: Shutting down and abandoning module LinuxServerTargetPlatform (109)
[2017.08.31-19.55.32:998][ 41]LogModuleManager: Shutting down and abandoning module LinuxNoEditorTargetPlatform (107)
[2017.08.31-19.55.32:998][ 41]LogModuleManager: Shutting down and abandoning module LinuxClientTargetPlatform (105)
[2017.08.31-19.55.32:998][ 41]LogModuleManager: Shutting down and abandoning module TVOSTargetPlatform (103)
[2017.08.31-19.55.32:998][ 41]LogModuleManager: Shutting down and abandoning module Messaging (101)
[2017.08.31-19.55.32:998][ 41]LogModuleManager: Shutting down and abandoning module IOSTargetPlatform (99)
[2017.08.31-19.55.32:998][ 41]LogModuleManager: Shutting down and abandoning module HTML5TargetPlatform (97)
[2017.08.31-19.55.32:998][ 41]LogModuleManager: Shutting down and abandoning module Android_PVRTCTargetPlatform (95)
[2017.08.31-19.55.32:998][ 41]LogModuleManager: Shutting down and abandoning module Android_MultiTargetPlatform (93)
[2017.08.31-19.55.32:998][ 41]LogModuleManager: Shutting down and abandoning module Android_ETC2TargetPlatform (91)
[2017.08.31-19.55.32:998][ 41]LogModuleManager: Shutting down and abandoning module Android_ETC1TargetPlatform (89)
[2017.08.31-19.55.32:998][ 41]LogModuleManager: Shutting down and abandoning module Android_DXTTargetPlatform (87)
[2017.08.31-19.55.32:998][ 41]LogModuleManager: Shutting down and abandoning module Android_ATCTargetPlatform (85)
[2017.08.31-19.55.32:998][ 41]LogModuleManager: Shutting down and abandoning module Android_ASTCTargetPlatform (83)
[2017.08.31-19.55.32:998][ 41]LogModuleManager: Shutting down and abandoning module AndroidTargetPlatform (81)
[2017.08.31-19.55.32:998][ 41]LogModuleManager: Shutting down and abandoning module WindowsTargetPlatform (79)
[2017.08.31-19.55.32:998][ 41]LogModuleManager: Shutting down and abandoning module WindowsServerTargetPlatform (77)
[2017.08.31-19.55.32:998][ 41]LogModuleManager: Shutting down and abandoning module WindowsNoEditorTargetPlatform (75)
[2017.08.31-19.55.32:998][ 41]LogModuleManager: Shutting down and abandoning module WindowsClientTargetPlatform (73)
[2017.08.31-19.55.32:998][ 41]LogModuleManager: Shutting down and abandoning module MacTargetPlatform (71)
[2017.08.31-19.55.32:998][ 41]LogModuleManager: Shutting down and abandoning module MacServerTargetPlatform (69)
[2017.08.31-19.55.32:998][ 41]LogModuleManager: Shutting down and abandoning module MacNoEditorTargetPlatform (67)
[2017.08.31-19.55.32:998][ 41]LogModuleManager: Shutting down and abandoning module MacClientTargetPlatform (65)
[2017.08.31-19.55.32:999][ 41]LogModuleManager: Shutting down and abandoning module AllDesktopTargetPlatform (63)
[2017.08.31-19.55.32:999][ 41]LogModuleManager: Shutting down and abandoning module InputCore (60)
[2017.08.31-19.55.32:999][ 41]LogModuleManager: Shutting down and abandoning module Settings (58)
[2017.08.31-19.55.32:999][ 41]LogModuleManager: Shutting down and abandoning module OculusRift (56)
[2017.08.31-19.55.32:999][ 41]LogModuleManager: Shutting down and abandoning module GearVRController (54)
[2017.08.31-19.55.32:999][ 41]LogModuleManager: Shutting down and abandoning module GearVR (52)
[2017.08.31-19.55.33:000][ 41]LogModuleManager: Shutting down and abandoning module ExampleDeviceProfileSelector (50)
[2017.08.31-19.55.33:000][ 41]LogModuleManager: Shutting down and abandoning module OnlineBlueprintSupport (48)
[2017.08.31-19.55.33:000][ 41]LogModuleManager: Shutting down and abandoning module OnlineSubsystem (44)
[2017.08.31-19.55.33:000][ 41]LogOnline:Display: Unloading online subsystem: NULL
[2017.08.31-19.55.33:001][ 41]LogModuleManager: Shutting down and abandoning module XMPP (43)
[2017.08.31-19.55.33:003][ 41]LogModuleManager: Shutting down and abandoning module HTTP (41)
[2017.08.31-19.55.33:003][ 41]LogHttp:Display: Http module shutting down, but needs to wait on 1 outstanding Http requests:
[2017.08.31-19.55.33:003][ 41]LogHttp:Display: 	verb=[POST] url=[https://datarouter.ol.epicgames.com/datarouter/api/v1/public/data?SessionID=%7B2649164F-419C-4170-39BF-53B77509BF4E%7D&AppID=UEEditor.Rocket.Release&AppVersion=4.16.2-3514769%2B%2B%2BUE4%2BRelease-4.16&UserID=78865e4d4a8ae815e8d400bc6125e577%7C5361294e5f654db5881228f5582e9124%7C456667b1-22e8-45ef-a524-8410a492a64f&AppEnvironment=datacollector-binary&UploadType=eteventstream] status=Processing
[2017.08.31-19.55.33:011][ 41]LogModuleManager: Shutting down and abandoning module SSL (40)
[2017.08.31-19.55.33:015][ 41]LogModuleManager: Shutting down and abandoning module HTTPChunkInstaller (36)
[2017.08.31-19.55.33:016][ 41]LogModuleManager: Shutting down and abandoning module AnimationModifiers (34)
[2017.08.31-19.55.33:016][ 41]LogModuleManager: Shutting down and abandoning module PropertyEditor (33)
[2017.08.31-19.55.33:017][ 41]LogModuleManager: Shutting down and abandoning module AudioEditor (30)
[2017.08.31-19.55.33:017][ 41]LogModuleManager: Shutting down and abandoning module TextureCompressor (28)
[2017.08.31-19.55.33:017][ 41]LogModuleManager: Shutting down and abandoning module ShaderCore (26)
[2017.08.31-19.55.33:017][ 41]LogModuleManager: Shutting down and abandoning module Landscape (24)
[2017.08.31-19.55.33:017][ 41]LogModuleManager: Shutting down and abandoning module SlateRHIRenderer (22)
[2017.08.31-19.55.33:024][ 41]LogModuleManager: Shutting down and abandoning module OpenGLDrv (20)
[2017.08.31-19.55.33:025][ 41]LogModuleManager: Shutting down and abandoning module D3D11RHI (18)
[2017.08.31-19.55.33:025][ 41]LogModuleManager: Shutting down and abandoning module AnimGraphRuntime (16)
[2017.08.31-19.55.33:025][ 41]LogModuleManager: Shutting down and abandoning module Renderer (14)
[2017.08.31-19.55.33:025][ 41]LogModuleManager: Shutting down and abandoning module Engine (12)
[2017.08.31-19.55.33:025][ 41]LogModuleManager: Shutting down and abandoning module CoreUObject (10)
[2017.08.31-19.55.33:025][ 41]LogModuleManager: Shutting down and abandoning module NetworkFile (8)
[2017.08.31-19.55.33:025][ 41]LogModuleManager: Shutting down and abandoning module StreamingFile (6)
[2017.08.31-19.55.33:025][ 41]LogModuleManager: Shutting down and abandoning module SandboxFile (4)
[2017.08.31-19.55.33:025][ 41]LogModuleManager: Shutting down and abandoning module PakFile (2)
[2017.08.31-19.55.33:052][ 41]LogExit: Exiting.
[2017.08.31-19.55.33:079][ 41]Log file closed, 08/31/17 21:55:33
