Log file open, 08/22/17 11:16:11
LogInit:Display: Running engine for game: Postwar
LogPlatformFile: Not using cached read wrapper
LogInit:Display: RandInit(-928715604) SRandInit(-928715604).
LogTaskGraph: Started task graph with 5 named threads and 8 total threads with 1 sets of task threads.
LogStats: Stats thread started at 0.564418
LogInit: Using libcurl 7.47.1
LogInit:  - built for x86_64-pc-win32
LogInit:  - supports SSL with OpenSSL/1.0.2g
LogInit:  - supports HTTP deflate (compression) using libz 1.2.8
LogInit:  - other features:
LogInit:      CURL_VERSION_SSL
LogInit:      CURL_VERSION_LIBZ
LogInit:      CURL_VERSION_IPV6
LogInit:      CURL_VERSION_ASYNCHDNS
LogInit:      CURL_VERSION_LARGEFILE
LogInit:      CURL_VERSION_IDN
LogInit:  CurlRequestOptions (configurable via config and command line):
LogInit:  - bVerifyPeer = false  - Libcurl will NOT verify peer certificate
LogInit:  - bUseHttpProxy = false  - Libcurl will NOT use HTTP proxy
LogInit:  - bDontReuseConnections = false  - Libcurl will reuse connections
LogInit:  - CertBundlePath = nullptr  - Libcurl will use whatever was configured at build time.
LogInit: Build: ++UE4+Release-4.16-CL-3514769
LogInit: Engine Version: 4.16.2-3514769+++UE4+Release-4.16
LogInit: Compatible Engine Version: 4.16.0-3452394+++UE4+Release-4.16
LogInit: Net CL: 3452394
LogDevObjectVersion: Number of dev versions registered: 16
LogDevObjectVersion:   Dev-Blueprints (B0D832E4-1F89-4F0D-ACCF-7EB736FD4AA2): 9
LogDevObjectVersion:   Dev-Build (E1C64328-A22C-4D53-A36C-8E866417BD8C): 0
LogDevObjectVersion:   Dev-Core (375EC13C-06E4-48FB-B500-84F0262A717E): 2
LogDevObjectVersion:   Dev-Editor (E4B068ED-F494-42E9-A231-DA0B2E46BB41): 17
LogDevObjectVersion:   Dev-Framework (CFFC743F-43B0-4480-9391-14DF171D2073): 23
LogDevObjectVersion:   Dev-Mobile (B02B49B5-BB20-44E9-A304-32B752E40360): 0
LogDevObjectVersion:   Dev-Networking (A4E4105C-59A1-49B5-A7C5-40C4547EDFEE): 0
LogDevObjectVersion:   Dev-Online (39C831C9-5AE6-47DC-9A44-9C173E1C8E7C): 0
LogDevObjectVersion:   Dev-Physics (78F01B33-EBEA-4F98-B9B4-84EACCB95AA2): 0
LogDevObjectVersion:   Dev-Platform (6631380F-2D4D-43E0-8009-CF276956A95A): 0
LogDevObjectVersion:   Dev-Rendering (12F88B9F-8875-4AFC-A67C-D90C383ABD29): 15
LogDevObjectVersion:   Dev-Sequencer (7B5AE74C-D270-4C10-A958-57980B212A5A): 4
LogDevObjectVersion:   Dev-VR (D7296918-1DD6-4BDD-9DE2-64A83CC13884): 0
LogDevObjectVersion:   Dev-LoadTimes (C2A15278-BFE7-4AFE-6C17-90FF531DF755): 1
LogDevObjectVersion:   Private-Geometry (6EACA3D4-40EC-4CC1-B786-8BED09428FC5): 1
LogDevObjectVersion:   Dev-AnimPhys (29E575DD-E0A3-4627-9D10-D276232CDCEA): 3
LogInit: Compiled (64-bit): Jun 29 2017 02:03:24
LogInit: Compiled with Visual C++: 19.00.24215.01
LogInit: Build Configuration: Development
LogInit: Branch Name: ++UE4+Release-4.16
LogInit: Command line:  
LogInit: Base directory: D:/Program Files/Epic Games/UE_4.16/Engine/Binaries/Win64/
LogInit: Installed Engine Build: 1
LogInit: Presizing for max 8388607 objects, including 0 objects not considered by GC, pre-allocating 0 bytes for permanent pool.
LogInit: Object subsystem initialized
[2017.08.22-09.16.11:688][  0]LogInit: Selected Device Profile: [Windows]
[2017.08.22-09.16.11:688][  0]LogInit: Applying CVar settings loaded from the selected device profile: [Windows]
[2017.08.22-09.16.11:714][  0]LogInit: Computer: DESKTOP-T9NOKQO
[2017.08.22-09.16.11:714][  0]LogInit: User: cripe
[2017.08.22-09.16.11:714][  0]LogInit: CPU Page size=4096, Cores=4
[2017.08.22-09.16.11:714][  0]LogInit: High frequency timer resolution =2.435765 MHz
[2017.08.22-09.16.11:715][  0]LogMemory: Memory total: Physical=15.9GB (16GB approx)
[2017.08.22-09.16.11:715][  0]LogMemory: Platform Memory Stats for Windows
[2017.08.22-09.16.11:715][  0]LogMemory: Process Physical Memory: 274.57 MB used, 274.57 MB peak
[2017.08.22-09.16.11:715][  0]LogMemory: Process Virtual Memory: 263.25 MB used, 263.25 MB peak
[2017.08.22-09.16.11:715][  0]LogMemory: Physical Memory: 6287.97 MB used,  10015.17 MB free, 16303.14 MB total
[2017.08.22-09.16.11:715][  0]LogMemory: Virtual Memory: 626.64 MB used,  10015.17 MB free, 134217728.00 MB total
[2017.08.22-09.16.11:879][  0]LogInit: Overriding language with editor language configuration option (en).
[2017.08.22-09.16.11:879][  0]LogInit: Overriding locale with editor locale configuration option (en).
[2017.08.22-09.16.13:284][  0]LogD3D11RHI: D3D11 adapters:
[2017.08.22-09.16.14:094][  0]LogD3D11RHI:    0. 'NVIDIA GeForce GTX 860M' (Feature Level 11_0)
[2017.08.22-09.16.14:094][  0]LogD3D11RHI:       2017/0/8151 MB DedicatedVideo/DedicatedSystem/SharedSystem, Outputs:2, VendorId:0x10de
[2017.08.22-09.16.14:102][  0]LogD3D11RHI:    1. 'Intel(R) HD Graphics 4600' (Feature Level 11_0)
[2017.08.22-09.16.14:102][  0]LogD3D11RHI:       112/0/2048 MB DedicatedVideo/DedicatedSystem/SharedSystem, Outputs:0, VendorId:0x8086
[2017.08.22-09.16.14:105][  0]LogD3D11RHI:    2. 'Microsoft Basic Render Driver' (Feature Level 11_0)
[2017.08.22-09.16.14:105][  0]LogD3D11RHI:       0/0/8151 MB DedicatedVideo/DedicatedSystem/SharedSystem, Outputs:0, VendorId:0x1414
[2017.08.22-09.16.14:105][  0]LogD3D11RHI: Chosen D3D11 Adapter: 0
[2017.08.22-09.16.14:115][  0]LogD3D11RHI: Creating new Direct3DDevice
[2017.08.22-09.16.14:115][  0]LogD3D11RHI:     GPU DeviceId: 0x119a (for the marketing name, search the web for "GPU Device Id")
[2017.08.22-09.16.14:115][  0]LogWindows: EnumDisplayDevices:
[2017.08.22-09.16.14:115][  0]LogWindows:    0. 'Intel(R) HD Graphics 4600' (P:1 D:1)
[2017.08.22-09.16.14:116][  0]LogWindows:    1. 'Intel(R) HD Graphics 4600' (P:0 D:1)
[2017.08.22-09.16.14:116][  0]LogWindows:    2. 'Intel(R) HD Graphics 4600' (P:0 D:0)
[2017.08.22-09.16.14:116][  0]LogWindows: DebugString: PrimaryIsNotTheChoosenAdapter PrimaryIsNotTheChoosenAdapter PrimaryIsNotTheChoosenAdapter FoundDriverCount:0 
[2017.08.22-09.16.14:116][  0]LogD3D11RHI:     Adapter Name: NVIDIA GeForce GTX 860M
[2017.08.22-09.16.14:116][  0]LogD3D11RHI:   Driver Version: Unknown (internal:Unknown, unified:Unknown)
[2017.08.22-09.16.14:116][  0]LogD3D11RHI:      Driver Date: Unknown
[2017.08.22-09.16.14:116][  0]LogRHI: Texture pool is 1361 MB (70% of 1945 MB)
[2017.08.22-09.16.14:839][  0]LogD3D11RHI: Async texture creation enabled
[2017.08.22-09.16.14:897][  0]LogD3D11RHI: GPU Timing Frequency: 1000.000000 (Debug: 2 2)
[2017.08.22-09.16.14:905][  0]LogShaderCompilers: Guid format shader working directory is 5 characters bigger than the processId version (E:/Usuario/Ruben/UNIVERSIDAD/TFG/Postwar/Intermediate/Shaders/WorkingDirectory/12976/).
[2017.08.22-09.16.14:906][  0]LogShaderCompilers: Cleaned the shader compiler working directory 'C:/Users/cripe/AppData/Local/Temp/UnrealShaderWorkingDir/B9247DE644FA544A13D249B7E7AA1B71/'.
[2017.08.22-09.16.14:907][  0]LogShaderCompilers:Display: Using Local Shader Compiler.
[2017.08.22-09.16.16:395][  0]LogTemp:Display: Loaded TP AllDesktopTargetPlatform
[2017.08.22-09.16.16:449][  0]LogTemp:Display: Loaded TP MacClientTargetPlatform
[2017.08.22-09.16.16:506][  0]LogTemp:Display: Loaded TP MacNoEditorTargetPlatform
[2017.08.22-09.16.16:564][  0]LogTemp:Display: Loaded TP MacServerTargetPlatform
[2017.08.22-09.16.16:625][  0]LogTemp:Display: Loaded TP MacTargetPlatform
[2017.08.22-09.16.16:684][  0]LogTemp:Display: Loaded TP WindowsClientTargetPlatform
[2017.08.22-09.16.16:744][  0]LogTemp:Display: Loaded TP WindowsNoEditorTargetPlatform
[2017.08.22-09.16.16:798][  0]LogTemp:Display: Loaded TP WindowsServerTargetPlatform
[2017.08.22-09.16.16:846][  0]LogTemp:Display: Loaded TP WindowsTargetPlatform
[2017.08.22-09.16.16:900][  0]LogTemp:Display: Loaded TP AndroidTargetPlatform
[2017.08.22-09.16.16:953][  0]LogTemp:Display: Loaded TP Android_ASTCTargetPlatform
[2017.08.22-09.16.17:011][  0]LogTemp:Display: Loaded TP Android_ATCTargetPlatform
[2017.08.22-09.16.17:064][  0]LogTemp:Display: Loaded TP Android_DXTTargetPlatform
[2017.08.22-09.16.17:122][  0]LogTemp:Display: Loaded TP Android_ETC1TargetPlatform
[2017.08.22-09.16.17:175][  0]LogTemp:Display: Loaded TP Android_ETC2TargetPlatform
[2017.08.22-09.16.17:278][  0]LogTemp:Display: Loaded TP Android_MultiTargetPlatform
[2017.08.22-09.16.17:278][  0]LogTemp:Display: Loaded TP Android_PVRTCTargetPlatform
[2017.08.22-09.16.17:320][  0]LogTemp:Display: Loaded TP HTML5TargetPlatform
[2017.08.22-09.16.17:429][  0]LogTemp:Display: Loaded TP IOSTargetPlatform
[2017.08.22-09.16.17:457][  0]LogTemp:Display: Loaded TP TVOSTargetPlatform
[2017.08.22-09.16.17:513][  0]LogTemp:Display: Loaded TP LinuxClientTargetPlatform
[2017.08.22-09.16.17:575][  0]LogTemp:Display: Loaded TP LinuxNoEditorTargetPlatform
[2017.08.22-09.16.17:630][  0]LogTemp:Display: Loaded TP LinuxServerTargetPlatform
[2017.08.22-09.16.17:682][  0]LogTemp:Display: Loaded TP LinuxTargetPlatform
[2017.08.22-09.16.17:683][  0]LogTargetPlatformManager:Display: Building Assets For Windows
[2017.08.22-09.16.18:267][  0]LogDerivedDataCache:Display: Max Cache Size: 512 MB
[2017.08.22-09.16.18:672][  0]LogDerivedDataCache: Loaded boot cache 0.40s 90MB C:/Users/cripe/AppData/Local/UnrealEngine/4.16/DerivedDataCache/Boot.ddc.
[2017.08.22-09.16.18:673][  0]LogDerivedDataCache:Display: Loaded Boot cache: C:/Users/cripe/AppData/Local/UnrealEngine/4.16/DerivedDataCache/Boot.ddc
[2017.08.22-09.16.18:673][  0]LogDerivedDataCache: FDerivedDataBackendGraph:  Pak pak cache file E:/Usuario/Ruben/UNIVERSIDAD/TFG/Postwar/DerivedDataCache/DDC.ddp not found, will not use a pak cache.
[2017.08.22-09.16.18:673][  0]LogDerivedDataCache: Unable to find inner node Pak for hierarchical cache Hierarchy.
[2017.08.22-09.16.18:673][  0]LogDerivedDataCache: FDerivedDataBackendGraph:  CompressedPak pak cache file E:/Usuario/Ruben/UNIVERSIDAD/TFG/Postwar/DerivedDataCache/Compressed.ddp not found, will not use a pak cache.
[2017.08.22-09.16.18:673][  0]LogDerivedDataCache: Unable to find inner node CompressedPak for hierarchical cache Hierarchy.
[2017.08.22-09.16.18:699][  0]LogDerivedDataCache:Display: Pak cache opened for reading ../../../Engine/DerivedDataCache/Compressed.ddp.
[2017.08.22-09.16.18:714][  0]LogDerivedDataCache: Using Local data cache path C:/Users/cripe/AppData/Local/UnrealEngine/Common/DerivedDataCache: Writable
[2017.08.22-09.16.18:728][  0]LogMaterial: Verifying Global Shaders for PCD3D_SM5
[2017.08.22-09.16.18:732][  0]LogSlate: Using Freetype 2.6.0
[2017.08.22-09.16.18:737][  0]LogSlate: SlateFontCache - WITH_FREETYPE: 1, WITH_HARFBUZZ: 1
[2017.08.22-09.16.18:737][  0]LogSlate: SlateFontCache - WITH_FREETYPE: 1, WITH_HARFBUZZ: 1
[2017.08.22-09.16.19:611][  0]LogInit: Selected Device Profile: [Windows]
[2017.08.22-09.16.19:774][  0]LogContentStreaming: Texture pool size is 0.00 MB
[2017.08.22-09.16.20:016][  0]LogMeshUtilities: Using QuadricMeshReduction for automatic static mesh reduction
[2017.08.22-09.16.20:101][  0]LogSimplygon: Simplygon DLL not present - disabling.
[2017.08.22-09.16.20:183][  0]LogMeshUtilities: Using SimplygonSwarm for distributed automatic mesh merging
[2017.08.22-09.16.20:183][  0]LogMeshUtilities: No automatic skeletal mesh reduction module available
[2017.08.22-09.16.20:183][  0]LogMeshUtilities: No automatic mesh merging module available
[2017.08.22-09.16.21:207][  0]LogNetVersion: Postwar , NetCL: 3452394, EngineNetVer: 2, GameNetVer: 0 (Checksum: 2296384490)
[2017.08.22-09.16.21:292][  0]LogAssetRegistry: FAssetRegistry took 0.0295 seconds to start up
[2017.08.22-09.16.21:347][  0]LogPackageLocalizationCache: Processed 4 localized package path(s) for 1 prioritized culture(s) in 0.029814 seconds
[2017.08.22-09.16.21:354][  0]LogUObjectArray: 34194 objects as part of root set at end of initial load.
[2017.08.22-09.16.21:354][  0]LogUObjectAllocator: 7260424 out of 0 bytes used by permanent object pool.
[2017.08.22-09.16.21:354][  0]LogUObjectArray: CloseDisregardForGC: 0/0 objects in disregard for GC pool
[2017.08.22-09.16.21:422][  0]LogInit: WinSock: version 1.1 (2.2), MaxSocks=32767, MaxUdp=65467
[2017.08.22-09.16.25:452][  0]LogTcpMessaging: Initializing TcpMessaging bridge
[2017.08.22-09.16.25:499][  0]LogUdpMessaging: Initializing bridge on interface 0.0.0.0:0 to multicast group 230.0.0.1:6666.
[2017.08.22-09.16.26:173][  0]LogMaterial: Uniform references updated for custom material expression Custom.
[2017.08.22-09.16.26:690][  0]SourceControl: Info Source control is disabled
[2017.08.22-09.16.26:783][  0]SourceControl: Info Source control is disabled
[2017.08.22-09.16.26:845][  0]SourceControl: Info Source control is disabled
[2017.08.22-09.16.26:904][  0]SourceControl: Info Source control is disabled
[2017.08.22-09.16.27:775][  0]LogAndroidPermission: UAndroidPermissionCallbackProxy::GetInstance
[2017.08.22-09.16.28:473][  0]LogEngine: Initializing Engine...
[2017.08.22-09.16.28:476][  0]LogHMD: Failed to initialize OpenVR with code 110
[2017.08.22-09.16.28:762][  0]LogStats: UGameplayTagsManager::ConstructGameplayTagTree: Construct from data asset -  0.000 s
[2017.08.22-09.16.28:762][  0]LogStats: UGameplayTagsManager::ConstructGameplayTagTree: GameplayTagTreeChangedEvent.Broadcast -  0.000 s
[2017.08.22-09.16.28:920][  0]LogAIModule: Creating AISystem for world Untitled
[2017.08.22-09.16.28:949][  0]LogInit: XAudio2 using 'Altavoces (Realtek High Definition Audio)' : 2 channels at 48 kHz using 32 bits per sample (channel mask 0x3)
[2017.08.22-09.16.28:972][  0]LogInit: FAudioDevice initialized.
[2017.08.22-09.16.29:034][  0]LogDerivedDataCache: Saved boot cache 0.06s 90MB C:/Users/cripe/AppData/Local/UnrealEngine/4.16/DerivedDataCache/Boot.ddc.
[2017.08.22-09.16.29:054][  0]LogInit: Texture streaming: Enabled
[2017.08.22-09.16.29:152][  0]LogEngineSessionManager: EngineSessionManager initialized
[2017.08.22-09.16.29:423][  0]LogWindowsTextInputMethodSystem:Display: IME system now deactivated.
[2017.08.22-09.16.29:490][  0]LogInit: Transaction tracking system initialized
[2017.08.22-09.16.29:928][  0]BlueprintLog: New page: Editor Load
[2017.08.22-09.16.31:127][  0]LocalizationService: Info Localization service is disabled
[2017.08.22-09.16.31:998][  0]LogConsoleResponse:Display: 
[2017.08.22-09.16.32:303][  0]LogCook:Display: Max memory allowance for cook 16384mb min free memory 0mb
[2017.08.22-09.16.32:303][  0]LogCook:Display: Mobile HDR setting 1
[2017.08.22-09.16.33:087][  0]LogFileCache: Scanning file cache for directory 'E:/Usuario/Ruben/UNIVERSIDAD/TFG/Postwar/Content/' took 0.06s
[2017.08.22-09.16.33:874][  0]SourceControl: Info Source control is disabled
[2017.08.22-09.16.33:876][  0]Cmd: MAP LOAD FILE="E:/Usuario/Ruben/UNIVERSIDAD/TFG/Postwar/Content/FirstPersonBP/PostWar/Niveles/MainMenu.umap" TEMPLATE=0 SHOWPROGRESS=1 FEATURELEVEL=3
[2017.08.22-09.16.33:916][  0]LightingResults: New page: Lighting Build
[2017.08.22-09.16.33:972][  0]MapCheck: New page: Map Check
[2017.08.22-09.16.33:972][  0]LightingResults: New page: Lighting Build
[2017.08.22-09.16.36:083][  0]LogBlueprint:Warning: [WeaponParent] 'HUD reference' variable not found. Base class was probably changed.
[2017.08.22-09.16.36:083][  0]LogBlueprint:Warning: [WeaponParent] 'Opac' variable not found. Base class was probably changed.
[2017.08.22-09.16.36:248][  0]LogBlueprint:Warning: [WeaponParent] 'HUD reference' variable not found. Base class was probably changed.
[2017.08.22-09.16.39:280][  0]LogAIModule: Creating AISystem for world MainMenu
[2017.08.22-09.16.39:286][  0]LogEditorServer: Finished looking for orphan Actors (0.000 secs)
[2017.08.22-09.16.39:326][  0]Cmd: MAP CHECKDEP NOCLEARLOG
[2017.08.22-09.16.39:431][  0]MapCheck: Info Map check complete: 0 Error(s), 0 Warning(s), took 105.014ms to complete.
[2017.08.22-09.16.39:431][  0]LogFileHelpers: Loading map 'MainMenu' took 5.555
[2017.08.22-09.16.39:699][  0]LogCollectionManager: Loaded 0 collections in 0.002246 seconds
[2017.08.22-09.16.39:817][  0]LogFileCache: Scanning file cache for directory 'E:/Usuario/Ruben/UNIVERSIDAD/TFG/Postwar/Saved/Collections/' took 0.01s
[2017.08.22-09.16.39:817][  0]LogFileCache: Scanning file cache for directory 'E:/Usuario/Ruben/UNIVERSIDAD/TFG/Postwar/Content/Developers/cripe/Collections/' took 0.01s
[2017.08.22-09.16.39:817][  0]LogFileCache: Scanning file cache for directory 'E:/Usuario/Ruben/UNIVERSIDAD/TFG/Postwar/Content/Collections/' took 0.01s
[2017.08.22-09.16.39:817][  0]LogCollectionManager: Rebuilt the GUID cache for 0 collections in 0.000004 seconds
[2017.08.22-09.16.39:830][  0]LogContentBrowser: Native class hierarchy populated in 0.0115 seconds. Added 2329 classes and 491 folders.
[2017.08.22-09.16.39:925][  0]LogContentBrowser: Native class hierarchy updated for 'WidgetCarousel' in 0.0006 seconds. Added 0 classes and 0 folders.
[2017.08.22-09.16.40:084][  0]LogContentBrowser: Native class hierarchy updated for 'AddContentDialog' in 0.0007 seconds. Added 0 classes and 0 folders.
[2017.08.22-09.16.40:148][  0]LogContentBrowser: Native class hierarchy updated for 'SceneOutliner' in 0.0008 seconds. Added 1 classes and 2 folders.
[2017.08.22-09.16.40:377][  0]LogCrashTracker: Crashtracker disabled due to settings.
[2017.08.22-09.16.40:388][  0]LogSlate: Took 0.001312 seconds to synchronously load lazily loaded font '../../../Engine/Content/Slate/Fonts/Roboto-Regular.ttf' (155K)
[2017.08.22-09.16.40:394][  0]LogSlate: Took 0.001391 seconds to synchronously load lazily loaded font '../../../Engine/Content/Slate/Fonts/Roboto-Bold.ttf' (160K)
[2017.08.22-09.16.40:404][  0]LogSlate: Took 0.001254 seconds to synchronously load lazily loaded font '../../../Engine/Content/Editor/Slate/Fonts/FontAwesome.ttf' (139K)
[2017.08.22-09.16.40:576][  0]LogRenderer: Reallocating scene render targets to support 1208x672 NumSamples 1 (Frame:1).
[2017.08.22-09.16.40:807][  0]LogUObjectGlobals:Warning: Failed to find object 'Class None.'
[2017.08.22-09.16.40:887][  0]LogContentBrowser: Native class hierarchy updated for 'HierarchicalLODOutliner' in 0.0006 seconds. Added 1 classes and 2 folders.
[2017.08.22-09.16.40:888][  0]LogLoad: (Engine Initialization) Total time: 32.71 seconds
[2017.08.22-09.16.40:888][  0]LogLoad: (Engine Initialization) Total Blueprint compile time: 0.72 seconds
[2017.08.22-09.16.40:888][  0]LogExternalProfiler: Found external profiler: VSPerf
[2017.08.22-09.16.40:888][  0]LogExternalProfiler: Using external profiler: VSPerf
[2017.08.22-09.16.40:906][  0]LogOcInput: OculusInput pre-init called
[2017.08.22-09.16.40:906][  0]LogHMD: Starting GearVRController plugin
[2017.08.22-09.16.40:945][  0]LogContentStreaming: Texture pool size now 1000 MB
[2017.08.22-09.16.40:985][  0]LogSlate: Took 0.001044 seconds to synchronously load lazily loaded font '../../../Engine/Content/Slate/Fonts/Roboto-Light.ttf' (159K)
[2017.08.22-09.16.41:635][  4]LogAssetRegistry: Asset discovery search completed in 20.3662 seconds
[2017.08.22-09.16.41:641][  4]LogCollectionManager: Rebuilt the object cache for 0 collections in 0.000002 seconds (found 0 objects)
[2017.08.22-09.16.41:641][  4]LogCollectionManager: Fixed up redirectors for 0 collections in 0.000116 seconds (updated 0 objects)
[2017.08.22-09.16.46:189][167]LogFileCache: Retrieving MD5 hashes for directory 'E:/Usuario/Ruben/UNIVERSIDAD/TFG/Postwar/Content/' took 5.26s
[2017.08.22-09.17.34:523][426]LogTemp: Repeting last play command: Selected Viewport
[2017.08.22-09.17.36:379][426]LogBlueprintUserMessages: Early PlayInEditor Detection: Level '/Game/FirstPersonBP/PostWar/Niveles/MainMenu.MainMenu:PersistentLevel' has LevelScriptBlueprint '/Game/FirstPersonBP/PostWar/Niveles/MainMenu.MainMenu:PersistentLevel.MainMenu' with GeneratedClass '/Game/FirstPersonBP/PostWar/Niveles/MainMenu.MainMenu_C' with ClassGeneratedBy '/Game/FirstPersonBP/PostWar/Niveles/MainMenu.MainMenu:PersistentLevel.MainMenu'
[2017.08.22-09.17.36:379][426]LogPlayLevel: PlayLevel: No blueprints needed recompiling
[2017.08.22-09.17.36:381][426]PIE: New page: PIE session: MainMenu (Aug 22, 2017, 1:17:36 PM)
[2017.08.22-09.17.36:381][426]LogPlayLevel: Creating play world package: /Game/FirstPersonBP/PostWar/Niveles/UEDPIE_0_MainMenu
[2017.08.22-09.17.36:384][426]LogPlayLevel: PIE: StaticDuplicateObject took: (0.002920s)
[2017.08.22-09.17.36:385][426]LogAIModule: Creating AISystem for world MainMenu
[2017.08.22-09.17.36:385][426]LogPlayLevel: PIE: World Init took: (0.000756s)
[2017.08.22-09.17.36:385][426]LogPlayLevel: PIE: Created PIE world by copying editor world from /Game/FirstPersonBP/PostWar/Niveles/MainMenu.MainMenu to /Game/FirstPersonBP/PostWar/Niveles/UEDPIE_0_MainMenu.MainMenu (0.003938s)
[2017.08.22-09.17.36:402][426]LogInit: XAudio2 using 'Altavoces (Realtek High Definition Audio)' : 2 channels at 48 kHz using 32 bits per sample (channel mask 0x3)
[2017.08.22-09.17.36:418][426]LogInit: FAudioDevice initialized.
[2017.08.22-09.17.36:464][426]LogLoad: Game class is 'MiMenuGameMode_C'
[2017.08.22-09.17.36:469][426]LogWorld: Bringing World /Game/FirstPersonBP/PostWar/Niveles/UEDPIE_0_MainMenu.MainMenu up for play (max tick rate 60) at 2017.08.22-11.17.36
[2017.08.22-09.17.36:469][426]LogWorld: Bringing up level for play took: 0.001108
[2017.08.22-09.17.36:474][426]LogSpawn:Warning: SpawnActor failed because no class was specified
[2017.08.22-09.17.36:519][426]LogContentBrowser: Native class hierarchy updated for 'MovieSceneCapture' in 0.0007 seconds. Added 11 classes and 0 folders.
[2017.08.22-09.17.36:549][426]PIE: Info Play in editor start time for /Game/FirstPersonBP/PostWar/Niveles/UEDPIE_0_MainMenu -0.067
[2017.08.22-09.17.36:550][426]LogBlueprintUserMessages: Late PlayInEditor Detection: Level '/Game/FirstPersonBP/PostWar/Niveles/MainMenu.MainMenu:PersistentLevel' has LevelScriptBlueprint '/Game/FirstPersonBP/PostWar/Niveles/MainMenu.MainMenu:PersistentLevel.MainMenu' with GeneratedClass '/Game/FirstPersonBP/PostWar/Niveles/MainMenu.MainMenu_C' with ClassGeneratedBy '/Game/FirstPersonBP/PostWar/Niveles/MainMenu.MainMenu:PersistentLevel.MainMenu'
[2017.08.22-09.17.38:545][543]LogNet: Browse: /Game/FirstPersonBP/PostWar/Niveles/Mapa
[2017.08.22-09.17.38:546][543]LogLoad: LoadMap: /Game/FirstPersonBP/PostWar/Niveles/Mapa
[2017.08.22-09.17.38:567][543]Cmd: MEM
[2017.08.22-09.17.38:583][543]LogMemory: Platform Memory Stats for Windows
[2017.08.22-09.17.38:583][543]LogMemory: Process Physical Memory: 1159.22 MB used, 1296.46 MB peak
[2017.08.22-09.17.38:583][543]LogMemory: Process Virtual Memory: 1509.48 MB used, 1598.20 MB peak
[2017.08.22-09.17.38:583][543]LogMemory: Physical Memory: 7454.26 MB used,  8848.88 MB free, 16303.14 MB total
[2017.08.22-09.17.38:583][543]LogMemory: Virtual Memory: 2319.32 MB used,  8848.88 MB free, 134217728.00 MB total
[2017.08.22-09.17.38:583][543]LogMemory: 
[2017.08.22-09.17.38:583][543]Allocator Stats for TBB: (not implemented)
[2017.08.22-09.18.15:384][543]LogMaterial: Missing cached shader map for material Metal_Galvanized, compiling. 
[2017.08.22-09.18.15:385][543]LogMaterial:Warning: Failed to compile Material /Game/FirstPersonBP/PostWar/Models/armasHabitacion/Metal_Galvanized.Metal_Galvanized for platform PCD3D_SM5, Default Material will be used in game.
[2017.08.22-09.18.15:385][543]LogMaterial:Warning: 	(Node TextureSample) TextureSample> Sampler type is Normal, should be Color for /Game/FirstPersonBP/PostWar/Models/armasHabitacion/Camo.Camo
[2017.08.22-09.18.18:647][543]LogMaterial: Missing cached shader map for material Material__386, compiling. 
[2017.08.22-09.18.18:649][543]LogMaterial:Warning: Failed to compile Material /Game/FirstPersonBP/PostWar/Models/Power-up/Material__386.Material__386 for platform PCD3D_SM5, Default Material will be used in game.
[2017.08.22-09.18.18:649][543]LogMaterial:Warning: 	(Node TextureSample) Texture Sample> Missing input texture
[2017.08.22-09.18.41:591][543]LogAIModule: Creating AISystem for world Mapa
[2017.08.22-09.18.41:591][543]LogLoad: Game class is 'FirstPersonGameMode_C'
[2017.08.22-09.18.41:763][543]LogWorld: Bringing World /Game/FirstPersonBP/PostWar/Niveles/UEDPIE_0_Mapa.Mapa up for play (max tick rate 60) at 2017.08.22-11.18.41
[2017.08.22-09.18.41:774][543]LogWorld: Bringing up level for play took: 0.181795
[2017.08.22-09.18.41:802][543]Cmd: stat fps
[2017.08.22-09.18.41:808][543]LogLoad: Took 63.261796 seconds to LoadMap(/Game/FirstPersonBP/PostWar/Niveles/Mapa)
[2017.08.22-09.18.41:852][543]LogScript:Warning: Accessed None trying to read property Equipada
	BasicAmmo_C /Engine/Transient.UnrealEdEngine_0:GameInstance_0.BasicAmmo_C_0
	Function /Game/FirstPersonBP/PostWar/HUD/BasicAmmo.BasicAmmo_C:MunicionActual:00D5
[2017.08.22-09.18.41:853][543]LogScript:Warning: Accessed None trying to read property Equipada
	BasicAmmo_C /Engine/Transient.UnrealEdEngine_0:GameInstance_0.BasicAmmo_C_0
	Function /Game/FirstPersonBP/PostWar/HUD/BasicAmmo.BasicAmmo_C:MunicionTotal:00D5
[2017.08.22-09.18.41:855][543]LogScript:Warning: Accessed None trying to read property Equipada
	BasicAmmo_C /Engine/Transient.UnrealEdEngine_0:GameInstance_0.BasicAmmo_C_0
	Function /Game/FirstPersonBP/PostWar/HUD/BasicAmmo.BasicAmmo_C:Recargando:00AB
[2017.08.22-09.18.42:157][544]LogScript:Warning: Accessed None trying to read property Equipada
	BasicAmmo_C /Engine/Transient.UnrealEdEngine_0:GameInstance_0.BasicAmmo_C_0
	Function /Game/FirstPersonBP/PostWar/HUD/BasicAmmo.BasicAmmo_C:MunicionActual:00D5
[2017.08.22-09.18.42:157][544]LogScript:Warning: Accessed None trying to read property Equipada
	BasicAmmo_C /Engine/Transient.UnrealEdEngine_0:GameInstance_0.BasicAmmo_C_0
	Function /Game/FirstPersonBP/PostWar/HUD/BasicAmmo.BasicAmmo_C:MunicionTotal:00D5
[2017.08.22-09.18.42:157][544]LogScript:Warning: Accessed None trying to read property Equipada
	BasicAmmo_C /Engine/Transient.UnrealEdEngine_0:GameInstance_0.BasicAmmo_C_0
	Function /Game/FirstPersonBP/PostWar/HUD/BasicAmmo.BasicAmmo_C:Recargando:00AB
[2017.08.22-09.18.42:227][545]LogScript:Warning: Accessed None trying to read property Equipada
	BasicAmmo_C /Engine/Transient.UnrealEdEngine_0:GameInstance_0.BasicAmmo_C_0
	Function /Game/FirstPersonBP/PostWar/HUD/BasicAmmo.BasicAmmo_C:MunicionActual:00D5
[2017.08.22-09.18.42:227][545]LogScript:Warning: Accessed None trying to read property Equipada
	BasicAmmo_C /Engine/Transient.UnrealEdEngine_0:GameInstance_0.BasicAmmo_C_0
	Function /Game/FirstPersonBP/PostWar/HUD/BasicAmmo.BasicAmmo_C:MunicionTotal:00D5
[2017.08.22-09.18.42:227][545]LogScript:Warning: Accessed None trying to read property Equipada
	BasicAmmo_C /Engine/Transient.UnrealEdEngine_0:GameInstance_0.BasicAmmo_C_0
	Function /Game/FirstPersonBP/PostWar/HUD/BasicAmmo.BasicAmmo_C:Recargando:00AB
[2017.08.22-09.18.42:334][546]LogScript:Warning: Accessed None trying to read property Equipada
	BasicAmmo_C /Engine/Transient.UnrealEdEngine_0:GameInstance_0.BasicAmmo_C_0
	Function /Game/FirstPersonBP/PostWar/HUD/BasicAmmo.BasicAmmo_C:MunicionActual:00D5
[2017.08.22-09.18.42:334][546]LogScript:Warning: Accessed None trying to read property Equipada
	BasicAmmo_C /Engine/Transient.UnrealEdEngine_0:GameInstance_0.BasicAmmo_C_0
	Function /Game/FirstPersonBP/PostWar/HUD/BasicAmmo.BasicAmmo_C:MunicionTotal:00D5
[2017.08.22-09.18.42:334][546]LogScript:Warning: Accessed None trying to read property Equipada
	BasicAmmo_C /Engine/Transient.UnrealEdEngine_0:GameInstance_0.BasicAmmo_C_0
	Function /Game/FirstPersonBP/PostWar/HUD/BasicAmmo.BasicAmmo_C:Recargando:00AB
[2017.08.22-09.18.42:366][547]LogScript:Warning: Accessed None trying to read property Equipada
	BasicAmmo_C /Engine/Transient.UnrealEdEngine_0:GameInstance_0.BasicAmmo_C_0
	Function /Game/FirstPersonBP/PostWar/HUD/BasicAmmo.BasicAmmo_C:MunicionActual:00D5
[2017.08.22-09.18.42:366][547]LogScript:Warning: Accessed None trying to read property Equipada
	BasicAmmo_C /Engine/Transient.UnrealEdEngine_0:GameInstance_0.BasicAmmo_C_0
	Function /Game/FirstPersonBP/PostWar/HUD/BasicAmmo.BasicAmmo_C:MunicionTotal:00D5
[2017.08.22-09.18.42:366][547]LogScript:Warning: Accessed None trying to read property Equipada
	BasicAmmo_C /Engine/Transient.UnrealEdEngine_0:GameInstance_0.BasicAmmo_C_0
	Function /Game/FirstPersonBP/PostWar/HUD/BasicAmmo.BasicAmmo_C:Recargando:00AB
[2017.08.22-09.18.42:386][548]LogScript:Warning: Accessed None trying to read property Equipada
	BasicAmmo_C /Engine/Transient.UnrealEdEngine_0:GameInstance_0.BasicAmmo_C_0
	Function /Game/FirstPersonBP/PostWar/HUD/BasicAmmo.BasicAmmo_C:MunicionActual:00D5
[2017.08.22-09.18.42:386][548]LogScript:Warning: Accessed None trying to read property Equipada
	BasicAmmo_C /Engine/Transient.UnrealEdEngine_0:GameInstance_0.BasicAmmo_C_0
	Function /Game/FirstPersonBP/PostWar/HUD/BasicAmmo.BasicAmmo_C:MunicionTotal:00D5
[2017.08.22-09.19.13:330][243]LogBlueprintUserMessages: [ZonaBP_2] Entro en nueva zona
[2017.08.22-09.19.14:970][338]LogBlueprintUserMessages: [ZonaBP_2] Entro en nueva zona
[2017.08.22-09.19.22:597][795]LogBlueprintUserMessages: [ZonaBP_2] Entro en nueva zona
[2017.08.22-09.19.22:597][795]LogBlueprintUserMessages: [Partida_C_1] 9
[2017.08.22-09.19.22:597][795]LogBlueprintUserMessages: [Partida_C_1] INICIO RONDA!!!!
[2017.08.22-09.19.23:116][825]LogBlueprintUserMessages: [Zombi_C_0] 99.992493
[2017.08.22-09.19.23:606][853]LogBlueprintUserMessages: [Zombi_C_1] 99.992493
[2017.08.22-09.19.24:106][882]LogBlueprintUserMessages: [Zombi_C_2] 99.992493
[2017.08.22-09.19.24:606][912]LogBlueprintUserMessages: [Zombi_C_3] 99.992493
[2017.08.22-09.19.25:108][942]LogBlueprintUserMessages: [Zombi_C_4] 99.992493
[2017.08.22-09.19.25:607][969]LogBlueprintUserMessages: [Zombi_C_5] 99.992493
[2017.08.22-09.19.26:105][998]LogBlueprintUserMessages: [Zombi_C_6] 99.992493
[2017.08.22-09.19.26:613][ 28]LogBlueprintUserMessages: [Zombi_C_7] 99.992493
[2017.08.22-09.19.27:100][ 57]LogBlueprintUserMessages: [Zombi_C_8] 99.992493
[2017.08.22-09.19.29:716][211]LogBlueprintUserMessages: [Zombi_C_5] ME HA DADO EN LA CABEZA
[2017.08.22-09.19.29:961][224]LogBlueprintUserMessages: [FirstPersonCharacter2] Mi vida actual es es: 9
[2017.08.22-09.19.31:143][292]LogBlueprintUserMessages: [Zombi_C_3] ME HA DADO EN EL TORSO
[2017.08.22-09.19.31:143][292]LogBlueprintUserMessages: [Zombi_C_4] ME HA DADO EN EL TORSO
[2017.08.22-09.19.31:143][292]LogBlueprintUserMessages: [Zombi_C_1] ME HA DADO EN EL TORSO
[2017.08.22-09.19.31:972][338]LogBlueprintUserMessages: [FirstPersonCharacter2] Mi vida actual es es: 10
[2017.08.22-09.19.32:450][365]LogBlueprintUserMessages: [Zombi_C_6] ME HA DADO EN EL TORSO
[2017.08.22-09.19.33:877][444]LogBlueprintUserMessages: [Zombi_C_2] ME HA DADO EN EL TORSO
[2017.08.22-09.19.33:969][449]LogBlueprintUserMessages: [FirstPersonCharacter2] vida al maximo
[2017.08.22-09.19.37:183][634]LogBlueprintUserMessages: [FirstPersonCharacter2] Mi vida actual es es: 9
[2017.08.22-09.19.37:270][639]LogBlueprintUserMessages: [FirstPersonCharacter2] Mi vida actual es es: 8
[2017.08.22-09.19.39:280][756]LogBlueprintUserMessages: [FirstPersonCharacter2] Mi vida actual es es: 9
[2017.08.22-09.19.41:277][873]LogBlueprintUserMessages: [FirstPersonCharacter2] Mi vida actual es es: 10
[2017.08.22-09.19.42:113][918]LogBlueprintUserMessages: [Zombi_C_8] ME HA DADO EN EL TORSO
[2017.08.22-09.19.42:113][918]LogBlueprintUserMessages: [Zombi_C_7] ME HA DADO EN EL TORSO
[2017.08.22-09.19.42:323][929]LogBlueprintUserMessages: [Zombi_C_8] ME HA DADO EN EL TORSO
[2017.08.22-09.19.42:323][929]LogBlueprintUserMessages: [Zombi_C_7] ME HA DADO EN LA CABEZA
[2017.08.22-09.19.42:427][935]LogBlueprintUserMessages: [Zombi_C_8] ME HA DADO EN LA CABEZA
[2017.08.22-09.19.42:427][935]LogBlueprintUserMessages: [Zombi_C_7] ME HA DADO EN LA CABEZA
[2017.08.22-09.19.42:543][941]LogBlueprintUserMessages: [Zombi_C_8] ME HA DADO EN EL TORSO
[2017.08.22-09.19.42:543][941]LogBlueprintUserMessages: [Zombi_C_7] ME HA DADO EN EL TORSO
[2017.08.22-09.19.42:614][945]LogBlueprintUserMessages: [ZonaBP6] Entro en nueva zona
[2017.08.22-09.19.42:657][947]LogBlueprintUserMessages: [Zombi_C_8] ME HA DADO EN EL TORSO
[2017.08.22-09.19.42:762][953]LogBlueprintUserMessages: [Zombi_C_8] ME HA DADO EN LA CABEZA
[2017.08.22-09.19.42:883][959]LogBlueprintUserMessages: [Zombi_C_7] ME HA DADO EN EL TORSO
[2017.08.22-09.19.42:993][965]LogBlueprintUserMessages: [Zombi_C_0] ME HA DADO EN EL TORSO
[2017.08.22-09.19.43:106][971]LogBlueprintUserMessages: [Zombi_C_0] ME HA DADO EN EL TORSO
[2017.08.22-09.19.43:213][977]LogBlueprintUserMessages: [Zombi_C_0] ME HA DADO EN EL TORSO
[2017.08.22-09.19.43:286][981]LogBlueprintUserMessages: [FirstPersonCharacter2] vida al maximo
[2017.08.22-09.19.46:281][154]LogBlueprintUserMessages: Early EndPlayMap Detection: Level '/Game/FirstPersonBP/PostWar/Niveles/MainMenu.MainMenu:PersistentLevel' has LevelScriptBlueprint '/Game/FirstPersonBP/PostWar/Niveles/MainMenu.MainMenu:PersistentLevel.MainMenu' with GeneratedClass '/Game/FirstPersonBP/PostWar/Niveles/MainMenu.MainMenu_C' with ClassGeneratedBy '/Game/FirstPersonBP/PostWar/Niveles/MainMenu.MainMenu:PersistentLevel.MainMenu'
[2017.08.22-09.19.46:349][154]LogBlueprintUserMessages: Late EndPlayMap Detection: Level '/Game/FirstPersonBP/PostWar/Niveles/MainMenu.MainMenu:PersistentLevel' has LevelScriptBlueprint '/Game/FirstPersonBP/PostWar/Niveles/MainMenu.MainMenu:PersistentLevel.MainMenu' with GeneratedClass '/Game/FirstPersonBP/PostWar/Niveles/MainMenu.MainMenu_C' with ClassGeneratedBy '/Game/FirstPersonBP/PostWar/Niveles/MainMenu.MainMenu:PersistentLevel.MainMenu'
[2017.08.22-09.19.56:017][680]LogSlate: Took 0.000350 seconds to synchronously load lazily loaded font '../../../Engine/Content/Slate/Fonts/Roboto-Light.ttf' (159K)
[2017.08.22-09.19.57:127][680]LogSlate: Took 0.000551 seconds to synchronously load lazily loaded font '../../../Engine/Content/Slate/Fonts/Roboto-Regular.ttf' (155K)
[2017.08.22-09.19.59:360][680]LogAIModule: Creating AISystem for world Mapa
[2017.08.22-09.19.59:534][680]Cmd: MAP LOAD FILE="E:/Usuario/Ruben/UNIVERSIDAD/TFG/Postwar/Content/FirstPersonBP/PostWar/Niveles/Mapa.umap" TEMPLATE=0 SHOWPROGRESS=1 FEATURELEVEL=3
[2017.08.22-09.19.59:534][680]LightingResults: New page: Lighting Build
[2017.08.22-09.19.59:535][680]LoadErrors: New page: Loading map: Mapa.umap
[2017.08.22-09.19.59:537][680]MapCheck: New page: Map Check
[2017.08.22-09.19.59:537][680]LightingResults: New page: Lighting Build
[2017.08.22-09.19.59:907][680]LogEditorServer: Finished looking for orphan Actors (0.000 secs)
[2017.08.22-09.20.00:044][680]Cmd: MAP CHECKDEP NOCLEARLOG
[2017.08.22-09.20.00:577][680]MapCheck: Info Map check complete: 0 Error(s), 0 Warning(s), took 533.252ms to complete.
[2017.08.22-09.20.00:580][680]LogFileHelpers: Loading map 'Mapa' took 1.049
[2017.08.22-09.20.05:713][940]LogEditorViewport: Clicking on Actor (LMB): FirstPersonCharacter_C (FirstPersonCharacter2)
[2017.08.22-09.20.22:021][892]LogSlate: Took 0.002516 seconds to synchronously load lazily loaded font '../../../Engine/Content/Editor/Slate/Fonts/Roboto-Italic.ttf' (157K)
[2017.08.22-09.20.24:991][ 67]LogTemp: Repeting last play command: Selected Viewport
[2017.08.22-09.20.25:019][ 67]LogBlueprintUserMessages: Early PlayInEditor Detection: Level '/Game/FirstPersonBP/PostWar/Niveles/Mapa.Mapa:PersistentLevel' has LevelScriptBlueprint '/Game/FirstPersonBP/PostWar/Niveles/Mapa.Mapa:PersistentLevel.Mapa' with GeneratedClass '/Game/FirstPersonBP/PostWar/Niveles/Mapa.Mapa_C' with ClassGeneratedBy '/Game/FirstPersonBP/PostWar/Niveles/Mapa.Mapa:PersistentLevel.Mapa'
[2017.08.22-09.20.25:019][ 67]LogPlayLevel: PlayLevel: No blueprints needed recompiling
[2017.08.22-09.20.25:019][ 67]PIE: New page: PIE session: Mapa (Aug 22, 2017, 1:20:25 PM)
[2017.08.22-09.20.25:020][ 67]LogPlayLevel: Creating play world package: /Game/FirstPersonBP/PostWar/Niveles/UEDPIE_0_Mapa
[2017.08.22-09.20.25:168][ 67]LogPlayLevel: PIE: StaticDuplicateObject took: (0.148884s)
[2017.08.22-09.20.25:169][ 67]LogAIModule: Creating AISystem for world Mapa
[2017.08.22-09.20.25:170][ 67]LogPlayLevel: PIE: World Init took: (0.001409s)
[2017.08.22-09.20.25:172][ 67]LogPlayLevel: PIE: Created PIE world by copying editor world from /Game/FirstPersonBP/PostWar/Niveles/Mapa.Mapa to /Game/FirstPersonBP/PostWar/Niveles/UEDPIE_0_Mapa.Mapa (0.152250s)
[2017.08.22-09.20.25:239][ 67]LogInit: XAudio2 using 'Altavoces (Realtek High Definition Audio)' : 2 channels at 48 kHz using 32 bits per sample (channel mask 0x3)
[2017.08.22-09.20.25:253][ 67]LogInit: FAudioDevice initialized.
[2017.08.22-09.20.25:288][ 67]LogLoad: Game class is 'FirstPersonGameMode_C'
[2017.08.22-09.20.25:336][ 67]LogWorld: Bringing World /Game/FirstPersonBP/PostWar/Niveles/UEDPIE_0_Mapa.Mapa up for play (max tick rate 60) at 2017.08.22-11.20.25
[2017.08.22-09.20.25:342][ 67]LogWorld: Bringing up level for play took: 0.050893
[2017.08.22-09.20.25:354][ 67]Cmd: stat fps
[2017.08.22-09.20.25:355][ 67]PIE: Info Play in editor start time for /Game/FirstPersonBP/PostWar/Niveles/UEDPIE_0_Mapa 0.738
[2017.08.22-09.20.25:356][ 67]LogBlueprintUserMessages: Late PlayInEditor Detection: Level '/Game/FirstPersonBP/PostWar/Niveles/Mapa.Mapa:PersistentLevel' has LevelScriptBlueprint '/Game/FirstPersonBP/PostWar/Niveles/Mapa.Mapa:PersistentLevel.Mapa' with GeneratedClass '/Game/FirstPersonBP/PostWar/Niveles/Mapa.Mapa_C' with ClassGeneratedBy '/Game/FirstPersonBP/PostWar/Niveles/Mapa.Mapa:PersistentLevel.Mapa'
[2017.08.22-09.20.25:374][ 67]LogScript:Warning: Accessed None trying to read property Equipada
	BasicAmmo_C /Engine/Transient.UnrealEdEngine_0:GameInstance_1.BasicAmmo_C_1
	Function /Game/FirstPersonBP/PostWar/HUD/BasicAmmo.BasicAmmo_C:MunicionActual:00D5
[2017.08.22-09.20.25:374][ 67]LogScript:Warning: Accessed None trying to read property Equipada
	BasicAmmo_C /Engine/Transient.UnrealEdEngine_0:GameInstance_1.BasicAmmo_C_1
	Function /Game/FirstPersonBP/PostWar/HUD/BasicAmmo.BasicAmmo_C:MunicionTotal:00D5
[2017.08.22-09.20.25:374][ 67]LogScript:Warning: Accessed None trying to read property Equipada
	BasicAmmo_C /Engine/Transient.UnrealEdEngine_0:GameInstance_1.BasicAmmo_C_1
	Function /Game/FirstPersonBP/PostWar/HUD/BasicAmmo.BasicAmmo_C:Recargando:00AB
[2017.08.22-09.20.25:442][ 68]LogScript:Warning: Accessed None trying to read property Equipada
	BasicAmmo_C /Engine/Transient.UnrealEdEngine_0:GameInstance_1.BasicAmmo_C_1
	Function /Game/FirstPersonBP/PostWar/HUD/BasicAmmo.BasicAmmo_C:MunicionActual:00D5
[2017.08.22-09.20.25:443][ 68]LogScript:Warning: Accessed None trying to read property Equipada
	BasicAmmo_C /Engine/Transient.UnrealEdEngine_0:GameInstance_1.BasicAmmo_C_1
	Function /Game/FirstPersonBP/PostWar/HUD/BasicAmmo.BasicAmmo_C:MunicionTotal:00D5
[2017.08.22-09.20.25:443][ 68]LogScript:Warning: Accessed None trying to read property Equipada
	BasicAmmo_C /Engine/Transient.UnrealEdEngine_0:GameInstance_1.BasicAmmo_C_1
	Function /Game/FirstPersonBP/PostWar/HUD/BasicAmmo.BasicAmmo_C:Recargando:00AB
[2017.08.22-09.20.25:462][ 69]LogScript:Warning: Accessed None trying to read property Equipada
	BasicAmmo_C /Engine/Transient.UnrealEdEngine_0:GameInstance_1.BasicAmmo_C_1
	Function /Game/FirstPersonBP/PostWar/HUD/BasicAmmo.BasicAmmo_C:MunicionActual:00D5
[2017.08.22-09.20.25:462][ 69]LogScript:Warning: Accessed None trying to read property Equipada
	BasicAmmo_C /Engine/Transient.UnrealEdEngine_0:GameInstance_1.BasicAmmo_C_1
	Function /Game/FirstPersonBP/PostWar/HUD/BasicAmmo.BasicAmmo_C:MunicionTotal:00D5
[2017.08.22-09.20.25:462][ 69]LogScript:Warning: Accessed None trying to read property Equipada
	BasicAmmo_C /Engine/Transient.UnrealEdEngine_0:GameInstance_1.BasicAmmo_C_1
	Function /Game/FirstPersonBP/PostWar/HUD/BasicAmmo.BasicAmmo_C:Recargando:00AB
[2017.08.22-09.20.25:480][ 70]LogScript:Warning: Accessed None trying to read property Equipada
	BasicAmmo_C /Engine/Transient.UnrealEdEngine_0:GameInstance_1.BasicAmmo_C_1
	Function /Game/FirstPersonBP/PostWar/HUD/BasicAmmo.BasicAmmo_C:MunicionActual:00D5
[2017.08.22-09.20.25:480][ 70]LogScript:Warning: Accessed None trying to read property Equipada
	BasicAmmo_C /Engine/Transient.UnrealEdEngine_0:GameInstance_1.BasicAmmo_C_1
	Function /Game/FirstPersonBP/PostWar/HUD/BasicAmmo.BasicAmmo_C:MunicionTotal:00D5
[2017.08.22-09.20.25:480][ 70]LogScript:Warning: Accessed None trying to read property Equipada
	BasicAmmo_C /Engine/Transient.UnrealEdEngine_0:GameInstance_1.BasicAmmo_C_1
	Function /Game/FirstPersonBP/PostWar/HUD/BasicAmmo.BasicAmmo_C:Recargando:00AB
[2017.08.22-09.20.25:495][ 71]LogScript:Warning: Accessed None trying to read property Equipada
	BasicAmmo_C /Engine/Transient.UnrealEdEngine_0:GameInstance_1.BasicAmmo_C_1
	Function /Game/FirstPersonBP/PostWar/HUD/BasicAmmo.BasicAmmo_C:MunicionActual:00D5
[2017.08.22-09.20.25:495][ 71]LogScript:Warning: Accessed None trying to read property Equipada
	BasicAmmo_C /Engine/Transient.UnrealEdEngine_0:GameInstance_1.BasicAmmo_C_1
	Function /Game/FirstPersonBP/PostWar/HUD/BasicAmmo.BasicAmmo_C:MunicionTotal:00D5
[2017.08.22-09.20.25:495][ 71]LogScript:Warning: Accessed None trying to read property Equipada
	BasicAmmo_C /Engine/Transient.UnrealEdEngine_0:GameInstance_1.BasicAmmo_C_1
	Function /Game/FirstPersonBP/PostWar/HUD/BasicAmmo.BasicAmmo_C:Recargando:00AB
[2017.08.22-09.20.25:517][ 72]LogScript:Warning: Accessed None trying to read property Equipada
	BasicAmmo_C /Engine/Transient.UnrealEdEngine_0:GameInstance_1.BasicAmmo_C_1
	Function /Game/FirstPersonBP/PostWar/HUD/BasicAmmo.BasicAmmo_C:MunicionActual:00D5
[2017.08.22-09.20.25:517][ 72]LogScript:Warning: Accessed None trying to read property Equipada
	BasicAmmo_C /Engine/Transient.UnrealEdEngine_0:GameInstance_1.BasicAmmo_C_1
	Function /Game/FirstPersonBP/PostWar/HUD/BasicAmmo.BasicAmmo_C:MunicionTotal:00D5
[2017.08.22-09.20.29:342][293]LogBlueprintUserMessages: [ZonaBP_2] Entro en nueva zona
[2017.08.22-09.20.29:342][293]LogBlueprintUserMessages: [Partida_C_0] 9
[2017.08.22-09.20.29:342][293]LogBlueprintUserMessages: [Partida_C_0] INICIO RONDA!!!!
[2017.08.22-09.20.29:842][323]LogBlueprintUserMessages: [Zombi_C_0] 99.992493
[2017.08.22-09.20.30:344][353]LogBlueprintUserMessages: [Zombi_C_1] 99.992493
[2017.08.22-09.20.30:847][383]LogBlueprintUserMessages: [Zombi_C_2] 99.992493
[2017.08.22-09.20.31:352][413]LogBlueprintUserMessages: [Zombi_C_3] 99.992493
[2017.08.22-09.20.31:846][442]LogBlueprintUserMessages: [Zombi_C_4] 99.992493
[2017.08.22-09.20.32:351][472]LogBlueprintUserMessages: [Zombi_C_5] 99.992493
[2017.08.22-09.20.32:853][502]LogBlueprintUserMessages: [Zombi_C_6] 99.992493
[2017.08.22-09.20.33:351][531]LogBlueprintUserMessages: [Zombi_C_7] 99.992493
[2017.08.22-09.20.33:854][561]LogBlueprintUserMessages: [Zombi_C_8] 99.992493
[2017.08.22-09.20.35:717][672]LogBlueprintUserMessages: [Zombi_C_3] ME HA DADO EN EL TORSO
[2017.08.22-09.20.35:717][672]LogBlueprintUserMessages: [Zombi_C_2] ME HA DADO EN EL TORSO
[2017.08.22-09.20.35:917][683]LogBlueprintUserMessages: [Zombi_C_3] ME HA DADO EN LA CABEZA
[2017.08.22-09.20.36:037][689]LogBlueprintUserMessages: [Zombi_C_6] ME HA DADO EN LA CABEZA
[2017.08.22-09.20.36:037][689]LogBlueprintUserMessages: [Zombi_C_3] ME HA DADO EN LA CABEZA
[2017.08.22-09.20.36:151][695]LogBlueprintUserMessages: [Zombi_C_3] ME HA DADO EN EL TORSO
[2017.08.22-09.20.36:471][712]LogBlueprintUserMessages: [Zombi_C_5] ME HA DADO EN LA CABEZA
[2017.08.22-09.20.36:471][712]LogBlueprintUserMessages: [Zombi_C_2] ME HA DADO EN LA CABEZA
[2017.08.22-09.20.36:686][723]LogBlueprintUserMessages: [Zombi_C_5] ME HA DADO EN LA CABEZA
[2017.08.22-09.20.36:687][723]LogBlueprintUserMessages: [Zombi_C_2] ME HA DADO EN EL TORSO
[2017.08.22-09.20.36:801][729]LogBlueprintUserMessages: [Zombi_C_5] ME HA DADO EN EL TORSO
[2017.08.22-09.20.36:801][729]LogBlueprintUserMessages: [Zombi_C_3] ME HA DADO EN LA CABEZA
[2017.08.22-09.20.36:904][734]LogBlueprintUserMessages: [Zombi_C_5] ME HA DADO EN EL TORSO
[2017.08.22-09.20.37:026][740]LogBlueprintUserMessages: [Zombi_C_5] ME HA DADO EN EL TORSO
[2017.08.22-09.20.37:064][742]LogBlueprintUserMessages: [ZonaBP7] Entro en nueva zona
[2017.08.22-09.20.37:127][745]LogBlueprintUserMessages: [ZonaBP7] Entro en nueva zona
[2017.08.22-09.20.37:147][746]LogBlueprintUserMessages: [ZonaBP7] Entro en nueva zona
[2017.08.22-09.20.37:234][751]LogBlueprintUserMessages: [ZonaBP7] Entro en nueva zona
[2017.08.22-09.20.37:235][751]LogBlueprintUserMessages: [Zombi_C_2] ME HA DADO EN LA CABEZA
[2017.08.22-09.20.37:350][757]LogBlueprintUserMessages: [Zombi_C_2] ME HA DADO EN LA CABEZA
[2017.08.22-09.20.37:364][758]LogBlueprintUserMessages: [ZonaBP7] Entro en nueva zona
[2017.08.22-09.20.37:462][763]LogBlueprintUserMessages: [Zombi_C_6] ME HA DADO EN LA CABEZA
[2017.08.22-09.20.37:483][764]LogBlueprintUserMessages: [ZonaBP7] Entro en nueva zona
[2017.08.22-09.20.37:574][769]LogBlueprintUserMessages: [Zombi_C_6] ME HA DADO EN LA CABEZA
[2017.08.22-09.20.37:596][770]LogBlueprintUserMessages: [ZonaBP7] Entro en nueva zona
[2017.08.22-09.20.37:692][775]LogBlueprintUserMessages: [Zombi_C_6] ME HA DADO EN EL TORSO
[2017.08.22-09.20.37:713][776]LogBlueprintUserMessages: [ZonaBP7] Entro en nueva zona
[2017.08.22-09.20.37:820][782]LogBlueprintUserMessages: [ZonaBP7] Entro en nueva zona
[2017.08.22-09.20.37:944][788]LogBlueprintUserMessages: [ZonaBP7] Entro en nueva zona
[2017.08.22-09.20.38:070][795]LogBlueprintUserMessages: [ZonaBP7] Entro en nueva zona
[2017.08.22-09.20.38:194][802]LogBlueprintUserMessages: [ZonaBP7] Entro en nueva zona
[2017.08.22-09.20.38:306][808]LogBlueprintUserMessages: [ZonaBP7] Entro en nueva zona
[2017.08.22-09.20.38:419][814]LogBlueprintUserMessages: [ZonaBP7] Entro en nueva zona
[2017.08.22-09.20.38:541][820]LogBlueprintUserMessages: [ZonaBP7] Entro en nueva zona
[2017.08.22-09.20.39:082][849]LogBlueprintUserMessages: [Zombi_C_8] ME HA DADO EN EL TORSO
[2017.08.22-09.20.39:276][860]LogBlueprintUserMessages: [Zombi_C_8] ME HA DADO EN EL TORSO
[2017.08.22-09.20.39:385][866]LogBlueprintUserMessages: [Zombi_C_8] ME HA DADO EN EL TORSO
[2017.08.22-09.20.39:493][872]LogBlueprintUserMessages: [Zombi_C_8] ME HA DADO EN LA CABEZA
[2017.08.22-09.20.39:607][878]LogBlueprintUserMessages: [Zombi_C_8] ME HA DADO EN LA CABEZA
[2017.08.22-09.20.43:951][120]LogBlueprintUserMessages: [Zombi_C_7] ME HA DADO EN EL TORSO
[2017.08.22-09.20.43:951][120]LogBlueprintUserMessages: [Zombi_C_1] ME HA DADO EN EL TORSO
[2017.08.22-09.20.44:139][131]LogBlueprintUserMessages: [Zombi_C_7] ME HA DADO EN LA CABEZA
[2017.08.22-09.20.44:139][131]LogBlueprintUserMessages: [Zombi_C_1] ME HA DADO EN EL TORSO
[2017.08.22-09.20.44:249][137]LogBlueprintUserMessages: [Zombi_C_7] ME HA DADO EN LA CABEZA
[2017.08.22-09.20.44:249][137]LogBlueprintUserMessages: [Zombi_C_1] ME HA DADO EN EL TORSO
[2017.08.22-09.20.44:351][143]LogBlueprintUserMessages: [Zombi_C_7] ME HA DADO EN LA CABEZA
[2017.08.22-09.20.44:351][143]LogBlueprintUserMessages: [Zombi_C_0] ME HA DADO EN EL TORSO
[2017.08.22-09.20.44:351][143]LogBlueprintUserMessages: [Zombi_C_1] ME HA DADO EN EL TORSO
[2017.08.22-09.20.44:454][149]LogBlueprintUserMessages: [Zombi_C_0] ME HA DADO EN LA CABEZA
[2017.08.22-09.20.44:454][149]LogBlueprintUserMessages: [Zombi_C_1] ME HA DADO EN EL TORSO
[2017.08.22-09.20.44:561][155]LogBlueprintUserMessages: [Zombi_C_0] ME HA DADO EN LA CABEZA
[2017.08.22-09.20.44:561][155]LogBlueprintUserMessages: [Zombi_C_1] ME HA DADO EN EL TORSO
[2017.08.22-09.20.44:671][161]LogBlueprintUserMessages: [Zombi_C_0] ME HA DADO EN LA CABEZA
[2017.08.22-09.20.44:672][161]LogBlueprintUserMessages: [Zombi_C_1] ME HA DADO EN EL TORSO
[2017.08.22-09.20.44:902][174]LogBlueprintUserMessages: [ZonaBP6] Entro en nueva zona
[2017.08.22-09.20.44:997][179]LogBlueprintUserMessages: [ZonaBP6] Entro en nueva zona
[2017.08.22-09.20.45:128][186]LogBlueprintUserMessages: [ZonaBP6] Entro en nueva zona
[2017.08.22-09.20.48:887][407]LogBlueprintUserMessages: [Zombi_C_4] ME HA DADO EN  LAS PIERNAS
[2017.08.22-09.20.48:995][413]LogBlueprintUserMessages: [Zombi_C_4] ME HA DADO EN  LAS PIERNAS
[2017.08.22-09.20.50:493][502]LogBlueprintUserMessages: [Zombi_C_4] ME HA DADO EN  LAS PIERNAS
[2017.08.22-09.20.52:916][646]LogBlueprintUserMessages: [ZonaBP2] Entro en nueva zona
[2017.08.22-09.20.55:900][825]LogBlueprintUserMessages: [Power-upResistencia_90] soy power-up resistencia
[2017.08.22-09.21.07:495][518]LogBlueprintUserMessages: [ZonaBP3] Entro en nueva zona
[2017.08.22-09.21.24:219][511]LogBlueprintUserMessages: [ZonaBP4] Entro en nueva zona
[2017.08.22-09.21.24:606][534]LogBlueprintUserMessages: [ZonaBP4] Entro en nueva zona
[2017.08.22-09.21.24:972][556]LogBlueprintUserMessages: [ZonaBP4] Entro en nueva zona
[2017.08.22-09.21.25:209][569]LogBlueprintUserMessages: [ZonaBP4] Entro en nueva zona
[2017.08.22-09.21.25:510][587]LogBlueprintUserMessages: [ZonaBP4] Entro en nueva zona
[2017.08.22-09.21.25:828][606]LogBlueprintUserMessages: [ZonaBP4] Entro en nueva zona
[2017.08.22-09.21.26:013][617]LogBlueprintUserMessages: [ZonaBP7] Entro en nueva zona
[2017.08.22-09.21.26:282][633]LogBlueprintUserMessages: [ZonaBP7] Entro en nueva zona
[2017.08.22-09.21.28:769][782]LogBlueprintUserMessages: [ZonaBP4] Entro en nueva zona
[2017.08.22-09.21.32:779][ 11]LogBlueprintUserMessages: [ZonaBP5] Entro en nueva zona
[2017.08.22-09.22.07:269][ 63]LogBlueprintUserMessages: [Power-upTiempoRecarga_366] soy power-up tiempo recarga
[2017.08.22-09.22.22:071][948]LogBlueprintUserMessages: [MaquinaCadencia_302] 100
[2017.08.22-09.22.22:071][948]LogBlueprintUserMessages: [MaquinaCadencia_302] Soy maquina mejorar cadencia
[2017.08.22-09.22.22:237][958]LogBlueprintUserMessages: [MaquinaCadencia_302] 200
[2017.08.22-09.22.22:237][958]LogBlueprintUserMessages: [MaquinaCadencia_302] Soy maquina mejorar cadencia
[2017.08.22-09.22.22:405][968]LogBlueprintUserMessages: [MaquinaCadencia_302] 300
[2017.08.22-09.22.22:405][968]LogBlueprintUserMessages: [MaquinaCadencia_302] Soy maquina mejorar cadencia
[2017.08.22-09.22.22:588][979]LogBlueprintUserMessages: [MaquinaCadencia_302] 400
[2017.08.22-09.22.22:588][979]LogBlueprintUserMessages: [MaquinaCadencia_302] Soy maquina mejorar cadencia
[2017.08.22-09.22.22:755][989]LogBlueprintUserMessages: [MaquinaCadencia_302] 500
[2017.08.22-09.22.22:755][989]LogBlueprintUserMessages: [MaquinaCadencia_302] Soy maquina mejorar cadencia
[2017.08.22-09.22.22:888][997]LogBlueprintUserMessages: [MaquinaCadencia_302] 600
[2017.08.22-09.22.22:888][997]LogBlueprintUserMessages: [MaquinaCadencia_302] Soy maquina mejorar cadencia
[2017.08.22-09.22.23:054][  7]LogBlueprintUserMessages: [MaquinaCadencia_302] 700
[2017.08.22-09.22.23:054][  7]LogBlueprintUserMessages: [MaquinaCadencia_302] Soy maquina mejorar cadencia
[2017.08.22-09.22.23:221][ 17]LogBlueprintUserMessages: [MaquinaCadencia_302] 800
[2017.08.22-09.22.23:221][ 17]LogBlueprintUserMessages: [MaquinaCadencia_302] Soy maquina mejorar cadencia
[2017.08.22-09.22.23:388][ 27]LogBlueprintUserMessages: [MaquinaCadencia_302] 900
[2017.08.22-09.22.23:388][ 27]LogBlueprintUserMessages: [MaquinaCadencia_302] Soy maquina mejorar cadencia
[2017.08.22-09.22.23:537][ 36]LogBlueprintUserMessages: [MaquinaCadencia_302] 1000
[2017.08.22-09.22.23:537][ 36]LogBlueprintUserMessages: [MaquinaCadencia_302] Soy maquina mejorar cadencia
[2017.08.22-09.22.23:687][ 45]LogBlueprintUserMessages: [MaquinaCadencia_302] 1100
[2017.08.22-09.22.23:687][ 45]LogBlueprintUserMessages: [MaquinaCadencia_302] Soy maquina mejorar cadencia
[2017.08.22-09.22.31:657][520]LogBlueprintUserMessages: [FirstPersonCharacter2] Mi vida actual es es: 14
[2017.08.22-09.22.32:157][550]LogBlueprintUserMessages: [FirstPersonCharacter2] Mi vida actual es es: 13
[2017.08.22-09.22.32:657][580]LogBlueprintUserMessages: [FirstPersonCharacter2] Mi vida actual es es: 12
[2017.08.22-09.22.33:008][601]LogBlueprintUserMessages: [FirstPersonCharacter2] Mi vida actual es es: 11
[2017.08.22-09.22.33:507][631]LogBlueprintUserMessages: [FirstPersonCharacter2] Mi vida actual es es: 10
[2017.08.22-09.22.35:507][751]LogBlueprintUserMessages: [FirstPersonCharacter2] Mi vida actual es es: 11
[2017.08.22-09.22.37:306][859]LogBlueprintUserMessages: [MaquinaRecarga2_146] Soy maquina mejorar tiempo recarga
[2017.08.22-09.22.37:456][868]LogBlueprintUserMessages: [MaquinaRecarga2_146] Soy maquina mejorar tiempo recarga
[2017.08.22-09.22.37:507][871]LogBlueprintUserMessages: [FirstPersonCharacter2] Mi vida actual es es: 12
[2017.08.22-09.22.37:624][878]LogBlueprintUserMessages: [MaquinaRecarga2_146] Soy maquina mejorar tiempo recarga
[2017.08.22-09.22.37:773][887]LogBlueprintUserMessages: [MaquinaRecarga2_146] Soy maquina mejorar tiempo recarga
[2017.08.22-09.22.37:906][895]LogBlueprintUserMessages: [MaquinaRecarga2_146] Soy maquina mejorar tiempo recarga
[2017.08.22-09.22.39:509][991]LogBlueprintUserMessages: [FirstPersonCharacter2] Mi vida actual es es: 13
[2017.08.22-09.22.39:957][ 18]LogBlueprintUserMessages: [MaquinaMunicionMax_326] Soy maquina mejorar municion maxima
[2017.08.22-09.22.40:158][ 30]LogBlueprintUserMessages: [MaquinaMunicionMax_326] Soy maquina mejorar municion maxima
[2017.08.22-09.22.40:323][ 40]LogBlueprintUserMessages: [MaquinaMunicionMax_326] Soy maquina mejorar municion maxima
[2017.08.22-09.22.40:507][ 51]LogBlueprintUserMessages: [MaquinaMunicionMax_326] Soy maquina mejorar municion maxima
[2017.08.22-09.22.40:691][ 62]LogBlueprintUserMessages: [MaquinaMunicionMax_326] Soy maquina mejorar municion maxima
[2017.08.22-09.22.40:857][ 72]LogBlueprintUserMessages: [MaquinaMunicionMax_326] Soy maquina mejorar municion maxima
[2017.08.22-09.22.41:041][ 83]LogBlueprintUserMessages: [MaquinaMunicionMax_326] Soy maquina mejorar municion maxima
[2017.08.22-09.22.41:508][111]LogBlueprintUserMessages: [FirstPersonCharacter2] Mi vida actual es es: 14
[2017.08.22-09.22.43:515][230]LogBlueprintUserMessages: [FirstPersonCharacter2] Mi vida actual es es: 15
[2017.08.22-09.22.45:524][345]LogBlueprintUserMessages: [FirstPersonCharacter2] vida al maximo
[2017.08.22-09.22.49:348][561]LogBlueprintUserMessages: [ZonaBP5] Entro en nueva zona
[2017.08.22-09.22.49:815][585]LogBlueprintUserMessages: [ZonaBP5] Entro en nueva zona
[2017.08.22-09.22.50:269][608]LogBlueprintUserMessages: [ZonaBP5] Entro en nueva zona
[2017.08.22-09.22.50:685][630]LogBlueprintUserMessages: [ZonaBP5] Entro en nueva zona
[2017.08.22-09.22.52:123][714]LogBlueprintUserMessages: [ZonaBP5] Entro en nueva zona
[2017.08.22-09.22.52:556][740]LogBlueprintUserMessages: [ZonaBP5] Entro en nueva zona
[2017.08.22-09.22.55:625][924]LogBlueprintUserMessages: [MaquinaRecarga2_146] Soy maquina mejorar tiempo recarga
[2017.08.22-09.22.55:809][935]LogBlueprintUserMessages: [MaquinaRecarga2_146] Soy maquina mejorar tiempo recarga
[2017.08.22-09.22.55:942][943]LogBlueprintUserMessages: [MaquinaRecarga2_146] Soy maquina mejorar tiempo recarga
[2017.08.22-09.22.56:125][954]LogBlueprintUserMessages: [MaquinaRecarga2_146] Soy maquina mejorar tiempo recarga
[2017.08.22-09.22.56:275][963]LogBlueprintUserMessages: [MaquinaRecarga2_146] Soy maquina mejorar tiempo recarga
[2017.08.22-09.22.56:425][972]LogBlueprintUserMessages: [MaquinaRecarga2_146] Soy maquina mejorar tiempo recarga
[2017.08.22-09.22.56:575][981]LogBlueprintUserMessages: [MaquinaRecarga2_146] Soy maquina mejorar tiempo recarga
[2017.08.22-09.22.56:726][990]LogBlueprintUserMessages: [MaquinaRecarga2_146] Soy maquina mejorar tiempo recarga
[2017.08.22-09.22.56:892][  0]LogBlueprintUserMessages: [MaquinaRecarga2_146] Soy maquina mejorar tiempo recarga
[2017.08.22-09.22.57:009][  7]LogBlueprintUserMessages: [MaquinaRecarga2_146] Soy maquina mejorar tiempo recarga
[2017.08.22-09.22.58:826][116]LogBlueprintUserMessages: [MaquinaCadencia_302] 100
[2017.08.22-09.22.58:826][116]LogBlueprintUserMessages: [MaquinaCadencia_302] Soy maquina mejorar cadencia
[2017.08.22-09.22.59:043][129]LogBlueprintUserMessages: [MaquinaCadencia_302] 200
[2017.08.22-09.22.59:043][129]LogBlueprintUserMessages: [MaquinaCadencia_302] Soy maquina mejorar cadencia
[2017.08.22-09.22.59:225][140]LogBlueprintUserMessages: [MaquinaCadencia_302] 300
[2017.08.22-09.22.59:225][140]LogBlueprintUserMessages: [MaquinaCadencia_302] Soy maquina mejorar cadencia
[2017.08.22-09.22.59:392][150]LogBlueprintUserMessages: [MaquinaCadencia_302] 400
[2017.08.22-09.22.59:392][150]LogBlueprintUserMessages: [MaquinaCadencia_302] Soy maquina mejorar cadencia
[2017.08.22-09.22.59:559][160]LogBlueprintUserMessages: [MaquinaCadencia_302] 500
[2017.08.22-09.22.59:559][160]LogBlueprintUserMessages: [MaquinaCadencia_302] Soy maquina mejorar cadencia
[2017.08.22-09.22.59:742][171]LogBlueprintUserMessages: [MaquinaCadencia_302] 600
[2017.08.22-09.22.59:742][171]LogBlueprintUserMessages: [MaquinaCadencia_302] Soy maquina mejorar cadencia
[2017.08.22-09.22.59:909][181]LogBlueprintUserMessages: [MaquinaCadencia_302] 700
[2017.08.22-09.22.59:909][181]LogBlueprintUserMessages: [MaquinaCadencia_302] Soy maquina mejorar cadencia
[2017.08.22-09.23.00:059][190]LogBlueprintUserMessages: [MaquinaCadencia_302] 800
[2017.08.22-09.23.00:059][190]LogBlueprintUserMessages: [MaquinaCadencia_302] Soy maquina mejorar cadencia
[2017.08.22-09.23.00:193][198]LogBlueprintUserMessages: [MaquinaCadencia_302] 900
[2017.08.22-09.23.00:193][198]LogBlueprintUserMessages: [MaquinaCadencia_302] Soy maquina mejorar cadencia
[2017.08.22-09.23.06:564][578]LogBlueprintUserMessages: [ZonaBP5] Entro en nueva zona
[2017.08.22-09.23.20:959][417]LogBlueprintUserMessages: [ZonaBP6] Entro en nueva zona
[2017.08.22-09.23.54:986][520]LogBlueprintUserMessages: [Power-upRevivir2_302] soy power-up revivir
[2017.08.22-09.23.56:947][652]LogBlueprintUserMessages: [FirstPersonCharacter2] Mi vida actual es es: 14
[2017.08.22-09.23.57:465][688]LogBlueprintUserMessages: [FirstPersonCharacter2] Mi vida actual es es: 13
[2017.08.22-09.23.57:954][720]LogBlueprintUserMessages: [FirstPersonCharacter2] Mi vida actual es es: 12
[2017.08.22-09.23.58:451][753]LogBlueprintUserMessages: [FirstPersonCharacter2] Mi vida actual es es: 11
[2017.08.22-09.23.58:935][785]LogBlueprintUserMessages: [FirstPersonCharacter2] Mi vida actual es es: 10
[2017.08.22-09.23.59:287][808]LogBlueprintUserMessages: [FirstPersonCharacter2] Mi vida actual es es: 9
[2017.08.22-09.23.59:786][841]LogBlueprintUserMessages: [FirstPersonCharacter2] Mi vida actual es es: 8
[2017.08.22-09.24.00:287][873]LogBlueprintUserMessages: [FirstPersonCharacter2] Mi vida actual es es: 7
[2017.08.22-09.24.00:789][907]LogBlueprintUserMessages: [FirstPersonCharacter2] Mi vida actual es es: 6
[2017.08.22-09.24.01:276][939]LogBlueprintUserMessages: [FirstPersonCharacter2] Mi vida actual es es: 5
[2017.08.22-09.24.01:606][961]LogBlueprintUserMessages: [FirstPersonCharacter2] Mi vida actual es es: 4
[2017.08.22-09.24.02:128][995]LogBlueprintUserMessages: [FirstPersonCharacter2] Mi vida actual es es: 3
[2017.08.22-09.24.02:615][ 27]LogBlueprintUserMessages: [FirstPersonCharacter2] Mi vida actual es es: 2
[2017.08.22-09.24.03:118][ 60]LogBlueprintUserMessages: [FirstPersonCharacter2] Mi vida actual es es: 1
[2017.08.22-09.24.03:609][ 92]LogBlueprintUserMessages: [FirstPersonCharacter2] Mi vida actual es es: 0
[2017.08.22-09.24.08:611][419]LogBlueprintUserMessages: [FirstPersonCharacter2] Mi vida actual es es: 14
[2017.08.22-09.24.09:131][453]LogBlueprintUserMessages: [FirstPersonCharacter2] Mi vida actual es es: 13
[2017.08.22-09.24.10:389][528]LogBlueprintUserMessages: [Zombi_C_4] ME HA DADO EN EL TORSO
[2017.08.22-09.24.10:680][545]LogBlueprintUserMessages: [Zombi_C_4] ME HA DADO EN EL TORSO
[2017.08.22-09.24.10:892][557]LogBlueprintUserMessages: [Zombi_C_4] ME HA DADO EN LA CABEZA
[2017.08.22-09.24.11:150][572]LogBlueprintUserMessages: [FirstPersonCharacter2] Mi vida actual es es: 14
[2017.08.22-09.24.13:144][700]LogBlueprintUserMessages: [FirstPersonCharacter2] Mi vida actual es es: 15
[2017.08.22-09.24.15:138][845]LogBlueprintUserMessages: [FirstPersonCharacter2] vida al maximo
[2017.08.22-09.24.18:886][126]LogBlueprintUserMessages: [Partida_C_0] 16
[2017.08.22-09.24.18:886][126]LogBlueprintUserMessages: [Partida_C_0] INICIO RONDA!!!!
[2017.08.22-09.24.19:391][167]LogBlueprintUserMessages: [Zombi_C_9] 114.991364
[2017.08.22-09.24.19:902][204]LogBlueprintUserMessages: [Zombi_C_10] 114.991364
[2017.08.22-09.24.20:394][237]LogBlueprintUserMessages: [Zombi_C_11] 114.991364
[2017.08.22-09.24.20:898][272]LogBlueprintUserMessages: [Zombi_C_12] 114.991364
[2017.08.22-09.24.21:405][308]LogBlueprintUserMessages: [Zombi_C_13] 114.991364
[2017.08.22-09.24.21:642][324]LogBlueprintUserMessages: [ZonaBP7] Entro en nueva zona
[2017.08.22-09.24.21:905][342]LogBlueprintUserMessages: [Zombi_C_14] 114.991364
[2017.08.22-09.24.21:918][343]LogBlueprintUserMessages: [ZonaBP7] Entro en nueva zona
[2017.08.22-09.24.21:950][345]LogBlueprintUserMessages: [Zombi_C_11] ME HA DADO EN LA CABEZA
[2017.08.22-09.24.22:136][357]LogBlueprintUserMessages: [ZonaBP7] Entro en nueva zona
[2017.08.22-09.24.22:165][359]LogBlueprintUserMessages: [Zombi_C_11] ME HA DADO EN EL TORSO
[2017.08.22-09.24.22:358][371]LogBlueprintUserMessages: [ZonaBP7] Entro en nueva zona
[2017.08.22-09.24.22:381][372]LogBlueprintUserMessages: [Zombi_C_11] ME HA DADO EN LA CABEZA
[2017.08.22-09.24.22:403][373]LogBlueprintUserMessages: [Zombi_C_15] 114.991364
[2017.08.22-09.24.22:574][383]LogBlueprintUserMessages: [ZonaBP7] Entro en nueva zona
[2017.08.22-09.24.22:587][384]LogBlueprintUserMessages: [Zombi_C_11] ME HA DADO EN EL TORSO
[2017.08.22-09.24.22:785][396]LogBlueprintUserMessages: [ZonaBP7] Entro en nueva zona
[2017.08.22-09.24.22:890][402]LogBlueprintUserMessages: [Zombi_C_16] 114.991364
[2017.08.22-09.24.23:012][409]LogBlueprintUserMessages: [ZonaBP7] Entro en nueva zona
[2017.08.22-09.24.23:212][421]LogBlueprintUserMessages: [ZonaBP7] Entro en nueva zona
[2017.08.22-09.24.23:412][432]LogBlueprintUserMessages: [Zombi_C_17] 114.991364
[2017.08.22-09.24.23:447][434]LogBlueprintUserMessages: [ZonaBP7] Entro en nueva zona
[2017.08.22-09.24.23:905][460]LogBlueprintUserMessages: [Zombi_C_18] 114.991364
[2017.08.22-09.24.24:402][491]LogBlueprintUserMessages: [Zombi_C_19] 114.991364
[2017.08.22-09.24.24:898][521]LogBlueprintUserMessages: [Zombi_C_13] ME HA DADO EN LA CABEZA
[2017.08.22-09.24.24:902][521]LogBlueprintUserMessages: [Zombi_C_20] 114.991364
[2017.08.22-09.24.25:337][546]LogBlueprintUserMessages: [Zombi_C_13] ME HA DADO EN LA CABEZA
[2017.08.22-09.24.25:408][550]LogBlueprintUserMessages: [Zombi_C_21] 114.991364
[2017.08.22-09.24.25:546][558]LogBlueprintUserMessages: [Zombi_C_13] ME HA DADO EN LA CABEZA
[2017.08.22-09.24.25:907][578]LogBlueprintUserMessages: [Zombi_C_22] 114.991364
[2017.08.22-09.24.26:390][605]LogBlueprintUserMessages: [Zombi_C_10] ME HA DADO EN LA CABEZA
[2017.08.22-09.24.26:408][606]LogBlueprintUserMessages: [Zombi_C_23] 114.991364
[2017.08.22-09.24.26:607][617]LogBlueprintUserMessages: [Zombi_C_10] ME HA DADO EN EL TORSO
[2017.08.22-09.24.26:821][629]LogBlueprintUserMessages: [Zombi_C_10] ME HA DADO EN EL TORSO
[2017.08.22-09.24.26:899][633]LogBlueprintUserMessages: [Zombi_C_24] 114.991364
[2017.08.22-09.24.27:049][641]LogBlueprintUserMessages: [Zombi_C_10] ME HA DADO EN EL TORSO
[2017.08.22-09.24.27:280][653]LogBlueprintUserMessages: [Zombi_C_10] ME HA DADO EN LA CABEZA
[2017.08.22-09.24.31:942][944]LogBlueprintUserMessages: [Zombi_C_24] ME HA DADO EN LA CABEZA
[2017.08.22-09.24.32:157][957]LogBlueprintUserMessages: [Zombi_C_24] ME HA DADO EN LA CABEZA
[2017.08.22-09.24.32:158][957]LogBlueprintUserMessages: [Zombi_C_22] ME HA DADO EN EL TORSO
[2017.08.22-09.24.32:371][970]LogBlueprintUserMessages: [Zombi_C_24] ME HA DADO EN EL TORSO
[2017.08.22-09.24.32:574][982]LogBlueprintUserMessages: [Zombi_C_24] ME HA DADO EN EL TORSO
[2017.08.22-09.24.33:013][  8]LogBlueprintUserMessages: [Zombi_C_22] ME HA DADO EN LA CABEZA
[2017.08.22-09.24.33:327][ 27]LogBlueprintUserMessages: [Zombi_C_22] ME HA DADO EN EL TORSO
[2017.08.22-09.24.33:555][ 41]LogBlueprintUserMessages: [Zombi_C_22] ME HA DADO EN EL TORSO
[2017.08.22-09.24.33:769][ 54]LogBlueprintUserMessages: [Zombi_C_22] ME HA DADO EN LA CABEZA
[2017.08.22-09.24.35:258][141]LogBlueprintUserMessages: [Zombi_C_17] ME HA DADO EN EL TORSO
[2017.08.22-09.24.35:459][154]LogBlueprintUserMessages: [Zombi_C_14] ME HA DADO EN EL TORSO
[2017.08.22-09.24.35:459][154]LogBlueprintUserMessages: [Zombi_C_18] ME HA DADO EN EL TORSO
[2017.08.22-09.24.35:614][163]LogBlueprintUserMessages: [ZonaBP7] Entro en nueva zona
[2017.08.22-09.24.35:926][180]LogBlueprintUserMessages: [ZonaBP7] Entro en nueva zona
[2017.08.22-09.24.36:101][190]LogBlueprintUserMessages: [Zombi_C_14] ME HA DADO EN EL TORSO
[2017.08.22-09.24.36:101][190]LogBlueprintUserMessages: [Zombi_C_17] ME HA DADO EN LA CABEZA
[2017.08.22-09.24.36:102][190]LogBlueprintUserMessages: [Zombi_C_18] ME HA DADO EN EL TORSO
[2017.08.22-09.24.36:156][193]LogBlueprintUserMessages: [ZonaBP7] Entro en nueva zona
[2017.08.22-09.24.36:316][202]LogBlueprintUserMessages: [Zombi_C_14] ME HA DADO EN LA CABEZA
[2017.08.22-09.24.36:316][202]LogBlueprintUserMessages: [Zombi_C_18] ME HA DADO EN EL TORSO
[2017.08.22-09.24.36:377][205]LogBlueprintUserMessages: [ZonaBP7] Entro en nueva zona
[2017.08.22-09.24.36:462][210]LogBlueprintUserMessages: [ZonaBP7] Entro en nueva zona
[2017.08.22-09.24.36:550][215]LogBlueprintUserMessages: [Zombi_C_14] ME HA DADO EN LA CABEZA
[2017.08.22-09.24.36:550][215]LogBlueprintUserMessages: [Zombi_C_17] ME HA DADO EN LA CABEZA
[2017.08.22-09.24.36:550][215]LogBlueprintUserMessages: [Zombi_C_18] ME HA DADO EN LA CABEZA
[2017.08.22-09.24.36:655][221]LogBlueprintUserMessages: [ZonaBP7] Entro en nueva zona
[2017.08.22-09.24.36:760][227]LogBlueprintUserMessages: [Zombi_C_17] ME HA DADO EN LA CABEZA
[2017.08.22-09.24.36:760][227]LogBlueprintUserMessages: [Zombi_C_18] ME HA DADO EN EL TORSO
[2017.08.22-09.24.36:906][235]LogBlueprintUserMessages: [ZonaBP7] Entro en nueva zona
[2017.08.22-09.24.37:117][247]LogBlueprintUserMessages: [ZonaBP7] Entro en nueva zona
[2017.08.22-09.24.37:357][260]LogBlueprintUserMessages: [ZonaBP7] Entro en nueva zona
[2017.08.22-09.24.37:584][271]LogBlueprintUserMessages: [ZonaBP7] Entro en nueva zona
[2017.08.22-09.24.37:795][281]LogBlueprintUserMessages: [ZonaBP7] Entro en nueva zona
[2017.08.22-09.24.38:032][292]LogBlueprintUserMessages: [ZonaBP7] Entro en nueva zona
[2017.08.22-09.24.39:429][363]LogBlueprintUserMessages: [Zombi_C_20] ME HA DADO EN EL TORSO
[2017.08.22-09.24.39:429][363]LogBlueprintUserMessages: [Zombi_C_9] ME HA DADO EN EL TORSO
[2017.08.22-09.24.39:746][378]LogBlueprintUserMessages: [Zombi_C_20] ME HA DADO EN EL TORSO
[2017.08.22-09.24.39:746][378]LogBlueprintUserMessages: [Zombi_C_9] ME HA DADO EN EL TORSO
[2017.08.22-09.24.40:048][393]LogBlueprintUserMessages: [Zombi_C_20] ME HA DADO EN LA CABEZA
[2017.08.22-09.24.40:049][393]LogBlueprintUserMessages: [Zombi_C_9] ME HA DADO EN LA CABEZA
[2017.08.22-09.24.40:358][408]LogBlueprintUserMessages: [Zombi_C_20] ME HA DADO EN LA CABEZA
[2017.08.22-09.24.40:358][408]LogBlueprintUserMessages: [Zombi_C_9] ME HA DADO EN LA CABEZA
[2017.08.22-09.24.41:895][488]LogBlueprintUserMessages: [FirstPersonCharacter2] Mi vida actual es es: 14
[2017.08.22-09.24.43:907][605]LogBlueprintUserMessages: [FirstPersonCharacter2] Mi vida actual es es: 15
[2017.08.22-09.24.45:395][695]LogBlueprintUserMessages: Early EndPlayMap Detection: Level '/Game/FirstPersonBP/PostWar/Niveles/Mapa.Mapa:PersistentLevel' has LevelScriptBlueprint '/Game/FirstPersonBP/PostWar/Niveles/Mapa.Mapa:PersistentLevel.Mapa' with GeneratedClass '/Game/FirstPersonBP/PostWar/Niveles/Mapa.Mapa_C' with ClassGeneratedBy '/Game/FirstPersonBP/PostWar/Niveles/Mapa.Mapa:PersistentLevel.Mapa'
[2017.08.22-09.24.45:518][695]LogBlueprintUserMessages: Late EndPlayMap Detection: Level '/Game/FirstPersonBP/PostWar/Niveles/Mapa.Mapa:PersistentLevel' has LevelScriptBlueprint '/Game/FirstPersonBP/PostWar/Niveles/Mapa.Mapa:PersistentLevel.Mapa' with GeneratedClass '/Game/FirstPersonBP/PostWar/Niveles/Mapa.Mapa_C' with ClassGeneratedBy '/Game/FirstPersonBP/PostWar/Niveles/Mapa.Mapa:PersistentLevel.Mapa'
[2017.08.22-09.25.07:480][ 87]LogSavePackage: Save=2124.32ms
[2017.08.22-09.25.07:480][ 87]LogSavePackage: Moving 'E:/Usuario/Ruben/UNIVERSIDAD/TFG/Postwar/Saved/Mapa9C7B43B8482265357EAAC38CC2E38FB7.tmp' to 'E:/Usuario/Ruben/UNIVERSIDAD/TFG/Postwar/Content/FirstPersonBP/PostWar/Niveles/Mapa.umap'
[2017.08.22-09.25.07:486][ 87]LogSavePackage:Display: Finished SavePackage E:/Usuario/Ruben/UNIVERSIDAD/TFG/Postwar/Content/FirstPersonBP/PostWar/Niveles/Mapa.umap
[2017.08.22-09.25.07:527][ 87]LogFileHelpers: Saving map 'Mapa' took 2.689
[2017.08.22-09.25.08:811][142]Cmd: QUIT_EDITOR
[2017.08.22-09.25.09:065][142]LogWindowsTextInputMethodSystem:Display: IME system now deactivated.
[2017.08.22-09.25.09:076][142]LogExit: Preparing to exit.
[2017.08.22-09.25.09:950][142]LogExit: Editor shut down
[2017.08.22-09.25.09:953][142]LogExit: Transaction tracking system shut down
[2017.08.22-09.25.10:627][142]LogObj: Freed 0b from 0 cluster array pools.
[2017.08.22-09.25.10:628][142]LogExit: Object subsystem successfully closed.
[2017.08.22-09.25.10:679][142]LogD3D11RHI: Shutdown
[2017.08.22-09.25.10:679][142]LogD3D11RHI: CleanupD3DDevice
[2017.08.22-09.25.11:072][142]LogD3D11RHI: ~FD3D11DynamicRHI
[2017.08.22-09.25.11:105][142]LogModuleManager: Shutting down and abandoning module MovieSceneCapture (526)
[2017.08.22-09.25.11:105][142]LogModuleManager: Shutting down and abandoning module HierarchicalLODOutliner (524)
[2017.08.22-09.25.11:105][142]LogModuleManager: Shutting down and abandoning module CrashTracker (522)
[2017.08.22-09.25.11:105][142]LogModuleManager: Shutting down and abandoning module SceneOutliner (520)
[2017.08.22-09.25.11:105][142]LogModuleManager: Shutting down and abandoning module AddContentDialog (518)
[2017.08.22-09.25.11:106][142]LogDirectoryWatcher: A directory notification for 'D:/Program Files/Epic Games/UE_4.16/FeaturePacks/' was aborted.
[2017.08.22-09.25.11:107][142]LogModuleManager: Shutting down and abandoning module WidgetCarousel (517)
[2017.08.22-09.25.11:107][142]LogModuleManager: Shutting down and abandoning module EditorWidgets (514)
[2017.08.22-09.25.11:107][142]LogModuleManager: Shutting down and abandoning module CollectionManager (512)
[2017.08.22-09.25.11:107][142]LogDirectoryWatcher: A directory notification for 'E:/Usuario/Ruben/UNIVERSIDAD/TFG/Postwar/Content/Collections/' was aborted.
[2017.08.22-09.25.11:107][142]LogDirectoryWatcher: A directory notification for 'E:/Usuario/Ruben/UNIVERSIDAD/TFG/Postwar/Content/Developers/cripe/Collections/' was aborted.
[2017.08.22-09.25.11:107][142]LogDirectoryWatcher: A directory notification for 'E:/Usuario/Ruben/UNIVERSIDAD/TFG/Postwar/Saved/Collections/' was aborted.
[2017.08.22-09.25.11:107][142]LogModuleManager: Shutting down and abandoning module StatsViewer (510)
[2017.08.22-09.25.11:107][142]LogModuleManager: Shutting down and abandoning module FoliageEdit (508)
[2017.08.22-09.25.11:107][142]LogModuleManager: Shutting down and abandoning module LandscapeEditor (506)
[2017.08.22-09.25.11:109][142]LogModuleManager: Shutting down and abandoning module MeshPaintMode (504)
[2017.08.22-09.25.11:109][142]LogModuleManager: Shutting down and abandoning module SceneDepthPickerMode (502)
[2017.08.22-09.25.11:109][142]LogModuleManager: Shutting down and abandoning module ActorPickerMode (500)
[2017.08.22-09.25.11:109][142]LogModuleManager: Shutting down and abandoning module GeometryMode (498)
[2017.08.22-09.25.11:109][142]LogModuleManager: Shutting down and abandoning module TextureAlignMode (496)
[2017.08.22-09.25.11:109][142]LogModuleManager: Shutting down and abandoning module BspMode (494)
[2017.08.22-09.25.11:109][142]LogModuleManager: Shutting down and abandoning module HardwareSurvey (492)
[2017.08.22-09.25.11:109][142]LogModuleManager: Shutting down and abandoning module SequenceRecorderSections (490)
[2017.08.22-09.25.11:109][142]LogModuleManager: Shutting down and abandoning module AutomationWorker (488)
[2017.08.22-09.25.11:110][142]LogModuleManager: Shutting down and abandoning module MatineeToLevelSequence (486)
[2017.08.22-09.25.11:110][142]LogModuleManager: Shutting down and abandoning module LevelSequenceEditor (484)
[2017.08.22-09.25.11:113][142]LogModuleManager: Shutting down and abandoning module PlacementMode (483)
[2017.08.22-09.25.11:113][142]LogModuleManager: Shutting down and abandoning module WmfMediaFactory (480)
[2017.08.22-09.25.11:113][142]LogModuleManager: Shutting down and abandoning module WmfMediaEditor (478)
[2017.08.22-09.25.11:113][142]LogModuleManager: Shutting down and abandoning module AvfMediaFactory (476)
[2017.08.22-09.25.11:113][142]LogModuleManager: Shutting down and abandoning module AvfMediaEditor (474)
[2017.08.22-09.25.11:113][142]LogModuleManager: Shutting down and abandoning module AndroidMediaFactory (472)
[2017.08.22-09.25.11:113][142]LogModuleManager: Shutting down and abandoning module Media (471)
[2017.08.22-09.25.11:113][142]LogModuleManager: Shutting down and abandoning module AndroidMediaEditor (468)
[2017.08.22-09.25.11:113][142]LogModuleManager: Shutting down and abandoning module CharacterAI (466)
[2017.08.22-09.25.11:113][142]LogModuleManager: Shutting down and abandoning module AudioCapture (464)
[2017.08.22-09.25.11:113][142]LogModuleManager: Shutting down and abandoning module SequenceRecorder (463)
[2017.08.22-09.25.11:114][142]LogModuleManager: Shutting down and abandoning module SmartSnapping (460)
[2017.08.22-09.25.11:114][142]LogModuleManager: Shutting down and abandoning module SessionServices (458)
[2017.08.22-09.25.11:114][142]LogModuleManager: Shutting down and abandoning module ViewportSnapping (456)
[2017.08.22-09.25.11:114][142]LogModuleManager: Shutting down and abandoning module ViewportInteraction (454)
[2017.08.22-09.25.11:114][142]LogModuleManager: Shutting down and abandoning module ClothPainter (452)
[2017.08.22-09.25.11:115][142]LogModuleManager: Shutting down and abandoning module LogVisualizer (450)
[2017.08.22-09.25.11:116][142]LogModuleManager: Shutting down and abandoning module IntroTutorials (448)
[2017.08.22-09.25.11:118][142]LogModuleManager: Shutting down and abandoning module GameProjectGeneration (447)
[2017.08.22-09.25.11:119][142]LogModuleManager: Shutting down and abandoning module EditorLiveStreaming (444)
[2017.08.22-09.25.11:119][142]LogModuleManager: Shutting down and abandoning module IOSPlatformEditor (442)
[2017.08.22-09.25.11:119][142]LogModuleManager: Shutting down and abandoning module HTML5PlatformEditor (440)
[2017.08.22-09.25.11:119][142]LogModuleManager: Shutting down and abandoning module AndroidPlatformEditor (438)
[2017.08.22-09.25.11:119][142]LogModuleManager: Shutting down and abandoning module AndroidDeviceDetection (437)
[2017.08.22-09.25.11:789][142]LogModuleManager: Shutting down and abandoning module IOSRuntimeSettings (434)
[2017.08.22-09.25.11:789][142]LogModuleManager: Shutting down and abandoning module AndroidRuntimeSettings (432)
[2017.08.22-09.25.11:789][142]LogModuleManager: Shutting down and abandoning module InputBindingEditor (430)
[2017.08.22-09.25.11:790][142]LogModuleManager: Shutting down and abandoning module MergeActors (428)
[2017.08.22-09.25.11:790][142]LogModuleManager: Shutting down and abandoning module SizeMap (426)
[2017.08.22-09.25.11:790][142]LogModuleManager: Shutting down and abandoning module TreeMap (424)
[2017.08.22-09.25.11:791][142]LogModuleManager: Shutting down and abandoning module ReferenceViewer (422)
[2017.08.22-09.25.11:791][142]LogModuleManager: Shutting down and abandoning module LocalizationDashboard (420)
[2017.08.22-09.25.11:793][142]LogModuleManager: Shutting down and abandoning module LocalizationService (419)
[2017.08.22-09.25.11:793][142]LogModuleManager: Shutting down and abandoning module HardwareTargeting (416)
[2017.08.22-09.25.11:793][142]LogModuleManager: Shutting down and abandoning module DeviceProfileEditor (414)
[2017.08.22-09.25.11:794][142]LogModuleManager: Shutting down and abandoning module UndoHistory (412)
[2017.08.22-09.25.11:794][142]LogModuleManager: Shutting down and abandoning module UserFeedback (410)
[2017.08.22-09.25.11:794][142]LogModuleManager: Shutting down and abandoning module XmlParser (408)
[2017.08.22-09.25.11:794][142]LogModuleManager: Shutting down and abandoning module Blutility (406)
[2017.08.22-09.25.11:795][142]LogModuleManager: Shutting down and abandoning module ProjectSettingsViewer (404)
[2017.08.22-09.25.11:795][142]LogModuleManager: Shutting down and abandoning module ProjectTargetPlatformEditor (403)
[2017.08.22-09.25.11:795][142]LogModuleManager: Shutting down and abandoning module EditorSettingsViewer (400)
[2017.08.22-09.25.11:795][142]LogModuleManager: Shutting down and abandoning module SettingsEditor (398)
[2017.08.22-09.25.11:796][142]LogModuleManager: Shutting down and abandoning module ProjectLauncher (396)
[2017.08.22-09.25.11:796][142]LogModuleManager: Shutting down and abandoning module SessionFrontend (394)
[2017.08.22-09.25.11:797][142]LogModuleManager: Shutting down and abandoning module ProfilerClient (392)
[2017.08.22-09.25.11:798][142]LogModuleManager: Shutting down and abandoning module DeviceManager (390)
[2017.08.22-09.25.11:798][142]LogModuleManager: Shutting down and abandoning module TargetDeviceServices (389)
[2017.08.22-09.25.11:862][142]LogModuleManager: Shutting down and abandoning module AutomationController (386)
[2017.08.22-09.25.11:863][142]LogModuleManager: Shutting down and abandoning module AutomationWindow (384)
[2017.08.22-09.25.11:864][142]LogModuleManager: Shutting down and abandoning module Layers (382)
[2017.08.22-09.25.11:866][142]LogModuleManager: Shutting down and abandoning module ComponentVisualizers (380)
[2017.08.22-09.25.11:866][142]LogModuleManager: Shutting down and abandoning module DetailCustomizations (378)
[2017.08.22-09.25.11:866][142]LogModuleManager: Shutting down and abandoning module PackagesDialog (376)
[2017.08.22-09.25.11:866][142]LogModuleManager: Shutting down and abandoning module Persona (374)
[2017.08.22-09.25.11:867][142]LogModuleManager: Shutting down and abandoning module AdvancedPreviewScene (373)
[2017.08.22-09.25.11:867][142]LogModuleManager: Shutting down and abandoning module AnimGraph (371)
[2017.08.22-09.25.11:867][142]LogModuleManager: Shutting down and abandoning module Kismet (368)
[2017.08.22-09.25.11:871][142]LogModuleManager: Shutting down and abandoning module ClassViewer (366)
[2017.08.22-09.25.11:871][142]LogModuleManager: Shutting down and abandoning module Toolbox (364)
[2017.08.22-09.25.11:871][142]LogModuleManager: Shutting down and abandoning module ModuleUI (362)
[2017.08.22-09.25.11:872][142]LogModuleManager: Shutting down and abandoning module MovieSceneTools (360)
[2017.08.22-09.25.11:873][142]LogModuleManager: Shutting down and abandoning module OutputLog (358)
[2017.08.22-09.25.11:874][142]LogModuleManager: Shutting down and abandoning module GammaUI (356)
[2017.08.22-09.25.11:874][142]LogModuleManager: Shutting down and abandoning module Documentation (354)
[2017.08.22-09.25.11:874][142]LogModuleManager: Shutting down and abandoning module MovieSceneTracks (352)
[2017.08.22-09.25.11:874][142]LogModuleManager: Shutting down and abandoning module MovieScene (350)
[2017.08.22-09.25.11:874][142]LogModuleManager: Shutting down and abandoning module Niagara (348)
[2017.08.22-09.25.11:874][142]LogModuleManager: Shutting down and abandoning module NiagaraEditor (347)
[2017.08.22-09.25.11:877][142]LogModuleManager: Shutting down and abandoning module StreamingPauseRendering (344)
[2017.08.22-09.25.11:877][142]LogModuleManager: Shutting down and abandoning module AnalyticsET (342)
[2017.08.22-09.25.11:877][142]LogModuleManager: Shutting down and abandoning module PortalServices (340)
[2017.08.22-09.25.11:877][142]LogModuleManager: Shutting down and abandoning module PortalRpc (338)
[2017.08.22-09.25.11:877][142]LogModuleManager: Shutting down and abandoning module MessagingRpc (336)
[2017.08.22-09.25.11:877][142]LogModuleManager: Shutting down and abandoning module AIModule (334)
[2017.08.22-09.25.11:877][142]LogModuleManager: Shutting down and abandoning module GameplayDebugger (333)
[2017.08.22-09.25.11:877][142]LogModuleManager: Shutting down and abandoning module AITestSuite (331)
[2017.08.22-09.25.11:878][142]LogModuleManager: Shutting down and abandoning module ProfilerService (328)
[2017.08.22-09.25.11:901][142]LogModuleManager: Shutting down and abandoning module TaskGraph (326)
[2017.08.22-09.25.11:902][142]LogModuleManager: Shutting down and abandoning module SteamVRController (324)
[2017.08.22-09.25.11:902][142]LogModuleManager: Shutting down and abandoning module SteamVR (322)
[2017.08.22-09.25.11:902][142]LogModuleManager: Shutting down and abandoning module ProceduralMeshComponentEditor (320)
[2017.08.22-09.25.11:902][142]LogModuleManager: Shutting down and abandoning module ProceduralMeshComponent (318)
[2017.08.22-09.25.11:902][142]LogModuleManager: Shutting down and abandoning module OculusLibrary (316)
[2017.08.22-09.25.11:902][142]LogModuleManager: Shutting down and abandoning module OculusInput (314)
[2017.08.22-09.25.11:902][142]LogModuleManager: Shutting down and abandoning module MobilePatchingUtils (312)
[2017.08.22-09.25.11:902][142]LogModuleManager: Shutting down and abandoning module CustomMeshComponent (310)
[2017.08.22-09.25.11:902][142]LogModuleManager: Shutting down and abandoning module CableComponent (308)
[2017.08.22-09.25.11:903][142]LogModuleManager: Shutting down and abandoning module ArchVisCharacter (306)
[2017.08.22-09.25.11:903][142]LogModuleManager: Shutting down and abandoning module AndroidPermission (304)
[2017.08.22-09.25.11:903][142]LogModuleManager: Shutting down and abandoning module MediaPlayerEditor (300)
[2017.08.22-09.25.11:904][142]LogModuleManager: Shutting down and abandoning module HTML5Networking (298)
[2017.08.22-09.25.11:904][142]LogModuleManager: Shutting down and abandoning module AlembicImporter (296)
[2017.08.22-09.25.11:905][142]LogModuleManager: Shutting down and abandoning module AlembicLibrary (295)
[2017.08.22-09.25.11:905][142]LogModuleManager: Shutting down and abandoning module GeometryCache (294)
[2017.08.22-09.25.11:905][142]LogModuleManager: Shutting down and abandoning module GeometryCacheEd (293)
[2017.08.22-09.25.11:905][142]LogModuleManager: Shutting down and abandoning module SuperSearchEditor (288)
[2017.08.22-09.25.11:905][142]LogModuleManager: Shutting down and abandoning module SuperSearch (287)
[2017.08.22-09.25.11:905][142]LogModuleManager: Shutting down and abandoning module SpeedTreeImporter (284)
[2017.08.22-09.25.11:905][142]LogModuleManager: Shutting down and abandoning module PluginBrowser (282)
[2017.08.22-09.25.11:906][142]LogModuleManager: Shutting down and abandoning module MobileLauncherProfileWizard (280)
[2017.08.22-09.25.11:907][142]LogModuleManager: Shutting down and abandoning module VisualStudioSourceCodeAccess (278)
[2017.08.22-09.25.11:907][142]LogModuleManager: Shutting down and abandoning module DesktopPlatform (277)
[2017.08.22-09.25.11:907][142]LogModuleManager: Shutting down and abandoning module UObjectPlugin (274)
[2017.08.22-09.25.11:907][142]LogModuleManager: Shutting down and abandoning module SubversionSourceControl (272)
[2017.08.22-09.25.11:908][142]LogModuleManager: Shutting down and abandoning module PerforceSourceControl (270)
[2017.08.22-09.25.11:908][142]LogModuleManager: Shutting down and abandoning module GitSourceControl (268)
[2017.08.22-09.25.11:909][142]LogModuleManager: Shutting down and abandoning module SourceControl (267)
[2017.08.22-09.25.11:909][142]LogModuleManager: Shutting down and abandoning module LightPropagationVolumeEditor (264)
[2017.08.22-09.25.11:909][142]LogModuleManager: Shutting down and abandoning module PaperTiledImporter (262)
[2017.08.22-09.25.11:909][142]LogModuleManager: Shutting down and abandoning module PaperSpriteSheetImporter (260)
[2017.08.22-09.25.11:909][142]LogModuleManager: Shutting down and abandoning module Paper2DEditor (258)
[2017.08.22-09.25.11:910][142]LogModuleManager: Shutting down and abandoning module MeshPaint (257)
[2017.08.22-09.25.11:911][142]LogModuleManager: Shutting down and abandoning module LevelEditor (255)
[2017.08.22-09.25.11:913][142]LogModuleManager: Shutting down and abandoning module PixelInspectorModule (254)
[2017.08.22-09.25.11:914][142]LogModuleManager: Shutting down and abandoning module MainFrame (252)
[2017.08.22-09.25.11:914][142]LogModuleManager: Shutting down and abandoning module HotReload (251)
[2017.08.22-09.25.11:915][142]LogModuleManager: Shutting down and abandoning module PhysXVehiclesEditor (246)
[2017.08.22-09.25.11:916][142]LogModuleManager: Shutting down and abandoning module PhysXVehicles (244)
[2017.08.22-09.25.11:916][142]LogModuleManager: Shutting down and abandoning module LocationServicesBPLibrary (242)
[2017.08.22-09.25.11:916][142]LogModuleManager: Shutting down and abandoning module ImmediatePhysicsEditor (240)
[2017.08.22-09.25.11:916][142]LogModuleManager: Shutting down and abandoning module ImmediatePhysics (238)
[2017.08.22-09.25.11:916][142]LogModuleManager: Shutting down and abandoning module UdpMessaging (236)
[2017.08.22-09.25.12:017][142]LogModuleManager: Shutting down and abandoning module TcpMessaging (234)
[2017.08.22-09.25.12:118][142]LogModuleManager: Shutting down and abandoning module GameplayTagsEditor (232)
[2017.08.22-09.25.12:119][142]LogModuleManager: Shutting down and abandoning module FacialAnimationEditor (230)
[2017.08.22-09.25.12:119][142]LogModuleManager: Shutting down and abandoning module FacialAnimation (228)
[2017.08.22-09.25.12:119][142]LogModuleManager: Shutting down and abandoning module AssetManagerEditor (226)
[2017.08.22-09.25.12:120][142]LogModuleManager: Shutting down and abandoning module GraphEditor (225)
[2017.08.22-09.25.12:122][142]LogModuleManager: Shutting down and abandoning module ContentBrowser (223)
[2017.08.22-09.25.12:124][142]LogModuleManager: Shutting down and abandoning module LightPropagationVolumeRuntime (220)
[2017.08.22-09.25.12:124][142]LogModuleManager: Shutting down and abandoning module Paper2D (218)
[2017.08.22-09.25.12:124][142]LogModuleManager: Shutting down and abandoning module WindowsMoviePlayer (216)
[2017.08.22-09.25.12:124][142]LogModuleManager: Shutting down and abandoning module WmfMedia (214)
[2017.08.22-09.25.12:125][142]LogModuleManager: Shutting down and abandoning module ClothingSystemEditor (212)
[2017.08.22-09.25.12:125][142]LogModuleManager: Shutting down and abandoning module ClothingSystemRuntime (210)
[2017.08.22-09.25.12:126][142]LogModuleManager: Shutting down and abandoning module MediaAssets (208)
[2017.08.22-09.25.12:126][142]LogModuleManager: Shutting down and abandoning module GameLiveStreaming (206)
[2017.08.22-09.25.12:126][142]LogModuleManager: Shutting down and abandoning module VREditor (204)
[2017.08.22-09.25.12:127][142]LogModuleManager: Shutting down and abandoning module StringTableEditor (202)
[2017.08.22-09.25.12:127][142]LogModuleManager: Shutting down and abandoning module GameplayTasksEditor (200)
[2017.08.22-09.25.12:128][142]LogModuleManager: Shutting down and abandoning module BehaviorTreeEditor (198)
[2017.08.22-09.25.12:130][142]LogModuleManager: Shutting down and abandoning module FunctionalTesting (196)
[2017.08.22-09.25.12:130][142]LogModuleManager: Shutting down and abandoning module CollisionAnalyzer (194)
[2017.08.22-09.25.12:131][142]LogModuleManager: Shutting down and abandoning module UMG (192)
[2017.08.22-09.25.12:131][142]LogModuleManager: Shutting down and abandoning module UMGEditor (191)
[2017.08.22-09.25.12:132][142]LogModuleManager: Shutting down and abandoning module Sequencer (190)
[2017.08.22-09.25.12:133][142]LogModuleManager: Shutting down and abandoning module AssetTools (188)
[2017.08.22-09.25.12:136][142]LogModuleManager: Shutting down and abandoning module MessageLog (187)
[2017.08.22-09.25.12:136][142]LogModuleManager: Shutting down and abandoning module WorkspaceMenuStructure (186)
[2017.08.22-09.25.12:136][142]LogModuleManager: Shutting down and abandoning module SlateReflector (180)
[2017.08.22-09.25.12:138][142]LogModuleManager: Shutting down and abandoning module Slate (178)
[2017.08.22-09.25.12:138][142]LogModuleManager: Shutting down and abandoning module EditorStyle (176)
[2017.08.22-09.25.12:142][142]LogModuleManager: Shutting down and abandoning module SourceCodeAccess (174)
[2017.08.22-09.25.12:142][142]LogModuleManager: Shutting down and abandoning module HeadMountedDisplay (172)
[2017.08.22-09.25.12:142][142]LogModuleManager: Shutting down and abandoning module XAudio2 (170)
[2017.08.22-09.25.12:142][142]LogModuleManager: Shutting down and abandoning module Networking (168)
[2017.08.22-09.25.12:142][142]LogModuleManager: Shutting down and abandoning module Core (164)
[2017.08.22-09.25.12:142][142]LogModuleManager: Shutting down and abandoning module AssetRegistry (162)
[2017.08.22-09.25.12:321][142]LogDirectoryWatcher: A directory notification for '../../../Engine/Content/' was aborted.
[2017.08.22-09.25.12:321][142]LogDirectoryWatcher: A directory notification for 'E:/Usuario/Ruben/UNIVERSIDAD/TFG/Postwar/Content/' was aborted.
[2017.08.22-09.25.12:321][142]LogDirectoryWatcher: A directory notification for '../../../Engine/Plugins/2D/Paper2D/Content/' was aborted.
[2017.08.22-09.25.12:321][142]LogDirectoryWatcher: A directory notification for '../../../Engine/Plugins/Runtime/GearVR/Content/' was aborted.
[2017.08.22-09.25.12:328][142]LogModuleManager: Shutting down and abandoning module DirectoryWatcher (161)
[2017.08.22-09.25.12:329][142]LogModuleManager: Shutting down and abandoning module KismetCompiler (158)
[2017.08.22-09.25.12:329][142]LogModuleManager: Shutting down and abandoning module LevelSequence (156)
[2017.08.22-09.25.12:329][142]LogModuleManager: Shutting down and abandoning module PhysXFormats (154)
[2017.08.22-09.25.12:329][142]LogModuleManager: Shutting down and abandoning module MeshUtilities (152)
[2017.08.22-09.25.12:330][142]LogModuleManager: Shutting down and abandoning module SimplygonSwarm (151)
[2017.08.22-09.25.12:331][142]LogModuleManager: Shutting down and abandoning module SimplygonMeshReduction (149)
[2017.08.22-09.25.12:331][142]LogModuleManager: Shutting down and abandoning module QuadricMeshReduction (147)
[2017.08.22-09.25.12:332][142]LogModuleManager: Shutting down and abandoning module DerivedDataCache (144)
[2017.08.22-09.25.12:402][142]LogDerivedDataCache: Shutdown
[2017.08.22-09.25.12:403][142]LogModuleManager: Shutting down and abandoning module TargetPlatform (142)
[2017.08.22-09.25.12:403][142]LogModuleManager: Shutting down and abandoning module VulkanShaderFormat (141)
[2017.08.22-09.25.12:404][142]LogModuleManager: Shutting down and abandoning module ShaderFormatVectorVM (139)
[2017.08.22-09.25.12:405][142]LogModuleManager: Shutting down and abandoning module ShaderFormatOpenGL (137)
[2017.08.22-09.25.12:405][142]LogModuleManager: Shutting down and abandoning module ShaderFormatD3D (135)
[2017.08.22-09.25.12:406][142]LogModuleManager: Shutting down and abandoning module MetalShaderFormat (133)
[2017.08.22-09.25.12:406][142]LogModuleManager: Shutting down and abandoning module TextureFormatUncompressed (131)
[2017.08.22-09.25.12:406][142]LogModuleManager: Shutting down and abandoning module TextureFormatPVR (129)
[2017.08.22-09.25.12:406][142]LogModuleManager: Shutting down and abandoning module TextureFormatDXT (127)
[2017.08.22-09.25.12:407][142]LogModuleManager: Shutting down and abandoning module TextureFormatIntelISPCTexComp (125)
[2017.08.22-09.25.12:407][142]LogModuleManager: Shutting down and abandoning module TextureFormatASTC (123)
[2017.08.22-09.25.12:407][142]LogModuleManager: Shutting down and abandoning module ImageWrapper (122)
[2017.08.22-09.25.12:407][142]LogModuleManager: Shutting down and abandoning module TextureFormatAndroid (119)
[2017.08.22-09.25.12:407][142]LogModuleManager: Shutting down and abandoning module AudioFormatOpus (117)
[2017.08.22-09.25.12:407][142]LogModuleManager: Shutting down and abandoning module AudioFormatOgg (115)
[2017.08.22-09.25.12:407][142]LogModuleManager: Shutting down and abandoning module AudioFormatADPCM (113)
[2017.08.22-09.25.12:407][142]LogModuleManager: Shutting down and abandoning module LinuxTargetPlatform (111)
[2017.08.22-09.25.12:407][142]LogModuleManager: Shutting down and abandoning module LinuxServerTargetPlatform (109)
[2017.08.22-09.25.12:407][142]LogModuleManager: Shutting down and abandoning module LinuxNoEditorTargetPlatform (107)
[2017.08.22-09.25.12:407][142]LogModuleManager: Shutting down and abandoning module LinuxClientTargetPlatform (105)
[2017.08.22-09.25.12:407][142]LogModuleManager: Shutting down and abandoning module TVOSTargetPlatform (103)
[2017.08.22-09.25.12:407][142]LogModuleManager: Shutting down and abandoning module Messaging (101)
[2017.08.22-09.25.12:407][142]LogModuleManager: Shutting down and abandoning module IOSTargetPlatform (99)
[2017.08.22-09.25.12:407][142]LogModuleManager: Shutting down and abandoning module HTML5TargetPlatform (97)
[2017.08.22-09.25.12:407][142]LogModuleManager: Shutting down and abandoning module Android_PVRTCTargetPlatform (95)
[2017.08.22-09.25.12:407][142]LogModuleManager: Shutting down and abandoning module Android_MultiTargetPlatform (93)
[2017.08.22-09.25.12:407][142]LogModuleManager: Shutting down and abandoning module Android_ETC2TargetPlatform (91)
[2017.08.22-09.25.12:408][142]LogModuleManager: Shutting down and abandoning module Android_ETC1TargetPlatform (89)
[2017.08.22-09.25.12:408][142]LogModuleManager: Shutting down and abandoning module Android_DXTTargetPlatform (87)
[2017.08.22-09.25.12:408][142]LogModuleManager: Shutting down and abandoning module Android_ATCTargetPlatform (85)
[2017.08.22-09.25.12:409][142]LogModuleManager: Shutting down and abandoning module Android_ASTCTargetPlatform (83)
[2017.08.22-09.25.12:409][142]LogModuleManager: Shutting down and abandoning module AndroidTargetPlatform (81)
[2017.08.22-09.25.12:409][142]LogModuleManager: Shutting down and abandoning module WindowsTargetPlatform (79)
[2017.08.22-09.25.12:409][142]LogModuleManager: Shutting down and abandoning module WindowsServerTargetPlatform (77)
[2017.08.22-09.25.12:409][142]LogModuleManager: Shutting down and abandoning module WindowsNoEditorTargetPlatform (75)
[2017.08.22-09.25.12:409][142]LogModuleManager: Shutting down and abandoning module WindowsClientTargetPlatform (73)
[2017.08.22-09.25.12:409][142]LogModuleManager: Shutting down and abandoning module MacTargetPlatform (71)
[2017.08.22-09.25.12:409][142]LogModuleManager: Shutting down and abandoning module MacServerTargetPlatform (69)
[2017.08.22-09.25.12:409][142]LogModuleManager: Shutting down and abandoning module MacNoEditorTargetPlatform (67)
[2017.08.22-09.25.12:409][142]LogModuleManager: Shutting down and abandoning module MacClientTargetPlatform (65)
[2017.08.22-09.25.12:409][142]LogModuleManager: Shutting down and abandoning module AllDesktopTargetPlatform (63)
[2017.08.22-09.25.12:409][142]LogModuleManager: Shutting down and abandoning module InputCore (60)
[2017.08.22-09.25.12:409][142]LogModuleManager: Shutting down and abandoning module Settings (58)
[2017.08.22-09.25.12:409][142]LogModuleManager: Shutting down and abandoning module OculusRift (56)
[2017.08.22-09.25.12:409][142]LogModuleManager: Shutting down and abandoning module GearVRController (54)
[2017.08.22-09.25.12:410][142]LogModuleManager: Shutting down and abandoning module GearVR (52)
[2017.08.22-09.25.12:410][142]LogModuleManager: Shutting down and abandoning module ExampleDeviceProfileSelector (50)
[2017.08.22-09.25.12:410][142]LogModuleManager: Shutting down and abandoning module OnlineBlueprintSupport (48)
[2017.08.22-09.25.12:410][142]LogModuleManager: Shutting down and abandoning module OnlineSubsystem (44)
[2017.08.22-09.25.12:410][142]LogOnline:Display: Unloading online subsystem: NULL
[2017.08.22-09.25.12:412][142]LogModuleManager: Shutting down and abandoning module XMPP (43)
[2017.08.22-09.25.12:413][142]LogModuleManager: Shutting down and abandoning module HTTP (41)
[2017.08.22-09.25.12:413][142]LogHttp:Display: Http module shutting down, but needs to wait on 1 outstanding Http requests:
[2017.08.22-09.25.12:413][142]LogHttp:Display: 	verb=[POST] url=[https://datarouter.ol.epicgames.com/datarouter/api/v1/public/data?SessionID=%7B1B359106-4363-8B51-45DE-46AB7A282822%7D&AppID=UEEditor.Rocket.Release&AppVersion=4.16.2-3514769%2B%2B%2BUE4%2BRelease-4.16&UserID=78865e4d4a8ae815e8d400bc6125e577%7C5361294e5f654db5881228f5582e9124%7C456667b1-22e8-45ef-a524-8410a492a64f&AppEnvironment=datacollector-binary&UploadType=eteventstream] status=Processing
[2017.08.22-09.25.12:445][142]LogModuleManager: Shutting down and abandoning module SSL (40)
[2017.08.22-09.25.12:447][142]LogModuleManager: Shutting down and abandoning module HTTPChunkInstaller (36)
[2017.08.22-09.25.12:448][142]LogModuleManager: Shutting down and abandoning module AnimationModifiers (34)
[2017.08.22-09.25.12:449][142]LogModuleManager: Shutting down and abandoning module PropertyEditor (33)
[2017.08.22-09.25.12:449][142]LogModuleManager: Shutting down and abandoning module AudioEditor (30)
[2017.08.22-09.25.12:450][142]LogModuleManager: Shutting down and abandoning module TextureCompressor (28)
[2017.08.22-09.25.12:450][142]LogModuleManager: Shutting down and abandoning module ShaderCore (26)
[2017.08.22-09.25.12:450][142]LogModuleManager: Shutting down and abandoning module Landscape (24)
[2017.08.22-09.25.12:450][142]LogModuleManager: Shutting down and abandoning module SlateRHIRenderer (22)
[2017.08.22-09.25.12:452][142]LogModuleManager: Shutting down and abandoning module OpenGLDrv (20)
[2017.08.22-09.25.12:452][142]LogModuleManager: Shutting down and abandoning module D3D11RHI (18)
[2017.08.22-09.25.12:452][142]LogModuleManager: Shutting down and abandoning module AnimGraphRuntime (16)
[2017.08.22-09.25.12:453][142]LogModuleManager: Shutting down and abandoning module Renderer (14)
[2017.08.22-09.25.12:453][142]LogModuleManager: Shutting down and abandoning module Engine (12)
[2017.08.22-09.25.12:453][142]LogModuleManager: Shutting down and abandoning module CoreUObject (10)
[2017.08.22-09.25.12:453][142]LogModuleManager: Shutting down and abandoning module NetworkFile (8)
[2017.08.22-09.25.12:453][142]LogModuleManager: Shutting down and abandoning module StreamingFile (6)
[2017.08.22-09.25.12:454][142]LogModuleManager: Shutting down and abandoning module SandboxFile (4)
[2017.08.22-09.25.12:454][142]LogModuleManager: Shutting down and abandoning module PakFile (2)
[2017.08.22-09.25.12:456][142]LogExit: Exiting.
[2017.08.22-09.25.12:479][142]Log file closed, 08/22/17 11:25:12
