Log file open, 08/24/17 11:58:13
LogInit:Display: Running engine for game: Postwar
LogPlatformFile: Not using cached read wrapper
LogInit:Display: RandInit(941589201) SRandInit(941589201).
LogTaskGraph: Started task graph with 5 named threads and 8 total threads with 1 sets of task threads.
LogStats: Stats thread started at 0.531658
LogInit: Using libcurl 7.47.1
LogInit:  - built for x86_64-pc-win32
LogInit:  - supports SSL with OpenSSL/1.0.2g
LogInit:  - supports HTTP deflate (compression) using libz 1.2.8
LogInit:  - other features:
LogInit:      CURL_VERSION_SSL
LogInit:      CURL_VERSION_LIBZ
LogInit:      CURL_VERSION_IPV6
LogInit:      CURL_VERSION_ASYNCHDNS
LogInit:      CURL_VERSION_LARGEFILE
LogInit:      CURL_VERSION_IDN
LogInit:  CurlRequestOptions (configurable via config and command line):
LogInit:  - bVerifyPeer = false  - Libcurl will NOT verify peer certificate
LogInit:  - bUseHttpProxy = false  - Libcurl will NOT use HTTP proxy
LogInit:  - bDontReuseConnections = false  - Libcurl will reuse connections
LogInit:  - CertBundlePath = nullptr  - Libcurl will use whatever was configured at build time.
LogInit: Build: ++UE4+Release-4.16-CL-3514769
LogInit: Engine Version: 4.16.2-3514769+++UE4+Release-4.16
LogInit: Compatible Engine Version: 4.16.0-3452394+++UE4+Release-4.16
LogInit: Net CL: 3452394
LogDevObjectVersion: Number of dev versions registered: 16
LogDevObjectVersion:   Dev-Blueprints (B0D832E4-1F89-4F0D-ACCF-7EB736FD4AA2): 9
LogDevObjectVersion:   Dev-Build (E1C64328-A22C-4D53-A36C-8E866417BD8C): 0
LogDevObjectVersion:   Dev-Core (375EC13C-06E4-48FB-B500-84F0262A717E): 2
LogDevObjectVersion:   Dev-Editor (E4B068ED-F494-42E9-A231-DA0B2E46BB41): 17
LogDevObjectVersion:   Dev-Framework (CFFC743F-43B0-4480-9391-14DF171D2073): 23
LogDevObjectVersion:   Dev-Mobile (B02B49B5-BB20-44E9-A304-32B752E40360): 0
LogDevObjectVersion:   Dev-Networking (A4E4105C-59A1-49B5-A7C5-40C4547EDFEE): 0
LogDevObjectVersion:   Dev-Online (39C831C9-5AE6-47DC-9A44-9C173E1C8E7C): 0
LogDevObjectVersion:   Dev-Physics (78F01B33-EBEA-4F98-B9B4-84EACCB95AA2): 0
LogDevObjectVersion:   Dev-Platform (6631380F-2D4D-43E0-8009-CF276956A95A): 0
LogDevObjectVersion:   Dev-Rendering (12F88B9F-8875-4AFC-A67C-D90C383ABD29): 15
LogDevObjectVersion:   Dev-Sequencer (7B5AE74C-D270-4C10-A958-57980B212A5A): 4
LogDevObjectVersion:   Dev-VR (D7296918-1DD6-4BDD-9DE2-64A83CC13884): 0
LogDevObjectVersion:   Dev-LoadTimes (C2A15278-BFE7-4AFE-6C17-90FF531DF755): 1
LogDevObjectVersion:   Private-Geometry (6EACA3D4-40EC-4CC1-B786-8BED09428FC5): 1
LogDevObjectVersion:   Dev-AnimPhys (29E575DD-E0A3-4627-9D10-D276232CDCEA): 3
LogInit: Compiled (64-bit): Jun 29 2017 02:03:24
LogInit: Compiled with Visual C++: 19.00.24215.01
LogInit: Build Configuration: Development
LogInit: Branch Name: ++UE4+Release-4.16
LogInit: Command line:  
LogInit: Base directory: D:/Program Files/Epic Games/UE_4.16/Engine/Binaries/Win64/
LogInit: Installed Engine Build: 1
LogInit: Presizing for max 8388607 objects, including 0 objects not considered by GC, pre-allocating 0 bytes for permanent pool.
LogInit: Object subsystem initialized
[2017.08.24-09.58.14:481][  0]LogInit: Selected Device Profile: [Windows]
[2017.08.24-09.58.14:481][  0]LogInit: Applying CVar settings loaded from the selected device profile: [Windows]
[2017.08.24-09.58.14:504][  0]LogInit: Computer: DESKTOP-T9NOKQO
[2017.08.24-09.58.14:504][  0]LogInit: User: cripe
[2017.08.24-09.58.14:504][  0]LogInit: CPU Page size=4096, Cores=4
[2017.08.24-09.58.14:505][  0]LogInit: High frequency timer resolution =2.435765 MHz
[2017.08.24-09.58.14:505][  0]LogMemory: Memory total: Physical=15.9GB (16GB approx)
[2017.08.24-09.58.14:505][  0]LogMemory: Platform Memory Stats for Windows
[2017.08.24-09.58.14:505][  0]LogMemory: Process Physical Memory: 273.30 MB used, 273.30 MB peak
[2017.08.24-09.58.14:505][  0]LogMemory: Process Virtual Memory: 263.23 MB used, 263.23 MB peak
[2017.08.24-09.58.14:505][  0]LogMemory: Physical Memory: 6466.16 MB used,  9836.98 MB free, 16303.14 MB total
[2017.08.24-09.58.14:505][  0]LogMemory: Virtual Memory: 626.64 MB used,  9836.98 MB free, 134217728.00 MB total
[2017.08.24-09.58.14:659][  0]LogInit: Overriding language with editor language configuration option (en).
[2017.08.24-09.58.14:659][  0]LogInit: Overriding locale with editor locale configuration option (en).
[2017.08.24-09.58.15:801][  0]LogD3D11RHI: D3D11 adapters:
[2017.08.24-09.58.16:388][  0]LogD3D11RHI:    0. 'NVIDIA GeForce GTX 860M' (Feature Level 11_0)
[2017.08.24-09.58.16:388][  0]LogD3D11RHI:       2017/0/8151 MB DedicatedVideo/DedicatedSystem/SharedSystem, Outputs:2, VendorId:0x10de
[2017.08.24-09.58.16:396][  0]LogD3D11RHI:    1. 'Intel(R) HD Graphics 4600' (Feature Level 11_0)
[2017.08.24-09.58.16:396][  0]LogD3D11RHI:       112/0/2048 MB DedicatedVideo/DedicatedSystem/SharedSystem, Outputs:0, VendorId:0x8086
[2017.08.24-09.58.16:398][  0]LogD3D11RHI:    2. 'Microsoft Basic Render Driver' (Feature Level 11_0)
[2017.08.24-09.58.16:398][  0]LogD3D11RHI:       0/0/8151 MB DedicatedVideo/DedicatedSystem/SharedSystem, Outputs:0, VendorId:0x1414
[2017.08.24-09.58.16:398][  0]LogD3D11RHI: Chosen D3D11 Adapter: 0
[2017.08.24-09.58.16:403][  0]LogD3D11RHI: Creating new Direct3DDevice
[2017.08.24-09.58.16:403][  0]LogD3D11RHI:     GPU DeviceId: 0x119a (for the marketing name, search the web for "GPU Device Id")
[2017.08.24-09.58.16:403][  0]LogWindows: EnumDisplayDevices:
[2017.08.24-09.58.16:403][  0]LogWindows:    0. 'Intel(R) HD Graphics 4600' (P:1 D:1)
[2017.08.24-09.58.16:404][  0]LogWindows:    1. 'Intel(R) HD Graphics 4600' (P:0 D:1)
[2017.08.24-09.58.16:404][  0]LogWindows:    2. 'Intel(R) HD Graphics 4600' (P:0 D:0)
[2017.08.24-09.58.16:404][  0]LogWindows: DebugString: PrimaryIsNotTheChoosenAdapter PrimaryIsNotTheChoosenAdapter PrimaryIsNotTheChoosenAdapter FoundDriverCount:0 
[2017.08.24-09.58.16:404][  0]LogD3D11RHI:     Adapter Name: NVIDIA GeForce GTX 860M
[2017.08.24-09.58.16:404][  0]LogD3D11RHI:   Driver Version: Unknown (internal:Unknown, unified:Unknown)
[2017.08.24-09.58.16:404][  0]LogD3D11RHI:      Driver Date: Unknown
[2017.08.24-09.58.16:404][  0]LogRHI: Texture pool is 1361 MB (70% of 1945 MB)
[2017.08.24-09.58.16:951][  0]LogD3D11RHI: Async texture creation enabled
[2017.08.24-09.58.17:013][  0]LogD3D11RHI: GPU Timing Frequency: 1000.000000 (Debug: 2 2)
[2017.08.24-09.58.17:023][  0]LogShaderCompilers: Guid format shader working directory is 5 characters bigger than the processId version (E:/Usuario/Ruben/UNIVERSIDAD/TFG/Postwar/Intermediate/Shaders/WorkingDirectory/11724/).
[2017.08.24-09.58.17:023][  0]LogShaderCompilers: Cleaned the shader compiler working directory 'C:/Users/cripe/AppData/Local/Temp/UnrealShaderWorkingDir/2841920A448BC5206CE7BE8555E7A43A/'.
[2017.08.24-09.58.17:024][  0]LogShaderCompilers:Display: Using Local Shader Compiler.
[2017.08.24-09.58.18:260][  0]LogTemp:Display: Loaded TP AllDesktopTargetPlatform
[2017.08.24-09.58.18:306][  0]LogTemp:Display: Loaded TP MacClientTargetPlatform
[2017.08.24-09.58.18:352][  0]LogTemp:Display: Loaded TP MacNoEditorTargetPlatform
[2017.08.24-09.58.18:396][  0]LogTemp:Display: Loaded TP MacServerTargetPlatform
[2017.08.24-09.58.18:443][  0]LogTemp:Display: Loaded TP MacTargetPlatform
[2017.08.24-09.58.18:488][  0]LogTemp:Display: Loaded TP WindowsClientTargetPlatform
[2017.08.24-09.58.18:533][  0]LogTemp:Display: Loaded TP WindowsNoEditorTargetPlatform
[2017.08.24-09.58.18:579][  0]LogTemp:Display: Loaded TP WindowsServerTargetPlatform
[2017.08.24-09.58.18:617][  0]LogTemp:Display: Loaded TP WindowsTargetPlatform
[2017.08.24-09.58.18:662][  0]LogTemp:Display: Loaded TP AndroidTargetPlatform
[2017.08.24-09.58.18:706][  0]LogTemp:Display: Loaded TP Android_ASTCTargetPlatform
[2017.08.24-09.58.18:751][  0]LogTemp:Display: Loaded TP Android_ATCTargetPlatform
[2017.08.24-09.58.18:795][  0]LogTemp:Display: Loaded TP Android_DXTTargetPlatform
[2017.08.24-09.58.18:839][  0]LogTemp:Display: Loaded TP Android_ETC1TargetPlatform
[2017.08.24-09.58.18:883][  0]LogTemp:Display: Loaded TP Android_ETC2TargetPlatform
[2017.08.24-09.58.18:972][  0]LogTemp:Display: Loaded TP Android_MultiTargetPlatform
[2017.08.24-09.58.18:972][  0]LogTemp:Display: Loaded TP Android_PVRTCTargetPlatform
[2017.08.24-09.58.19:007][  0]LogTemp:Display: Loaded TP HTML5TargetPlatform
[2017.08.24-09.58.19:093][  0]LogTemp:Display: Loaded TP IOSTargetPlatform
[2017.08.24-09.58.19:118][  0]LogTemp:Display: Loaded TP TVOSTargetPlatform
[2017.08.24-09.58.19:162][  0]LogTemp:Display: Loaded TP LinuxClientTargetPlatform
[2017.08.24-09.58.19:205][  0]LogTemp:Display: Loaded TP LinuxNoEditorTargetPlatform
[2017.08.24-09.58.19:250][  0]LogTemp:Display: Loaded TP LinuxServerTargetPlatform
[2017.08.24-09.58.19:296][  0]LogTemp:Display: Loaded TP LinuxTargetPlatform
[2017.08.24-09.58.19:296][  0]LogTargetPlatformManager:Display: Building Assets For Windows
[2017.08.24-09.58.19:753][  0]LogDerivedDataCache:Display: Max Cache Size: 512 MB
[2017.08.24-09.58.20:102][  0]LogDerivedDataCache: Loaded boot cache 0.35s 90MB C:/Users/cripe/AppData/Local/UnrealEngine/4.16/DerivedDataCache/Boot.ddc.
[2017.08.24-09.58.20:103][  0]LogDerivedDataCache:Display: Loaded Boot cache: C:/Users/cripe/AppData/Local/UnrealEngine/4.16/DerivedDataCache/Boot.ddc
[2017.08.24-09.58.20:103][  0]LogDerivedDataCache: FDerivedDataBackendGraph:  Pak pak cache file E:/Usuario/Ruben/UNIVERSIDAD/TFG/Postwar/DerivedDataCache/DDC.ddp not found, will not use a pak cache.
[2017.08.24-09.58.20:103][  0]LogDerivedDataCache: Unable to find inner node Pak for hierarchical cache Hierarchy.
[2017.08.24-09.58.20:103][  0]LogDerivedDataCache: FDerivedDataBackendGraph:  CompressedPak pak cache file E:/Usuario/Ruben/UNIVERSIDAD/TFG/Postwar/DerivedDataCache/Compressed.ddp not found, will not use a pak cache.
[2017.08.24-09.58.20:103][  0]LogDerivedDataCache: Unable to find inner node CompressedPak for hierarchical cache Hierarchy.
[2017.08.24-09.58.20:125][  0]LogDerivedDataCache:Display: Pak cache opened for reading ../../../Engine/DerivedDataCache/Compressed.ddp.
[2017.08.24-09.58.20:139][  0]LogDerivedDataCache: Using Local data cache path C:/Users/cripe/AppData/Local/UnrealEngine/Common/DerivedDataCache: Writable
[2017.08.24-09.58.20:152][  0]LogMaterial: Verifying Global Shaders for PCD3D_SM5
[2017.08.24-09.58.20:158][  0]LogSlate: Using Freetype 2.6.0
[2017.08.24-09.58.20:164][  0]LogSlate: SlateFontCache - WITH_FREETYPE: 1, WITH_HARFBUZZ: 1
[2017.08.24-09.58.20:164][  0]LogSlate: SlateFontCache - WITH_FREETYPE: 1, WITH_HARFBUZZ: 1
[2017.08.24-09.58.20:892][  0]LogInit: Selected Device Profile: [Windows]
[2017.08.24-09.58.21:019][  0]LogContentStreaming: Texture pool size is 0.00 MB
[2017.08.24-09.58.21:195][  0]LogMeshUtilities: Using QuadricMeshReduction for automatic static mesh reduction
[2017.08.24-09.58.21:244][  0]LogSimplygon: Simplygon DLL not present - disabling.
[2017.08.24-09.58.21:291][  0]LogMeshUtilities: Using SimplygonSwarm for distributed automatic mesh merging
[2017.08.24-09.58.21:291][  0]LogMeshUtilities: No automatic skeletal mesh reduction module available
[2017.08.24-09.58.21:291][  0]LogMeshUtilities: No automatic mesh merging module available
[2017.08.24-09.58.22:020][  0]LogNetVersion: Postwar , NetCL: 3452394, EngineNetVer: 2, GameNetVer: 0 (Checksum: 2296384490)
[2017.08.24-09.58.22:092][  0]LogAssetRegistry: FAssetRegistry took 0.0283 seconds to start up
[2017.08.24-09.58.22:158][  0]LogPackageLocalizationCache: Processed 4 localized package path(s) for 1 prioritized culture(s) in 0.048833 seconds
[2017.08.24-09.58.22:163][  0]LogUObjectArray: 34194 objects as part of root set at end of initial load.
[2017.08.24-09.58.22:163][  0]LogUObjectAllocator: 7260424 out of 0 bytes used by permanent object pool.
[2017.08.24-09.58.22:163][  0]LogUObjectArray: CloseDisregardForGC: 0/0 objects in disregard for GC pool
[2017.08.24-09.58.22:211][  0]LogInit: WinSock: version 1.1 (2.2), MaxSocks=32767, MaxUdp=65467
[2017.08.24-09.58.25:560][  0]LogTcpMessaging: Initializing TcpMessaging bridge
[2017.08.24-09.58.25:598][  0]LogUdpMessaging: Initializing bridge on interface 0.0.0.0:0 to multicast group 230.0.0.1:6666.
[2017.08.24-09.58.26:204][  0]LogMaterial: Uniform references updated for custom material expression Custom.
[2017.08.24-09.58.26:606][  0]SourceControl: Info Source control is disabled
[2017.08.24-09.58.26:674][  0]SourceControl: Info Source control is disabled
[2017.08.24-09.58.26:728][  0]SourceControl: Info Source control is disabled
[2017.08.24-09.58.26:775][  0]SourceControl: Info Source control is disabled
[2017.08.24-09.58.27:495][  0]LogAndroidPermission: UAndroidPermissionCallbackProxy::GetInstance
[2017.08.24-09.58.28:067][  0]LogEngine: Initializing Engine...
[2017.08.24-09.58.28:070][  0]LogHMD: Failed to initialize OpenVR with code 110
[2017.08.24-09.58.28:293][  0]LogStats: UGameplayTagsManager::ConstructGameplayTagTree: Construct from data asset -  0.000 s
[2017.08.24-09.58.28:294][  0]LogStats: UGameplayTagsManager::ConstructGameplayTagTree: GameplayTagTreeChangedEvent.Broadcast -  0.000 s
[2017.08.24-09.58.28:429][  0]LogAIModule: Creating AISystem for world Untitled
[2017.08.24-09.58.28:449][  0]LogInit: XAudio2 using 'Altavoces (Realtek High Definition Audio)' : 2 channels at 48 kHz using 32 bits per sample (channel mask 0x3)
[2017.08.24-09.58.28:831][  0]LogInit: FAudioDevice initialized.
[2017.08.24-09.58.28:878][  0]LogDerivedDataCache: Saved boot cache 0.05s 90MB C:/Users/cripe/AppData/Local/UnrealEngine/4.16/DerivedDataCache/Boot.ddc.
[2017.08.24-09.58.28:888][  0]LogInit: Texture streaming: Enabled
[2017.08.24-09.58.28:968][  0]LogEngineSessionManager: EngineSessionManager initialized
[2017.08.24-09.58.29:181][  0]LogWindowsTextInputMethodSystem:Display: IME system now deactivated.
[2017.08.24-09.58.29:231][  0]LogInit: Transaction tracking system initialized
[2017.08.24-09.58.29:609][  0]BlueprintLog: New page: Editor Load
[2017.08.24-09.58.30:525][  0]LocalizationService: Info Localization service is disabled
[2017.08.24-09.58.31:186][  0]LogConsoleResponse:Display: 
[2017.08.24-09.58.31:438][  0]LogCook:Display: Max memory allowance for cook 16384mb min free memory 0mb
[2017.08.24-09.58.31:438][  0]LogCook:Display: Mobile HDR setting 1
[2017.08.24-09.58.32:447][  0]LogFileCache: Scanning file cache for directory 'E:/Usuario/Ruben/UNIVERSIDAD/TFG/Postwar/Content/' took 0.06s
[2017.08.24-09.58.32:503][  0]SourceControl: Info Source control is disabled
[2017.08.24-09.58.32:504][  0]Cmd: MAP LOAD FILE="E:/Usuario/Ruben/UNIVERSIDAD/TFG/Postwar/Content/FirstPersonBP/PostWar/Niveles/MainMenu.umap" TEMPLATE=0 SHOWPROGRESS=1 FEATURELEVEL=3
[2017.08.24-09.58.32:571][  0]LightingResults: New page: Lighting Build
[2017.08.24-09.58.32:611][  0]MapCheck: New page: Map Check
[2017.08.24-09.58.32:611][  0]LightingResults: New page: Lighting Build
[2017.08.24-09.58.34:631][  0]LogBlueprint:Warning: [WeaponParent] 'HUD reference' variable not found. Base class was probably changed.
[2017.08.24-09.58.34:631][  0]LogBlueprint:Warning: [WeaponParent] 'Opac' variable not found. Base class was probably changed.
[2017.08.24-09.58.34:756][  0]LogBlueprint:Warning: [WeaponParent] 'HUD reference' variable not found. Base class was probably changed.
[2017.08.24-09.58.35:842][  0]LogAIModule: Creating AISystem for world MainMenu
[2017.08.24-09.58.35:847][  0]LogEditorServer: Finished looking for orphan Actors (0.000 secs)
[2017.08.24-09.58.35:879][  0]Cmd: MAP CHECKDEP NOCLEARLOG
[2017.08.24-09.58.35:963][  0]MapCheck: Info Map check complete: 0 Error(s), 0 Warning(s), took 84.239ms to complete.
[2017.08.24-09.58.35:963][  0]LogFileHelpers: Loading map 'MainMenu' took 3.459
[2017.08.24-09.58.36:162][  0]LogCollectionManager: Loaded 0 collections in 0.001866 seconds
[2017.08.24-09.58.36:280][  0]LogFileCache: Scanning file cache for directory 'E:/Usuario/Ruben/UNIVERSIDAD/TFG/Postwar/Saved/Collections/' took 0.01s
[2017.08.24-09.58.36:280][  0]LogFileCache: Scanning file cache for directory 'E:/Usuario/Ruben/UNIVERSIDAD/TFG/Postwar/Content/Developers/cripe/Collections/' took 0.01s
[2017.08.24-09.58.36:280][  0]LogFileCache: Scanning file cache for directory 'E:/Usuario/Ruben/UNIVERSIDAD/TFG/Postwar/Content/Collections/' took 0.01s
[2017.08.24-09.58.36:280][  0]LogCollectionManager: Rebuilt the GUID cache for 0 collections in 0.000002 seconds
[2017.08.24-09.58.36:293][  0]LogContentBrowser: Native class hierarchy populated in 0.0117 seconds. Added 2329 classes and 491 folders.
[2017.08.24-09.58.36:372][  0]LogContentBrowser: Native class hierarchy updated for 'WidgetCarousel' in 0.0007 seconds. Added 0 classes and 0 folders.
[2017.08.24-09.58.36:502][  0]LogContentBrowser: Native class hierarchy updated for 'AddContentDialog' in 0.0006 seconds. Added 0 classes and 0 folders.
[2017.08.24-09.58.36:552][  0]LogContentBrowser: Native class hierarchy updated for 'SceneOutliner' in 0.0007 seconds. Added 1 classes and 2 folders.
[2017.08.24-09.58.36:748][  0]LogCrashTracker: Crashtracker disabled due to settings.
[2017.08.24-09.58.36:761][  0]LogSlate: Took 0.001232 seconds to synchronously load lazily loaded font '../../../Engine/Content/Slate/Fonts/Roboto-Regular.ttf' (155K)
[2017.08.24-09.58.36:766][  0]LogSlate: Took 0.001974 seconds to synchronously load lazily loaded font '../../../Engine/Content/Slate/Fonts/Roboto-Bold.ttf' (160K)
[2017.08.24-09.58.36:773][  0]LogSlate: Took 0.001365 seconds to synchronously load lazily loaded font '../../../Engine/Content/Editor/Slate/Fonts/FontAwesome.ttf' (139K)
[2017.08.24-09.58.36:924][  0]LogRenderer: Reallocating scene render targets to support 1208x672 NumSamples 1 (Frame:1).
[2017.08.24-09.58.37:105][  0]LogUObjectGlobals:Warning: Failed to find object 'Class None.'
[2017.08.24-09.58.37:174][  0]LogContentBrowser: Native class hierarchy updated for 'HierarchicalLODOutliner' in 0.0007 seconds. Added 1 classes and 2 folders.
[2017.08.24-09.58.37:175][  0]LogLoad: (Engine Initialization) Total time: 25.64 seconds
[2017.08.24-09.58.37:175][  0]LogLoad: (Engine Initialization) Total Blueprint compile time: 0.55 seconds
[2017.08.24-09.58.37:175][  0]LogExternalProfiler: Found external profiler: VSPerf
[2017.08.24-09.58.37:175][  0]LogExternalProfiler: Using external profiler: VSPerf
[2017.08.24-09.58.37:192][  0]LogOcInput: OculusInput pre-init called
[2017.08.24-09.58.37:192][  0]LogHMD: Starting GearVRController plugin
[2017.08.24-09.58.37:228][  0]LogContentStreaming: Texture pool size now 1000 MB
[2017.08.24-09.58.37:261][  0]LogSlate: Took 0.001117 seconds to synchronously load lazily loaded font '../../../Engine/Content/Slate/Fonts/Roboto-Light.ttf' (159K)
[2017.08.24-09.58.37:497][  3]LogAssetRegistry: Asset discovery search completed in 15.4272 seconds
[2017.08.24-09.58.37:503][  3]LogCollectionManager: Rebuilt the object cache for 0 collections in 0.000001 seconds (found 0 objects)
[2017.08.24-09.58.37:503][  3]LogCollectionManager: Fixed up redirectors for 0 collections in 0.000056 seconds (updated 0 objects)
[2017.08.24-09.58.42:274][287]LogFileCache: Retrieving MD5 hashes for directory 'E:/Usuario/Ruben/UNIVERSIDAD/TFG/Postwar/Content/' took 5.06s
[2017.08.24-10.00.29:533][721]LogSlate: Took 0.000259 seconds to synchronously load lazily loaded font '../../../Engine/Content/Slate/Fonts/Roboto-Light.ttf' (159K)
[2017.08.24-10.00.32:415][721]LogSlate: Took 0.000251 seconds to synchronously load lazily loaded font '../../../Engine/Content/Slate/Fonts/Roboto-Regular.ttf' (155K)
[2017.08.24-10.01.05:888][721]LogMaterial: Missing cached shader map for material Metal_Galvanized, compiling. 
[2017.08.24-10.01.05:889][721]LogMaterial:Warning: Failed to compile Material /Game/FirstPersonBP/PostWar/Models/armasHabitacion/Metal_Galvanized.Metal_Galvanized for platform PCD3D_SM5, Default Material will be used in game.
[2017.08.24-10.01.05:889][721]LogMaterial:Warning: 	(Node TextureSample) TextureSample> Sampler type is Normal, should be Color for /Game/FirstPersonBP/PostWar/Models/armasHabitacion/Camo.Camo
[2017.08.24-10.01.09:325][721]LogMaterial: Missing cached shader map for material Material__386, compiling. 
[2017.08.24-10.01.09:326][721]LogMaterial:Warning: Failed to compile Material /Game/FirstPersonBP/PostWar/Models/Power-up/Material__386.Material__386 for platform PCD3D_SM5, Default Material will be used in game.
[2017.08.24-10.01.09:326][721]LogMaterial:Warning: 	(Node TextureSample) Texture Sample> Missing input texture
[2017.08.24-10.01.09:595][721]LogAIModule: Creating AISystem for world Mapa
[2017.08.24-10.01.09:871][721]Cmd: MAP LOAD FILE="E:/Usuario/Ruben/UNIVERSIDAD/TFG/Postwar/Content/FirstPersonBP/PostWar/Niveles/Mapa.umap" TEMPLATE=0 SHOWPROGRESS=1 FEATURELEVEL=3
[2017.08.24-10.01.09:871][721]LightingResults: New page: Lighting Build
[2017.08.24-10.01.09:872][721]LoadErrors: New page: Loading map: Mapa.umap
[2017.08.24-10.01.09:873][721]MapCheck: New page: Map Check
[2017.08.24-10.01.09:873][721]LightingResults: New page: Lighting Build
[2017.08.24-10.01.10:165][721]LogEditorServer: Finished looking for orphan Actors (0.000 secs)
[2017.08.24-10.01.10:265][721]Cmd: MAP CHECKDEP NOCLEARLOG
[2017.08.24-10.01.10:574][721]MapCheck: Info Map check complete: 0 Error(s), 0 Warning(s), took 308.528ms to complete.
[2017.08.24-10.01.10:575][721]LogFileHelpers: Loading map 'Mapa' took 0.705
[2017.08.24-10.02.11:412][392]LogEditorViewport: Clicking on Actor (LMB): StaticMeshActor (boxLow10)
[2017.08.24-10.02.13:931][531]LogMaterial: Missing cached shader map for material Material, compiling. 
[2017.08.24-10.02.14:074][531]LogMaterial: Missing cached shader map for material Material, compiling. 
[2017.08.24-10.02.14:090][531]LogMaterial: Missing cached shader map for material Material, compiling. 
[2017.08.24-10.02.14:130][531]LogMaterial: Missing cached shader map for material FMatExpressionPreview MaterialExpressionTextureSample_18, compiling. 
[2017.08.24-10.02.14:137][531]LogMaterial: Missing cached shader map for material FMatExpressionPreview MaterialExpressionTextureSample_20, compiling. 
[2017.08.24-10.02.14:142][531]LogMaterial: Missing cached shader map for material FMatExpressionPreview MaterialExpressionTextureSample_17, compiling. 
[2017.08.24-10.02.14:146][531]LogMaterial: Missing cached shader map for material FMatExpressionPreview MaterialExpressionTextureSample_21, compiling. 
[2017.08.24-10.02.14:151][531]LogMaterial: Missing cached shader map for material FMatExpressionPreview MaterialExpressionTextureSample_19, compiling. 
[2017.08.24-10.02.14:163][531]LogSlate: Took 0.001325 seconds to synchronously load lazily loaded font '../../../Engine/Content/Editor/Slate/Fonts/Roboto-BoldCondensed.ttf' (158K)
[2017.08.24-10.02.34:041][630]LogSlate: Took 0.001159 seconds to synchronously load lazily loaded font '../../../Engine/Content/Editor/Slate/Fonts/Roboto-Italic.ttf' (157K)
[2017.08.24-10.02.37:718][812]LogEditorViewport: Clicking on Actor (LMB): StaticMeshActor (TumbaObj2_pCube3)
[2017.08.24-10.02.40:998][986]LogMaterial: Missing cached shader map for material lambert2SG, compiling. 
[2017.08.24-10.02.41:087][986]LogMaterial: Missing cached shader map for material lambert2SG, compiling. 
[2017.08.24-10.02.41:102][986]LogMaterial: Missing cached shader map for material lambert2SG, compiling. 
[2017.08.24-10.02.41:140][986]LogMaterial: Missing cached shader map for material FMatExpressionPreview MaterialExpressionTextureSample_0, compiling. 
[2017.08.24-10.03.04:115][312]LogEditorViewport: Clicking on Actor (context menu): StaticMeshActor (TumbaObj2_pCube3)
[2017.08.24-10.03.04:998][359]LogEditorViewport: Clicking on Actor (LMB): StaticMeshActor (TumbaObj2_pCube3)
[2017.08.24-10.03.10:904][681]LogEditorViewport: Clicking on Actor (LMB): IASpawn_C (IASpawn15)
[2017.08.24-10.03.34:469][ 65]LogEditorViewport: Clicking on Actor (LMB): StaticMeshActor (TumbaObj2_pCube3)
[2017.08.24-10.03.34:513][ 65]LogEditorViewport: Clicking on Component (LMB): StaticMeshComponent (TumbaObj2_pCube2)
[2017.08.24-10.03.39:865][369]LogEditorViewport: Clicking on Actor (LMB): IASpawn_C (IASpawn15)
[2017.08.24-10.05.23:571][485]LogEditorViewport: Clicking on Actor (LMB): StaticMeshActor (dispensadorAgua)
[2017.08.24-10.06.29:787][822]LogMaterial: Missing cached shader map for material Agua, compiling. 
[2017.08.24-10.06.29:893][822]LogMaterial: Missing cached shader map for material Agua, compiling. 
[2017.08.24-10.06.29:915][822]LogMaterial: Missing cached shader map for material Agua, compiling. 
[2017.08.24-10.06.29:960][822]LogMaterial: Missing cached shader map for material FMatExpressionPreview MaterialExpressionTextureSample_13, compiling. 
[2017.08.24-10.06.29:967][822]LogMaterial: Missing cached shader map for material FMatExpressionPreview MaterialExpressionTextureSample_14, compiling. 
[2017.08.24-10.06.29:973][822]LogMaterial: Missing cached shader map for material FMatExpressionPreview MaterialExpressionVectorParameter_0, compiling. 
[2017.08.24-10.06.29:979][822]LogMaterial: Missing cached shader map for material FMatExpressionPreview MaterialExpressionTextureSample_9, compiling. 
[2017.08.24-10.06.29:985][822]LogMaterial: Missing cached shader map for material FMatExpressionPreview MaterialExpressionTextureSample_10, compiling. 
[2017.08.24-10.06.29:990][822]LogMaterial: Missing cached shader map for material FMatExpressionPreview MaterialExpressionTextureSample_15, compiling. 
[2017.08.24-10.06.29:996][822]LogMaterial: Missing cached shader map for material FMatExpressionPreview MaterialExpressionTextureSample_16, compiling. 
[2017.08.24-10.06.30:003][822]LogMaterial: Missing cached shader map for material FMatExpressionPreview MaterialExpressionTextureSample_19, compiling. 
[2017.08.24-10.06.30:008][822]LogMaterial: Missing cached shader map for material FMatExpressionPreview MaterialExpressionConstant3Vector_2, compiling. 
[2017.08.24-10.06.30:013][822]LogMaterial: Missing cached shader map for material FMatExpressionPreview MaterialExpressionConstant3Vector_3, compiling. 
[2017.08.24-10.06.35:305][ 63]LogEditorViewport: Clicking on Actor (LMB): Puerta_C (Puerta4)
[2017.08.24-10.07.23:697][847]LogEditorViewport: Clicking on Actor (LMB): IASpawn_C (IASpawn9)
[2017.08.24-10.07.35:678][550]LogEditorViewport: Clicking on Actor (LMB): StaticMeshActor (sillaReunion19)
[2017.08.24-10.07.43:143][979]LogEditorViewport: Clicking on Actor (LMB): StaticMeshActor (sillaReunion19)
[2017.08.24-10.07.48:587][291]LogEditorViewport: Clicking on Actor (LMB): IASpawn_C (IASpawn9)
[2017.08.24-10.07.51:310][449]LogEditorViewport: Clicking on Actor (LMB): StaticMeshActor (sillaReunion19)
[2017.08.24-10.07.57:284][789]LogEditorViewport: Clicking on Actor (LMB): StaticMeshActor (sillaReunion19)
[2017.08.24-10.08.07:728][395]LogEditorViewport: Clicking on Actor (LMB): IASpawn_C (IASpawn9)
[2017.08.24-10.09.22:634][294]LogEditorViewport: Clicking on Actor (LMB): StaticMeshActor (dispensadorAgua)
[2017.08.24-10.09.40:943][114]LogSavePackage: Save=68.95ms
[2017.08.24-10.09.40:943][114]LogSavePackage: Moving 'E:/Usuario/Ruben/UNIVERSIDAD/TFG/Postwar/Saved/MaterialDispensadorAgua5C5AFE8749CD8D2FE055D187B54FFF1B.tmp' to 'E:/Usuario/Ruben/UNIVERSIDAD/TFG/Postwar/Content/FirstPersonBP/PostWar/Models/DispensadorAgua/MaterialDispensadorAgua.uasset'
[2017.08.24-10.09.40:947][114]LogSavePackage:Display: Finished SavePackage E:/Usuario/Ruben/UNIVERSIDAD/TFG/Postwar/Content/FirstPersonBP/PostWar/Models/DispensadorAgua/MaterialDispensadorAgua.uasset
[2017.08.24-10.09.41:050][114]LogSavePackage: Save=1.52ms
[2017.08.24-10.09.41:050][114]LogSavePackage: Moving 'E:/Usuario/Ruben/UNIVERSIDAD/TFG/Postwar/Saved/AguaCDE5AAF447B15EF55F7FE8916CB56D36.tmp' to 'E:/Usuario/Ruben/UNIVERSIDAD/TFG/Postwar/Content/FirstPersonBP/PostWar/Models/DispensadorAgua/Agua.uasset'
[2017.08.24-10.09.41:057][114]LogSavePackage:Display: Finished SavePackage E:/Usuario/Ruben/UNIVERSIDAD/TFG/Postwar/Content/FirstPersonBP/PostWar/Models/DispensadorAgua/Agua.uasset
[2017.08.24-10.10.00:613][225]LogEditorTransaction: Undo Rename Node
[2017.08.24-10.10.00:622][225]LogMaterial: Missing cached shader map for material Material, compiling. 
[2017.08.24-10.10.00:641][225]LogMaterial: Missing cached shader map for material lambert2SG, compiling. 
[2017.08.24-10.10.00:659][225]LogMaterial: Missing cached shader map for material Agua, compiling. 
[2017.08.24-10.10.00:750][225]LogSlate: Took 0.000565 seconds to synchronously load lazily loaded font '../../../Engine/Content/Slate/Fonts/Roboto-Light.ttf' (159K)
[2017.08.24-10.10.42:634][484]LogSavePackage: Save=2078.53ms
[2017.08.24-10.10.42:634][484]LogSavePackage: Moving 'E:/Usuario/Ruben/UNIVERSIDAD/TFG/Postwar/Saved/Mapa_Auto1E7275A914DE5512C4B66BB917B9D3B56.tmp' to 'E:/Usuario/Ruben/UNIVERSIDAD/TFG/Postwar/Saved/Autosaves/Game/FirstPersonBP/PostWar/Niveles/Mapa_Auto1.umap'
[2017.08.24-10.10.42:657][484]LogSavePackage:Display: Finished SavePackage E:/Usuario/Ruben/UNIVERSIDAD/TFG/Postwar/Saved/Autosaves/Game/FirstPersonBP/PostWar/Niveles/Mapa_Auto1.umap
[2017.08.24-10.10.42:669][484]LogFileHelpers: Editor autosave (incl. sublevels) for '/Game/FirstPersonBP/PostWar/Niveles/Mapa' took 3.464
[2017.08.24-10.10.42:669][484]LogFileHelpers: Editor autosave (incl. sublevels) for all levels took 3.464
[2017.08.24-10.10.56:014][622]Cmd: QUIT_EDITOR
[2017.08.24-10.10.56:031][622]LogWindowsTextInputMethodSystem:Display: IME system now deactivated.
[2017.08.24-10.10.56:040][622]LogExit: Preparing to exit.
[2017.08.24-10.10.57:119][622]LogExit: Editor shut down
[2017.08.24-10.10.57:123][622]LogExit: Transaction tracking system shut down
[2017.08.24-10.10.57:374][622]LogObj: Freed 0b from 0 cluster array pools.
[2017.08.24-10.10.57:374][622]LogExit: Object subsystem successfully closed.
[2017.08.24-10.10.57:405][622]LogD3D11RHI: Shutdown
[2017.08.24-10.10.57:405][622]LogD3D11RHI: CleanupD3DDevice
[2017.08.24-10.10.57:683][622]LogD3D11RHI: ~FD3D11DynamicRHI
[2017.08.24-10.10.57:696][622]LogModuleManager: Shutting down and abandoning module MaterialEditor (526)
[2017.08.24-10.10.57:696][622]LogModuleManager: Shutting down and abandoning module HierarchicalLODOutliner (524)
[2017.08.24-10.10.57:696][622]LogModuleManager: Shutting down and abandoning module CrashTracker (522)
[2017.08.24-10.10.57:696][622]LogModuleManager: Shutting down and abandoning module SceneOutliner (520)
[2017.08.24-10.10.57:696][622]LogModuleManager: Shutting down and abandoning module AddContentDialog (518)
[2017.08.24-10.10.57:697][622]LogDirectoryWatcher: A directory notification for 'D:/Program Files/Epic Games/UE_4.16/FeaturePacks/' was aborted.
[2017.08.24-10.10.57:698][622]LogModuleManager: Shutting down and abandoning module WidgetCarousel (517)
[2017.08.24-10.10.57:698][622]LogModuleManager: Shutting down and abandoning module EditorWidgets (514)
[2017.08.24-10.10.57:698][622]LogModuleManager: Shutting down and abandoning module CollectionManager (512)
[2017.08.24-10.10.57:698][622]LogDirectoryWatcher: A directory notification for 'E:/Usuario/Ruben/UNIVERSIDAD/TFG/Postwar/Content/Collections/' was aborted.
[2017.08.24-10.10.57:698][622]LogDirectoryWatcher: A directory notification for 'E:/Usuario/Ruben/UNIVERSIDAD/TFG/Postwar/Content/Developers/cripe/Collections/' was aborted.
[2017.08.24-10.10.57:698][622]LogDirectoryWatcher: A directory notification for 'E:/Usuario/Ruben/UNIVERSIDAD/TFG/Postwar/Saved/Collections/' was aborted.
[2017.08.24-10.10.57:698][622]LogModuleManager: Shutting down and abandoning module StatsViewer (510)
[2017.08.24-10.10.57:698][622]LogModuleManager: Shutting down and abandoning module FoliageEdit (508)
[2017.08.24-10.10.57:698][622]LogModuleManager: Shutting down and abandoning module LandscapeEditor (506)
[2017.08.24-10.10.57:698][622]LogModuleManager: Shutting down and abandoning module MeshPaintMode (504)
[2017.08.24-10.10.57:698][622]LogModuleManager: Shutting down and abandoning module SceneDepthPickerMode (502)
[2017.08.24-10.10.57:698][622]LogModuleManager: Shutting down and abandoning module ActorPickerMode (500)
[2017.08.24-10.10.57:698][622]LogModuleManager: Shutting down and abandoning module GeometryMode (498)
[2017.08.24-10.10.57:698][622]LogModuleManager: Shutting down and abandoning module TextureAlignMode (496)
[2017.08.24-10.10.57:698][622]LogModuleManager: Shutting down and abandoning module BspMode (494)
[2017.08.24-10.10.57:698][622]LogModuleManager: Shutting down and abandoning module HardwareSurvey (492)
[2017.08.24-10.10.57:698][622]LogModuleManager: Shutting down and abandoning module SequenceRecorderSections (490)
[2017.08.24-10.10.57:698][622]LogModuleManager: Shutting down and abandoning module AutomationWorker (488)
[2017.08.24-10.10.57:698][622]LogModuleManager: Shutting down and abandoning module MatineeToLevelSequence (486)
[2017.08.24-10.10.57:698][622]LogModuleManager: Shutting down and abandoning module LevelSequenceEditor (484)
[2017.08.24-10.10.57:699][622]LogModuleManager: Shutting down and abandoning module PlacementMode (483)
[2017.08.24-10.10.57:699][622]LogModuleManager: Shutting down and abandoning module WmfMediaFactory (480)
[2017.08.24-10.10.57:699][622]LogModuleManager: Shutting down and abandoning module WmfMediaEditor (478)
[2017.08.24-10.10.57:699][622]LogModuleManager: Shutting down and abandoning module AvfMediaFactory (476)
[2017.08.24-10.10.57:699][622]LogModuleManager: Shutting down and abandoning module AvfMediaEditor (474)
[2017.08.24-10.10.57:699][622]LogModuleManager: Shutting down and abandoning module AndroidMediaFactory (472)
[2017.08.24-10.10.57:699][622]LogModuleManager: Shutting down and abandoning module Media (471)
[2017.08.24-10.10.57:699][622]LogModuleManager: Shutting down and abandoning module AndroidMediaEditor (468)
[2017.08.24-10.10.57:699][622]LogModuleManager: Shutting down and abandoning module CharacterAI (466)
[2017.08.24-10.10.57:699][622]LogModuleManager: Shutting down and abandoning module AudioCapture (464)
[2017.08.24-10.10.57:699][622]LogModuleManager: Shutting down and abandoning module SequenceRecorder (463)
[2017.08.24-10.10.57:699][622]LogModuleManager: Shutting down and abandoning module SmartSnapping (460)
[2017.08.24-10.10.57:699][622]LogModuleManager: Shutting down and abandoning module SessionServices (458)
[2017.08.24-10.10.57:699][622]LogModuleManager: Shutting down and abandoning module ViewportSnapping (456)
[2017.08.24-10.10.57:699][622]LogModuleManager: Shutting down and abandoning module ViewportInteraction (454)
[2017.08.24-10.10.57:699][622]LogModuleManager: Shutting down and abandoning module ClothPainter (452)
[2017.08.24-10.10.57:700][622]LogModuleManager: Shutting down and abandoning module LogVisualizer (450)
[2017.08.24-10.10.57:701][622]LogModuleManager: Shutting down and abandoning module IntroTutorials (448)
[2017.08.24-10.10.57:701][622]LogModuleManager: Shutting down and abandoning module GameProjectGeneration (447)
[2017.08.24-10.10.57:701][622]LogModuleManager: Shutting down and abandoning module EditorLiveStreaming (444)
[2017.08.24-10.10.57:702][622]LogModuleManager: Shutting down and abandoning module IOSPlatformEditor (442)
[2017.08.24-10.10.57:702][622]LogModuleManager: Shutting down and abandoning module HTML5PlatformEditor (440)
[2017.08.24-10.10.57:702][622]LogModuleManager: Shutting down and abandoning module AndroidPlatformEditor (438)
[2017.08.24-10.10.57:702][622]LogModuleManager: Shutting down and abandoning module AndroidDeviceDetection (437)
[2017.08.24-10.10.58:121][622]LogModuleManager: Shutting down and abandoning module IOSRuntimeSettings (434)
[2017.08.24-10.10.58:121][622]LogModuleManager: Shutting down and abandoning module AndroidRuntimeSettings (432)
[2017.08.24-10.10.58:121][622]LogModuleManager: Shutting down and abandoning module InputBindingEditor (430)
[2017.08.24-10.10.58:122][622]LogModuleManager: Shutting down and abandoning module MergeActors (428)
[2017.08.24-10.10.58:122][622]LogModuleManager: Shutting down and abandoning module SizeMap (426)
[2017.08.24-10.10.58:122][622]LogModuleManager: Shutting down and abandoning module TreeMap (424)
[2017.08.24-10.10.58:123][622]LogModuleManager: Shutting down and abandoning module ReferenceViewer (422)
[2017.08.24-10.10.58:123][622]LogModuleManager: Shutting down and abandoning module LocalizationDashboard (420)
[2017.08.24-10.10.58:123][622]LogModuleManager: Shutting down and abandoning module LocalizationService (419)
[2017.08.24-10.10.58:123][622]LogModuleManager: Shutting down and abandoning module HardwareTargeting (416)
[2017.08.24-10.10.58:123][622]LogModuleManager: Shutting down and abandoning module DeviceProfileEditor (414)
[2017.08.24-10.10.58:124][622]LogModuleManager: Shutting down and abandoning module UndoHistory (412)
[2017.08.24-10.10.58:124][622]LogModuleManager: Shutting down and abandoning module UserFeedback (410)
[2017.08.24-10.10.58:124][622]LogModuleManager: Shutting down and abandoning module XmlParser (408)
[2017.08.24-10.10.58:124][622]LogModuleManager: Shutting down and abandoning module Blutility (406)
[2017.08.24-10.10.58:124][622]LogModuleManager: Shutting down and abandoning module ProjectSettingsViewer (404)
[2017.08.24-10.10.58:124][622]LogModuleManager: Shutting down and abandoning module ProjectTargetPlatformEditor (403)
[2017.08.24-10.10.58:124][622]LogModuleManager: Shutting down and abandoning module EditorSettingsViewer (400)
[2017.08.24-10.10.58:124][622]LogModuleManager: Shutting down and abandoning module SettingsEditor (398)
[2017.08.24-10.10.58:124][622]LogModuleManager: Shutting down and abandoning module ProjectLauncher (396)
[2017.08.24-10.10.58:124][622]LogModuleManager: Shutting down and abandoning module SessionFrontend (394)
[2017.08.24-10.10.58:125][622]LogModuleManager: Shutting down and abandoning module ProfilerClient (392)
[2017.08.24-10.10.58:125][622]LogModuleManager: Shutting down and abandoning module DeviceManager (390)
[2017.08.24-10.10.58:126][622]LogModuleManager: Shutting down and abandoning module TargetDeviceServices (389)
[2017.08.24-10.10.58:189][622]LogModuleManager: Shutting down and abandoning module AutomationController (386)
[2017.08.24-10.10.58:189][622]LogModuleManager: Shutting down and abandoning module AutomationWindow (384)
[2017.08.24-10.10.58:190][622]LogModuleManager: Shutting down and abandoning module Layers (382)
[2017.08.24-10.10.58:192][622]LogModuleManager: Shutting down and abandoning module ComponentVisualizers (380)
[2017.08.24-10.10.58:192][622]LogModuleManager: Shutting down and abandoning module DetailCustomizations (378)
[2017.08.24-10.10.58:192][622]LogModuleManager: Shutting down and abandoning module PackagesDialog (376)
[2017.08.24-10.10.58:192][622]LogModuleManager: Shutting down and abandoning module Persona (374)
[2017.08.24-10.10.58:192][622]LogModuleManager: Shutting down and abandoning module AdvancedPreviewScene (373)
[2017.08.24-10.10.58:192][622]LogModuleManager: Shutting down and abandoning module AnimGraph (371)
[2017.08.24-10.10.58:192][622]LogModuleManager: Shutting down and abandoning module Kismet (368)
[2017.08.24-10.10.58:197][622]LogModuleManager: Shutting down and abandoning module ClassViewer (366)
[2017.08.24-10.10.58:197][622]LogModuleManager: Shutting down and abandoning module Toolbox (364)
[2017.08.24-10.10.58:197][622]LogModuleManager: Shutting down and abandoning module ModuleUI (362)
[2017.08.24-10.10.58:197][622]LogModuleManager: Shutting down and abandoning module MovieSceneTools (360)
[2017.08.24-10.10.58:198][622]LogModuleManager: Shutting down and abandoning module OutputLog (358)
[2017.08.24-10.10.58:198][622]LogModuleManager: Shutting down and abandoning module GammaUI (356)
[2017.08.24-10.10.58:198][622]LogModuleManager: Shutting down and abandoning module Documentation (354)
[2017.08.24-10.10.58:198][622]LogModuleManager: Shutting down and abandoning module MovieSceneTracks (352)
[2017.08.24-10.10.58:198][622]LogModuleManager: Shutting down and abandoning module MovieScene (350)
[2017.08.24-10.10.58:198][622]LogModuleManager: Shutting down and abandoning module Niagara (348)
[2017.08.24-10.10.58:198][622]LogModuleManager: Shutting down and abandoning module NiagaraEditor (347)
[2017.08.24-10.10.58:199][622]LogModuleManager: Shutting down and abandoning module StreamingPauseRendering (344)
[2017.08.24-10.10.58:199][622]LogModuleManager: Shutting down and abandoning module AnalyticsET (342)
[2017.08.24-10.10.58:199][622]LogModuleManager: Shutting down and abandoning module PortalServices (340)
[2017.08.24-10.10.58:199][622]LogModuleManager: Shutting down and abandoning module PortalRpc (338)
[2017.08.24-10.10.58:199][622]LogModuleManager: Shutting down and abandoning module MessagingRpc (336)
[2017.08.24-10.10.58:199][622]LogModuleManager: Shutting down and abandoning module AIModule (334)
[2017.08.24-10.10.58:199][622]LogModuleManager: Shutting down and abandoning module GameplayDebugger (333)
[2017.08.24-10.10.58:199][622]LogModuleManager: Shutting down and abandoning module AITestSuite (331)
[2017.08.24-10.10.58:199][622]LogModuleManager: Shutting down and abandoning module ProfilerService (328)
[2017.08.24-10.10.58:288][622]LogModuleManager: Shutting down and abandoning module TaskGraph (326)
[2017.08.24-10.10.58:289][622]LogModuleManager: Shutting down and abandoning module SteamVRController (324)
[2017.08.24-10.10.58:289][622]LogModuleManager: Shutting down and abandoning module SteamVR (322)
[2017.08.24-10.10.58:289][622]LogModuleManager: Shutting down and abandoning module ProceduralMeshComponentEditor (320)
[2017.08.24-10.10.58:289][622]LogModuleManager: Shutting down and abandoning module ProceduralMeshComponent (318)
[2017.08.24-10.10.58:289][622]LogModuleManager: Shutting down and abandoning module OculusLibrary (316)
[2017.08.24-10.10.58:289][622]LogModuleManager: Shutting down and abandoning module OculusInput (314)
[2017.08.24-10.10.58:289][622]LogModuleManager: Shutting down and abandoning module MobilePatchingUtils (312)
[2017.08.24-10.10.58:289][622]LogModuleManager: Shutting down and abandoning module CustomMeshComponent (310)
[2017.08.24-10.10.58:289][622]LogModuleManager: Shutting down and abandoning module CableComponent (308)
[2017.08.24-10.10.58:289][622]LogModuleManager: Shutting down and abandoning module ArchVisCharacter (306)
[2017.08.24-10.10.58:289][622]LogModuleManager: Shutting down and abandoning module AndroidPermission (304)
[2017.08.24-10.10.58:289][622]LogModuleManager: Shutting down and abandoning module MediaPlayerEditor (300)
[2017.08.24-10.10.58:290][622]LogModuleManager: Shutting down and abandoning module HTML5Networking (298)
[2017.08.24-10.10.58:290][622]LogModuleManager: Shutting down and abandoning module AlembicImporter (296)
[2017.08.24-10.10.58:290][622]LogModuleManager: Shutting down and abandoning module AlembicLibrary (295)
[2017.08.24-10.10.58:290][622]LogModuleManager: Shutting down and abandoning module GeometryCache (294)
[2017.08.24-10.10.58:290][622]LogModuleManager: Shutting down and abandoning module GeometryCacheEd (293)
[2017.08.24-10.10.58:290][622]LogModuleManager: Shutting down and abandoning module SuperSearchEditor (288)
[2017.08.24-10.10.58:290][622]LogModuleManager: Shutting down and abandoning module SuperSearch (287)
[2017.08.24-10.10.58:290][622]LogModuleManager: Shutting down and abandoning module SpeedTreeImporter (284)
[2017.08.24-10.10.58:290][622]LogModuleManager: Shutting down and abandoning module PluginBrowser (282)
[2017.08.24-10.10.58:290][622]LogModuleManager: Shutting down and abandoning module MobileLauncherProfileWizard (280)
[2017.08.24-10.10.58:290][622]LogModuleManager: Shutting down and abandoning module VisualStudioSourceCodeAccess (278)
[2017.08.24-10.10.58:290][622]LogModuleManager: Shutting down and abandoning module DesktopPlatform (277)
[2017.08.24-10.10.58:290][622]LogModuleManager: Shutting down and abandoning module UObjectPlugin (274)
[2017.08.24-10.10.58:290][622]LogModuleManager: Shutting down and abandoning module SubversionSourceControl (272)
[2017.08.24-10.10.58:290][622]LogModuleManager: Shutting down and abandoning module PerforceSourceControl (270)
[2017.08.24-10.10.58:290][622]LogModuleManager: Shutting down and abandoning module GitSourceControl (268)
[2017.08.24-10.10.58:290][622]LogModuleManager: Shutting down and abandoning module SourceControl (267)
[2017.08.24-10.10.58:290][622]LogModuleManager: Shutting down and abandoning module LightPropagationVolumeEditor (264)
[2017.08.24-10.10.58:290][622]LogModuleManager: Shutting down and abandoning module PaperTiledImporter (262)
[2017.08.24-10.10.58:290][622]LogModuleManager: Shutting down and abandoning module PaperSpriteSheetImporter (260)
[2017.08.24-10.10.58:290][622]LogModuleManager: Shutting down and abandoning module Paper2DEditor (258)
[2017.08.24-10.10.58:291][622]LogModuleManager: Shutting down and abandoning module MeshPaint (257)
[2017.08.24-10.10.58:291][622]LogModuleManager: Shutting down and abandoning module LevelEditor (255)
[2017.08.24-10.10.58:291][622]LogModuleManager: Shutting down and abandoning module PixelInspectorModule (254)
[2017.08.24-10.10.58:291][622]LogModuleManager: Shutting down and abandoning module MainFrame (252)
[2017.08.24-10.10.58:291][622]LogModuleManager: Shutting down and abandoning module HotReload (251)
[2017.08.24-10.10.58:292][622]LogModuleManager: Shutting down and abandoning module PhysXVehiclesEditor (246)
[2017.08.24-10.10.58:292][622]LogModuleManager: Shutting down and abandoning module PhysXVehicles (244)
[2017.08.24-10.10.58:292][622]LogModuleManager: Shutting down and abandoning module LocationServicesBPLibrary (242)
[2017.08.24-10.10.58:292][622]LogModuleManager: Shutting down and abandoning module ImmediatePhysicsEditor (240)
[2017.08.24-10.10.58:292][622]LogModuleManager: Shutting down and abandoning module ImmediatePhysics (238)
[2017.08.24-10.10.58:292][622]LogModuleManager: Shutting down and abandoning module UdpMessaging (236)
[2017.08.24-10.10.58:392][622]LogModuleManager: Shutting down and abandoning module TcpMessaging (234)
[2017.08.24-10.10.58:493][622]LogModuleManager: Shutting down and abandoning module GameplayTagsEditor (232)
[2017.08.24-10.10.58:493][622]LogModuleManager: Shutting down and abandoning module FacialAnimationEditor (230)
[2017.08.24-10.10.58:493][622]LogModuleManager: Shutting down and abandoning module FacialAnimation (228)
[2017.08.24-10.10.58:493][622]LogModuleManager: Shutting down and abandoning module AssetManagerEditor (226)
[2017.08.24-10.10.58:494][622]LogModuleManager: Shutting down and abandoning module GraphEditor (225)
[2017.08.24-10.10.58:494][622]LogModuleManager: Shutting down and abandoning module ContentBrowser (223)
[2017.08.24-10.10.58:495][622]LogModuleManager: Shutting down and abandoning module LightPropagationVolumeRuntime (220)
[2017.08.24-10.10.58:495][622]LogModuleManager: Shutting down and abandoning module Paper2D (218)
[2017.08.24-10.10.58:495][622]LogModuleManager: Shutting down and abandoning module WindowsMoviePlayer (216)
[2017.08.24-10.10.58:495][622]LogModuleManager: Shutting down and abandoning module WmfMedia (214)
[2017.08.24-10.10.58:496][622]LogModuleManager: Shutting down and abandoning module ClothingSystemEditor (212)
[2017.08.24-10.10.58:496][622]LogModuleManager: Shutting down and abandoning module ClothingSystemRuntime (210)
[2017.08.24-10.10.58:496][622]LogModuleManager: Shutting down and abandoning module MediaAssets (208)
[2017.08.24-10.10.58:496][622]LogModuleManager: Shutting down and abandoning module GameLiveStreaming (206)
[2017.08.24-10.10.58:496][622]LogModuleManager: Shutting down and abandoning module VREditor (204)
[2017.08.24-10.10.58:496][622]LogModuleManager: Shutting down and abandoning module StringTableEditor (202)
[2017.08.24-10.10.58:497][622]LogModuleManager: Shutting down and abandoning module GameplayTasksEditor (200)
[2017.08.24-10.10.58:497][622]LogModuleManager: Shutting down and abandoning module BehaviorTreeEditor (198)
[2017.08.24-10.10.58:497][622]LogModuleManager: Shutting down and abandoning module FunctionalTesting (196)
[2017.08.24-10.10.58:497][622]LogModuleManager: Shutting down and abandoning module CollisionAnalyzer (194)
[2017.08.24-10.10.58:498][622]LogModuleManager: Shutting down and abandoning module UMG (192)
[2017.08.24-10.10.58:498][622]LogModuleManager: Shutting down and abandoning module UMGEditor (191)
[2017.08.24-10.10.58:498][622]LogModuleManager: Shutting down and abandoning module Sequencer (190)
[2017.08.24-10.10.58:499][622]LogModuleManager: Shutting down and abandoning module AssetTools (188)
[2017.08.24-10.10.58:500][622]LogModuleManager: Shutting down and abandoning module MessageLog (187)
[2017.08.24-10.10.58:500][622]LogModuleManager: Shutting down and abandoning module WorkspaceMenuStructure (186)
[2017.08.24-10.10.58:500][622]LogModuleManager: Shutting down and abandoning module SlateReflector (180)
[2017.08.24-10.10.58:500][622]LogModuleManager: Shutting down and abandoning module Slate (178)
[2017.08.24-10.10.58:500][622]LogModuleManager: Shutting down and abandoning module EditorStyle (176)
[2017.08.24-10.10.58:503][622]LogModuleManager: Shutting down and abandoning module SourceCodeAccess (174)
[2017.08.24-10.10.58:503][622]LogModuleManager: Shutting down and abandoning module HeadMountedDisplay (172)
[2017.08.24-10.10.58:503][622]LogModuleManager: Shutting down and abandoning module XAudio2 (170)
[2017.08.24-10.10.58:503][622]LogModuleManager: Shutting down and abandoning module Networking (168)
[2017.08.24-10.10.58:503][622]LogModuleManager: Shutting down and abandoning module Core (164)
[2017.08.24-10.10.58:503][622]LogModuleManager: Shutting down and abandoning module AssetRegistry (162)
[2017.08.24-10.10.58:718][622]LogDirectoryWatcher: A directory notification for '../../../Engine/Content/' was aborted.
[2017.08.24-10.10.58:718][622]LogDirectoryWatcher: A directory notification for 'E:/Usuario/Ruben/UNIVERSIDAD/TFG/Postwar/Content/' was aborted.
[2017.08.24-10.10.58:718][622]LogDirectoryWatcher: A directory notification for '../../../Engine/Plugins/2D/Paper2D/Content/' was aborted.
[2017.08.24-10.10.58:718][622]LogDirectoryWatcher: A directory notification for '../../../Engine/Plugins/Runtime/GearVR/Content/' was aborted.
[2017.08.24-10.10.58:722][622]LogModuleManager: Shutting down and abandoning module DirectoryWatcher (161)
[2017.08.24-10.10.58:723][622]LogModuleManager: Shutting down and abandoning module KismetCompiler (158)
[2017.08.24-10.10.58:723][622]LogModuleManager: Shutting down and abandoning module LevelSequence (156)
[2017.08.24-10.10.58:723][622]LogModuleManager: Shutting down and abandoning module PhysXFormats (154)
[2017.08.24-10.10.58:723][622]LogModuleManager: Shutting down and abandoning module MeshUtilities (152)
[2017.08.24-10.10.58:723][622]LogModuleManager: Shutting down and abandoning module SimplygonSwarm (151)
[2017.08.24-10.10.58:723][622]LogModuleManager: Shutting down and abandoning module SimplygonMeshReduction (149)
[2017.08.24-10.10.58:723][622]LogModuleManager: Shutting down and abandoning module QuadricMeshReduction (147)
[2017.08.24-10.10.58:723][622]LogModuleManager: Shutting down and abandoning module DerivedDataCache (144)
[2017.08.24-10.10.58:729][622]LogDerivedDataCache: Shutdown
[2017.08.24-10.10.58:729][622]LogModuleManager: Shutting down and abandoning module TargetPlatform (142)
[2017.08.24-10.10.58:729][622]LogModuleManager: Shutting down and abandoning module VulkanShaderFormat (141)
[2017.08.24-10.10.58:729][622]LogModuleManager: Shutting down and abandoning module ShaderFormatVectorVM (139)
[2017.08.24-10.10.58:730][622]LogModuleManager: Shutting down and abandoning module ShaderFormatOpenGL (137)
[2017.08.24-10.10.58:731][622]LogModuleManager: Shutting down and abandoning module ShaderFormatD3D (135)
[2017.08.24-10.10.58:731][622]LogModuleManager: Shutting down and abandoning module MetalShaderFormat (133)
[2017.08.24-10.10.58:731][622]LogModuleManager: Shutting down and abandoning module TextureFormatUncompressed (131)
[2017.08.24-10.10.58:731][622]LogModuleManager: Shutting down and abandoning module TextureFormatPVR (129)
[2017.08.24-10.10.58:731][622]LogModuleManager: Shutting down and abandoning module TextureFormatDXT (127)
[2017.08.24-10.10.58:731][622]LogModuleManager: Shutting down and abandoning module TextureFormatIntelISPCTexComp (125)
[2017.08.24-10.10.58:731][622]LogModuleManager: Shutting down and abandoning module TextureFormatASTC (123)
[2017.08.24-10.10.58:731][622]LogModuleManager: Shutting down and abandoning module ImageWrapper (122)
[2017.08.24-10.10.58:731][622]LogModuleManager: Shutting down and abandoning module TextureFormatAndroid (119)
[2017.08.24-10.10.58:731][622]LogModuleManager: Shutting down and abandoning module AudioFormatOpus (117)
[2017.08.24-10.10.58:731][622]LogModuleManager: Shutting down and abandoning module AudioFormatOgg (115)
[2017.08.24-10.10.58:731][622]LogModuleManager: Shutting down and abandoning module AudioFormatADPCM (113)
[2017.08.24-10.10.58:731][622]LogModuleManager: Shutting down and abandoning module LinuxTargetPlatform (111)
[2017.08.24-10.10.58:731][622]LogModuleManager: Shutting down and abandoning module LinuxServerTargetPlatform (109)
[2017.08.24-10.10.58:731][622]LogModuleManager: Shutting down and abandoning module LinuxNoEditorTargetPlatform (107)
[2017.08.24-10.10.58:731][622]LogModuleManager: Shutting down and abandoning module LinuxClientTargetPlatform (105)
[2017.08.24-10.10.58:731][622]LogModuleManager: Shutting down and abandoning module TVOSTargetPlatform (103)
[2017.08.24-10.10.58:731][622]LogModuleManager: Shutting down and abandoning module Messaging (101)
[2017.08.24-10.10.58:731][622]LogModuleManager: Shutting down and abandoning module IOSTargetPlatform (99)
[2017.08.24-10.10.58:731][622]LogModuleManager: Shutting down and abandoning module HTML5TargetPlatform (97)
[2017.08.24-10.10.58:731][622]LogModuleManager: Shutting down and abandoning module Android_PVRTCTargetPlatform (95)
[2017.08.24-10.10.58:731][622]LogModuleManager: Shutting down and abandoning module Android_MultiTargetPlatform (93)
[2017.08.24-10.10.58:731][622]LogModuleManager: Shutting down and abandoning module Android_ETC2TargetPlatform (91)
[2017.08.24-10.10.58:731][622]LogModuleManager: Shutting down and abandoning module Android_ETC1TargetPlatform (89)
[2017.08.24-10.10.58:731][622]LogModuleManager: Shutting down and abandoning module Android_DXTTargetPlatform (87)
[2017.08.24-10.10.58:731][622]LogModuleManager: Shutting down and abandoning module Android_ATCTargetPlatform (85)
[2017.08.24-10.10.58:731][622]LogModuleManager: Shutting down and abandoning module Android_ASTCTargetPlatform (83)
[2017.08.24-10.10.58:731][622]LogModuleManager: Shutting down and abandoning module AndroidTargetPlatform (81)
[2017.08.24-10.10.58:731][622]LogModuleManager: Shutting down and abandoning module WindowsTargetPlatform (79)
[2017.08.24-10.10.58:731][622]LogModuleManager: Shutting down and abandoning module WindowsServerTargetPlatform (77)
[2017.08.24-10.10.58:731][622]LogModuleManager: Shutting down and abandoning module WindowsNoEditorTargetPlatform (75)
[2017.08.24-10.10.58:731][622]LogModuleManager: Shutting down and abandoning module WindowsClientTargetPlatform (73)
[2017.08.24-10.10.58:732][622]LogModuleManager: Shutting down and abandoning module MacTargetPlatform (71)
[2017.08.24-10.10.58:732][622]LogModuleManager: Shutting down and abandoning module MacServerTargetPlatform (69)
[2017.08.24-10.10.58:732][622]LogModuleManager: Shutting down and abandoning module MacNoEditorTargetPlatform (67)
[2017.08.24-10.10.58:732][622]LogModuleManager: Shutting down and abandoning module MacClientTargetPlatform (65)
[2017.08.24-10.10.58:732][622]LogModuleManager: Shutting down and abandoning module AllDesktopTargetPlatform (63)
[2017.08.24-10.10.58:732][622]LogModuleManager: Shutting down and abandoning module InputCore (60)
[2017.08.24-10.10.58:732][622]LogModuleManager: Shutting down and abandoning module Settings (58)
[2017.08.24-10.10.58:732][622]LogModuleManager: Shutting down and abandoning module OculusRift (56)
[2017.08.24-10.10.58:732][622]LogModuleManager: Shutting down and abandoning module GearVRController (54)
[2017.08.24-10.10.58:732][622]LogModuleManager: Shutting down and abandoning module GearVR (52)
[2017.08.24-10.10.58:732][622]LogModuleManager: Shutting down and abandoning module ExampleDeviceProfileSelector (50)
[2017.08.24-10.10.58:732][622]LogModuleManager: Shutting down and abandoning module OnlineBlueprintSupport (48)
[2017.08.24-10.10.58:732][622]LogModuleManager: Shutting down and abandoning module OnlineSubsystem (44)
[2017.08.24-10.10.58:732][622]LogOnline:Display: Unloading online subsystem: NULL
[2017.08.24-10.10.58:732][622]LogModuleManager: Shutting down and abandoning module XMPP (43)
[2017.08.24-10.10.58:733][622]LogModuleManager: Shutting down and abandoning module HTTP (41)
[2017.08.24-10.10.58:733][622]LogHttp:Display: Http module shutting down, but needs to wait on 1 outstanding Http requests:
[2017.08.24-10.10.58:733][622]LogHttp:Display: 	verb=[POST] url=[https://datarouter.ol.epicgames.com/datarouter/api/v1/public/data?SessionID=%7B94F132EB-4F0A-36B0-124D-0DAEC03B1239%7D&AppID=UEEditor.Rocket.Release&AppVersion=4.16.2-3514769%2B%2B%2BUE4%2BRelease-4.16&UserID=78865e4d4a8ae815e8d400bc6125e577%7C5361294e5f654db5881228f5582e9124%7C456667b1-22e8-45ef-a524-8410a492a64f&AppEnvironment=datacollector-binary&UploadType=eteventstream] status=Processing
[2017.08.24-10.10.58:750][622]LogModuleManager: Shutting down and abandoning module SSL (40)
[2017.08.24-10.10.58:752][622]LogModuleManager: Shutting down and abandoning module HTTPChunkInstaller (36)
[2017.08.24-10.10.58:752][622]LogModuleManager: Shutting down and abandoning module AnimationModifiers (34)
[2017.08.24-10.10.58:753][622]LogModuleManager: Shutting down and abandoning module PropertyEditor (33)
[2017.08.24-10.10.58:753][622]LogModuleManager: Shutting down and abandoning module AudioEditor (30)
[2017.08.24-10.10.58:753][622]LogModuleManager: Shutting down and abandoning module TextureCompressor (28)
[2017.08.24-10.10.58:753][622]LogModuleManager: Shutting down and abandoning module ShaderCore (26)
[2017.08.24-10.10.58:753][622]LogModuleManager: Shutting down and abandoning module Landscape (24)
[2017.08.24-10.10.58:753][622]LogModuleManager: Shutting down and abandoning module SlateRHIRenderer (22)
[2017.08.24-10.10.58:755][622]LogModuleManager: Shutting down and abandoning module OpenGLDrv (20)
[2017.08.24-10.10.58:756][622]LogModuleManager: Shutting down and abandoning module D3D11RHI (18)
[2017.08.24-10.10.58:756][622]LogModuleManager: Shutting down and abandoning module AnimGraphRuntime (16)
[2017.08.24-10.10.58:756][622]LogModuleManager: Shutting down and abandoning module Renderer (14)
[2017.08.24-10.10.58:756][622]LogModuleManager: Shutting down and abandoning module Engine (12)
[2017.08.24-10.10.58:756][622]LogModuleManager: Shutting down and abandoning module CoreUObject (10)
[2017.08.24-10.10.58:756][622]LogModuleManager: Shutting down and abandoning module NetworkFile (8)
[2017.08.24-10.10.58:756][622]LogModuleManager: Shutting down and abandoning module StreamingFile (6)
[2017.08.24-10.10.58:756][622]LogModuleManager: Shutting down and abandoning module SandboxFile (4)
[2017.08.24-10.10.58:756][622]LogModuleManager: Shutting down and abandoning module PakFile (2)
[2017.08.24-10.10.58:757][622]LogExit: Exiting.
[2017.08.24-10.10.58:786][622]Log file closed, 08/24/17 12:10:58
