Log file open, 08/31/17 12:33:41
LogInit:Display: Running engine for game: Postwar
LogPlatformFile: Not using cached read wrapper
LogInit:Display: RandInit(1386077886) SRandInit(1386077886).
LogTaskGraph: Started task graph with 5 named threads and 8 total threads with 1 sets of task threads.
LogStats: Stats thread started at 0.093196
LogInit: Using libcurl 7.47.1
LogInit:  - built for x86_64-pc-win32
LogInit:  - supports SSL with OpenSSL/1.0.2g
LogInit:  - supports HTTP deflate (compression) using libz 1.2.8
LogInit:  - other features:
LogInit:      CURL_VERSION_SSL
LogInit:      CURL_VERSION_LIBZ
LogInit:      CURL_VERSION_IPV6
LogInit:      CURL_VERSION_ASYNCHDNS
LogInit:      CURL_VERSION_LARGEFILE
LogInit:      CURL_VERSION_IDN
LogInit:  CurlRequestOptions (configurable via config and command line):
LogInit:  - bVerifyPeer = false  - Libcurl will NOT verify peer certificate
LogInit:  - bUseHttpProxy = false  - Libcurl will NOT use HTTP proxy
LogInit:  - bDontReuseConnections = false  - Libcurl will reuse connections
LogInit:  - CertBundlePath = nullptr  - Libcurl will use whatever was configured at build time.
LogInit: Build: ++UE4+Release-4.16-CL-3514769
LogInit: Engine Version: 4.16.2-3514769+++UE4+Release-4.16
LogInit: Compatible Engine Version: 4.16.0-3452394+++UE4+Release-4.16
LogInit: Net CL: 3452394
LogDevObjectVersion: Number of dev versions registered: 16
LogDevObjectVersion:   Dev-Blueprints (B0D832E4-1F89-4F0D-ACCF-7EB736FD4AA2): 9
LogDevObjectVersion:   Dev-Build (E1C64328-A22C-4D53-A36C-8E866417BD8C): 0
LogDevObjectVersion:   Dev-Core (375EC13C-06E4-48FB-B500-84F0262A717E): 2
LogDevObjectVersion:   Dev-Editor (E4B068ED-F494-42E9-A231-DA0B2E46BB41): 17
LogDevObjectVersion:   Dev-Framework (CFFC743F-43B0-4480-9391-14DF171D2073): 23
LogDevObjectVersion:   Dev-Mobile (B02B49B5-BB20-44E9-A304-32B752E40360): 0
LogDevObjectVersion:   Dev-Networking (A4E4105C-59A1-49B5-A7C5-40C4547EDFEE): 0
LogDevObjectVersion:   Dev-Online (39C831C9-5AE6-47DC-9A44-9C173E1C8E7C): 0
LogDevObjectVersion:   Dev-Physics (78F01B33-EBEA-4F98-B9B4-84EACCB95AA2): 0
LogDevObjectVersion:   Dev-Platform (6631380F-2D4D-43E0-8009-CF276956A95A): 0
LogDevObjectVersion:   Dev-Rendering (12F88B9F-8875-4AFC-A67C-D90C383ABD29): 15
LogDevObjectVersion:   Dev-Sequencer (7B5AE74C-D270-4C10-A958-57980B212A5A): 4
LogDevObjectVersion:   Dev-VR (D7296918-1DD6-4BDD-9DE2-64A83CC13884): 0
LogDevObjectVersion:   Dev-LoadTimes (C2A15278-BFE7-4AFE-6C17-90FF531DF755): 1
LogDevObjectVersion:   Private-Geometry (6EACA3D4-40EC-4CC1-B786-8BED09428FC5): 1
LogDevObjectVersion:   Dev-AnimPhys (29E575DD-E0A3-4627-9D10-D276232CDCEA): 3
LogInit: Compiled (64-bit): Jun 29 2017 02:03:24
LogInit: Compiled with Visual C++: 19.00.24215.01
LogInit: Build Configuration: Development
LogInit: Branch Name: ++UE4+Release-4.16
LogInit: Command line:  
LogInit: Base directory: D:/Program Files/Epic Games/UE_4.16/Engine/Binaries/Win64/
LogInit: Installed Engine Build: 1
LogInit: Presizing for max 8388607 objects, including 0 objects not considered by GC, pre-allocating 0 bytes for permanent pool.
LogInit: Object subsystem initialized
[2017.08.31-10.33.42:424][  0]LogInit: Selected Device Profile: [Windows]
[2017.08.31-10.33.42:424][  0]LogInit: Applying CVar settings loaded from the selected device profile: [Windows]
[2017.08.31-10.33.42:434][  0]LogInit: Computer: DESKTOP-T9NOKQO
[2017.08.31-10.33.42:434][  0]LogInit: User: cripe
[2017.08.31-10.33.42:434][  0]LogInit: CPU Page size=4096, Cores=4
[2017.08.31-10.33.42:434][  0]LogInit: High frequency timer resolution =2.435775 MHz
[2017.08.31-10.33.42:434][  0]LogMemory: Memory total: Physical=15.9GB (16GB approx)
[2017.08.31-10.33.42:434][  0]LogMemory: Platform Memory Stats for Windows
[2017.08.31-10.33.42:434][  0]LogMemory: Process Physical Memory: 273.54 MB used, 273.54 MB peak
[2017.08.31-10.33.42:434][  0]LogMemory: Process Virtual Memory: 263.17 MB used, 263.17 MB peak
[2017.08.31-10.33.42:434][  0]LogMemory: Physical Memory: 5648.95 MB used,  10654.19 MB free, 16303.14 MB total
[2017.08.31-10.33.42:434][  0]LogMemory: Virtual Memory: 626.64 MB used,  10654.19 MB free, 134217728.00 MB total
[2017.08.31-10.33.42:510][  0]LogInit: Overriding language with editor language configuration option (en).
[2017.08.31-10.33.42:510][  0]LogInit: Overriding locale with editor locale configuration option (en).
[2017.08.31-10.33.43:593][  0]LogD3D11RHI: D3D11 adapters:
[2017.08.31-10.33.44:192][  0]LogD3D11RHI:    0. 'NVIDIA GeForce GTX 860M' (Feature Level 11_0)
[2017.08.31-10.33.44:192][  0]LogD3D11RHI:       2017/0/8151 MB DedicatedVideo/DedicatedSystem/SharedSystem, Outputs:2, VendorId:0x10de
[2017.08.31-10.33.44:198][  0]LogD3D11RHI:    1. 'Intel(R) HD Graphics 4600' (Feature Level 11_0)
[2017.08.31-10.33.44:198][  0]LogD3D11RHI:       112/0/2048 MB DedicatedVideo/DedicatedSystem/SharedSystem, Outputs:0, VendorId:0x8086
[2017.08.31-10.33.44:199][  0]LogD3D11RHI:    2. 'Microsoft Basic Render Driver' (Feature Level 11_0)
[2017.08.31-10.33.44:199][  0]LogD3D11RHI:       0/0/8151 MB DedicatedVideo/DedicatedSystem/SharedSystem, Outputs:0, VendorId:0x1414
[2017.08.31-10.33.44:199][  0]LogD3D11RHI: Chosen D3D11 Adapter: 0
[2017.08.31-10.33.44:204][  0]LogD3D11RHI: Creating new Direct3DDevice
[2017.08.31-10.33.44:204][  0]LogD3D11RHI:     GPU DeviceId: 0x119a (for the marketing name, search the web for "GPU Device Id")
[2017.08.31-10.33.44:204][  0]LogWindows: EnumDisplayDevices:
[2017.08.31-10.33.44:204][  0]LogWindows:    0. 'Intel(R) HD Graphics 4600' (P:1 D:1)
[2017.08.31-10.33.44:204][  0]LogWindows:    1. 'Intel(R) HD Graphics 4600' (P:0 D:1)
[2017.08.31-10.33.44:204][  0]LogWindows:    2. 'Intel(R) HD Graphics 4600' (P:0 D:0)
[2017.08.31-10.33.44:204][  0]LogWindows: DebugString: PrimaryIsNotTheChoosenAdapter PrimaryIsNotTheChoosenAdapter PrimaryIsNotTheChoosenAdapter FoundDriverCount:0 
[2017.08.31-10.33.44:204][  0]LogD3D11RHI:     Adapter Name: NVIDIA GeForce GTX 860M
[2017.08.31-10.33.44:204][  0]LogD3D11RHI:   Driver Version: Unknown (internal:Unknown, unified:Unknown)
[2017.08.31-10.33.44:204][  0]LogD3D11RHI:      Driver Date: Unknown
[2017.08.31-10.33.44:204][  0]LogRHI: Texture pool is 1361 MB (70% of 1945 MB)
[2017.08.31-10.33.44:766][  0]LogD3D11RHI: Async texture creation enabled
[2017.08.31-10.33.44:787][  0]LogD3D11RHI: GPU Timing Frequency: 1000.000000 (Debug: 2 2)
[2017.08.31-10.33.44:787][  0]LogShaderCompilers: Guid format shader working directory is 5 characters bigger than the processId version (E:/Usuario/Ruben/UNIVERSIDAD/TFG/Postwar/Intermediate/Shaders/WorkingDirectory/11364/).
[2017.08.31-10.33.44:788][  0]LogShaderCompilers: Cleaned the shader compiler working directory 'C:/Users/cripe/AppData/Local/Temp/UnrealShaderWorkingDir/74A2813949FFAC2E7E03A8930B34160B/'.
[2017.08.31-10.33.44:788][  0]LogShaderCompilers:Display: Using Local Shader Compiler.
[2017.08.31-10.33.45:926][  0]LogTemp:Display: Loaded TP AllDesktopTargetPlatform
[2017.08.31-10.33.45:973][  0]LogTemp:Display: Loaded TP MacClientTargetPlatform
[2017.08.31-10.33.46:020][  0]LogTemp:Display: Loaded TP MacNoEditorTargetPlatform
[2017.08.31-10.33.46:068][  0]LogTemp:Display: Loaded TP MacServerTargetPlatform
[2017.08.31-10.33.46:116][  0]LogTemp:Display: Loaded TP MacTargetPlatform
[2017.08.31-10.33.46:164][  0]LogTemp:Display: Loaded TP WindowsClientTargetPlatform
[2017.08.31-10.33.46:214][  0]LogTemp:Display: Loaded TP WindowsNoEditorTargetPlatform
[2017.08.31-10.33.46:261][  0]LogTemp:Display: Loaded TP WindowsServerTargetPlatform
[2017.08.31-10.33.46:302][  0]LogTemp:Display: Loaded TP WindowsTargetPlatform
[2017.08.31-10.33.46:349][  0]LogTemp:Display: Loaded TP AndroidTargetPlatform
[2017.08.31-10.33.46:394][  0]LogTemp:Display: Loaded TP Android_ASTCTargetPlatform
[2017.08.31-10.33.46:441][  0]LogTemp:Display: Loaded TP Android_ATCTargetPlatform
[2017.08.31-10.33.46:487][  0]LogTemp:Display: Loaded TP Android_DXTTargetPlatform
[2017.08.31-10.33.46:533][  0]LogTemp:Display: Loaded TP Android_ETC1TargetPlatform
[2017.08.31-10.33.46:578][  0]LogTemp:Display: Loaded TP Android_ETC2TargetPlatform
[2017.08.31-10.33.46:670][  0]LogTemp:Display: Loaded TP Android_MultiTargetPlatform
[2017.08.31-10.33.46:670][  0]LogTemp:Display: Loaded TP Android_PVRTCTargetPlatform
[2017.08.31-10.33.46:706][  0]LogTemp:Display: Loaded TP HTML5TargetPlatform
[2017.08.31-10.33.46:793][  0]LogTemp:Display: Loaded TP IOSTargetPlatform
[2017.08.31-10.33.46:818][  0]LogTemp:Display: Loaded TP TVOSTargetPlatform
[2017.08.31-10.33.46:865][  0]LogTemp:Display: Loaded TP LinuxClientTargetPlatform
[2017.08.31-10.33.46:910][  0]LogTemp:Display: Loaded TP LinuxNoEditorTargetPlatform
[2017.08.31-10.33.46:955][  0]LogTemp:Display: Loaded TP LinuxServerTargetPlatform
[2017.08.31-10.33.47:002][  0]LogTemp:Display: Loaded TP LinuxTargetPlatform
[2017.08.31-10.33.47:002][  0]LogTargetPlatformManager:Display: Building Assets For Windows
[2017.08.31-10.33.47:455][  0]LogDerivedDataCache:Display: Max Cache Size: 512 MB
[2017.08.31-10.33.47:809][  0]LogDerivedDataCache: Loaded boot cache 0.35s 90MB C:/Users/cripe/AppData/Local/UnrealEngine/4.16/DerivedDataCache/Boot.ddc.
[2017.08.31-10.33.47:809][  0]LogDerivedDataCache:Display: Loaded Boot cache: C:/Users/cripe/AppData/Local/UnrealEngine/4.16/DerivedDataCache/Boot.ddc
[2017.08.31-10.33.47:809][  0]LogDerivedDataCache: FDerivedDataBackendGraph:  Pak pak cache file E:/Usuario/Ruben/UNIVERSIDAD/TFG/Postwar/DerivedDataCache/DDC.ddp not found, will not use a pak cache.
[2017.08.31-10.33.47:809][  0]LogDerivedDataCache: Unable to find inner node Pak for hierarchical cache Hierarchy.
[2017.08.31-10.33.47:809][  0]LogDerivedDataCache: FDerivedDataBackendGraph:  CompressedPak pak cache file E:/Usuario/Ruben/UNIVERSIDAD/TFG/Postwar/DerivedDataCache/Compressed.ddp not found, will not use a pak cache.
[2017.08.31-10.33.47:809][  0]LogDerivedDataCache: Unable to find inner node CompressedPak for hierarchical cache Hierarchy.
[2017.08.31-10.33.47:828][  0]LogDerivedDataCache:Display: Pak cache opened for reading ../../../Engine/DerivedDataCache/Compressed.ddp.
[2017.08.31-10.33.47:841][  0]LogDerivedDataCache: Using Local data cache path C:/Users/cripe/AppData/Local/UnrealEngine/Common/DerivedDataCache: Writable
[2017.08.31-10.33.47:851][  0]LogMaterial: Verifying Global Shaders for PCD3D_SM5
[2017.08.31-10.33.47:851][  0]LogSlate: Using Freetype 2.6.0
[2017.08.31-10.33.47:854][  0]LogSlate: SlateFontCache - WITH_FREETYPE: 1, WITH_HARFBUZZ: 1
[2017.08.31-10.33.47:854][  0]LogSlate: SlateFontCache - WITH_FREETYPE: 1, WITH_HARFBUZZ: 1
[2017.08.31-10.33.48:392][  0]LogInit: Selected Device Profile: [Windows]
[2017.08.31-10.33.48:466][  0]LogContentStreaming: Texture pool size is 0.00 MB
[2017.08.31-10.33.48:620][  0]LogMeshUtilities: Using QuadricMeshReduction for automatic static mesh reduction
[2017.08.31-10.33.48:661][  0]LogSimplygon: Simplygon DLL not present - disabling.
[2017.08.31-10.33.48:707][  0]LogMeshUtilities: Using SimplygonSwarm for distributed automatic mesh merging
[2017.08.31-10.33.48:707][  0]LogMeshUtilities: No automatic skeletal mesh reduction module available
[2017.08.31-10.33.48:707][  0]LogMeshUtilities: No automatic mesh merging module available
[2017.08.31-10.33.49:233][  0]LogNetVersion: Postwar , NetCL: 3452394, EngineNetVer: 2, GameNetVer: 0 (Checksum: 2296384490)
[2017.08.31-10.33.49:290][  0]LogAssetRegistry: FAssetRegistry took 0.0258 seconds to start up
[2017.08.31-10.33.49:326][  0]LogPackageLocalizationCache: Processed 4 localized package path(s) for 1 prioritized culture(s) in 0.015866 seconds
[2017.08.31-10.33.49:332][  0]LogUObjectArray: 34194 objects as part of root set at end of initial load.
[2017.08.31-10.33.49:332][  0]LogUObjectAllocator: 7260416 out of 0 bytes used by permanent object pool.
[2017.08.31-10.33.49:332][  0]LogUObjectArray: CloseDisregardForGC: 0/0 objects in disregard for GC pool
[2017.08.31-10.33.49:385][  0]LogInit: WinSock: version 1.1 (2.2), MaxSocks=32767, MaxUdp=65467
[2017.08.31-10.33.52:433][  0]LogTcpMessaging: Initializing TcpMessaging bridge
[2017.08.31-10.33.52:471][  0]LogUdpMessaging: Initializing bridge on interface 0.0.0.0:0 to multicast group 230.0.0.1:6666.
[2017.08.31-10.33.52:989][  0]LogMaterial: Uniform references updated for custom material expression Custom.
[2017.08.31-10.33.53:372][  0]SourceControl: Info Source control is disabled
[2017.08.31-10.33.53:434][  0]SourceControl: Info Source control is disabled
[2017.08.31-10.33.53:481][  0]SourceControl: Info Source control is disabled
[2017.08.31-10.33.53:527][  0]SourceControl: Info Source control is disabled
[2017.08.31-10.33.54:194][  0]LogAndroidPermission: UAndroidPermissionCallbackProxy::GetInstance
[2017.08.31-10.33.54:797][  0]LogEngine: Initializing Engine...
[2017.08.31-10.33.54:798][  0]LogHMD: Failed to initialize OpenVR with code 110
[2017.08.31-10.33.54:995][  0]LogStats: UGameplayTagsManager::ConstructGameplayTagTree: Construct from data asset -  0.000 s
[2017.08.31-10.33.54:995][  0]LogStats: UGameplayTagsManager::ConstructGameplayTagTree: GameplayTagTreeChangedEvent.Broadcast -  0.000 s
[2017.08.31-10.33.55:113][  0]LogAIModule: Creating AISystem for world Untitled
[2017.08.31-10.33.55:129][  0]LogInit: XAudio2 using 'Altavoces (Realtek High Definition Audio)' : 2 channels at 48 kHz using 32 bits per sample (channel mask 0x3)
[2017.08.31-10.33.55:144][  0]LogInit: FAudioDevice initialized.
[2017.08.31-10.33.55:190][  0]LogDerivedDataCache: Saved boot cache 0.05s 90MB C:/Users/cripe/AppData/Local/UnrealEngine/4.16/DerivedDataCache/Boot.ddc.
[2017.08.31-10.33.55:201][  0]LogInit: Texture streaming: Enabled
[2017.08.31-10.33.55:282][  0]LogEngineSessionManager: EngineSessionManager initialized
[2017.08.31-10.33.55:487][  0]LogInit: Transaction tracking system initialized
[2017.08.31-10.33.55:767][  0]BlueprintLog: New page: Editor Load
[2017.08.31-10.33.56:630][  0]LocalizationService: Info Localization service is disabled
[2017.08.31-10.33.57:271][  0]LogConsoleResponse:Display: 
[2017.08.31-10.33.57:413][  0]LogCook:Display: Max memory allowance for cook 16384mb min free memory 0mb
[2017.08.31-10.33.57:413][  0]LogCook:Display: Mobile HDR setting 1
[2017.08.31-10.33.58:340][  0]LogFileCache: Scanning file cache for directory 'E:/Usuario/Ruben/UNIVERSIDAD/TFG/Postwar/Content/' took 0.03s
[2017.08.31-10.33.58:385][  0]SourceControl: Info Source control is disabled
[2017.08.31-10.33.58:385][  0]Cmd: MAP LOAD FILE="E:/Usuario/Ruben/UNIVERSIDAD/TFG/Postwar/Content/FirstPersonBP/PostWar/Niveles/MainMenu.umap" TEMPLATE=0 SHOWPROGRESS=1 FEATURELEVEL=3
[2017.08.31-10.33.58:439][  0]LightingResults: New page: Lighting Build
[2017.08.31-10.33.58:478][  0]MapCheck: New page: Map Check
[2017.08.31-10.33.58:478][  0]LightingResults: New page: Lighting Build
[2017.08.31-10.33.59:849][  0]LogAIModule: Creating AISystem for world MainMenu
[2017.08.31-10.33.59:849][  0]LogEditorServer: Finished looking for orphan Actors (0.000 secs)
[2017.08.31-10.33.59:878][  0]Cmd: MAP CHECKDEP NOCLEARLOG
[2017.08.31-10.33.59:965][  0]MapCheck: Info Map check complete: 0 Error(s), 0 Warning(s), took 87.296ms to complete.
[2017.08.31-10.33.59:965][  0]LogFileHelpers: Loading map 'MainMenu' took 1.581
[2017.08.31-10.34.00:053][  0]LogWindowsTextInputMethodSystem:Display: IME system now deactivated.
[2017.08.31-10.34.00:139][  0]LogCollectionManager: Loaded 0 collections in 0.002266 seconds
[2017.08.31-10.34.00:220][  0]LogFileCache: Scanning file cache for directory 'E:/Usuario/Ruben/UNIVERSIDAD/TFG/Postwar/Saved/Collections/' took 0.01s
[2017.08.31-10.34.00:220][  0]LogFileCache: Scanning file cache for directory 'E:/Usuario/Ruben/UNIVERSIDAD/TFG/Postwar/Content/Developers/cripe/Collections/' took 0.01s
[2017.08.31-10.34.00:220][  0]LogFileCache: Scanning file cache for directory 'E:/Usuario/Ruben/UNIVERSIDAD/TFG/Postwar/Content/Collections/' took 0.01s
[2017.08.31-10.34.00:220][  0]LogCollectionManager: Rebuilt the GUID cache for 0 collections in 0.000002 seconds
[2017.08.31-10.34.00:230][  0]LogContentBrowser: Native class hierarchy populated in 0.0096 seconds. Added 2329 classes and 491 folders.
[2017.08.31-10.34.00:292][  0]LogContentBrowser: Native class hierarchy updated for 'WidgetCarousel' in 0.0007 seconds. Added 0 classes and 0 folders.
[2017.08.31-10.34.00:403][  0]LogContentBrowser: Native class hierarchy updated for 'AddContentDialog' in 0.0006 seconds. Added 0 classes and 0 folders.
[2017.08.31-10.34.00:447][  0]LogContentBrowser: Native class hierarchy updated for 'SceneOutliner' in 0.0007 seconds. Added 1 classes and 2 folders.
[2017.08.31-10.34.00:540][  0]LogCrashTracker: Crashtracker disabled due to settings.
[2017.08.31-10.34.00:547][  0]LogSlate: Took 0.001568 seconds to synchronously load lazily loaded font '../../../Engine/Content/Slate/Fonts/Roboto-Regular.ttf' (155K)
[2017.08.31-10.34.00:550][  0]LogSlate: Took 0.001243 seconds to synchronously load lazily loaded font '../../../Engine/Content/Slate/Fonts/Roboto-Bold.ttf' (160K)
[2017.08.31-10.34.00:557][  0]LogSlate: Took 0.001386 seconds to synchronously load lazily loaded font '../../../Engine/Content/Editor/Slate/Fonts/FontAwesome.ttf' (139K)
[2017.08.31-10.34.00:688][  0]LogRenderer: Reallocating scene render targets to support 1208x684 NumSamples 1 (Frame:1).
[2017.08.31-10.34.00:826][  0]LogUObjectGlobals:Warning: Failed to find object 'Class None.'
[2017.08.31-10.34.00:893][  0]LogContentBrowser: Native class hierarchy updated for 'HierarchicalLODOutliner' in 0.0008 seconds. Added 1 classes and 2 folders.
[2017.08.31-10.34.00:893][  0]LogLoad: (Engine Initialization) Total time: 20.25 seconds
[2017.08.31-10.34.00:893][  0]LogLoad: (Engine Initialization) Total Blueprint compile time: 0.48 seconds
[2017.08.31-10.34.00:893][  0]LogExternalProfiler: Found external profiler: VSPerf
[2017.08.31-10.34.00:893][  0]LogExternalProfiler: Using external profiler: VSPerf
[2017.08.31-10.34.00:911][  0]LogOcInput: OculusInput pre-init called
[2017.08.31-10.34.00:911][  0]LogHMD: Starting GearVRController plugin
[2017.08.31-10.34.00:947][  0]LogContentStreaming: Texture pool size now 1000 MB
[2017.08.31-10.34.00:997][  0]LogSlate: Took 0.001151 seconds to synchronously load lazily loaded font '../../../Engine/Content/Slate/Fonts/Roboto-Light.ttf' (159K)
[2017.08.31-10.34.01:080][  2]LogAssetRegistry: Asset discovery search completed in 11.8118 seconds
[2017.08.31-10.34.01:084][  2]LogCollectionManager: Rebuilt the object cache for 0 collections in 0.000000 seconds (found 0 objects)
[2017.08.31-10.34.01:084][  2]LogCollectionManager: Fixed up redirectors for 0 collections in 0.000038 seconds (updated 0 objects)
[2017.08.31-10.34.06:016][288]LogFileCache: Retrieving MD5 hashes for directory 'E:/Usuario/Ruben/UNIVERSIDAD/TFG/Postwar/Content/' took 5.09s
[2017.08.31-10.37.42:595][418]LogSlate: Took 0.000252 seconds to synchronously load lazily loaded font '../../../Engine/Content/Slate/Fonts/Roboto-Light.ttf' (159K)
[2017.08.31-10.37.43:001][418]LogContentBrowser: Native class hierarchy updated for 'BlueprintGraph' in 0.0011 seconds. Added 112 classes and 0 folders.
[2017.08.31-10.37.43:594][418]LogSlate: Took 0.000275 seconds to synchronously load lazily loaded font '../../../Engine/Content/Slate/Fonts/Roboto-Regular.ttf' (155K)
[2017.08.31-10.37.43:684][418]LogSlate: Took 0.001552 seconds to synchronously load lazily loaded font '../../../Engine/Content/Editor/Slate/Fonts/Roboto-BoldCondensed.ttf' (158K)
[2017.08.31-10.37.43:779][419]LogSlate: Took 0.001706 seconds to synchronously load lazily loaded font '../../../Engine/Content/Editor/Slate/Fonts/Roboto-Italic.ttf' (157K)
[2017.08.31-10.38.19:319][529]BlueprintLog: New page: Compile Zombi
[2017.08.31-10.38.19:958][554]Cmd: OBJ SAVEPACKAGE PACKAGE="/Game/FirstPersonBP/PostWar/IA/Zombi" FILE="E:/Usuario/Ruben/UNIVERSIDAD/TFG/Postwar/Content/FirstPersonBP/PostWar/IA/Zombi.uasset" SILENT=true
[2017.08.31-10.38.20:097][554]LogSavePackage: Save=128.52ms
[2017.08.31-10.38.20:097][554]LogSavePackage: Moving 'E:/Usuario/Ruben/UNIVERSIDAD/TFG/Postwar/Saved/Zombi600F307A416BB9F3EE4ADEB9F57D894C.tmp' to 'E:/Usuario/Ruben/UNIVERSIDAD/TFG/Postwar/Content/FirstPersonBP/PostWar/IA/Zombi.uasset'
[2017.08.31-10.38.20:100][554]LogSavePackage:Display: Finished SavePackage E:/Usuario/Ruben/UNIVERSIDAD/TFG/Postwar/Content/FirstPersonBP/PostWar/IA/Zombi.uasset
[2017.08.31-10.38.24:458][808]BlueprintLog: New page: Compile Zombi
[2017.08.31-10.38.25:160][838]Cmd: OBJ SAVEPACKAGE PACKAGE="/Game/FirstPersonBP/PostWar/IA/Zombi" FILE="E:/Usuario/Ruben/UNIVERSIDAD/TFG/Postwar/Content/FirstPersonBP/PostWar/IA/Zombi.uasset" SILENT=true
[2017.08.31-10.38.25:300][838]LogSavePackage: Save=132.89ms
[2017.08.31-10.38.25:300][838]LogSavePackage: Moving 'E:/Usuario/Ruben/UNIVERSIDAD/TFG/Postwar/Saved/Zombi93C715F54FE17FCD5A768B903854B9C9.tmp' to 'E:/Usuario/Ruben/UNIVERSIDAD/TFG/Postwar/Content/FirstPersonBP/PostWar/IA/Zombi.uasset'
[2017.08.31-10.38.25:303][838]LogSavePackage:Display: Finished SavePackage E:/Usuario/Ruben/UNIVERSIDAD/TFG/Postwar/Content/FirstPersonBP/PostWar/IA/Zombi.uasset
[2017.08.31-11.10.41:537][250]LogRenderer: Reallocating scene render targets to support 1208x712 NumSamples 1 (Frame:1).
[2017.08.31-11.30.03:930][775]LogSlate: Took 0.000300 seconds to synchronously load lazily loaded font '../../../Engine/Content/Slate/Fonts/Roboto-Light.ttf' (159K)
[2017.08.31-11.30.12:954][313]LogFileHelpers: Editor autosave (incl. sublevels) for '/Game/FirstPersonBP/PostWar/Niveles/MainMenu' took 0.017
[2017.08.31-11.30.12:957][313]OBJ SavePackage: Generating thumbnails for [0] asset(s) in package [/Game/FirstPersonBP/PostWar/IA/Zombi] ([1] browsable assets)...
[2017.08.31-11.30.12:957][313]OBJ SavePackage: Finished generating thumbnails for package [/Game/FirstPersonBP/PostWar/IA/Zombi]
[2017.08.31-11.30.13:083][313]LogSavePackage: Save=117.21ms
[2017.08.31-11.30.13:083][313]LogSavePackage: Moving 'E:/Usuario/Ruben/UNIVERSIDAD/TFG/Postwar/Saved/Zombi_Auto124D08A644CA03B3DD176B29C6AF24387.tmp' to 'E:/Usuario/Ruben/UNIVERSIDAD/TFG/Postwar/Saved/Autosaves/Game/FirstPersonBP/PostWar/IA/Zombi_Auto1.uasset'
[2017.08.31-11.30.13:122][313]LogSavePackage:Display: Finished SavePackage E:/Usuario/Ruben/UNIVERSIDAD/TFG/Postwar/Saved/Autosaves/Game/FirstPersonBP/PostWar/IA/Zombi_Auto1.uasset
[2017.08.31-11.30.13:122][313]LogFileHelpers: Auto-saving content packages took 0.167
[2017.08.31-11.39.51:112][340]Cmd: OBJ SAVEPACKAGE PACKAGE="/Game/FirstPersonBP/PostWar/IA/Zombi" FILE="E:/Usuario/Ruben/UNIVERSIDAD/TFG/Postwar/Content/FirstPersonBP/PostWar/IA/Zombi.uasset" SILENT=true
[2017.08.31-11.39.53:901][340]LogSavePackage: Save=2778.00ms
[2017.08.31-11.39.53:901][340]LogSavePackage: Moving 'E:/Usuario/Ruben/UNIVERSIDAD/TFG/Postwar/Saved/ZombiC3A02CFF4BFCBE3AECAAF99EEBA58213.tmp' to 'E:/Usuario/Ruben/UNIVERSIDAD/TFG/Postwar/Content/FirstPersonBP/PostWar/IA/Zombi.uasset'
[2017.08.31-11.39.53:903][340]LogSavePackage:Display: Finished SavePackage E:/Usuario/Ruben/UNIVERSIDAD/TFG/Postwar/Content/FirstPersonBP/PostWar/IA/Zombi.uasset
[2017.08.31-11.41.53:287][896]LogFileHelpers: Editor autosave (incl. sublevels) for '/Game/FirstPersonBP/PostWar/Niveles/MainMenu' took 0.017
[2017.08.31-11.41.53:290][896]OBJ SavePackage: Generating thumbnails for [0] asset(s) in package [/Game/FirstPersonBP/PostWar/IA/Zombi] ([1] browsable assets)...
[2017.08.31-11.41.53:290][896]OBJ SavePackage: Finished generating thumbnails for package [/Game/FirstPersonBP/PostWar/IA/Zombi]
[2017.08.31-11.41.53:419][896]LogSavePackage: Save=120.76ms
[2017.08.31-11.41.53:419][896]LogSavePackage: Moving 'E:/Usuario/Ruben/UNIVERSIDAD/TFG/Postwar/Saved/Zombi_Auto24E54BB87403A15F660836698E1254E6D.tmp' to 'E:/Usuario/Ruben/UNIVERSIDAD/TFG/Postwar/Saved/Autosaves/Game/FirstPersonBP/PostWar/IA/Zombi_Auto2.uasset'
[2017.08.31-11.41.53:421][896]LogSavePackage:Display: Finished SavePackage E:/Usuario/Ruben/UNIVERSIDAD/TFG/Postwar/Saved/Autosaves/Game/FirstPersonBP/PostWar/IA/Zombi_Auto2.uasset
[2017.08.31-11.41.53:421][896]LogFileHelpers: Auto-saving content packages took 0.133
[2017.08.31-12.05.21:706][444]Cmd: OBJ SAVEPACKAGE PACKAGE="/Game/FirstPersonBP/PostWar/IA/Zombi" FILE="E:/Usuario/Ruben/UNIVERSIDAD/TFG/Postwar/Content/FirstPersonBP/PostWar/IA/Zombi.uasset" SILENT=true
[2017.08.31-12.05.21:835][444]LogSavePackage: Save=119.64ms
[2017.08.31-12.05.21:835][444]LogSavePackage: Moving 'E:/Usuario/Ruben/UNIVERSIDAD/TFG/Postwar/Saved/Zombi5EE48A6846C3360A54165DB0DEA967EF.tmp' to 'E:/Usuario/Ruben/UNIVERSIDAD/TFG/Postwar/Content/FirstPersonBP/PostWar/IA/Zombi.uasset'
[2017.08.31-12.05.21:838][444]LogSavePackage:Display: Finished SavePackage E:/Usuario/Ruben/UNIVERSIDAD/TFG/Postwar/Content/FirstPersonBP/PostWar/IA/Zombi.uasset
[2017.08.31-12.05.29:054][819]LogTemp: Repeting last play command: Selected Viewport
[2017.08.31-12.05.29:230][819]LogBlueprintUserMessages: Early PlayInEditor Detection: Level '/Game/FirstPersonBP/PostWar/Niveles/MainMenu.MainMenu:PersistentLevel' has LevelScriptBlueprint '/Game/FirstPersonBP/PostWar/Niveles/MainMenu.MainMenu:PersistentLevel.MainMenu' with GeneratedClass '/Game/FirstPersonBP/PostWar/Niveles/MainMenu.MainMenu_C' with ClassGeneratedBy '/Game/FirstPersonBP/PostWar/Niveles/MainMenu.MainMenu:PersistentLevel.MainMenu'
[2017.08.31-12.05.29:230][819]LogPlayLevel: PlayLevel: No blueprints needed recompiling
[2017.08.31-12.05.29:231][819]PIE: New page: PIE session: MainMenu (Aug 31, 2017, 4:05:29 PM)
[2017.08.31-12.05.29:231][819]LogPlayLevel: Creating play world package: /Game/FirstPersonBP/PostWar/Niveles/UEDPIE_0_MainMenu
[2017.08.31-12.05.29:232][819]LogPlayLevel: PIE: StaticDuplicateObject took: (0.001058s)
[2017.08.31-12.05.29:233][819]LogAIModule: Creating AISystem for world MainMenu
[2017.08.31-12.05.29:233][819]LogPlayLevel: PIE: World Init took: (0.000817s)
[2017.08.31-12.05.29:233][819]LogPlayLevel: PIE: Created PIE world by copying editor world from /Game/FirstPersonBP/PostWar/Niveles/MainMenu.MainMenu to /Game/FirstPersonBP/PostWar/Niveles/UEDPIE_0_MainMenu.MainMenu (0.002102s)
[2017.08.31-12.05.29:255][819]LogInit: XAudio2 using 'Altavoces (Realtek High Definition Audio)' : 2 channels at 48 kHz using 32 bits per sample (channel mask 0x3)
[2017.08.31-12.05.29:268][819]LogInit: FAudioDevice initialized.
[2017.08.31-12.05.29:313][819]LogLoad: Game class is 'MiMenuGameMode_C'
[2017.08.31-12.05.29:316][819]LogWorld: Bringing World /Game/FirstPersonBP/PostWar/Niveles/UEDPIE_0_MainMenu.MainMenu up for play (max tick rate 60) at 2017.08.31-14.05.29
[2017.08.31-12.05.29:316][819]LogWorld: Bringing up level for play took: 0.001018
[2017.08.31-12.05.29:317][819]LogSpawn:Warning: SpawnActor failed because no class was specified
[2017.08.31-12.05.29:354][819]LogContentBrowser: Native class hierarchy updated for 'MovieSceneCapture' in 0.0007 seconds. Added 11 classes and 0 folders.
[2017.08.31-12.05.29:357][819]PIE: Info Play in editor start time for /Game/FirstPersonBP/PostWar/Niveles/UEDPIE_0_MainMenu 0.858
[2017.08.31-12.05.29:358][819]LogBlueprintUserMessages: Late PlayInEditor Detection: Level '/Game/FirstPersonBP/PostWar/Niveles/MainMenu.MainMenu:PersistentLevel' has LevelScriptBlueprint '/Game/FirstPersonBP/PostWar/Niveles/MainMenu.MainMenu:PersistentLevel.MainMenu' with GeneratedClass '/Game/FirstPersonBP/PostWar/Niveles/MainMenu.MainMenu_C' with ClassGeneratedBy '/Game/FirstPersonBP/PostWar/Niveles/MainMenu.MainMenu:PersistentLevel.MainMenu'
[2017.08.31-12.05.30:471][885]LogNet: Browse: /Game/FirstPersonBP/PostWar/Niveles/Mapa
[2017.08.31-12.05.30:471][885]LogLoad: LoadMap: /Game/FirstPersonBP/PostWar/Niveles/Mapa
[2017.08.31-12.05.30:493][885]Cmd: MEM
[2017.08.31-12.05.30:510][885]LogMemory: Platform Memory Stats for Windows
[2017.08.31-12.05.30:510][885]LogMemory: Process Physical Memory: 1528.34 MB used, 1532.09 MB peak
[2017.08.31-12.05.30:510][885]LogMemory: Process Virtual Memory: 2163.05 MB used, 2167.18 MB peak
[2017.08.31-12.05.30:510][885]LogMemory: Physical Memory: 7840.70 MB used,  8462.44 MB free, 16303.14 MB total
[2017.08.31-12.05.30:510][885]LogMemory: Virtual Memory: 2966.82 MB used,  8462.44 MB free, 134217728.00 MB total
[2017.08.31-12.05.30:510][885]LogMemory: 
[2017.08.31-12.05.30:510][885]Allocator Stats for TBB: (not implemented)
[2017.08.31-12.05.36:162][885]LogMaterial: Missing cached shader map for material Material__386, compiling. 
[2017.08.31-12.05.36:162][885]LogMaterial:Warning: Failed to compile Material /Game/FirstPersonBP/PostWar/Models/Power-up/Material__386.Material__386 for platform PCD3D_SM5, Default Material will be used in game.
[2017.08.31-12.05.36:162][885]LogMaterial:Warning: 	(Node TextureSample) Texture Sample> Missing input texture
[2017.08.31-12.05.37:612][885]LogMaterial: Missing cached shader map for material Metal_Galvanized, compiling. 
[2017.08.31-12.05.37:612][885]LogMaterial:Warning: Failed to compile Material /Game/FirstPersonBP/PostWar/Models/armasHabitacion/Metal_Galvanized.Metal_Galvanized for platform PCD3D_SM5, Default Material will be used in game.
[2017.08.31-12.05.37:612][885]LogMaterial:Warning: 	(Node TextureSample) TextureSample> Sampler type is Normal, should be Color for /Game/FirstPersonBP/PostWar/Models/armasHabitacion/Camo.Camo
[2017.08.31-12.05.55:238][885]LogAIModule: Creating AISystem for world Mapa
[2017.08.31-12.05.55:238][885]LogLoad: Game class is 'FirstPersonGameMode_C'
[2017.08.31-12.05.55:329][885]LogWorld: Bringing World /Game/FirstPersonBP/PostWar/Niveles/UEDPIE_0_Mapa.Mapa up for play (max tick rate 60) at 2017.08.31-14.05.55
[2017.08.31-12.05.55:338][885]LogWorld: Bringing up level for play took: 0.097962
[2017.08.31-12.05.55:358][885]Cmd: stat fps
[2017.08.31-12.05.55:363][885]LogLoad: Took 24.891820 seconds to LoadMap(/Game/FirstPersonBP/PostWar/Niveles/Mapa)
[2017.08.31-12.05.55:390][885]LogScript:Warning: Accessed None trying to read property Equipada
	BasicAmmo_C /Engine/Transient.UnrealEdEngine_0:GameInstance_0.BasicAmmo_C_0
	Function /Game/FirstPersonBP/PostWar/HUD/BasicAmmo.BasicAmmo_C:MunicionActual:00D5
[2017.08.31-12.05.55:391][885]LogScript:Warning: Accessed None trying to read property Equipada
	BasicAmmo_C /Engine/Transient.UnrealEdEngine_0:GameInstance_0.BasicAmmo_C_0
	Function /Game/FirstPersonBP/PostWar/HUD/BasicAmmo.BasicAmmo_C:MunicionTotal:00D5
[2017.08.31-12.05.55:392][885]LogScript:Warning: Accessed None trying to read property Equipada
	BasicAmmo_C /Engine/Transient.UnrealEdEngine_0:GameInstance_0.BasicAmmo_C_0
	Function /Game/FirstPersonBP/PostWar/HUD/BasicAmmo.BasicAmmo_C:Recargando:00AB
[2017.08.31-12.05.55:442][886]LogScript:Warning: Accessed None trying to read property Equipada
	BasicAmmo_C /Engine/Transient.UnrealEdEngine_0:GameInstance_0.BasicAmmo_C_0
	Function /Game/FirstPersonBP/PostWar/HUD/BasicAmmo.BasicAmmo_C:MunicionActual:00D5
[2017.08.31-12.05.55:442][886]LogScript:Warning: Accessed None trying to read property Equipada
	BasicAmmo_C /Engine/Transient.UnrealEdEngine_0:GameInstance_0.BasicAmmo_C_0
	Function /Game/FirstPersonBP/PostWar/HUD/BasicAmmo.BasicAmmo_C:MunicionTotal:00D5
[2017.08.31-12.05.55:442][886]LogScript:Warning: Accessed None trying to read property Equipada
	BasicAmmo_C /Engine/Transient.UnrealEdEngine_0:GameInstance_0.BasicAmmo_C_0
	Function /Game/FirstPersonBP/PostWar/HUD/BasicAmmo.BasicAmmo_C:Recargando:00AB
[2017.08.31-12.05.55:545][887]LogScript:Warning: Accessed None trying to read property Equipada
	BasicAmmo_C /Engine/Transient.UnrealEdEngine_0:GameInstance_0.BasicAmmo_C_0
	Function /Game/FirstPersonBP/PostWar/HUD/BasicAmmo.BasicAmmo_C:MunicionActual:00D5
[2017.08.31-12.05.55:546][887]LogScript:Warning: Accessed None trying to read property Equipada
	BasicAmmo_C /Engine/Transient.UnrealEdEngine_0:GameInstance_0.BasicAmmo_C_0
	Function /Game/FirstPersonBP/PostWar/HUD/BasicAmmo.BasicAmmo_C:MunicionTotal:00D5
[2017.08.31-12.05.55:546][887]LogScript:Warning: Accessed None trying to read property Equipada
	BasicAmmo_C /Engine/Transient.UnrealEdEngine_0:GameInstance_0.BasicAmmo_C_0
	Function /Game/FirstPersonBP/PostWar/HUD/BasicAmmo.BasicAmmo_C:Recargando:00AB
[2017.08.31-12.05.55:570][888]LogScript:Warning: Accessed None trying to read property Equipada
	BasicAmmo_C /Engine/Transient.UnrealEdEngine_0:GameInstance_0.BasicAmmo_C_0
	Function /Game/FirstPersonBP/PostWar/HUD/BasicAmmo.BasicAmmo_C:MunicionActual:00D5
[2017.08.31-12.05.55:570][888]LogScript:Warning: Accessed None trying to read property Equipada
	BasicAmmo_C /Engine/Transient.UnrealEdEngine_0:GameInstance_0.BasicAmmo_C_0
	Function /Game/FirstPersonBP/PostWar/HUD/BasicAmmo.BasicAmmo_C:MunicionTotal:00D5
[2017.08.31-12.05.55:570][888]LogScript:Warning: Accessed None trying to read property Equipada
	BasicAmmo_C /Engine/Transient.UnrealEdEngine_0:GameInstance_0.BasicAmmo_C_0
	Function /Game/FirstPersonBP/PostWar/HUD/BasicAmmo.BasicAmmo_C:Recargando:00AB
[2017.08.31-12.05.55:579][889]LogScript:Warning: Accessed None trying to read property Equipada
	BasicAmmo_C /Engine/Transient.UnrealEdEngine_0:GameInstance_0.BasicAmmo_C_0
	Function /Game/FirstPersonBP/PostWar/HUD/BasicAmmo.BasicAmmo_C:MunicionActual:00D5
[2017.08.31-12.05.55:579][889]LogScript:Warning: Accessed None trying to read property Equipada
	BasicAmmo_C /Engine/Transient.UnrealEdEngine_0:GameInstance_0.BasicAmmo_C_0
	Function /Game/FirstPersonBP/PostWar/HUD/BasicAmmo.BasicAmmo_C:MunicionTotal:00D5
[2017.08.31-12.05.55:579][889]LogScript:Warning: Accessed None trying to read property Equipada
	BasicAmmo_C /Engine/Transient.UnrealEdEngine_0:GameInstance_0.BasicAmmo_C_0
	Function /Game/FirstPersonBP/PostWar/HUD/BasicAmmo.BasicAmmo_C:Recargando:00AB
[2017.08.31-12.05.55:597][890]LogScript:Warning: Accessed None trying to read property Equipada
	BasicAmmo_C /Engine/Transient.UnrealEdEngine_0:GameInstance_0.BasicAmmo_C_0
	Function /Game/FirstPersonBP/PostWar/HUD/BasicAmmo.BasicAmmo_C:MunicionActual:00D5
[2017.08.31-12.05.55:597][890]LogScript:Warning: Accessed None trying to read property Equipada
	BasicAmmo_C /Engine/Transient.UnrealEdEngine_0:GameInstance_0.BasicAmmo_C_0
	Function /Game/FirstPersonBP/PostWar/HUD/BasicAmmo.BasicAmmo_C:MunicionTotal:00D5
[2017.08.31-12.05.59:865][146]LogBlueprintUserMessages: [ZonaBP_2] Entro en nueva zona
[2017.08.31-12.05.59:866][146]LogBlueprintUserMessages: [Partida_C_1] 9
[2017.08.31-12.05.59:866][146]LogBlueprintUserMessages: [Partida_C_1] INICIO RONDA!!!!
[2017.08.31-12.06.00:371][176]LogBlueprintUserMessages: [Zombi_C_0] 99.992493
[2017.08.31-12.06.00:872][206]LogBlueprintUserMessages: [Zombi_C_1] 99.992493
[2017.08.31-12.06.01:372][236]LogBlueprintUserMessages: [Zombi_C_2] 99.992493
[2017.08.31-12.06.01:874][266]LogBlueprintUserMessages: [Zombi_C_3] 99.992493
[2017.08.31-12.06.02:374][296]LogBlueprintUserMessages: [Zombi_C_4] 99.992493
[2017.08.31-12.06.02:678][314]LogBlueprintUserMessages: [Zombi_C_1] ME HA DADO EN EL TORSO
[2017.08.31-12.06.02:882][326]LogBlueprintUserMessages: [Zombi_C_5] 99.992493
[2017.08.31-12.06.03:382][356]LogBlueprintUserMessages: [Zombi_C_6] 99.992493
[2017.08.31-12.06.03:882][386]LogBlueprintUserMessages: [Zombi_C_7] 99.992493
[2017.08.31-12.06.04:382][416]LogBlueprintUserMessages: [Zombi_C_8] 99.992493
[2017.08.31-12.06.04:464][421]LogBlueprintUserMessages: [Zombi_C_3] ME HA DADO EN EL TORSO
[2017.08.31-12.06.04:464][421]LogBlueprintUserMessages: [Zombi_C_4] ME HA DADO EN EL TORSO
[2017.08.31-12.06.09:684][734]LogBlueprintUserMessages: [Zombi_C_7] ME HA DADO EN EL TORSO
[2017.08.31-12.06.09:867][745]LogBlueprintUserMessages: [Zombi_C_7] ME HA DADO EN EL TORSO
[2017.08.31-12.06.09:968][751]LogBlueprintUserMessages: [Zombi_C_6] ME HA DADO EN EL TORSO
[2017.08.31-12.06.09:968][751]LogBlueprintUserMessages: [Zombi_C_7] ME HA DADO EN EL TORSO
[2017.08.31-12.06.10:068][757]LogBlueprintUserMessages: [Zombi_C_6] ME HA DADO EN EL TORSO
[2017.08.31-12.06.10:068][757]LogBlueprintUserMessages: [Zombi_C_7] ME HA DADO EN EL TORSO
[2017.08.31-12.06.10:168][763]LogBlueprintUserMessages: [Zombi_C_6] ME HA DADO EN EL TORSO
[2017.08.31-12.06.10:168][763]LogBlueprintUserMessages: [Zombi_C_7] ME HA DADO EN EL TORSO
[2017.08.31-12.06.10:268][769]LogBlueprintUserMessages: [Zombi_C_6] ME HA DADO EN EL TORSO
[2017.08.31-12.06.10:268][769]LogBlueprintUserMessages: [Zombi_C_7] ME HA DADO EN EL TORSO
[2017.08.31-12.06.10:367][775]LogBlueprintUserMessages: [Zombi_C_0] ME HA DADO EN EL TORSO
[2017.08.31-12.06.10:467][781]LogBlueprintUserMessages: [Zombi_C_0] ME HA DADO EN EL TORSO
[2017.08.31-12.06.10:567][787]LogBlueprintUserMessages: [ZonaBP7] Entro en nueva zona
[2017.08.31-12.06.10:568][787]LogBlueprintUserMessages: [Zombi_C_0] ME HA DADO EN LA CABEZA
[2017.08.31-12.06.10:670][793]LogBlueprintUserMessages: [ZonaBP7] Entro en nueva zona
[2017.08.31-12.06.10:670][793]LogBlueprintUserMessages: [Zombi_C_0] ME HA DADO EN EL TORSO
[2017.08.31-12.06.10:770][799]LogBlueprintUserMessages: [ZonaBP7] Entro en nueva zona
[2017.08.31-12.06.10:770][799]LogBlueprintUserMessages: [Zombi_C_0] ME HA DADO EN LA CABEZA
[2017.08.31-12.06.10:870][805]LogBlueprintUserMessages: [ZonaBP7] Entro en nueva zona
[2017.08.31-12.06.10:970][811]LogBlueprintUserMessages: [ZonaBP7] Entro en nueva zona
[2017.08.31-12.06.11:070][817]LogBlueprintUserMessages: [ZonaBP7] Entro en nueva zona
[2017.08.31-12.06.11:071][817]LogBlueprintUserMessages: [Zombi_C_6] ME HA DADO EN EL TORSO
[2017.08.31-12.06.11:071][817]LogBlueprintUserMessages: [Zombi_C_7] ME HA DADO EN EL TORSO
[2017.08.31-12.06.11:275][829]LogBlueprintUserMessages: [Zombi_C_6] ME HA DADO EN EL TORSO
[2017.08.31-12.06.12:489][902]LogBlueprintUserMessages: [Zombi_C_6] ME HA DADO EN EL TORSO
[2017.08.31-12.06.12:872][925]LogBlueprintUserMessages: [Zombi_C_2] ME HA DADO EN EL TORSO
[2017.08.31-12.06.12:872][925]LogBlueprintUserMessages: [Zombi_C_5] ME HA DADO EN EL TORSO
[2017.08.31-12.06.12:973][931]LogBlueprintUserMessages: [Zombi_C_2] ME HA DADO EN EL TORSO
[2017.08.31-12.06.12:973][931]LogBlueprintUserMessages: [Zombi_C_5] ME HA DADO EN EL TORSO
[2017.08.31-12.06.13:073][937]LogBlueprintUserMessages: [Zombi_C_2] ME HA DADO EN EL TORSO
[2017.08.31-12.06.13:806][981]LogBlueprintUserMessages: [Zombi_C_2] ME HA DADO EN EL TORSO
[2017.08.31-12.06.13:989][992]LogBlueprintUserMessages: [Zombi_C_2] ME HA DADO EN EL TORSO
[2017.08.31-12.06.14:655][ 32]LogBlueprintUserMessages: [Zombi_C_2] ME HA DADO EN EL TORSO
[2017.08.31-12.06.14:840][ 43]LogBlueprintUserMessages: [Zombi_C_2] ME HA DADO EN EL TORSO
[2017.08.31-12.06.20:041][355]LogBlueprintUserMessages: [Zombi_C_5] ME HA DADO EN EL TORSO
[2017.08.31-12.06.22:457][500]LogBlueprintUserMessages: [Zombi_C_5] ME HA DADO EN EL TORSO
[2017.08.31-12.06.22:457][500]LogBlueprintUserMessages: [Zombi_C_8] ME HA DADO EN EL TORSO
[2017.08.31-12.06.23:624][570]LogBlueprintUserMessages: [Zombi_C_5] ME HA DADO EN EL TORSO
[2017.08.31-12.06.23:624][570]LogBlueprintUserMessages: [Zombi_C_8] ME HA DADO EN EL TORSO
[2017.08.31-12.06.25:425][678]LogBlueprintUserMessages: [Zombi_C_5] ME HA DADO EN EL TORSO
[2017.08.31-12.06.25:425][678]LogBlueprintUserMessages: [Zombi_C_8] ME HA DADO EN EL TORSO
[2017.08.31-12.06.26:242][727]LogBlueprintUserMessages: [Zombi_C_5] ME HA DADO EN EL TORSO
[2017.08.31-12.06.32:558][106]LogBlueprintUserMessages: [ZonaBP6] Entro en nueva zona
[2017.08.31-12.08.16:813][401]LogBlueprintUserMessages: [Zombi_C_8] ME HA DADO EN EL TORSO
[2017.08.31-12.08.16:996][412]LogBlueprintUserMessages: [Zombi_C_8] ME HA DADO EN EL TORSO
[2017.08.31-12.08.17:096][418]LogBlueprintUserMessages: [Zombi_C_8] ME HA DADO EN EL TORSO
[2017.08.31-12.08.17:201][424]LogBlueprintUserMessages: [Zombi_C_8] ME HA DADO EN EL TORSO
[2017.08.31-12.08.25:179][903]LogBlueprintUserMessages: [Partida_C_1] 16
[2017.08.31-12.08.25:179][903]LogBlueprintUserMessages: [Partida_C_1] INICIO RONDA!!!!
[2017.08.31-12.08.25:680][933]LogBlueprintUserMessages: [Zombi_C_9] 114.991364
[2017.08.31-12.08.26:180][963]LogBlueprintUserMessages: [Zombi_C_10] 114.991364
[2017.08.31-12.08.26:680][993]LogBlueprintUserMessages: [Zombi_C_11] 114.991364
[2017.08.31-12.08.27:180][ 23]LogBlueprintUserMessages: [Zombi_C_12] 114.991364
[2017.08.31-12.08.27:297][ 30]LogBlueprintUserMessages: [Zombi_C_9] ME HA DADO EN EL TORSO
[2017.08.31-12.08.27:397][ 36]LogBlueprintUserMessages: [Zombi_C_9] ME HA DADO EN EL TORSO
[2017.08.31-12.08.27:497][ 42]LogBlueprintUserMessages: [Zombi_C_9] ME HA DADO EN EL TORSO
[2017.08.31-12.08.27:597][ 48]LogBlueprintUserMessages: [Zombi_C_9] ME HA DADO EN EL TORSO
[2017.08.31-12.08.27:681][ 53]LogBlueprintUserMessages: [Zombi_C_13] 114.991364
[2017.08.31-12.08.27:697][ 54]LogBlueprintUserMessages: [Zombi_C_9] ME HA DADO EN EL TORSO
[2017.08.31-12.08.27:797][ 60]LogBlueprintUserMessages: [Zombi_C_9] ME HA DADO EN LA CABEZA
[2017.08.31-12.08.28:182][ 83]LogBlueprintUserMessages: [Zombi_C_14] 114.991364
[2017.08.31-12.08.28:682][113]LogBlueprintUserMessages: [Zombi_C_15] 114.991364
[2017.08.31-12.08.29:181][143]LogBlueprintUserMessages: [Zombi_C_16] 114.991364
[2017.08.31-12.08.29:682][173]LogBlueprintUserMessages: [Zombi_C_17] 114.991364
[2017.08.31-12.08.30:185][203]LogBlueprintUserMessages: [Zombi_C_18] 114.991364
[2017.08.31-12.08.30:682][233]LogBlueprintUserMessages: [Zombi_C_19] 114.991364
[2017.08.31-12.08.31:182][263]LogBlueprintUserMessages: [Zombi_C_20] 114.991364
[2017.08.31-12.08.31:682][293]LogBlueprintUserMessages: [Zombi_C_21] 114.991364
[2017.08.31-12.08.32:181][323]LogBlueprintUserMessages: [Zombi_C_22] 114.991364
[2017.08.31-12.08.32:681][353]LogBlueprintUserMessages: [Zombi_C_23] 114.991364
[2017.08.31-12.08.33:182][383]LogBlueprintUserMessages: [Zombi_C_24] 114.991364
[2017.08.31-12.08.35:100][496]LogBlueprintUserMessages: [Zombi_C_9] ME HA DADO EN EL TORSO
[2017.08.31-12.08.35:296][506]LogBlueprintUserMessages: [Zombi_C_11] ME HA DADO EN EL TORSO
[2017.08.31-12.08.35:296][506]LogBlueprintUserMessages: [Zombi_C_12] ME HA DADO EN EL TORSO
[2017.08.31-12.08.35:296][506]LogBlueprintUserMessages: [Zombi_C_21] ME HA DADO EN  LAS PIERNAS
[2017.08.31-12.08.35:412][512]LogBlueprintUserMessages: [Zombi_C_11] ME HA DADO EN EL TORSO
[2017.08.31-12.08.35:412][512]LogBlueprintUserMessages: [Zombi_C_13] ME HA DADO EN EL TORSO
[2017.08.31-12.08.35:412][512]LogBlueprintUserMessages: [Zombi_C_12] ME HA DADO EN EL TORSO
[2017.08.31-12.08.35:412][512]LogBlueprintUserMessages: [Zombi_C_21] ME HA DADO EN EL TORSO
[2017.08.31-12.08.35:523][518]LogBlueprintUserMessages: [Zombi_C_11] ME HA DADO EN EL TORSO
[2017.08.31-12.08.35:523][518]LogBlueprintUserMessages: [Zombi_C_21] ME HA DADO EN EL TORSO
[2017.08.31-12.08.35:634][524]LogBlueprintUserMessages: [Zombi_C_11] ME HA DADO EN EL TORSO
[2017.08.31-12.08.35:634][524]LogBlueprintUserMessages: [Zombi_C_21] ME HA DADO EN EL TORSO
[2017.08.31-12.08.35:725][529]LogBlueprintUserMessages: [FirstPersonCharacter2] 2
[2017.08.31-12.08.35:725][529]LogBlueprintUserMessages: [FirstPersonCharacter2] 2
[2017.08.31-12.08.37:305][617]LogNet: Browse: /Game/FirstPersonBP/PostWar/Niveles/MainMenu
[2017.08.31-12.08.37:321][617]LogLoad: LoadMap: /Game/FirstPersonBP/PostWar/Niveles/MainMenu
[2017.08.31-12.08.37:373][617]Cmd: MEM
[2017.08.31-12.08.37:391][617]LogMemory: Platform Memory Stats for Windows
[2017.08.31-12.08.37:391][617]LogMemory: Process Physical Memory: 5381.07 MB used, 5424.07 MB peak
[2017.08.31-12.08.37:391][617]LogMemory: Process Virtual Memory: 6524.88 MB used, 6655.05 MB peak
[2017.08.31-12.08.37:391][617]LogMemory: Physical Memory: 11492.69 MB used,  4810.45 MB free, 16303.14 MB total
[2017.08.31-12.08.37:391][617]LogMemory: Virtual Memory: 7359.13 MB used,  4810.45 MB free, 134217728.00 MB total
[2017.08.31-12.08.37:391][617]LogMemory: 
[2017.08.31-12.08.37:391][617]Allocator Stats for TBB: (not implemented)
[2017.08.31-12.08.37:391][617]LogPlayLevel: Creating play world package: /Game/FirstPersonBP/PostWar/Niveles/UEDPIE_0_MainMenu
[2017.08.31-12.08.37:392][617]LogPlayLevel: PIE: StaticDuplicateObject took: (0.000928s)
[2017.08.31-12.08.37:393][617]LogAIModule: Creating AISystem for world MainMenu
[2017.08.31-12.08.37:393][617]LogPlayLevel: PIE: World Init took: (0.000668s)
[2017.08.31-12.08.37:393][617]LogPlayLevel: PIE: Created PIE world by copying editor world from /Game/FirstPersonBP/PostWar/Niveles/MainMenu.MainMenu to /Game/FirstPersonBP/PostWar/Niveles/UEDPIE_0_MainMenu.MainMenu (0.001880s)
[2017.08.31-12.08.37:393][617]LogLoad: Game class is 'MiMenuGameMode_C'
[2017.08.31-12.08.37:395][617]LogWorld: Bringing World /Game/FirstPersonBP/PostWar/Niveles/UEDPIE_0_MainMenu.MainMenu up for play (max tick rate 60) at 2017.08.31-14.08.37
[2017.08.31-12.08.37:395][617]LogWorld: Bringing up level for play took: 0.000900
[2017.08.31-12.08.37:396][617]LogGameMode: FindPlayerStart: PATHS NOT DEFINED or NO PLAYERSTART with positive rating
[2017.08.31-12.08.37:396][617]LogSpawn:Warning: SpawnActor failed because no class was specified
[2017.08.31-12.08.37:398][617]LogLoad: Took 0.076828 seconds to LoadMap(/Game/FirstPersonBP/PostWar/Niveles/UEDPIE_0_MainMenu)
[2017.08.31-12.08.39:130][721]LogNet: Browse: /Game/FirstPersonBP/PostWar/Niveles/Mapa
[2017.08.31-12.08.39:130][721]LogLoad: LoadMap: /Game/FirstPersonBP/PostWar/Niveles/Mapa
[2017.08.31-12.08.39:160][721]Cmd: MEM
[2017.08.31-12.08.39:176][721]LogMemory: Platform Memory Stats for Windows
[2017.08.31-12.08.39:176][721]LogMemory: Process Physical Memory: 5396.41 MB used, 5424.07 MB peak
[2017.08.31-12.08.39:176][721]LogMemory: Process Virtual Memory: 6580.30 MB used, 6655.05 MB peak
[2017.08.31-12.08.39:176][721]LogMemory: Physical Memory: 11497.55 MB used,  4805.59 MB free, 16303.14 MB total
[2017.08.31-12.08.39:176][721]LogMemory: Virtual Memory: 7415.13 MB used,  4805.59 MB free, 134217728.00 MB total
[2017.08.31-12.08.39:176][721]LogMemory: 
[2017.08.31-12.08.39:176][721]Allocator Stats for TBB: (not implemented)
[2017.08.31-12.08.42:429][721]LogAIModule: Creating AISystem for world Mapa
[2017.08.31-12.08.42:429][721]LogLoad: Game class is 'FirstPersonGameMode_C'
[2017.08.31-12.08.42:506][721]LogWorld: Bringing World /Game/FirstPersonBP/PostWar/Niveles/UEDPIE_0_Mapa.Mapa up for play (max tick rate 3) at 2017.08.31-14.08.42
[2017.08.31-12.08.42:512][721]LogWorld: Bringing up level for play took: 0.081062
[2017.08.31-12.08.42:520][721]Cmd: stat fps
[2017.08.31-12.08.42:521][721]LogLoad: Took 3.391202 seconds to LoadMap(/Game/FirstPersonBP/PostWar/Niveles/Mapa)
[2017.08.31-12.08.42:538][721]LogScript:Warning: Accessed None trying to read property Equipada
	BasicAmmo_C /Engine/Transient.UnrealEdEngine_0:GameInstance_0.BasicAmmo_C_1
	Function /Game/FirstPersonBP/PostWar/HUD/BasicAmmo.BasicAmmo_C:MunicionActual:00D5
[2017.08.31-12.08.42:538][721]LogScript:Warning: Accessed None trying to read property Equipada
	BasicAmmo_C /Engine/Transient.UnrealEdEngine_0:GameInstance_0.BasicAmmo_C_1
	Function /Game/FirstPersonBP/PostWar/HUD/BasicAmmo.BasicAmmo_C:MunicionTotal:00D5
[2017.08.31-12.08.42:538][721]LogScript:Warning: Accessed None trying to read property Equipada
	BasicAmmo_C /Engine/Transient.UnrealEdEngine_0:GameInstance_0.BasicAmmo_C_1
	Function /Game/FirstPersonBP/PostWar/HUD/BasicAmmo.BasicAmmo_C:Recargando:00AB
[2017.08.31-12.08.42:568][722]LogScript:Warning: Accessed None trying to read property Equipada
	BasicAmmo_C /Engine/Transient.UnrealEdEngine_0:GameInstance_0.BasicAmmo_C_1
	Function /Game/FirstPersonBP/PostWar/HUD/BasicAmmo.BasicAmmo_C:MunicionActual:00D5
[2017.08.31-12.08.42:568][722]LogScript:Warning: Accessed None trying to read property Equipada
	BasicAmmo_C /Engine/Transient.UnrealEdEngine_0:GameInstance_0.BasicAmmo_C_1
	Function /Game/FirstPersonBP/PostWar/HUD/BasicAmmo.BasicAmmo_C:MunicionTotal:00D5
[2017.08.31-12.08.42:568][722]LogScript:Warning: Accessed None trying to read property Equipada
	BasicAmmo_C /Engine/Transient.UnrealEdEngine_0:GameInstance_0.BasicAmmo_C_1
	Function /Game/FirstPersonBP/PostWar/HUD/BasicAmmo.BasicAmmo_C:Recargando:00AB
[2017.08.31-12.08.42:899][723]LogScript:Warning: Accessed None trying to read property Equipada
	BasicAmmo_C /Engine/Transient.UnrealEdEngine_0:GameInstance_0.BasicAmmo_C_1
	Function /Game/FirstPersonBP/PostWar/HUD/BasicAmmo.BasicAmmo_C:MunicionActual:00D5
[2017.08.31-12.08.42:899][723]LogScript:Warning: Accessed None trying to read property Equipada
	BasicAmmo_C /Engine/Transient.UnrealEdEngine_0:GameInstance_0.BasicAmmo_C_1
	Function /Game/FirstPersonBP/PostWar/HUD/BasicAmmo.BasicAmmo_C:MunicionTotal:00D5
[2017.08.31-12.08.42:899][723]LogScript:Warning: Accessed None trying to read property Equipada
	BasicAmmo_C /Engine/Transient.UnrealEdEngine_0:GameInstance_0.BasicAmmo_C_1
	Function /Game/FirstPersonBP/PostWar/HUD/BasicAmmo.BasicAmmo_C:Recargando:00AB
[2017.08.31-12.08.43:233][724]LogScript:Warning: Accessed None trying to read property Equipada
	BasicAmmo_C /Engine/Transient.UnrealEdEngine_0:GameInstance_0.BasicAmmo_C_1
	Function /Game/FirstPersonBP/PostWar/HUD/BasicAmmo.BasicAmmo_C:MunicionActual:00D5
[2017.08.31-12.08.43:233][724]LogScript:Warning: Accessed None trying to read property Equipada
	BasicAmmo_C /Engine/Transient.UnrealEdEngine_0:GameInstance_0.BasicAmmo_C_1
	Function /Game/FirstPersonBP/PostWar/HUD/BasicAmmo.BasicAmmo_C:MunicionTotal:00D5
[2017.08.31-12.08.43:233][724]LogScript:Warning: Accessed None trying to read property Equipada
	BasicAmmo_C /Engine/Transient.UnrealEdEngine_0:GameInstance_0.BasicAmmo_C_1
	Function /Game/FirstPersonBP/PostWar/HUD/BasicAmmo.BasicAmmo_C:Recargando:00AB
[2017.08.31-12.08.43:566][725]LogScript:Warning: Accessed None trying to read property Equipada
	BasicAmmo_C /Engine/Transient.UnrealEdEngine_0:GameInstance_0.BasicAmmo_C_1
	Function /Game/FirstPersonBP/PostWar/HUD/BasicAmmo.BasicAmmo_C:MunicionActual:00D5
[2017.08.31-12.08.43:566][725]LogScript:Warning: Accessed None trying to read property Equipada
	BasicAmmo_C /Engine/Transient.UnrealEdEngine_0:GameInstance_0.BasicAmmo_C_1
	Function /Game/FirstPersonBP/PostWar/HUD/BasicAmmo.BasicAmmo_C:MunicionTotal:00D5
[2017.08.31-12.08.43:566][725]LogScript:Warning: Accessed None trying to read property Equipada
	BasicAmmo_C /Engine/Transient.UnrealEdEngine_0:GameInstance_0.BasicAmmo_C_1
	Function /Game/FirstPersonBP/PostWar/HUD/BasicAmmo.BasicAmmo_C:Recargando:00AB
[2017.08.31-12.08.43:899][726]LogScript:Warning: Accessed None trying to read property Equipada
	BasicAmmo_C /Engine/Transient.UnrealEdEngine_0:GameInstance_0.BasicAmmo_C_1
	Function /Game/FirstPersonBP/PostWar/HUD/BasicAmmo.BasicAmmo_C:MunicionActual:00D5
[2017.08.31-12.08.43:899][726]LogScript:Warning: Accessed None trying to read property Equipada
	BasicAmmo_C /Engine/Transient.UnrealEdEngine_0:GameInstance_0.BasicAmmo_C_1
	Function /Game/FirstPersonBP/PostWar/HUD/BasicAmmo.BasicAmmo_C:MunicionTotal:00D5
[2017.08.31-12.09.09:742][  4]LogBlueprintUserMessages: [ZonaBP_2] Entro en nueva zona
[2017.08.31-12.09.09:742][  4]LogBlueprintUserMessages: [Partida_C_1] 9
[2017.08.31-12.09.09:742][  4]LogBlueprintUserMessages: [Partida_C_1] INICIO RONDA!!!!
[2017.08.31-12.09.10:245][ 34]LogBlueprintUserMessages: [Zombi_C_0] 99.992493
[2017.08.31-12.09.10:745][ 64]LogBlueprintUserMessages: [Zombi_C_1] 99.992493
[2017.08.31-12.09.11:244][ 94]LogBlueprintUserMessages: [Zombi_C_2] 99.992493
[2017.08.31-12.09.11:744][124]LogBlueprintUserMessages: [Zombi_C_3] 99.992493
[2017.08.31-12.09.12:245][154]LogBlueprintUserMessages: [Zombi_C_4] 99.992493
[2017.08.31-12.09.12:744][184]LogBlueprintUserMessages: [Zombi_C_5] 99.992493
[2017.08.31-12.09.13:244][214]LogBlueprintUserMessages: [Zombi_C_6] 99.992493
[2017.08.31-12.09.13:627][237]LogBlueprintUserMessages: [Zombi_C_0] ME HA DADO EN EL TORSO
[2017.08.31-12.09.13:627][237]LogBlueprintUserMessages: [Zombi_C_3] ME HA DADO EN LA CABEZA
[2017.08.31-12.09.13:744][244]LogBlueprintUserMessages: [Zombi_C_7] 99.992493
[2017.08.31-12.09.14:245][274]LogBlueprintUserMessages: [Zombi_C_8] 99.992493
[2017.08.31-12.09.14:961][317]LogBlueprintUserMessages: [Zombi_C_1] ME HA DADO EN EL TORSO
[2017.08.31-12.09.14:961][317]LogBlueprintUserMessages: [Zombi_C_2] ME HA DADO EN EL TORSO
[2017.08.31-12.09.16:344][400]LogBlueprintUserMessages: [Zombi_C_6] ME HA DADO EN EL TORSO
[2017.08.31-12.09.20:911][674]LogBlueprintUserMessages: [Zombi_C_4] ME HA DADO EN EL TORSO
[2017.08.31-12.09.20:911][674]LogBlueprintUserMessages: [Zombi_C_7] ME HA DADO EN LA CABEZA
[2017.08.31-12.09.47:879][291]LogBlueprintUserMessages: [FirstPersonCharacter2] 1
[2017.08.31-12.09.47:879][291]LogBlueprintUserMessages: [FirstPersonCharacter2] 2
[2017.08.31-12.11.02:075][846]LogBlueprintUserMessages: Early EndPlayMap Detection: Level '/Game/FirstPersonBP/PostWar/Niveles/MainMenu.MainMenu:PersistentLevel' has LevelScriptBlueprint '/Game/FirstPersonBP/PostWar/Niveles/MainMenu.MainMenu:PersistentLevel.MainMenu' with GeneratedClass '/Game/FirstPersonBP/PostWar/Niveles/MainMenu.MainMenu_C' with ClassGeneratedBy '/Game/FirstPersonBP/PostWar/Niveles/MainMenu.MainMenu:PersistentLevel.MainMenu'
[2017.08.31-12.11.02:136][846]LogBlueprintUserMessages: Late EndPlayMap Detection: Level '/Game/FirstPersonBP/PostWar/Niveles/MainMenu.MainMenu:PersistentLevel' has LevelScriptBlueprint '/Game/FirstPersonBP/PostWar/Niveles/MainMenu.MainMenu:PersistentLevel.MainMenu' with GeneratedClass '/Game/FirstPersonBP/PostWar/Niveles/MainMenu.MainMenu_C' with ClassGeneratedBy '/Game/FirstPersonBP/PostWar/Niveles/MainMenu.MainMenu:PersistentLevel.MainMenu'
[2017.08.31-12.20.21:476][ 35]LogFileHelpers: Editor autosave (incl. sublevels) for '/Game/FirstPersonBP/PostWar/Niveles/MainMenu' took 0.024
[2017.08.31-12.20.21:478][ 35]OBJ SavePackage: Generating thumbnails for [0] asset(s) in package [/Game/FirstPersonBP/PostWar/IA/Zombi] ([1] browsable assets)...
[2017.08.31-12.20.21:478][ 35]OBJ SavePackage: Finished generating thumbnails for package [/Game/FirstPersonBP/PostWar/IA/Zombi]
[2017.08.31-12.20.24:390][ 35]LogSavePackage: Save=152.03ms
[2017.08.31-12.20.24:390][ 35]LogSavePackage: Moving 'E:/Usuario/Ruben/UNIVERSIDAD/TFG/Postwar/Saved/Zombi_Auto31D6C60DB43FD49D820A466AF17983693.tmp' to 'E:/Usuario/Ruben/UNIVERSIDAD/TFG/Postwar/Saved/Autosaves/Game/FirstPersonBP/PostWar/IA/Zombi_Auto3.uasset'
[2017.08.31-12.20.24:404][ 35]LogSavePackage:Display: Finished SavePackage E:/Usuario/Ruben/UNIVERSIDAD/TFG/Postwar/Saved/Autosaves/Game/FirstPersonBP/PostWar/IA/Zombi_Auto3.uasset
[2017.08.31-12.20.24:404][ 35]LogFileHelpers: Auto-saving content packages took 2.927
[2017.08.31-12.29.32:093][394]BlueprintLog: New page: Compile Zombi
[2017.08.31-12.29.35:702][433]Cmd: OBJ SAVEPACKAGE PACKAGE="/Game/FirstPersonBP/PostWar/IA/Zombi" FILE="E:/Usuario/Ruben/UNIVERSIDAD/TFG/Postwar/Content/FirstPersonBP/PostWar/IA/Zombi.uasset" SILENT=true
[2017.08.31-12.29.35:881][433]LogSavePackage: Save=168.41ms
[2017.08.31-12.29.35:881][433]LogSavePackage: Moving 'E:/Usuario/Ruben/UNIVERSIDAD/TFG/Postwar/Saved/ZombiECF0A5EB4D9E3403FCB25A8611E0AB0A.tmp' to 'E:/Usuario/Ruben/UNIVERSIDAD/TFG/Postwar/Content/FirstPersonBP/PostWar/IA/Zombi.uasset'
[2017.08.31-12.29.35:884][433]LogSavePackage:Display: Finished SavePackage E:/Usuario/Ruben/UNIVERSIDAD/TFG/Postwar/Content/FirstPersonBP/PostWar/IA/Zombi.uasset
[2017.08.31-12.44.38:387][269]LogWindowsTextInputMethodSystem:Display: IME system now deactivated.
[2017.08.31-12.44.38:634][270]Cmd: QUIT_EDITOR
[2017.08.31-12.44.39:053][270]LogExit: Preparing to exit.
[2017.08.31-12.44.39:655][270]LogExit: Editor shut down
[2017.08.31-12.44.39:687][270]LogExit: Transaction tracking system shut down
[2017.08.31-12.44.43:236][270]LogObj: Freed 0b from 0 cluster array pools.
[2017.08.31-12.44.43:237][270]LogExit: Object subsystem successfully closed.
[2017.08.31-12.44.43:481][270]LogD3D11RHI: Shutdown
[2017.08.31-12.44.43:481][270]LogD3D11RHI: CleanupD3DDevice
[2017.08.31-12.44.43:775][270]LogD3D11RHI: ~FD3D11DynamicRHI
[2017.08.31-12.44.43:807][270]LogModuleManager: Shutting down and abandoning module MovieSceneCapture (530)
[2017.08.31-12.44.43:807][270]LogModuleManager: Shutting down and abandoning module BlueprintGraph (528)
[2017.08.31-12.44.43:807][270]LogModuleManager: Shutting down and abandoning module BlueprintProfiler (526)
[2017.08.31-12.44.43:808][270]LogModuleManager: Shutting down and abandoning module HierarchicalLODOutliner (524)
[2017.08.31-12.44.43:809][270]LogModuleManager: Shutting down and abandoning module CrashTracker (522)
[2017.08.31-12.44.43:809][270]LogModuleManager: Shutting down and abandoning module SceneOutliner (520)
[2017.08.31-12.44.43:809][270]LogModuleManager: Shutting down and abandoning module AddContentDialog (518)
[2017.08.31-12.44.43:810][270]LogDirectoryWatcher: A directory notification for 'D:/Program Files/Epic Games/UE_4.16/FeaturePacks/' was aborted.
[2017.08.31-12.44.43:816][270]LogModuleManager: Shutting down and abandoning module WidgetCarousel (517)
[2017.08.31-12.44.43:816][270]LogModuleManager: Shutting down and abandoning module EditorWidgets (514)
[2017.08.31-12.44.43:816][270]LogModuleManager: Shutting down and abandoning module CollectionManager (512)
[2017.08.31-12.44.43:816][270]LogDirectoryWatcher: A directory notification for 'E:/Usuario/Ruben/UNIVERSIDAD/TFG/Postwar/Content/Collections/' was aborted.
[2017.08.31-12.44.43:816][270]LogDirectoryWatcher: A directory notification for 'E:/Usuario/Ruben/UNIVERSIDAD/TFG/Postwar/Content/Developers/cripe/Collections/' was aborted.
[2017.08.31-12.44.43:816][270]LogDirectoryWatcher: A directory notification for 'E:/Usuario/Ruben/UNIVERSIDAD/TFG/Postwar/Saved/Collections/' was aborted.
[2017.08.31-12.44.43:816][270]LogModuleManager: Shutting down and abandoning module StatsViewer (510)
[2017.08.31-12.44.43:817][270]LogModuleManager: Shutting down and abandoning module FoliageEdit (508)
[2017.08.31-12.44.43:817][270]LogModuleManager: Shutting down and abandoning module LandscapeEditor (506)
[2017.08.31-12.44.43:818][270]LogModuleManager: Shutting down and abandoning module MeshPaintMode (504)
[2017.08.31-12.44.43:818][270]LogModuleManager: Shutting down and abandoning module SceneDepthPickerMode (502)
[2017.08.31-12.44.43:818][270]LogModuleManager: Shutting down and abandoning module ActorPickerMode (500)
[2017.08.31-12.44.43:818][270]LogModuleManager: Shutting down and abandoning module GeometryMode (498)
[2017.08.31-12.44.43:818][270]LogModuleManager: Shutting down and abandoning module TextureAlignMode (496)
[2017.08.31-12.44.43:818][270]LogModuleManager: Shutting down and abandoning module BspMode (494)
[2017.08.31-12.44.43:818][270]LogModuleManager: Shutting down and abandoning module HardwareSurvey (492)
[2017.08.31-12.44.43:818][270]LogModuleManager: Shutting down and abandoning module SequenceRecorderSections (490)
[2017.08.31-12.44.43:819][270]LogModuleManager: Shutting down and abandoning module AutomationWorker (488)
[2017.08.31-12.44.43:819][270]LogModuleManager: Shutting down and abandoning module MatineeToLevelSequence (486)
[2017.08.31-12.44.43:819][270]LogModuleManager: Shutting down and abandoning module LevelSequenceEditor (484)
[2017.08.31-12.44.43:822][270]LogModuleManager: Shutting down and abandoning module PlacementMode (483)
[2017.08.31-12.44.43:822][270]LogModuleManager: Shutting down and abandoning module WmfMediaFactory (480)
[2017.08.31-12.44.43:822][270]LogModuleManager: Shutting down and abandoning module WmfMediaEditor (478)
[2017.08.31-12.44.43:822][270]LogModuleManager: Shutting down and abandoning module AvfMediaFactory (476)
[2017.08.31-12.44.43:822][270]LogModuleManager: Shutting down and abandoning module AvfMediaEditor (474)
[2017.08.31-12.44.43:822][270]LogModuleManager: Shutting down and abandoning module AndroidMediaFactory (472)
[2017.08.31-12.44.43:822][270]LogModuleManager: Shutting down and abandoning module Media (471)
[2017.08.31-12.44.43:822][270]LogModuleManager: Shutting down and abandoning module AndroidMediaEditor (468)
[2017.08.31-12.44.43:822][270]LogModuleManager: Shutting down and abandoning module CharacterAI (466)
[2017.08.31-12.44.43:822][270]LogModuleManager: Shutting down and abandoning module AudioCapture (464)
[2017.08.31-12.44.43:823][270]LogModuleManager: Shutting down and abandoning module SequenceRecorder (463)
[2017.08.31-12.44.43:824][270]LogModuleManager: Shutting down and abandoning module SmartSnapping (460)
[2017.08.31-12.44.43:824][270]LogModuleManager: Shutting down and abandoning module SessionServices (458)
[2017.08.31-12.44.43:824][270]LogModuleManager: Shutting down and abandoning module ViewportSnapping (456)
[2017.08.31-12.44.43:824][270]LogModuleManager: Shutting down and abandoning module ViewportInteraction (454)
[2017.08.31-12.44.43:824][270]LogModuleManager: Shutting down and abandoning module ClothPainter (452)
[2017.08.31-12.44.43:825][270]LogModuleManager: Shutting down and abandoning module LogVisualizer (450)
[2017.08.31-12.44.43:826][270]LogModuleManager: Shutting down and abandoning module IntroTutorials (448)
[2017.08.31-12.44.43:828][270]LogModuleManager: Shutting down and abandoning module GameProjectGeneration (447)
[2017.08.31-12.44.43:829][270]LogModuleManager: Shutting down and abandoning module EditorLiveStreaming (444)
[2017.08.31-12.44.43:829][270]LogModuleManager: Shutting down and abandoning module IOSPlatformEditor (442)
[2017.08.31-12.44.43:829][270]LogModuleManager: Shutting down and abandoning module HTML5PlatformEditor (440)
[2017.08.31-12.44.43:829][270]LogModuleManager: Shutting down and abandoning module AndroidPlatformEditor (438)
[2017.08.31-12.44.43:829][270]LogModuleManager: Shutting down and abandoning module AndroidDeviceDetection (437)
[2017.08.31-12.44.44:063][270]LogModuleManager: Shutting down and abandoning module IOSRuntimeSettings (434)
[2017.08.31-12.44.44:063][270]LogModuleManager: Shutting down and abandoning module AndroidRuntimeSettings (432)
[2017.08.31-12.44.44:063][270]LogModuleManager: Shutting down and abandoning module InputBindingEditor (430)
[2017.08.31-12.44.44:064][270]LogModuleManager: Shutting down and abandoning module MergeActors (428)
[2017.08.31-12.44.44:064][270]LogModuleManager: Shutting down and abandoning module SizeMap (426)
[2017.08.31-12.44.44:064][270]LogModuleManager: Shutting down and abandoning module TreeMap (424)
[2017.08.31-12.44.44:064][270]LogModuleManager: Shutting down and abandoning module ReferenceViewer (422)
[2017.08.31-12.44.44:065][270]LogModuleManager: Shutting down and abandoning module LocalizationDashboard (420)
[2017.08.31-12.44.44:065][270]LogModuleManager: Shutting down and abandoning module LocalizationService (419)
[2017.08.31-12.44.44:066][270]LogModuleManager: Shutting down and abandoning module HardwareTargeting (416)
[2017.08.31-12.44.44:066][270]LogModuleManager: Shutting down and abandoning module DeviceProfileEditor (414)
[2017.08.31-12.44.44:066][270]LogModuleManager: Shutting down and abandoning module UndoHistory (412)
[2017.08.31-12.44.44:066][270]LogModuleManager: Shutting down and abandoning module UserFeedback (410)
[2017.08.31-12.44.44:066][270]LogModuleManager: Shutting down and abandoning module XmlParser (408)
[2017.08.31-12.44.44:067][270]LogModuleManager: Shutting down and abandoning module Blutility (406)
[2017.08.31-12.44.44:067][270]LogModuleManager: Shutting down and abandoning module ProjectSettingsViewer (404)
[2017.08.31-12.44.44:067][270]LogModuleManager: Shutting down and abandoning module ProjectTargetPlatformEditor (403)
[2017.08.31-12.44.44:067][270]LogModuleManager: Shutting down and abandoning module EditorSettingsViewer (400)
[2017.08.31-12.44.44:067][270]LogModuleManager: Shutting down and abandoning module SettingsEditor (398)
[2017.08.31-12.44.44:068][270]LogModuleManager: Shutting down and abandoning module ProjectLauncher (396)
[2017.08.31-12.44.44:069][270]LogModuleManager: Shutting down and abandoning module SessionFrontend (394)
[2017.08.31-12.44.44:069][270]LogModuleManager: Shutting down and abandoning module ProfilerClient (392)
[2017.08.31-12.44.44:070][270]LogModuleManager: Shutting down and abandoning module DeviceManager (390)
[2017.08.31-12.44.44:070][270]LogModuleManager: Shutting down and abandoning module TargetDeviceServices (389)
[2017.08.31-12.44.44:134][270]LogModuleManager: Shutting down and abandoning module AutomationController (386)
[2017.08.31-12.44.44:135][270]LogModuleManager: Shutting down and abandoning module AutomationWindow (384)
[2017.08.31-12.44.44:135][270]LogModuleManager: Shutting down and abandoning module Layers (382)
[2017.08.31-12.44.44:137][270]LogModuleManager: Shutting down and abandoning module ComponentVisualizers (380)
[2017.08.31-12.44.44:137][270]LogModuleManager: Shutting down and abandoning module DetailCustomizations (378)
[2017.08.31-12.44.44:138][270]LogModuleManager: Shutting down and abandoning module PackagesDialog (376)
[2017.08.31-12.44.44:138][270]LogModuleManager: Shutting down and abandoning module Persona (374)
[2017.08.31-12.44.44:139][270]LogModuleManager: Shutting down and abandoning module AdvancedPreviewScene (373)
[2017.08.31-12.44.44:139][270]LogModuleManager: Shutting down and abandoning module AnimGraph (371)
[2017.08.31-12.44.44:139][270]LogModuleManager: Shutting down and abandoning module Kismet (368)
[2017.08.31-12.44.44:149][270]LogModuleManager: Shutting down and abandoning module ClassViewer (366)
[2017.08.31-12.44.44:149][270]LogModuleManager: Shutting down and abandoning module Toolbox (364)
[2017.08.31-12.44.44:150][270]LogModuleManager: Shutting down and abandoning module ModuleUI (362)
[2017.08.31-12.44.44:150][270]LogModuleManager: Shutting down and abandoning module MovieSceneTools (360)
[2017.08.31-12.44.44:151][270]LogModuleManager: Shutting down and abandoning module OutputLog (358)
[2017.08.31-12.44.44:152][270]LogModuleManager: Shutting down and abandoning module GammaUI (356)
[2017.08.31-12.44.44:152][270]LogModuleManager: Shutting down and abandoning module Documentation (354)
[2017.08.31-12.44.44:153][270]LogModuleManager: Shutting down and abandoning module MovieSceneTracks (352)
[2017.08.31-12.44.44:153][270]LogModuleManager: Shutting down and abandoning module MovieScene (350)
[2017.08.31-12.44.44:153][270]LogModuleManager: Shutting down and abandoning module Niagara (348)
[2017.08.31-12.44.44:153][270]LogModuleManager: Shutting down and abandoning module NiagaraEditor (347)
[2017.08.31-12.44.44:155][270]LogModuleManager: Shutting down and abandoning module StreamingPauseRendering (344)
[2017.08.31-12.44.44:155][270]LogModuleManager: Shutting down and abandoning module AnalyticsET (342)
[2017.08.31-12.44.44:155][270]LogModuleManager: Shutting down and abandoning module PortalServices (340)
[2017.08.31-12.44.44:155][270]LogModuleManager: Shutting down and abandoning module PortalRpc (338)
[2017.08.31-12.44.44:155][270]LogModuleManager: Shutting down and abandoning module MessagingRpc (336)
[2017.08.31-12.44.44:155][270]LogModuleManager: Shutting down and abandoning module AIModule (334)
[2017.08.31-12.44.44:155][270]LogModuleManager: Shutting down and abandoning module GameplayDebugger (333)
[2017.08.31-12.44.44:155][270]LogModuleManager: Shutting down and abandoning module AITestSuite (331)
[2017.08.31-12.44.44:156][270]LogModuleManager: Shutting down and abandoning module ProfilerService (328)
[2017.08.31-12.44.44:298][270]LogModuleManager: Shutting down and abandoning module TaskGraph (326)
[2017.08.31-12.44.44:299][270]LogModuleManager: Shutting down and abandoning module SteamVRController (324)
[2017.08.31-12.44.44:299][270]LogModuleManager: Shutting down and abandoning module SteamVR (322)
[2017.08.31-12.44.44:299][270]LogModuleManager: Shutting down and abandoning module ProceduralMeshComponentEditor (320)
[2017.08.31-12.44.44:299][270]LogModuleManager: Shutting down and abandoning module ProceduralMeshComponent (318)
[2017.08.31-12.44.44:300][270]LogModuleManager: Shutting down and abandoning module OculusLibrary (316)
[2017.08.31-12.44.44:300][270]LogModuleManager: Shutting down and abandoning module OculusInput (314)
[2017.08.31-12.44.44:300][270]LogModuleManager: Shutting down and abandoning module MobilePatchingUtils (312)
[2017.08.31-12.44.44:300][270]LogModuleManager: Shutting down and abandoning module CustomMeshComponent (310)
[2017.08.31-12.44.44:300][270]LogModuleManager: Shutting down and abandoning module CableComponent (308)
[2017.08.31-12.44.44:300][270]LogModuleManager: Shutting down and abandoning module ArchVisCharacter (306)
[2017.08.31-12.44.44:300][270]LogModuleManager: Shutting down and abandoning module AndroidPermission (304)
[2017.08.31-12.44.44:300][270]LogModuleManager: Shutting down and abandoning module MediaPlayerEditor (300)
[2017.08.31-12.44.44:301][270]LogModuleManager: Shutting down and abandoning module HTML5Networking (298)
[2017.08.31-12.44.44:301][270]LogModuleManager: Shutting down and abandoning module AlembicImporter (296)
[2017.08.31-12.44.44:302][270]LogModuleManager: Shutting down and abandoning module AlembicLibrary (295)
[2017.08.31-12.44.44:302][270]LogModuleManager: Shutting down and abandoning module GeometryCache (294)
[2017.08.31-12.44.44:302][270]LogModuleManager: Shutting down and abandoning module GeometryCacheEd (293)
[2017.08.31-12.44.44:302][270]LogModuleManager: Shutting down and abandoning module SuperSearchEditor (288)
[2017.08.31-12.44.44:302][270]LogModuleManager: Shutting down and abandoning module SuperSearch (287)
[2017.08.31-12.44.44:302][270]LogModuleManager: Shutting down and abandoning module SpeedTreeImporter (284)
[2017.08.31-12.44.44:302][270]LogModuleManager: Shutting down and abandoning module PluginBrowser (282)
[2017.08.31-12.44.44:303][270]LogModuleManager: Shutting down and abandoning module MobileLauncherProfileWizard (280)
[2017.08.31-12.44.44:304][270]LogModuleManager: Shutting down and abandoning module VisualStudioSourceCodeAccess (278)
[2017.08.31-12.44.44:304][270]LogModuleManager: Shutting down and abandoning module DesktopPlatform (277)
[2017.08.31-12.44.44:304][270]LogModuleManager: Shutting down and abandoning module UObjectPlugin (274)
[2017.08.31-12.44.44:304][270]LogModuleManager: Shutting down and abandoning module SubversionSourceControl (272)
[2017.08.31-12.44.44:304][270]LogModuleManager: Shutting down and abandoning module PerforceSourceControl (270)
[2017.08.31-12.44.44:305][270]LogModuleManager: Shutting down and abandoning module GitSourceControl (268)
[2017.08.31-12.44.44:305][270]LogModuleManager: Shutting down and abandoning module SourceControl (267)
[2017.08.31-12.44.44:306][270]LogModuleManager: Shutting down and abandoning module LightPropagationVolumeEditor (264)
[2017.08.31-12.44.44:306][270]LogModuleManager: Shutting down and abandoning module PaperTiledImporter (262)
[2017.08.31-12.44.44:306][270]LogModuleManager: Shutting down and abandoning module PaperSpriteSheetImporter (260)
[2017.08.31-12.44.44:306][270]LogModuleManager: Shutting down and abandoning module Paper2DEditor (258)
[2017.08.31-12.44.44:306][270]LogModuleManager: Shutting down and abandoning module MeshPaint (257)
[2017.08.31-12.44.44:307][270]LogModuleManager: Shutting down and abandoning module LevelEditor (255)
[2017.08.31-12.44.44:309][270]LogModuleManager: Shutting down and abandoning module PixelInspectorModule (254)
[2017.08.31-12.44.44:309][270]LogModuleManager: Shutting down and abandoning module MainFrame (252)
[2017.08.31-12.44.44:310][270]LogModuleManager: Shutting down and abandoning module HotReload (251)
[2017.08.31-12.44.44:312][270]LogModuleManager: Shutting down and abandoning module PhysXVehiclesEditor (246)
[2017.08.31-12.44.44:312][270]LogModuleManager: Shutting down and abandoning module PhysXVehicles (244)
[2017.08.31-12.44.44:312][270]LogModuleManager: Shutting down and abandoning module LocationServicesBPLibrary (242)
[2017.08.31-12.44.44:312][270]LogModuleManager: Shutting down and abandoning module ImmediatePhysicsEditor (240)
[2017.08.31-12.44.44:312][270]LogModuleManager: Shutting down and abandoning module ImmediatePhysics (238)
[2017.08.31-12.44.44:312][270]LogModuleManager: Shutting down and abandoning module UdpMessaging (236)
[2017.08.31-12.44.44:413][270]LogModuleManager: Shutting down and abandoning module TcpMessaging (234)
[2017.08.31-12.44.44:514][270]LogModuleManager: Shutting down and abandoning module GameplayTagsEditor (232)
[2017.08.31-12.44.44:515][270]LogModuleManager: Shutting down and abandoning module FacialAnimationEditor (230)
[2017.08.31-12.44.44:515][270]LogModuleManager: Shutting down and abandoning module FacialAnimation (228)
[2017.08.31-12.44.44:515][270]LogModuleManager: Shutting down and abandoning module AssetManagerEditor (226)
[2017.08.31-12.44.44:516][270]LogModuleManager: Shutting down and abandoning module GraphEditor (225)
[2017.08.31-12.44.44:516][270]LogModuleManager: Shutting down and abandoning module ContentBrowser (223)
[2017.08.31-12.44.44:518][270]LogModuleManager: Shutting down and abandoning module LightPropagationVolumeRuntime (220)
[2017.08.31-12.44.44:518][270]LogModuleManager: Shutting down and abandoning module Paper2D (218)
[2017.08.31-12.44.44:518][270]LogModuleManager: Shutting down and abandoning module WindowsMoviePlayer (216)
[2017.08.31-12.44.44:518][270]LogModuleManager: Shutting down and abandoning module WmfMedia (214)
[2017.08.31-12.44.44:519][270]LogModuleManager: Shutting down and abandoning module ClothingSystemEditor (212)
[2017.08.31-12.44.44:519][270]LogModuleManager: Shutting down and abandoning module ClothingSystemRuntime (210)
[2017.08.31-12.44.44:520][270]LogModuleManager: Shutting down and abandoning module MediaAssets (208)
[2017.08.31-12.44.44:520][270]LogModuleManager: Shutting down and abandoning module GameLiveStreaming (206)
[2017.08.31-12.44.44:520][270]LogModuleManager: Shutting down and abandoning module VREditor (204)
[2017.08.31-12.44.44:521][270]LogModuleManager: Shutting down and abandoning module StringTableEditor (202)
[2017.08.31-12.44.44:521][270]LogModuleManager: Shutting down and abandoning module GameplayTasksEditor (200)
[2017.08.31-12.44.44:521][270]LogModuleManager: Shutting down and abandoning module BehaviorTreeEditor (198)
[2017.08.31-12.44.44:523][270]LogModuleManager: Shutting down and abandoning module FunctionalTesting (196)
[2017.08.31-12.44.44:523][270]LogModuleManager: Shutting down and abandoning module CollisionAnalyzer (194)
[2017.08.31-12.44.44:524][270]LogModuleManager: Shutting down and abandoning module UMG (192)
[2017.08.31-12.44.44:524][270]LogModuleManager: Shutting down and abandoning module UMGEditor (191)
[2017.08.31-12.44.44:525][270]LogModuleManager: Shutting down and abandoning module Sequencer (190)
[2017.08.31-12.44.44:526][270]LogModuleManager: Shutting down and abandoning module AssetTools (188)
[2017.08.31-12.44.44:528][270]LogModuleManager: Shutting down and abandoning module MessageLog (187)
[2017.08.31-12.44.44:528][270]LogModuleManager: Shutting down and abandoning module WorkspaceMenuStructure (186)
[2017.08.31-12.44.44:528][270]LogModuleManager: Shutting down and abandoning module SlateReflector (180)
[2017.08.31-12.44.44:530][270]LogModuleManager: Shutting down and abandoning module Slate (178)
[2017.08.31-12.44.44:530][270]LogModuleManager: Shutting down and abandoning module EditorStyle (176)
[2017.08.31-12.44.44:532][270]LogModuleManager: Shutting down and abandoning module SourceCodeAccess (174)
[2017.08.31-12.44.44:532][270]LogModuleManager: Shutting down and abandoning module HeadMountedDisplay (172)
[2017.08.31-12.44.44:532][270]LogModuleManager: Shutting down and abandoning module XAudio2 (170)
[2017.08.31-12.44.44:532][270]LogModuleManager: Shutting down and abandoning module Networking (168)
[2017.08.31-12.44.44:533][270]LogModuleManager: Shutting down and abandoning module Core (164)
[2017.08.31-12.44.44:533][270]LogModuleManager: Shutting down and abandoning module AssetRegistry (162)
[2017.08.31-12.44.44:717][270]LogDirectoryWatcher: A directory notification for '../../../Engine/Content/' was aborted.
[2017.08.31-12.44.44:717][270]LogDirectoryWatcher: A directory notification for 'E:/Usuario/Ruben/UNIVERSIDAD/TFG/Postwar/Content/' was aborted.
[2017.08.31-12.44.44:717][270]LogDirectoryWatcher: A directory notification for '../../../Engine/Plugins/2D/Paper2D/Content/' was aborted.
[2017.08.31-12.44.44:717][270]LogDirectoryWatcher: A directory notification for '../../../Engine/Plugins/Runtime/GearVR/Content/' was aborted.
[2017.08.31-12.44.44:735][270]LogModuleManager: Shutting down and abandoning module DirectoryWatcher (161)
[2017.08.31-12.44.44:740][270]LogModuleManager: Shutting down and abandoning module KismetCompiler (158)
[2017.08.31-12.44.44:740][270]LogModuleManager: Shutting down and abandoning module LevelSequence (156)
[2017.08.31-12.44.44:740][270]LogModuleManager: Shutting down and abandoning module PhysXFormats (154)
[2017.08.31-12.44.44:740][270]LogModuleManager: Shutting down and abandoning module MeshUtilities (152)
[2017.08.31-12.44.44:741][270]LogModuleManager: Shutting down and abandoning module SimplygonSwarm (151)
[2017.08.31-12.44.44:742][270]LogModuleManager: Shutting down and abandoning module SimplygonMeshReduction (149)
[2017.08.31-12.44.44:742][270]LogModuleManager: Shutting down and abandoning module QuadricMeshReduction (147)
[2017.08.31-12.44.44:742][270]LogModuleManager: Shutting down and abandoning module DerivedDataCache (144)
[2017.08.31-12.44.44:840][270]LogDerivedDataCache: Shutdown
[2017.08.31-12.44.44:841][270]LogModuleManager: Shutting down and abandoning module TargetPlatform (142)
[2017.08.31-12.44.44:841][270]LogModuleManager: Shutting down and abandoning module VulkanShaderFormat (141)
[2017.08.31-12.44.44:842][270]LogModuleManager: Shutting down and abandoning module ShaderFormatVectorVM (139)
[2017.08.31-12.44.44:842][270]LogModuleManager: Shutting down and abandoning module ShaderFormatOpenGL (137)
[2017.08.31-12.44.44:843][270]LogModuleManager: Shutting down and abandoning module ShaderFormatD3D (135)
[2017.08.31-12.44.44:843][270]LogModuleManager: Shutting down and abandoning module MetalShaderFormat (133)
[2017.08.31-12.44.44:844][270]LogModuleManager: Shutting down and abandoning module TextureFormatUncompressed (131)
[2017.08.31-12.44.44:844][270]LogModuleManager: Shutting down and abandoning module TextureFormatPVR (129)
[2017.08.31-12.44.44:844][270]LogModuleManager: Shutting down and abandoning module TextureFormatDXT (127)
[2017.08.31-12.44.44:844][270]LogModuleManager: Shutting down and abandoning module TextureFormatIntelISPCTexComp (125)
[2017.08.31-12.44.44:845][270]LogModuleManager: Shutting down and abandoning module TextureFormatASTC (123)
[2017.08.31-12.44.44:845][270]LogModuleManager: Shutting down and abandoning module ImageWrapper (122)
[2017.08.31-12.44.44:845][270]LogModuleManager: Shutting down and abandoning module TextureFormatAndroid (119)
[2017.08.31-12.44.44:845][270]LogModuleManager: Shutting down and abandoning module AudioFormatOpus (117)
[2017.08.31-12.44.44:845][270]LogModuleManager: Shutting down and abandoning module AudioFormatOgg (115)
[2017.08.31-12.44.44:845][270]LogModuleManager: Shutting down and abandoning module AudioFormatADPCM (113)
[2017.08.31-12.44.44:845][270]LogModuleManager: Shutting down and abandoning module LinuxTargetPlatform (111)
[2017.08.31-12.44.44:845][270]LogModuleManager: Shutting down and abandoning module LinuxServerTargetPlatform (109)
[2017.08.31-12.44.44:845][270]LogModuleManager: Shutting down and abandoning module LinuxNoEditorTargetPlatform (107)
[2017.08.31-12.44.44:845][270]LogModuleManager: Shutting down and abandoning module LinuxClientTargetPlatform (105)
[2017.08.31-12.44.44:845][270]LogModuleManager: Shutting down and abandoning module TVOSTargetPlatform (103)
[2017.08.31-12.44.44:845][270]LogModuleManager: Shutting down and abandoning module Messaging (101)
[2017.08.31-12.44.44:845][270]LogModuleManager: Shutting down and abandoning module IOSTargetPlatform (99)
[2017.08.31-12.44.44:845][270]LogModuleManager: Shutting down and abandoning module HTML5TargetPlatform (97)
[2017.08.31-12.44.44:845][270]LogModuleManager: Shutting down and abandoning module Android_PVRTCTargetPlatform (95)
[2017.08.31-12.44.44:846][270]LogModuleManager: Shutting down and abandoning module Android_MultiTargetPlatform (93)
[2017.08.31-12.44.44:846][270]LogModuleManager: Shutting down and abandoning module Android_ETC2TargetPlatform (91)
[2017.08.31-12.44.44:846][270]LogModuleManager: Shutting down and abandoning module Android_ETC1TargetPlatform (89)
[2017.08.31-12.44.44:846][270]LogModuleManager: Shutting down and abandoning module Android_DXTTargetPlatform (87)
[2017.08.31-12.44.44:846][270]LogModuleManager: Shutting down and abandoning module Android_ATCTargetPlatform (85)
[2017.08.31-12.44.44:846][270]LogModuleManager: Shutting down and abandoning module Android_ASTCTargetPlatform (83)
[2017.08.31-12.44.44:846][270]LogModuleManager: Shutting down and abandoning module AndroidTargetPlatform (81)
[2017.08.31-12.44.44:847][270]LogModuleManager: Shutting down and abandoning module WindowsTargetPlatform (79)
[2017.08.31-12.44.44:847][270]LogModuleManager: Shutting down and abandoning module WindowsServerTargetPlatform (77)
[2017.08.31-12.44.44:847][270]LogModuleManager: Shutting down and abandoning module WindowsNoEditorTargetPlatform (75)
[2017.08.31-12.44.44:847][270]LogModuleManager: Shutting down and abandoning module WindowsClientTargetPlatform (73)
[2017.08.31-12.44.44:847][270]LogModuleManager: Shutting down and abandoning module MacTargetPlatform (71)
[2017.08.31-12.44.44:847][270]LogModuleManager: Shutting down and abandoning module MacServerTargetPlatform (69)
[2017.08.31-12.44.44:847][270]LogModuleManager: Shutting down and abandoning module MacNoEditorTargetPlatform (67)
[2017.08.31-12.44.44:847][270]LogModuleManager: Shutting down and abandoning module MacClientTargetPlatform (65)
[2017.08.31-12.44.44:847][270]LogModuleManager: Shutting down and abandoning module AllDesktopTargetPlatform (63)
[2017.08.31-12.44.44:847][270]LogModuleManager: Shutting down and abandoning module InputCore (60)
[2017.08.31-12.44.44:847][270]LogModuleManager: Shutting down and abandoning module Settings (58)
[2017.08.31-12.44.44:847][270]LogModuleManager: Shutting down and abandoning module OculusRift (56)
[2017.08.31-12.44.44:848][270]LogModuleManager: Shutting down and abandoning module GearVRController (54)
[2017.08.31-12.44.44:848][270]LogModuleManager: Shutting down and abandoning module GearVR (52)
[2017.08.31-12.44.44:848][270]LogModuleManager: Shutting down and abandoning module ExampleDeviceProfileSelector (50)
[2017.08.31-12.44.44:848][270]LogModuleManager: Shutting down and abandoning module OnlineBlueprintSupport (48)
[2017.08.31-12.44.44:848][270]LogModuleManager: Shutting down and abandoning module OnlineSubsystem (44)
[2017.08.31-12.44.44:848][270]LogOnline:Display: Unloading online subsystem: NULL
[2017.08.31-12.44.44:849][270]LogModuleManager: Shutting down and abandoning module XMPP (43)
[2017.08.31-12.44.44:850][270]LogModuleManager: Shutting down and abandoning module HTTP (41)
[2017.08.31-12.44.44:850][270]LogHttp:Display: Http module shutting down, but needs to wait on 1 outstanding Http requests:
[2017.08.31-12.44.44:851][270]LogHttp:Display: 	verb=[POST] url=[https://datarouter.ol.epicgames.com/datarouter/api/v1/public/data?SessionID=%7B77E7945F-4EFB-7BDE-8C5C-EF868CEB5172%7D&AppID=UEEditor.Rocket.Release&AppVersion=4.16.2-3514769%2B%2B%2BUE4%2BRelease-4.16&UserID=78865e4d4a8ae815e8d400bc6125e577%7C5361294e5f654db5881228f5582e9124%7C456667b1-22e8-45ef-a524-8410a492a64f&AppEnvironment=datacollector-binary&UploadType=eteventstream] status=Processing
[2017.08.31-12.44.44:866][270]LogModuleManager: Shutting down and abandoning module SSL (40)
[2017.08.31-12.44.44:870][270]LogModuleManager: Shutting down and abandoning module HTTPChunkInstaller (36)
[2017.08.31-12.44.44:871][270]LogModuleManager: Shutting down and abandoning module AnimationModifiers (34)
[2017.08.31-12.44.44:871][270]LogModuleManager: Shutting down and abandoning module PropertyEditor (33)
[2017.08.31-12.44.44:871][270]LogModuleManager: Shutting down and abandoning module AudioEditor (30)
[2017.08.31-12.44.44:872][270]LogModuleManager: Shutting down and abandoning module TextureCompressor (28)
[2017.08.31-12.44.44:873][270]LogModuleManager: Shutting down and abandoning module ShaderCore (26)
[2017.08.31-12.44.44:873][270]LogModuleManager: Shutting down and abandoning module Landscape (24)
[2017.08.31-12.44.44:873][270]LogModuleManager: Shutting down and abandoning module SlateRHIRenderer (22)
[2017.08.31-12.44.44:881][270]LogModuleManager: Shutting down and abandoning module OpenGLDrv (20)
[2017.08.31-12.44.44:882][270]LogModuleManager: Shutting down and abandoning module D3D11RHI (18)
[2017.08.31-12.44.44:882][270]LogModuleManager: Shutting down and abandoning module AnimGraphRuntime (16)
[2017.08.31-12.44.44:883][270]LogModuleManager: Shutting down and abandoning module Renderer (14)
[2017.08.31-12.44.44:883][270]LogModuleManager: Shutting down and abandoning module Engine (12)
[2017.08.31-12.44.44:883][270]LogModuleManager: Shutting down and abandoning module CoreUObject (10)
[2017.08.31-12.44.44:883][270]LogModuleManager: Shutting down and abandoning module NetworkFile (8)
[2017.08.31-12.44.44:883][270]LogModuleManager: Shutting down and abandoning module StreamingFile (6)
[2017.08.31-12.44.44:883][270]LogModuleManager: Shutting down and abandoning module SandboxFile (4)
[2017.08.31-12.44.44:884][270]LogModuleManager: Shutting down and abandoning module PakFile (2)
[2017.08.31-12.44.44:886][270]LogExit: Exiting.
[2017.08.31-12.44.44:913][270]Log file closed, 08/31/17 14:44:44
