Log file open, 09/11/17 19:38:25
LogInit:Display: Running engine for game: Postwar
LogPlatformFile: Not using cached read wrapper
LogInit:Display: RandInit(-859612347) SRandInit(-859612347).
LogTaskGraph: Started task graph with 5 named threads and 8 total threads with 1 sets of task threads.
LogStats: Stats thread started at 0.596305
LogInit: Using libcurl 7.47.1
LogInit:  - built for x86_64-pc-win32
LogInit:  - supports SSL with OpenSSL/1.0.2g
LogInit:  - supports HTTP deflate (compression) using libz 1.2.8
LogInit:  - other features:
LogInit:      CURL_VERSION_SSL
LogInit:      CURL_VERSION_LIBZ
LogInit:      CURL_VERSION_IPV6
LogInit:      CURL_VERSION_ASYNCHDNS
LogInit:      CURL_VERSION_LARGEFILE
LogInit:      CURL_VERSION_IDN
LogInit:  CurlRequestOptions (configurable via config and command line):
LogInit:  - bVerifyPeer = false  - Libcurl will NOT verify peer certificate
LogInit:  - bUseHttpProxy = false  - Libcurl will NOT use HTTP proxy
LogInit:  - bDontReuseConnections = false  - Libcurl will reuse connections
LogInit:  - CertBundlePath = nullptr  - Libcurl will use whatever was configured at build time.
LogInit: Build: ++UE4+Release-4.16-CL-3514769
LogInit: Engine Version: 4.16.2-3514769+++UE4+Release-4.16
LogInit: Compatible Engine Version: 4.16.0-3452394+++UE4+Release-4.16
LogInit: Net CL: 3452394
LogDevObjectVersion: Number of dev versions registered: 16
LogDevObjectVersion:   Dev-Blueprints (B0D832E4-1F89-4F0D-ACCF-7EB736FD4AA2): 9
LogDevObjectVersion:   Dev-Build (E1C64328-A22C-4D53-A36C-8E866417BD8C): 0
LogDevObjectVersion:   Dev-Core (375EC13C-06E4-48FB-B500-84F0262A717E): 2
LogDevObjectVersion:   Dev-Editor (E4B068ED-F494-42E9-A231-DA0B2E46BB41): 17
LogDevObjectVersion:   Dev-Framework (CFFC743F-43B0-4480-9391-14DF171D2073): 23
LogDevObjectVersion:   Dev-Mobile (B02B49B5-BB20-44E9-A304-32B752E40360): 0
LogDevObjectVersion:   Dev-Networking (A4E4105C-59A1-49B5-A7C5-40C4547EDFEE): 0
LogDevObjectVersion:   Dev-Online (39C831C9-5AE6-47DC-9A44-9C173E1C8E7C): 0
LogDevObjectVersion:   Dev-Physics (78F01B33-EBEA-4F98-B9B4-84EACCB95AA2): 0
LogDevObjectVersion:   Dev-Platform (6631380F-2D4D-43E0-8009-CF276956A95A): 0
LogDevObjectVersion:   Dev-Rendering (12F88B9F-8875-4AFC-A67C-D90C383ABD29): 15
LogDevObjectVersion:   Dev-Sequencer (7B5AE74C-D270-4C10-A958-57980B212A5A): 4
LogDevObjectVersion:   Dev-VR (D7296918-1DD6-4BDD-9DE2-64A83CC13884): 0
LogDevObjectVersion:   Dev-LoadTimes (C2A15278-BFE7-4AFE-6C17-90FF531DF755): 1
LogDevObjectVersion:   Private-Geometry (6EACA3D4-40EC-4CC1-B786-8BED09428FC5): 1
LogDevObjectVersion:   Dev-AnimPhys (29E575DD-E0A3-4627-9D10-D276232CDCEA): 3
LogInit: Compiled (64-bit): Jun 29 2017 02:03:24
LogInit: Compiled with Visual C++: 19.00.24215.01
LogInit: Build Configuration: Development
LogInit: Branch Name: ++UE4+Release-4.16
LogInit: Command line:  
LogInit: Base directory: D:/Program Files/Epic Games/UE_4.16/Engine/Binaries/Win64/
LogInit: Installed Engine Build: 1
LogInit: Presizing for max 8388607 objects, including 0 objects not considered by GC, pre-allocating 0 bytes for permanent pool.
LogInit: Object subsystem initialized
[2017.09.11-17.38.25:948][  0]LogInit: Selected Device Profile: [Windows]
[2017.09.11-17.38.25:948][  0]LogInit: Applying CVar settings loaded from the selected device profile: [Windows]
[2017.09.11-17.38.26:014][  0]LogInit: Computer: DESKTOP-T9NOKQO
[2017.09.11-17.38.26:014][  0]LogInit: User: cripe
[2017.09.11-17.38.26:014][  0]LogInit: CPU Page size=4096, Cores=4
[2017.09.11-17.38.26:014][  0]LogInit: High frequency timer resolution =2.435775 MHz
[2017.09.11-17.38.26:015][  0]LogMemory: Memory total: Physical=15.9GB (16GB approx)
[2017.09.11-17.38.26:015][  0]LogMemory: Platform Memory Stats for Windows
[2017.09.11-17.38.26:015][  0]LogMemory: Process Physical Memory: 273.54 MB used, 273.54 MB peak
[2017.09.11-17.38.26:015][  0]LogMemory: Process Virtual Memory: 263.20 MB used, 263.20 MB peak
[2017.09.11-17.38.26:015][  0]LogMemory: Physical Memory: 7297.21 MB used,  9005.93 MB free, 16303.14 MB total
[2017.09.11-17.38.26:015][  0]LogMemory: Virtual Memory: 626.64 MB used,  9005.93 MB free, 134217728.00 MB total
[2017.09.11-17.38.26:783][  0]LogInit: Overriding language with editor language configuration option (en).
[2017.09.11-17.38.26:783][  0]LogInit: Overriding locale with editor locale configuration option (en).
[2017.09.11-17.38.28:180][  0]LogD3D11RHI: D3D11 adapters:
[2017.09.11-17.38.28:222][  0]LogD3D11RHI:    0. 'NVIDIA GeForce GTX 860M' (Feature Level 11_0)
[2017.09.11-17.38.28:222][  0]LogD3D11RHI:       2017/0/8151 MB DedicatedVideo/DedicatedSystem/SharedSystem, Outputs:2, VendorId:0x10de
[2017.09.11-17.38.28:228][  0]LogD3D11RHI:    1. 'Intel(R) HD Graphics 4600' (Feature Level 11_0)
[2017.09.11-17.38.28:228][  0]LogD3D11RHI:       112/0/2048 MB DedicatedVideo/DedicatedSystem/SharedSystem, Outputs:0, VendorId:0x8086
[2017.09.11-17.38.28:230][  0]LogD3D11RHI:    2. 'Microsoft Basic Render Driver' (Feature Level 11_0)
[2017.09.11-17.38.28:230][  0]LogD3D11RHI:       0/0/8151 MB DedicatedVideo/DedicatedSystem/SharedSystem, Outputs:0, VendorId:0x1414
[2017.09.11-17.38.28:230][  0]LogD3D11RHI: Chosen D3D11 Adapter: 0
[2017.09.11-17.38.28:240][  0]LogD3D11RHI: Creating new Direct3DDevice
[2017.09.11-17.38.28:240][  0]LogD3D11RHI:     GPU DeviceId: 0x119a (for the marketing name, search the web for "GPU Device Id")
[2017.09.11-17.38.28:240][  0]LogWindows: EnumDisplayDevices:
[2017.09.11-17.38.28:240][  0]LogWindows:    0. 'Intel(R) HD Graphics 4600' (P:1 D:1)
[2017.09.11-17.38.28:240][  0]LogWindows:    1. 'Intel(R) HD Graphics 4600' (P:0 D:1)
[2017.09.11-17.38.28:240][  0]LogWindows:    2. 'Intel(R) HD Graphics 4600' (P:0 D:0)
[2017.09.11-17.38.28:240][  0]LogWindows: DebugString: PrimaryIsNotTheChoosenAdapter PrimaryIsNotTheChoosenAdapter PrimaryIsNotTheChoosenAdapter FoundDriverCount:0 
[2017.09.11-17.38.28:240][  0]LogD3D11RHI:     Adapter Name: NVIDIA GeForce GTX 860M
[2017.09.11-17.38.28:240][  0]LogD3D11RHI:   Driver Version: Unknown (internal:Unknown, unified:Unknown)
[2017.09.11-17.38.28:240][  0]LogD3D11RHI:      Driver Date: Unknown
[2017.09.11-17.38.28:240][  0]LogRHI: Texture pool is 1361 MB (70% of 1945 MB)
[2017.09.11-17.38.28:262][  0]LogD3D11RHI: Async texture creation enabled
[2017.09.11-17.38.28:288][  0]LogD3D11RHI: GPU Timing Frequency: 1000.000000 (Debug: 2 1)
[2017.09.11-17.38.28:294][  0]LogShaderCompilers: Guid format shader working directory is 5 characters bigger than the processId version (E:/Usuario/Ruben/UNIVERSIDAD/TFG/Postwar/Intermediate/Shaders/WorkingDirectory/16100/).
[2017.09.11-17.38.28:294][  0]LogShaderCompilers: Cleaned the shader compiler working directory 'C:/Users/cripe/AppData/Local/Temp/UnrealShaderWorkingDir/7B6B23294DA41B6A6B917CB5110F62CD/'.
[2017.09.11-17.38.28:295][  0]LogShaderCompilers:Display: Using Local Shader Compiler.
[2017.09.11-17.38.29:791][  0]LogTemp:Display: Loaded TP AllDesktopTargetPlatform
[2017.09.11-17.38.29:851][  0]LogTemp:Display: Loaded TP MacClientTargetPlatform
[2017.09.11-17.38.29:907][  0]LogTemp:Display: Loaded TP MacNoEditorTargetPlatform
[2017.09.11-17.38.29:964][  0]LogTemp:Display: Loaded TP MacServerTargetPlatform
[2017.09.11-17.38.30:023][  0]LogTemp:Display: Loaded TP MacTargetPlatform
[2017.09.11-17.38.30:086][  0]LogTemp:Display: Loaded TP WindowsClientTargetPlatform
[2017.09.11-17.38.30:150][  0]LogTemp:Display: Loaded TP WindowsNoEditorTargetPlatform
[2017.09.11-17.38.30:208][  0]LogTemp:Display: Loaded TP WindowsServerTargetPlatform
[2017.09.11-17.38.30:257][  0]LogTemp:Display: Loaded TP WindowsTargetPlatform
[2017.09.11-17.38.30:314][  0]LogTemp:Display: Loaded TP AndroidTargetPlatform
[2017.09.11-17.38.30:365][  0]LogTemp:Display: Loaded TP Android_ASTCTargetPlatform
[2017.09.11-17.38.30:421][  0]LogTemp:Display: Loaded TP Android_ATCTargetPlatform
[2017.09.11-17.38.30:475][  0]LogTemp:Display: Loaded TP Android_DXTTargetPlatform
[2017.09.11-17.38.30:528][  0]LogTemp:Display: Loaded TP Android_ETC1TargetPlatform
[2017.09.11-17.38.30:584][  0]LogTemp:Display: Loaded TP Android_ETC2TargetPlatform
[2017.09.11-17.38.30:698][  0]LogTemp:Display: Loaded TP Android_MultiTargetPlatform
[2017.09.11-17.38.30:698][  0]LogTemp:Display: Loaded TP Android_PVRTCTargetPlatform
[2017.09.11-17.38.30:746][  0]LogTemp:Display: Loaded TP HTML5TargetPlatform
[2017.09.11-17.38.30:848][  0]LogTemp:Display: Loaded TP IOSTargetPlatform
[2017.09.11-17.38.30:879][  0]LogTemp:Display: Loaded TP TVOSTargetPlatform
[2017.09.11-17.38.30:930][  0]LogTemp:Display: Loaded TP LinuxClientTargetPlatform
[2017.09.11-17.38.30:986][  0]LogTemp:Display: Loaded TP LinuxNoEditorTargetPlatform
[2017.09.11-17.38.31:044][  0]LogTemp:Display: Loaded TP LinuxServerTargetPlatform
[2017.09.11-17.38.31:098][  0]LogTemp:Display: Loaded TP LinuxTargetPlatform
[2017.09.11-17.38.31:098][  0]LogTargetPlatformManager:Display: Building Assets For Windows
[2017.09.11-17.38.31:691][  0]LogDerivedDataCache:Display: Max Cache Size: 512 MB
[2017.09.11-17.38.32:089][  0]LogDerivedDataCache: Loaded boot cache 0.40s 90MB C:/Users/cripe/AppData/Local/UnrealEngine/4.16/DerivedDataCache/Boot.ddc.
[2017.09.11-17.38.32:089][  0]LogDerivedDataCache:Display: Loaded Boot cache: C:/Users/cripe/AppData/Local/UnrealEngine/4.16/DerivedDataCache/Boot.ddc
[2017.09.11-17.38.32:089][  0]LogDerivedDataCache: FDerivedDataBackendGraph:  Pak pak cache file E:/Usuario/Ruben/UNIVERSIDAD/TFG/Postwar/DerivedDataCache/DDC.ddp not found, will not use a pak cache.
[2017.09.11-17.38.32:089][  0]LogDerivedDataCache: Unable to find inner node Pak for hierarchical cache Hierarchy.
[2017.09.11-17.38.32:089][  0]LogDerivedDataCache: FDerivedDataBackendGraph:  CompressedPak pak cache file E:/Usuario/Ruben/UNIVERSIDAD/TFG/Postwar/DerivedDataCache/Compressed.ddp not found, will not use a pak cache.
[2017.09.11-17.38.32:089][  0]LogDerivedDataCache: Unable to find inner node CompressedPak for hierarchical cache Hierarchy.
[2017.09.11-17.38.32:114][  0]LogDerivedDataCache:Display: Pak cache opened for reading ../../../Engine/DerivedDataCache/Compressed.ddp.
[2017.09.11-17.38.32:129][  0]LogDerivedDataCache: Using Local data cache path C:/Users/cripe/AppData/Local/UnrealEngine/Common/DerivedDataCache: Writable
[2017.09.11-17.38.32:144][  0]LogMaterial: Verifying Global Shaders for PCD3D_SM5
[2017.09.11-17.38.32:149][  0]LogSlate: Using Freetype 2.6.0
[2017.09.11-17.38.32:154][  0]LogSlate: SlateFontCache - WITH_FREETYPE: 1, WITH_HARFBUZZ: 1
[2017.09.11-17.38.32:154][  0]LogSlate: SlateFontCache - WITH_FREETYPE: 1, WITH_HARFBUZZ: 1
[2017.09.11-17.38.33:025][  0]LogInit: Selected Device Profile: [Windows]
[2017.09.11-17.38.33:218][  0]LogContentStreaming: Texture pool size is 0.00 MB
[2017.09.11-17.38.33:443][  0]LogMeshUtilities: Using QuadricMeshReduction for automatic static mesh reduction
[2017.09.11-17.38.33:497][  0]LogSimplygon: Simplygon DLL not present - disabling.
[2017.09.11-17.38.33:557][  0]LogMeshUtilities: Using SimplygonSwarm for distributed automatic mesh merging
[2017.09.11-17.38.33:557][  0]LogMeshUtilities: No automatic skeletal mesh reduction module available
[2017.09.11-17.38.33:557][  0]LogMeshUtilities: No automatic mesh merging module available
[2017.09.11-17.38.34:435][  0]LogNetVersion: Postwar , NetCL: 3452394, EngineNetVer: 2, GameNetVer: 0 (Checksum: 2296384490)
[2017.09.11-17.38.34:529][  0]LogAssetRegistry: FAssetRegistry took 0.0294 seconds to start up
[2017.09.11-17.38.34:626][  0]LogPackageLocalizationCache: Processed 4 localized package path(s) for 1 prioritized culture(s) in 0.074162 seconds
[2017.09.11-17.38.34:632][  0]LogUObjectArray: 34194 objects as part of root set at end of initial load.
[2017.09.11-17.38.34:632][  0]LogUObjectAllocator: 7260416 out of 0 bytes used by permanent object pool.
[2017.09.11-17.38.34:632][  0]LogUObjectArray: CloseDisregardForGC: 0/0 objects in disregard for GC pool
[2017.09.11-17.38.34:697][  0]LogInit: WinSock: version 1.1 (2.2), MaxSocks=32767, MaxUdp=65467
[2017.09.11-17.38.38:810][  0]LogTcpMessaging: Initializing TcpMessaging bridge
[2017.09.11-17.38.38:859][  0]LogUdpMessaging: Initializing bridge on interface 0.0.0.0:0 to multicast group 230.0.0.1:6666.
[2017.09.11-17.38.39:603][  0]LogMaterial: Uniform references updated for custom material expression Custom.
[2017.09.11-17.38.40:120][  0]SourceControl: Info Source control is disabled
[2017.09.11-17.38.40:249][  0]SourceControl: Info Source control is disabled
[2017.09.11-17.38.40:313][  0]SourceControl: Info Source control is disabled
[2017.09.11-17.38.40:375][  0]SourceControl: Info Source control is disabled
[2017.09.11-17.38.41:252][  0]LogAndroidPermission: UAndroidPermissionCallbackProxy::GetInstance
[2017.09.11-17.38.41:977][  0]LogEngine: Initializing Engine...
[2017.09.11-17.38.41:979][  0]LogHMD: Failed to initialize OpenVR with code 110
[2017.09.11-17.38.42:252][  0]LogStats: UGameplayTagsManager::ConstructGameplayTagTree: Construct from data asset -  0.000 s
[2017.09.11-17.38.42:253][  0]LogStats: UGameplayTagsManager::ConstructGameplayTagTree: GameplayTagTreeChangedEvent.Broadcast -  0.000 s
[2017.09.11-17.38.42:449][  0]LogAIModule: Creating AISystem for world Untitled
[2017.09.11-17.38.42:465][  0]LogInit: XAudio2 using 'Altavoces (Realtek High Definition Audio)' : 2 channels at 48 kHz using 32 bits per sample (channel mask 0x3)
[2017.09.11-17.38.42:486][  0]LogInit: FAudioDevice initialized.
[2017.09.11-17.38.42:543][  0]LogDerivedDataCache: Saved boot cache 0.06s 90MB C:/Users/cripe/AppData/Local/UnrealEngine/4.16/DerivedDataCache/Boot.ddc.
[2017.09.11-17.38.42:553][  0]LogInit: Texture streaming: Enabled
[2017.09.11-17.38.42:652][  0]LogEngineSessionManager: EngineSessionManager initialized
[2017.09.11-17.38.42:938][  0]LogWindowsTextInputMethodSystem:Display: IME system now deactivated.
[2017.09.11-17.38.42:999][  0]LogInit: Transaction tracking system initialized
[2017.09.11-17.38.43:477][  0]BlueprintLog: New page: Editor Load
[2017.09.11-17.38.44:710][  0]LocalizationService: Info Localization service is disabled
[2017.09.11-17.38.45:677][  0]LogConsoleResponse:Display: 
[2017.09.11-17.38.45:964][  0]LogCook:Display: Max memory allowance for cook 16384mb min free memory 0mb
[2017.09.11-17.38.45:964][  0]LogCook:Display: Mobile HDR setting 1
[2017.09.11-17.38.46:721][  0]LogFileCache: Scanning file cache for directory 'E:/Usuario/Ruben/UNIVERSIDAD/TFG/Postwar/Content/' took 0.07s
[2017.09.11-17.38.47:425][  0]SourceControl: Info Source control is disabled
[2017.09.11-17.38.47:427][  0]Cmd: MAP LOAD FILE="E:/Usuario/Ruben/UNIVERSIDAD/TFG/Postwar/Content/FirstPersonBP/PostWar/Niveles/MainMenu.umap" TEMPLATE=0 SHOWPROGRESS=1 FEATURELEVEL=3
[2017.09.11-17.38.47:522][  0]LightingResults: New page: Lighting Build
[2017.09.11-17.38.47:578][  0]MapCheck: New page: Map Check
[2017.09.11-17.38.47:578][  0]LightingResults: New page: Lighting Build
[2017.09.11-17.38.51:283][  0]LogAIModule: Creating AISystem for world MainMenu
[2017.09.11-17.38.51:288][  0]LogEditorServer: Finished looking for orphan Actors (0.000 secs)
[2017.09.11-17.38.51:323][  0]Cmd: MAP CHECKDEP NOCLEARLOG
[2017.09.11-17.38.51:430][  0]MapCheck: Info Map check complete: 0 Error(s), 0 Warning(s), took 106.088ms to complete.
[2017.09.11-17.38.51:430][  0]LogFileHelpers: Loading map 'MainMenu' took 4.003
[2017.09.11-17.38.51:702][  0]LogCollectionManager: Loaded 0 collections in 0.003711 seconds
[2017.09.11-17.38.51:809][  0]LogFileCache: Scanning file cache for directory 'E:/Usuario/Ruben/UNIVERSIDAD/TFG/Postwar/Saved/Collections/' took 0.01s
[2017.09.11-17.38.51:809][  0]LogFileCache: Scanning file cache for directory 'E:/Usuario/Ruben/UNIVERSIDAD/TFG/Postwar/Content/Developers/cripe/Collections/' took 0.01s
[2017.09.11-17.38.51:809][  0]LogFileCache: Scanning file cache for directory 'E:/Usuario/Ruben/UNIVERSIDAD/TFG/Postwar/Content/Collections/' took 0.01s
[2017.09.11-17.38.51:809][  0]LogCollectionManager: Rebuilt the GUID cache for 0 collections in 0.000002 seconds
[2017.09.11-17.38.51:821][  0]LogContentBrowser: Native class hierarchy populated in 0.0105 seconds. Added 2329 classes and 491 folders.
[2017.09.11-17.38.51:897][  0]LogContentBrowser: Native class hierarchy updated for 'WidgetCarousel' in 0.0006 seconds. Added 0 classes and 0 folders.
[2017.09.11-17.38.52:052][  0]LogContentBrowser: Native class hierarchy updated for 'AddContentDialog' in 0.0006 seconds. Added 0 classes and 0 folders.
[2017.09.11-17.38.52:112][  0]LogContentBrowser: Native class hierarchy updated for 'SceneOutliner' in 0.0023 seconds. Added 1 classes and 2 folders.
[2017.09.11-17.38.52:341][  0]LogCrashTracker: Crashtracker disabled due to settings.
[2017.09.11-17.38.52:356][  0]LogSlate: Took 0.001277 seconds to synchronously load lazily loaded font '../../../Engine/Content/Slate/Fonts/Roboto-Regular.ttf' (155K)
[2017.09.11-17.38.52:359][  0]LogSlate: Took 0.001217 seconds to synchronously load lazily loaded font '../../../Engine/Content/Slate/Fonts/Roboto-Bold.ttf' (160K)
[2017.09.11-17.38.52:365][  0]LogSlate: Took 0.001259 seconds to synchronously load lazily loaded font '../../../Engine/Content/Editor/Slate/Fonts/FontAwesome.ttf' (139K)
[2017.09.11-17.38.52:564][  0]LogRenderer: Reallocating scene render targets to support 1272x680 NumSamples 1 (Frame:1).
[2017.09.11-17.38.52:774][  0]LogUObjectGlobals:Warning: Failed to find object 'Class None.'
[2017.09.11-17.38.52:859][  0]LogContentBrowser: Native class hierarchy updated for 'HierarchicalLODOutliner' in 0.0007 seconds. Added 1 classes and 2 folders.
[2017.09.11-17.38.52:859][  0]LogLoad: (Engine Initialization) Total time: 30.37 seconds
[2017.09.11-17.38.52:859][  0]LogLoad: (Engine Initialization) Total Blueprint compile time: 0.61 seconds
[2017.09.11-17.38.52:859][  0]LogExternalProfiler: Found external profiler: VSPerf
[2017.09.11-17.38.52:859][  0]LogExternalProfiler: Using external profiler: VSPerf
[2017.09.11-17.38.52:878][  0]LogOcInput: OculusInput pre-init called
[2017.09.11-17.38.52:879][  0]LogHMD: Starting GearVRController plugin
[2017.09.11-17.38.52:919][  0]LogContentStreaming: Texture pool size now 1000 MB
[2017.09.11-17.38.52:981][  0]LogSlate: Took 0.001297 seconds to synchronously load lazily loaded font '../../../Engine/Content/Slate/Fonts/Roboto-Light.ttf' (159K)
[2017.09.11-17.38.53:089][  4]LogAssetRegistry: Asset discovery search completed in 18.5812 seconds
[2017.09.11-17.38.53:095][  4]LogCollectionManager: Rebuilt the object cache for 0 collections in 0.000001 seconds (found 0 objects)
[2017.09.11-17.38.53:095][  4]LogCollectionManager: Fixed up redirectors for 0 collections in 0.000060 seconds (updated 0 objects)
[2017.09.11-17.38.57:992][287]LogFileCache: Retrieving MD5 hashes for directory 'E:/Usuario/Ruben/UNIVERSIDAD/TFG/Postwar/Content/' took 5.09s
[2017.09.11-17.40.11:961][495]LogSlate: Took 0.000266 seconds to synchronously load lazily loaded font '../../../Engine/Content/Slate/Fonts/Roboto-Light.ttf' (159K)
[2017.09.11-17.40.12:453][495]LogSlate: Took 0.000266 seconds to synchronously load lazily loaded font '../../../Engine/Content/Slate/Fonts/Roboto-Regular.ttf' (155K)
[2017.09.11-17.40.12:594][495]LogContentBrowser: Native class hierarchy updated for 'BlueprintGraph' in 0.0010 seconds. Added 112 classes and 0 folders.
[2017.09.11-17.40.13:687][495]LogSlate: Took 0.001958 seconds to synchronously load lazily loaded font '../../../Engine/Content/Editor/Slate/Fonts/Roboto-BoldCondensed.ttf' (158K)
[2017.09.11-17.40.22:209][912]BlueprintLog: New page: Compile FirstPersonCharacter
[2017.09.11-17.40.33:818][386]LogSlate: Took 0.002710 seconds to synchronously load lazily loaded font '../../../Engine/Content/Editor/Slate/Fonts/Roboto-Italic.ttf' (157K)
[2017.09.11-17.41.07:545][199]Cmd: OBJ SAVEPACKAGE PACKAGE="/Game/FirstPersonBP/PostWar/IA/Zombi" FILE="E:/Usuario/Ruben/UNIVERSIDAD/TFG/Postwar/Content/FirstPersonBP/PostWar/IA/Zombi.uasset" SILENT=true
[2017.09.11-17.41.07:785][199]LogSavePackage: Save=135.76ms
[2017.09.11-17.41.07:785][199]LogSavePackage: Moving 'E:/Usuario/Ruben/UNIVERSIDAD/TFG/Postwar/Saved/ZombiF4869A934BFF2CCED2ED638515EB8C95.tmp' to 'E:/Usuario/Ruben/UNIVERSIDAD/TFG/Postwar/Content/FirstPersonBP/PostWar/IA/Zombi.uasset'
[2017.09.11-17.41.07:788][199]LogSavePackage:Display: Finished SavePackage E:/Usuario/Ruben/UNIVERSIDAD/TFG/Postwar/Content/FirstPersonBP/PostWar/IA/Zombi.uasset
[2017.09.11-17.41.08:923][254]BlueprintLog: New page: Compile Zombi
[2017.09.11-17.41.09:695][279]Cmd: OBJ SAVEPACKAGE PACKAGE="/Game/FirstPersonBP/PostWar/IA/Zombi" FILE="E:/Usuario/Ruben/UNIVERSIDAD/TFG/Postwar/Content/FirstPersonBP/PostWar/IA/Zombi.uasset" SILENT=true
[2017.09.11-17.41.09:848][279]LogSavePackage: Save=149.31ms
[2017.09.11-17.41.09:848][279]LogSavePackage: Moving 'E:/Usuario/Ruben/UNIVERSIDAD/TFG/Postwar/Saved/ZombiB3EDC8B74A3400D6CB7E348962AAD74C.tmp' to 'E:/Usuario/Ruben/UNIVERSIDAD/TFG/Postwar/Content/FirstPersonBP/PostWar/IA/Zombi.uasset'
[2017.09.11-17.41.09:849][279]LogSavePackage:Display: Finished SavePackage E:/Usuario/Ruben/UNIVERSIDAD/TFG/Postwar/Content/FirstPersonBP/PostWar/IA/Zombi.uasset
[2017.09.11-17.41.12:374][419]LogTemp: Repeting last play command: Selected Viewport
[2017.09.11-17.41.12:659][419]LogBlueprintUserMessages: Early PlayInEditor Detection: Level '/Game/FirstPersonBP/PostWar/Niveles/MainMenu.MainMenu:PersistentLevel' has LevelScriptBlueprint '/Game/FirstPersonBP/PostWar/Niveles/MainMenu.MainMenu:PersistentLevel.MainMenu' with GeneratedClass '/Game/FirstPersonBP/PostWar/Niveles/MainMenu.MainMenu_C' with ClassGeneratedBy '/Game/FirstPersonBP/PostWar/Niveles/MainMenu.MainMenu:PersistentLevel.MainMenu'
[2017.09.11-17.41.12:659][419]LogPlayLevel: PlayLevel: No blueprints needed recompiling
[2017.09.11-17.41.12:660][419]PIE: New page: PIE session: MainMenu (Sep 11, 2017, 9:41:12 PM)
[2017.09.11-17.41.12:660][419]LogPlayLevel: Creating play world package: /Game/FirstPersonBP/PostWar/Niveles/UEDPIE_0_MainMenu
[2017.09.11-17.41.12:662][419]LogPlayLevel: PIE: StaticDuplicateObject took: (0.001809s)
[2017.09.11-17.41.12:663][419]LogAIModule: Creating AISystem for world MainMenu
[2017.09.11-17.41.12:663][419]LogPlayLevel: PIE: World Init took: (0.000632s)
[2017.09.11-17.41.12:663][419]LogPlayLevel: PIE: Created PIE world by copying editor world from /Game/FirstPersonBP/PostWar/Niveles/MainMenu.MainMenu to /Game/FirstPersonBP/PostWar/Niveles/UEDPIE_0_MainMenu.MainMenu (0.002630s)
[2017.09.11-17.41.12:695][419]LogInit: XAudio2 using 'Altavoces (Realtek High Definition Audio)' : 2 channels at 48 kHz using 32 bits per sample (channel mask 0x3)
[2017.09.11-17.41.12:711][419]LogInit: FAudioDevice initialized.
[2017.09.11-17.41.12:763][419]LogLoad: Game class is 'MiMenuGameMode_C'
[2017.09.11-17.41.12:768][419]LogWorld: Bringing World /Game/FirstPersonBP/PostWar/Niveles/UEDPIE_0_MainMenu.MainMenu up for play (max tick rate 60) at 2017.09.11-19.41.12
[2017.09.11-17.41.12:769][419]LogWorld: Bringing up level for play took: 0.002866
[2017.09.11-17.41.12:773][419]LogSpawn:Warning: SpawnActor failed because no class was specified
[2017.09.11-17.41.12:824][419]LogContentBrowser: Native class hierarchy updated for 'MovieSceneCapture' in 0.0007 seconds. Added 11 classes and 0 folders.
[2017.09.11-17.41.12:897][419]Cmd: DISABLEALLSCREENMESSAGES
[2017.09.11-17.41.12:899][419]LogEngine: Onscreen warnings/messages are now DISABLED
[2017.09.11-17.41.12:900][419]PIE: Info Play in editor start time for /Game/FirstPersonBP/PostWar/Niveles/UEDPIE_0_MainMenu 0.385
[2017.09.11-17.41.12:901][419]LogBlueprintUserMessages: Late PlayInEditor Detection: Level '/Game/FirstPersonBP/PostWar/Niveles/MainMenu.MainMenu:PersistentLevel' has LevelScriptBlueprint '/Game/FirstPersonBP/PostWar/Niveles/MainMenu.MainMenu:PersistentLevel.MainMenu' with GeneratedClass '/Game/FirstPersonBP/PostWar/Niveles/MainMenu.MainMenu_C' with ClassGeneratedBy '/Game/FirstPersonBP/PostWar/Niveles/MainMenu.MainMenu:PersistentLevel.MainMenu'
[2017.09.11-17.41.14:409][499]LogNet: Browse: /Game/FirstPersonBP/PostWar/Niveles/Mapa
[2017.09.11-17.41.14:410][499]LogLoad: LoadMap: /Game/FirstPersonBP/PostWar/Niveles/Mapa
[2017.09.11-17.41.14:431][499]Cmd: MEM
[2017.09.11-17.41.14:456][499]LogMemory: Platform Memory Stats for Windows
[2017.09.11-17.41.14:456][499]LogMemory: Process Physical Memory: 1503.73 MB used, 1503.73 MB peak
[2017.09.11-17.41.14:456][499]LogMemory: Process Virtual Memory: 2215.50 MB used, 2216.25 MB peak
[2017.09.11-17.41.14:456][499]LogMemory: Physical Memory: 8233.83 MB used,  8069.31 MB free, 16303.14 MB total
[2017.09.11-17.41.14:456][499]LogMemory: Virtual Memory: 3006.17 MB used,  8069.31 MB free, 134217728.00 MB total
[2017.09.11-17.41.14:456][499]LogMemory: 
[2017.09.11-17.41.14:456][499]Allocator Stats for TBB: (not implemented)
[2017.09.11-17.41.21:392][499]LogLinker:Warning: Can't find file '/Game/FirstPersonBP/PostWar/Models/Bathroom/materiales/AmbientOcclusionMap'
[2017.09.11-17.41.21:392][499]LogLinker:Warning: Can't find file for asset '/Game/FirstPersonBP/PostWar/Models/Bathroom/materiales/AmbientOcclusionMap' while loading E:/Usuario/Ruben/UNIVERSIDAD/TFG/Postwar/Content/FirstPersonBP/PostWar/Models/Bathroom/materiales/texturaDucha_Mat.uasset.
[2017.09.11-17.41.21:392][499]LoadErrors:Error: Error /Game/FirstPersonBP/PostWar/Models/Bathroom/materiales/texturaDucha_Mat : Can't find file for asset. /Game/FirstPersonBP/PostWar/Models/Bathroom/materiales/AmbientOcclusionMap
[2017.09.11-17.41.21:471][499]LogLinker:Warning: Can't find file '/Game/FirstPersonBP/PostWar/Models/Bathroom/materiales/AmbientOcclusionMap'
[2017.09.11-17.41.21:471][499]LogLinker:Warning: Can't find file for asset '/Game/FirstPersonBP/PostWar/Models/Bathroom/materiales/AmbientOcclusionMap' while loading E:/Usuario/Ruben/UNIVERSIDAD/TFG/Postwar/Content/FirstPersonBP/PostWar/Models/Bathroom/materiales/texturaDucha_Mat.uasset.
[2017.09.11-17.41.45:960][499]LogLinker:Warning: Can't find file '/Game/FirstPersonBP/PostWar/Models/Bathroom/materiales/AmbientOcclusionMap'
[2017.09.11-17.41.45:961][499]LoadErrors: Info Failed to load /Game/FirstPersonBP/PostWar/Models/Bathroom/materiales/AmbientOcclusionMap.AmbientOcclusionMap Referenced by MaterialExpressionTextureSample_1
[2017.09.11-17.41.45:961][499]LogLinker:Warning: Can't find file for asset '/Game/FirstPersonBP/PostWar/Models/Bathroom/materiales/AmbientOcclusionMap' while loading NULL.
[2017.09.11-17.41.52:099][499]LogMaterial: Missing cached shader map for material Material__386, compiling. 
[2017.09.11-17.41.52:102][499]LogMaterial:Warning: Failed to compile Material /Game/FirstPersonBP/PostWar/Models/Power-up/Material__386.Material__386 for platform PCD3D_SM5, Default Material will be used in game.
[2017.09.11-17.41.52:102][499]LogMaterial:Warning: 	(Node TextureSample) Texture Sample> Missing input texture
[2017.09.11-17.41.53:289][499]LogMaterial: Missing cached shader map for material Metal_Galvanized, compiling. 
[2017.09.11-17.41.53:290][499]LogMaterial:Warning: Failed to compile Material /Game/FirstPersonBP/PostWar/Models/armasHabitacion/Metal_Galvanized.Metal_Galvanized for platform PCD3D_SM5, Default Material will be used in game.
[2017.09.11-17.41.53:290][499]LogMaterial:Warning: 	(Node TextureSample) TextureSample> Sampler type is Normal, should be Color for /Game/FirstPersonBP/PostWar/Models/armasHabitacion/Camo.Camo
[2017.09.11-17.42.13:114][499]LogAIModule: Creating AISystem for world Mapa
[2017.09.11-17.42.13:115][499]LogLoad: Game class is 'FirstPersonGameMode_C'
[2017.09.11-17.42.13:274][499]LogWorld: Bringing World /Game/FirstPersonBP/PostWar/Niveles/UEDPIE_0_Mapa.Mapa up for play (max tick rate 60) at 2017.09.11-19.42.13
[2017.09.11-17.42.13:286][499]LogWorld: Bringing up level for play took: 0.169450
[2017.09.11-17.42.13:318][499]LogLoad: Took 58.907963 seconds to LoadMap(/Game/FirstPersonBP/PostWar/Niveles/Mapa)
[2017.09.11-17.42.13:356][499]LogScript:Warning: Accessed None trying to read property Equipada
	BasicAmmo_C /Engine/Transient.UnrealEdEngine_0:GameInstance_0.BasicAmmo_C_1
	Function /Game/FirstPersonBP/PostWar/HUD/BasicAmmo.BasicAmmo_C:MunicionActual:00D5
[2017.09.11-17.42.13:356][499]LogScript:Warning: Accessed None trying to read property Equipada
	BasicAmmo_C /Engine/Transient.UnrealEdEngine_0:GameInstance_0.BasicAmmo_C_1
	Function /Game/FirstPersonBP/PostWar/HUD/BasicAmmo.BasicAmmo_C:MunicionTotal:00D5
[2017.09.11-17.42.13:357][499]LogScript:Warning: Accessed None trying to read property Equipada
	BasicAmmo_C /Engine/Transient.UnrealEdEngine_0:GameInstance_0.BasicAmmo_C_1
	Function /Game/FirstPersonBP/PostWar/HUD/BasicAmmo.BasicAmmo_C:Recargando:00AB
[2017.09.11-17.42.13:420][500]LogScript:Warning: Accessed None trying to read property Equipada
	BasicAmmo_C /Engine/Transient.UnrealEdEngine_0:GameInstance_0.BasicAmmo_C_1
	Function /Game/FirstPersonBP/PostWar/HUD/BasicAmmo.BasicAmmo_C:MunicionActual:00D5
[2017.09.11-17.42.13:420][500]LogScript:Warning: Accessed None trying to read property Equipada
	BasicAmmo_C /Engine/Transient.UnrealEdEngine_0:GameInstance_0.BasicAmmo_C_1
	Function /Game/FirstPersonBP/PostWar/HUD/BasicAmmo.BasicAmmo_C:MunicionTotal:00D5
[2017.09.11-17.42.13:421][500]LogScript:Warning: Accessed None trying to read property Equipada
	BasicAmmo_C /Engine/Transient.UnrealEdEngine_0:GameInstance_0.BasicAmmo_C_1
	Function /Game/FirstPersonBP/PostWar/HUD/BasicAmmo.BasicAmmo_C:Recargando:00AB
[2017.09.11-17.42.13:655][501]LogScript:Warning: Accessed None trying to read property Equipada
	BasicAmmo_C /Engine/Transient.UnrealEdEngine_0:GameInstance_0.BasicAmmo_C_1
	Function /Game/FirstPersonBP/PostWar/HUD/BasicAmmo.BasicAmmo_C:MunicionActual:00D5
[2017.09.11-17.42.13:655][501]LogScript:Warning: Accessed None trying to read property Equipada
	BasicAmmo_C /Engine/Transient.UnrealEdEngine_0:GameInstance_0.BasicAmmo_C_1
	Function /Game/FirstPersonBP/PostWar/HUD/BasicAmmo.BasicAmmo_C:MunicionTotal:00D5
[2017.09.11-17.42.13:655][501]LogScript:Warning: Accessed None trying to read property Equipada
	BasicAmmo_C /Engine/Transient.UnrealEdEngine_0:GameInstance_0.BasicAmmo_C_1
	Function /Game/FirstPersonBP/PostWar/HUD/BasicAmmo.BasicAmmo_C:Recargando:00AB
[2017.09.11-17.42.13:832][502]LogScript:Warning: Accessed None trying to read property Equipada
	BasicAmmo_C /Engine/Transient.UnrealEdEngine_0:GameInstance_0.BasicAmmo_C_1
	Function /Game/FirstPersonBP/PostWar/HUD/BasicAmmo.BasicAmmo_C:MunicionActual:00D5
[2017.09.11-17.42.13:832][502]LogScript:Warning: Accessed None trying to read property Equipada
	BasicAmmo_C /Engine/Transient.UnrealEdEngine_0:GameInstance_0.BasicAmmo_C_1
	Function /Game/FirstPersonBP/PostWar/HUD/BasicAmmo.BasicAmmo_C:MunicionTotal:00D5
[2017.09.11-17.42.13:832][502]LogScript:Warning: Accessed None trying to read property Equipada
	BasicAmmo_C /Engine/Transient.UnrealEdEngine_0:GameInstance_0.BasicAmmo_C_1
	Function /Game/FirstPersonBP/PostWar/HUD/BasicAmmo.BasicAmmo_C:Recargando:00AB
[2017.09.11-17.42.13:891][503]LogScript:Warning: Accessed None trying to read property Equipada
	BasicAmmo_C /Engine/Transient.UnrealEdEngine_0:GameInstance_0.BasicAmmo_C_1
	Function /Game/FirstPersonBP/PostWar/HUD/BasicAmmo.BasicAmmo_C:MunicionActual:00D5
[2017.09.11-17.42.13:891][503]LogScript:Warning: Accessed None trying to read property Equipada
	BasicAmmo_C /Engine/Transient.UnrealEdEngine_0:GameInstance_0.BasicAmmo_C_1
	Function /Game/FirstPersonBP/PostWar/HUD/BasicAmmo.BasicAmmo_C:MunicionTotal:00D5
[2017.09.11-17.42.13:891][503]LogScript:Warning: Accessed None trying to read property Equipada
	BasicAmmo_C /Engine/Transient.UnrealEdEngine_0:GameInstance_0.BasicAmmo_C_1
	Function /Game/FirstPersonBP/PostWar/HUD/BasicAmmo.BasicAmmo_C:Recargando:00AB
[2017.09.11-17.42.13:930][504]LogScript:Warning: Accessed None trying to read property Equipada
	BasicAmmo_C /Engine/Transient.UnrealEdEngine_0:GameInstance_0.BasicAmmo_C_1
	Function /Game/FirstPersonBP/PostWar/HUD/BasicAmmo.BasicAmmo_C:MunicionActual:00D5
[2017.09.11-17.42.13:930][504]LogScript:Warning: Accessed None trying to read property Equipada
	BasicAmmo_C /Engine/Transient.UnrealEdEngine_0:GameInstance_0.BasicAmmo_C_1
	Function /Game/FirstPersonBP/PostWar/HUD/BasicAmmo.BasicAmmo_C:MunicionTotal:00D5
[2017.09.11-17.42.27:470][304]LogCharacterMovement: Zombi_C_5 is stuck and failed to move! Velocity: X=-240.80 Y=-111.90 Z=0.00 Location: X=498.75 Y=-3668.73 Z=292.12 Normal: X=0.36 Y=-0.93 Z=0.00 PenetrationDepth:3.060 Actor:mac2_42 Component:StaticMeshComponent0 BoneName:None (0 other events since notify)
[2017.09.11-17.43.42:755][797]LogBlueprintUserMessages: [M4a1_C_0] Recarga interrumpida
[2017.09.11-17.43.59:051][440]Cmd: LevelEditor.ToggleImmersive
[2017.09.11-17.43.59:212][441]LogRenderer: Reallocating scene render targets to support 1536x828 NumSamples 1 (Frame:5943).
[2017.09.11-17.43.59:287][442]LogRenderer: Reallocating scene render targets to support 1920x1040 NumSamples 1 (Frame:5945).
[2017.09.11-17.44.52:231][846]LogBlueprintUserMessages: [shotgun_C_1] Recarga interrumpida
[2017.09.11-17.45.47:368][453]LogBlueprintUserMessages: [M4a1_C_0] Recarga interrumpida
[2017.09.11-17.46.03:864][ 31]LogBlueprintUserMessages: [shotgun_C_1] Recarga interrumpida
[2017.09.11-17.47.10:140][618]LogBlueprintUserMessages: [M4a1_C_0] Recarga interrumpida
[2017.09.11-17.47.40:339][814]LogNet: Browse: /Game/FirstPersonBP/PostWar/Niveles/MainMenu
[2017.09.11-17.47.40:361][814]LogLoad: LoadMap: /Game/FirstPersonBP/PostWar/Niveles/MainMenu
[2017.09.11-17.47.40:457][814]Cmd: MEM
[2017.09.11-17.47.40:488][814]LogMemory: Platform Memory Stats for Windows
[2017.09.11-17.47.40:488][814]LogMemory: Process Physical Memory: 4251.65 MB used, 5618.54 MB peak
[2017.09.11-17.47.40:488][814]LogMemory: Process Virtual Memory: 6531.84 MB used, 7121.93 MB peak
[2017.09.11-17.47.40:488][814]LogMemory: Physical Memory: 10892.61 MB used,  5410.53 MB free, 16303.14 MB total
[2017.09.11-17.47.40:488][814]LogMemory: Virtual Memory: 7530.86 MB used,  5410.53 MB free, 134217728.00 MB total
[2017.09.11-17.47.40:488][814]LogMemory: 
[2017.09.11-17.47.40:488][814]Allocator Stats for TBB: (not implemented)
[2017.09.11-17.47.40:488][814]LogPlayLevel: Creating play world package: /Game/FirstPersonBP/PostWar/Niveles/UEDPIE_0_MainMenu
[2017.09.11-17.47.40:491][814]LogPlayLevel: PIE: StaticDuplicateObject took: (0.002272s)
[2017.09.11-17.47.40:491][814]LogAIModule: Creating AISystem for world MainMenu
[2017.09.11-17.47.40:492][814]LogPlayLevel: PIE: World Init took: (0.000752s)
[2017.09.11-17.47.40:492][814]LogPlayLevel: PIE: Created PIE world by copying editor world from /Game/FirstPersonBP/PostWar/Niveles/MainMenu.MainMenu to /Game/FirstPersonBP/PostWar/Niveles/UEDPIE_0_MainMenu.MainMenu (0.003396s)
[2017.09.11-17.47.40:492][814]LogLoad: Game class is 'MiMenuGameMode_C'
[2017.09.11-17.47.40:494][814]LogWorld: Bringing World /Game/FirstPersonBP/PostWar/Niveles/UEDPIE_0_MainMenu.MainMenu up for play (max tick rate 0) at 2017.09.11-19.47.40
[2017.09.11-17.47.40:494][814]LogWorld: Bringing up level for play took: 0.001016
[2017.09.11-17.47.40:495][814]LogGameMode: FindPlayerStart: PATHS NOT DEFINED or NO PLAYERSTART with positive rating
[2017.09.11-17.47.40:495][814]LogSpawn:Warning: SpawnActor failed because no class was specified
[2017.09.11-17.47.40:502][814]Cmd: DISABLEALLSCREENMESSAGES
[2017.09.11-17.47.40:502][814]LogEngine: Onscreen warnings/messages are now DISABLED
[2017.09.11-17.47.40:503][814]LogLoad: Took 0.141502 seconds to LoadMap(/Game/FirstPersonBP/PostWar/Niveles/UEDPIE_0_MainMenu)
[2017.09.11-17.48.50:954][170]LogNet: Browse: /Game/FirstPersonBP/PostWar/Niveles/Mapa
[2017.09.11-17.48.50:954][170]LogLoad: LoadMap: /Game/FirstPersonBP/PostWar/Niveles/Mapa
[2017.09.11-17.48.50:982][170]Cmd: MEM
[2017.09.11-17.48.51:002][170]LogMemory: Platform Memory Stats for Windows
[2017.09.11-17.48.51:002][170]LogMemory: Process Physical Memory: 4203.25 MB used, 5618.54 MB peak
[2017.09.11-17.48.51:002][170]LogMemory: Process Virtual Memory: 6570.36 MB used, 7121.93 MB peak
[2017.09.11-17.48.51:002][170]LogMemory: Physical Memory: 10487.10 MB used,  5816.04 MB free, 16303.14 MB total
[2017.09.11-17.48.51:002][170]LogMemory: Virtual Memory: 7605.30 MB used,  5816.04 MB free, 134217728.00 MB total
[2017.09.11-17.48.51:002][170]LogMemory: 
[2017.09.11-17.48.51:003][170]Allocator Stats for TBB: (not implemented)
[2017.09.11-17.48.52:026][170]LogLinker:Warning: Can't find file '/Game/FirstPersonBP/PostWar/Models/Bathroom/materiales/AmbientOcclusionMap'
[2017.09.11-17.48.52:026][170]LogLinker:Warning: Can't find file for asset '/Game/FirstPersonBP/PostWar/Models/Bathroom/materiales/AmbientOcclusionMap' while loading E:/Usuario/Ruben/UNIVERSIDAD/TFG/Postwar/Content/FirstPersonBP/PostWar/Models/Bathroom/materiales/texturaDucha_Mat.uasset.
[2017.09.11-17.48.52:030][170]LogLinker:Warning: Can't find file '/Game/FirstPersonBP/PostWar/Models/Bathroom/materiales/AmbientOcclusionMap'
[2017.09.11-17.48.52:030][170]LogLinker:Warning: Can't find file for asset '/Game/FirstPersonBP/PostWar/Models/Bathroom/materiales/AmbientOcclusionMap' while loading E:/Usuario/Ruben/UNIVERSIDAD/TFG/Postwar/Content/FirstPersonBP/PostWar/Models/Bathroom/materiales/texturaDucha_Mat.uasset.
[2017.09.11-17.48.55:241][170]LogAIModule: Creating AISystem for world Mapa
[2017.09.11-17.48.55:242][170]LogLoad: Game class is 'FirstPersonGameMode_C'
[2017.09.11-17.48.55:323][170]LogWorld: Bringing World /Game/FirstPersonBP/PostWar/Niveles/UEDPIE_0_Mapa.Mapa up for play (max tick rate 60) at 2017.09.11-19.48.55
[2017.09.11-17.48.55:327][170]LogWorld: Bringing up level for play took: 0.084819
[2017.09.11-17.48.55:340][170]LogLoad: Took 4.385924 seconds to LoadMap(/Game/FirstPersonBP/PostWar/Niveles/Mapa)
[2017.09.11-17.48.55:357][170]LogScript:Warning: Accessed None trying to read property Equipada
	BasicAmmo_C /Engine/Transient.UnrealEdEngine_0:GameInstance_0.BasicAmmo_C_2
	Function /Game/FirstPersonBP/PostWar/HUD/BasicAmmo.BasicAmmo_C:MunicionActual:00D5
[2017.09.11-17.48.55:357][170]LogScript:Warning: Accessed None trying to read property Equipada
	BasicAmmo_C /Engine/Transient.UnrealEdEngine_0:GameInstance_0.BasicAmmo_C_2
	Function /Game/FirstPersonBP/PostWar/HUD/BasicAmmo.BasicAmmo_C:MunicionTotal:00D5
[2017.09.11-17.48.55:357][170]LogScript:Warning: Accessed None trying to read property Equipada
	BasicAmmo_C /Engine/Transient.UnrealEdEngine_0:GameInstance_0.BasicAmmo_C_2
	Function /Game/FirstPersonBP/PostWar/HUD/BasicAmmo.BasicAmmo_C:Recargando:00AB
[2017.09.11-17.48.55:374][171]LogScript:Warning: Accessed None trying to read property Equipada
	BasicAmmo_C /Engine/Transient.UnrealEdEngine_0:GameInstance_0.BasicAmmo_C_2
	Function /Game/FirstPersonBP/PostWar/HUD/BasicAmmo.BasicAmmo_C:MunicionActual:00D5
[2017.09.11-17.48.55:374][171]LogScript:Warning: Accessed None trying to read property Equipada
	BasicAmmo_C /Engine/Transient.UnrealEdEngine_0:GameInstance_0.BasicAmmo_C_2
	Function /Game/FirstPersonBP/PostWar/HUD/BasicAmmo.BasicAmmo_C:MunicionTotal:00D5
[2017.09.11-17.48.55:374][171]LogScript:Warning: Accessed None trying to read property Equipada
	BasicAmmo_C /Engine/Transient.UnrealEdEngine_0:GameInstance_0.BasicAmmo_C_2
	Function /Game/FirstPersonBP/PostWar/HUD/BasicAmmo.BasicAmmo_C:Recargando:00AB
[2017.09.11-17.48.55:476][172]LogScript:Warning: Accessed None trying to read property Equipada
	BasicAmmo_C /Engine/Transient.UnrealEdEngine_0:GameInstance_0.BasicAmmo_C_2
	Function /Game/FirstPersonBP/PostWar/HUD/BasicAmmo.BasicAmmo_C:MunicionActual:00D5
[2017.09.11-17.48.55:476][172]LogScript:Warning: Accessed None trying to read property Equipada
	BasicAmmo_C /Engine/Transient.UnrealEdEngine_0:GameInstance_0.BasicAmmo_C_2
	Function /Game/FirstPersonBP/PostWar/HUD/BasicAmmo.BasicAmmo_C:MunicionTotal:00D5
[2017.09.11-17.48.55:476][172]LogScript:Warning: Accessed None trying to read property Equipada
	BasicAmmo_C /Engine/Transient.UnrealEdEngine_0:GameInstance_0.BasicAmmo_C_2
	Function /Game/FirstPersonBP/PostWar/HUD/BasicAmmo.BasicAmmo_C:Recargando:00AB
[2017.09.11-17.48.55:506][173]LogScript:Warning: Accessed None trying to read property Equipada
	BasicAmmo_C /Engine/Transient.UnrealEdEngine_0:GameInstance_0.BasicAmmo_C_2
	Function /Game/FirstPersonBP/PostWar/HUD/BasicAmmo.BasicAmmo_C:MunicionActual:00D5
[2017.09.11-17.48.55:506][173]LogScript:Warning: Accessed None trying to read property Equipada
	BasicAmmo_C /Engine/Transient.UnrealEdEngine_0:GameInstance_0.BasicAmmo_C_2
	Function /Game/FirstPersonBP/PostWar/HUD/BasicAmmo.BasicAmmo_C:MunicionTotal:00D5
[2017.09.11-17.48.55:506][173]LogScript:Warning: Accessed None trying to read property Equipada
	BasicAmmo_C /Engine/Transient.UnrealEdEngine_0:GameInstance_0.BasicAmmo_C_2
	Function /Game/FirstPersonBP/PostWar/HUD/BasicAmmo.BasicAmmo_C:Recargando:00AB
[2017.09.11-17.48.55:537][174]LogScript:Warning: Accessed None trying to read property Equipada
	BasicAmmo_C /Engine/Transient.UnrealEdEngine_0:GameInstance_0.BasicAmmo_C_2
	Function /Game/FirstPersonBP/PostWar/HUD/BasicAmmo.BasicAmmo_C:MunicionActual:00D5
[2017.09.11-17.48.55:538][174]LogScript:Warning: Accessed None trying to read property Equipada
	BasicAmmo_C /Engine/Transient.UnrealEdEngine_0:GameInstance_0.BasicAmmo_C_2
	Function /Game/FirstPersonBP/PostWar/HUD/BasicAmmo.BasicAmmo_C:MunicionTotal:00D5
[2017.09.11-17.48.55:538][174]LogScript:Warning: Accessed None trying to read property Equipada
	BasicAmmo_C /Engine/Transient.UnrealEdEngine_0:GameInstance_0.BasicAmmo_C_2
	Function /Game/FirstPersonBP/PostWar/HUD/BasicAmmo.BasicAmmo_C:Recargando:00AB
[2017.09.11-17.48.55:559][175]LogScript:Warning: Accessed None trying to read property Equipada
	BasicAmmo_C /Engine/Transient.UnrealEdEngine_0:GameInstance_0.BasicAmmo_C_2
	Function /Game/FirstPersonBP/PostWar/HUD/BasicAmmo.BasicAmmo_C:MunicionActual:00D5
[2017.09.11-17.48.55:559][175]LogScript:Warning: Accessed None trying to read property Equipada
	BasicAmmo_C /Engine/Transient.UnrealEdEngine_0:GameInstance_0.BasicAmmo_C_2
	Function /Game/FirstPersonBP/PostWar/HUD/BasicAmmo.BasicAmmo_C:MunicionTotal:00D5
[2017.09.11-17.52.20:624][ 50]LogNet: Browse: /Game/FirstPersonBP/PostWar/Niveles/MainMenu
[2017.09.11-17.52.20:645][ 50]LogLoad: LoadMap: /Game/FirstPersonBP/PostWar/Niveles/MainMenu
[2017.09.11-17.52.20:694][ 50]Cmd: MEM
[2017.09.11-17.52.20:715][ 50]LogMemory: Platform Memory Stats for Windows
[2017.09.11-17.52.20:715][ 50]LogMemory: Process Physical Memory: 2907.84 MB used, 5618.54 MB peak
[2017.09.11-17.52.20:715][ 50]LogMemory: Process Virtual Memory: 6595.73 MB used, 8000.83 MB peak
[2017.09.11-17.52.20:715][ 50]LogMemory: Physical Memory: 10152.75 MB used,  6150.39 MB free, 16303.14 MB total
[2017.09.11-17.52.20:715][ 50]LogMemory: Virtual Memory: 7878.67 MB used,  6150.39 MB free, 134217728.00 MB total
[2017.09.11-17.52.20:715][ 50]LogMemory: 
[2017.09.11-17.52.20:715][ 50]Allocator Stats for TBB: (not implemented)
[2017.09.11-17.52.20:715][ 50]LogPlayLevel: Creating play world package: /Game/FirstPersonBP/PostWar/Niveles/UEDPIE_0_MainMenu
[2017.09.11-17.52.20:716][ 50]LogPlayLevel: PIE: StaticDuplicateObject took: (0.001057s)
[2017.09.11-17.52.20:717][ 50]LogAIModule: Creating AISystem for world MainMenu
[2017.09.11-17.52.20:717][ 50]LogPlayLevel: PIE: World Init took: (0.000593s)
[2017.09.11-17.52.20:717][ 50]LogPlayLevel: PIE: Created PIE world by copying editor world from /Game/FirstPersonBP/PostWar/Niveles/MainMenu.MainMenu to /Game/FirstPersonBP/PostWar/Niveles/UEDPIE_0_MainMenu.MainMenu (0.001884s)
[2017.09.11-17.52.20:717][ 50]LogLoad: Game class is 'MiMenuGameMode_C'
[2017.09.11-17.52.20:719][ 50]LogWorld: Bringing World /Game/FirstPersonBP/PostWar/Niveles/UEDPIE_0_MainMenu.MainMenu up for play (max tick rate 60) at 2017.09.11-19.52.20
[2017.09.11-17.52.20:719][ 50]LogWorld: Bringing up level for play took: 0.000892
[2017.09.11-17.52.20:719][ 50]LogGameMode: FindPlayerStart: PATHS NOT DEFINED or NO PLAYERSTART with positive rating
[2017.09.11-17.52.20:720][ 50]LogSpawn:Warning: SpawnActor failed because no class was specified
[2017.09.11-17.52.20:722][ 50]Cmd: DISABLEALLSCREENMESSAGES
[2017.09.11-17.52.20:722][ 50]LogEngine: Onscreen warnings/messages are now DISABLED
[2017.09.11-17.52.20:722][ 50]LogLoad: Took 0.077060 seconds to LoadMap(/Game/FirstPersonBP/PostWar/Niveles/UEDPIE_0_MainMenu)
[2017.09.11-17.52.22:044][130]LogBlueprintUserMessages: Early EndPlayMap Detection: Level '/Game/FirstPersonBP/PostWar/Niveles/MainMenu.MainMenu:PersistentLevel' has LevelScriptBlueprint '/Game/FirstPersonBP/PostWar/Niveles/MainMenu.MainMenu:PersistentLevel.MainMenu' with GeneratedClass '/Game/FirstPersonBP/PostWar/Niveles/MainMenu.MainMenu_C' with ClassGeneratedBy '/Game/FirstPersonBP/PostWar/Niveles/MainMenu.MainMenu:PersistentLevel.MainMenu'
[2017.09.11-17.52.22:116][130]LogBlueprintUserMessages: Late EndPlayMap Detection: Level '/Game/FirstPersonBP/PostWar/Niveles/MainMenu.MainMenu:PersistentLevel' has LevelScriptBlueprint '/Game/FirstPersonBP/PostWar/Niveles/MainMenu.MainMenu:PersistentLevel.MainMenu' with GeneratedClass '/Game/FirstPersonBP/PostWar/Niveles/MainMenu.MainMenu_C' with ClassGeneratedBy '/Game/FirstPersonBP/PostWar/Niveles/MainMenu.MainMenu:PersistentLevel.MainMenu'
[2017.09.11-17.52.26:174][370]Cmd: SELECT NONE
[2017.09.11-17.52.39:216][ 81]BlueprintLog: New page: Compile Zombi
[2017.09.11-17.52.39:964][102]Cmd: OBJ SAVEPACKAGE PACKAGE="/Game/FirstPersonBP/PostWar/IA/Zombi" FILE="E:/Usuario/Ruben/UNIVERSIDAD/TFG/Postwar/Content/FirstPersonBP/PostWar/IA/Zombi.uasset" SILENT=true
[2017.09.11-17.52.40:138][102]LogSavePackage: Save=170.20ms
[2017.09.11-17.52.40:138][102]LogSavePackage: Moving 'E:/Usuario/Ruben/UNIVERSIDAD/TFG/Postwar/Saved/ZombiDDC3102A42583032FF73B3A9DEDF009B.tmp' to 'E:/Usuario/Ruben/UNIVERSIDAD/TFG/Postwar/Content/FirstPersonBP/PostWar/IA/Zombi.uasset'
[2017.09.11-17.52.40:141][102]LogSavePackage:Display: Finished SavePackage E:/Usuario/Ruben/UNIVERSIDAD/TFG/Postwar/Content/FirstPersonBP/PostWar/IA/Zombi.uasset
[2017.09.11-17.52.45:539][412]BlueprintLog: New page: Compile FirstPersonCharacter
[2017.09.11-17.52.47:180][430]Cmd: OBJ SAVEPACKAGE PACKAGE="/Game/FirstPersonBP/Blueprints/FirstPersonCharacter" FILE="E:/Usuario/Ruben/UNIVERSIDAD/TFG/Postwar/Content/FirstPersonBP/Blueprints/FirstPersonCharacter.uasset" SILENT=true
[2017.09.11-17.52.47:696][430]LogSavePackage: Save=501.79ms
[2017.09.11-17.52.47:696][430]LogSavePackage: Moving 'E:/Usuario/Ruben/UNIVERSIDAD/TFG/Postwar/Saved/FirstPersonCharacterB0CAEBF243A59DD47B15469C0BF281AF.tmp' to 'E:/Usuario/Ruben/UNIVERSIDAD/TFG/Postwar/Content/FirstPersonBP/Blueprints/FirstPersonCharacter.uasset'
[2017.09.11-17.52.47:699][430]LogSavePackage:Display: Finished SavePackage E:/Usuario/Ruben/UNIVERSIDAD/TFG/Postwar/Content/FirstPersonBP/Blueprints/FirstPersonCharacter.uasset
[2017.09.11-17.52.57:674][ 18]BlueprintLog: New page: Compile FirstPersonCharacter
[2017.09.11-17.52.59:275][ 49]Cmd: OBJ SAVEPACKAGE PACKAGE="/Game/FirstPersonBP/Blueprints/FirstPersonCharacter" FILE="E:/Usuario/Ruben/UNIVERSIDAD/TFG/Postwar/Content/FirstPersonBP/Blueprints/FirstPersonCharacter.uasset" SILENT=true
[2017.09.11-17.52.59:784][ 49]LogSavePackage: Save=506.46ms
[2017.09.11-17.52.59:784][ 49]LogSavePackage: Moving 'E:/Usuario/Ruben/UNIVERSIDAD/TFG/Postwar/Saved/FirstPersonCharacter48693B924E5C4BDD51F142850ADE61C9.tmp' to 'E:/Usuario/Ruben/UNIVERSIDAD/TFG/Postwar/Content/FirstPersonBP/Blueprints/FirstPersonCharacter.uasset'
[2017.09.11-17.52.59:787][ 49]LogSavePackage:Display: Finished SavePackage E:/Usuario/Ruben/UNIVERSIDAD/TFG/Postwar/Content/FirstPersonBP/Blueprints/FirstPersonCharacter.uasset
[2017.09.11-17.53.03:620][266]LogActorComponent: UnregisterComponent: (/Engine/Transient.EditorFloorComp) Not registered. Aborting.
[2017.09.11-17.53.04:540][307]LogWindowsTextInputMethodSystem:Display: IME system now deactivated.
[2017.09.11-17.53.04:780][308]Cmd: QUIT_EDITOR
[2017.09.11-17.53.05:798][308]LogExit: Preparing to exit.
[2017.09.11-17.53.06:526][308]LogExit: Editor shut down
[2017.09.11-17.53.06:559][308]LogExit: Transaction tracking system shut down
[2017.09.11-17.53.09:018][308]LogObj: Freed 0b from 0 cluster array pools.
[2017.09.11-17.53.09:019][308]LogExit: Object subsystem successfully closed.
[2017.09.11-17.53.09:210][308]LogD3D11RHI: Shutdown
[2017.09.11-17.53.09:210][308]LogD3D11RHI: CleanupD3DDevice
[2017.09.11-17.53.09:552][308]LogD3D11RHI: ~FD3D11DynamicRHI
[2017.09.11-17.53.09:584][308]LogModuleManager: Shutting down and abandoning module MovieSceneCapture (530)
[2017.09.11-17.53.09:584][308]LogModuleManager: Shutting down and abandoning module BlueprintGraph (528)
[2017.09.11-17.53.09:584][308]LogModuleManager: Shutting down and abandoning module BlueprintProfiler (526)
[2017.09.11-17.53.09:586][308]LogModuleManager: Shutting down and abandoning module HierarchicalLODOutliner (524)
[2017.09.11-17.53.09:586][308]LogModuleManager: Shutting down and abandoning module CrashTracker (522)
[2017.09.11-17.53.09:586][308]LogModuleManager: Shutting down and abandoning module SceneOutliner (520)
[2017.09.11-17.53.09:586][308]LogModuleManager: Shutting down and abandoning module AddContentDialog (518)
[2017.09.11-17.53.09:587][308]LogDirectoryWatcher: A directory notification for 'D:/Program Files/Epic Games/UE_4.16/FeaturePacks/' was aborted.
[2017.09.11-17.53.09:597][308]LogModuleManager: Shutting down and abandoning module WidgetCarousel (517)
[2017.09.11-17.53.09:597][308]LogModuleManager: Shutting down and abandoning module EditorWidgets (514)
[2017.09.11-17.53.09:597][308]LogModuleManager: Shutting down and abandoning module CollectionManager (512)
[2017.09.11-17.53.09:597][308]LogDirectoryWatcher: A directory notification for 'E:/Usuario/Ruben/UNIVERSIDAD/TFG/Postwar/Content/Collections/' was aborted.
[2017.09.11-17.53.09:597][308]LogDirectoryWatcher: A directory notification for 'E:/Usuario/Ruben/UNIVERSIDAD/TFG/Postwar/Content/Developers/cripe/Collections/' was aborted.
[2017.09.11-17.53.09:597][308]LogDirectoryWatcher: A directory notification for 'E:/Usuario/Ruben/UNIVERSIDAD/TFG/Postwar/Saved/Collections/' was aborted.
[2017.09.11-17.53.09:597][308]LogModuleManager: Shutting down and abandoning module StatsViewer (510)
[2017.09.11-17.53.09:598][308]LogModuleManager: Shutting down and abandoning module FoliageEdit (508)
[2017.09.11-17.53.09:598][308]LogModuleManager: Shutting down and abandoning module LandscapeEditor (506)
[2017.09.11-17.53.09:599][308]LogModuleManager: Shutting down and abandoning module MeshPaintMode (504)
[2017.09.11-17.53.09:599][308]LogModuleManager: Shutting down and abandoning module SceneDepthPickerMode (502)
[2017.09.11-17.53.09:599][308]LogModuleManager: Shutting down and abandoning module ActorPickerMode (500)
[2017.09.11-17.53.09:599][308]LogModuleManager: Shutting down and abandoning module GeometryMode (498)
[2017.09.11-17.53.09:599][308]LogModuleManager: Shutting down and abandoning module TextureAlignMode (496)
[2017.09.11-17.53.09:599][308]LogModuleManager: Shutting down and abandoning module BspMode (494)
[2017.09.11-17.53.09:599][308]LogModuleManager: Shutting down and abandoning module HardwareSurvey (492)
[2017.09.11-17.53.09:599][308]LogModuleManager: Shutting down and abandoning module SequenceRecorderSections (490)
[2017.09.11-17.53.09:599][308]LogModuleManager: Shutting down and abandoning module AutomationWorker (488)
[2017.09.11-17.53.09:599][308]LogModuleManager: Shutting down and abandoning module MatineeToLevelSequence (486)
[2017.09.11-17.53.09:600][308]LogModuleManager: Shutting down and abandoning module LevelSequenceEditor (484)
[2017.09.11-17.53.09:603][308]LogModuleManager: Shutting down and abandoning module PlacementMode (483)
[2017.09.11-17.53.09:603][308]LogModuleManager: Shutting down and abandoning module WmfMediaFactory (480)
[2017.09.11-17.53.09:603][308]LogModuleManager: Shutting down and abandoning module WmfMediaEditor (478)
[2017.09.11-17.53.09:603][308]LogModuleManager: Shutting down and abandoning module AvfMediaFactory (476)
[2017.09.11-17.53.09:603][308]LogModuleManager: Shutting down and abandoning module AvfMediaEditor (474)
[2017.09.11-17.53.09:603][308]LogModuleManager: Shutting down and abandoning module AndroidMediaFactory (472)
[2017.09.11-17.53.09:603][308]LogModuleManager: Shutting down and abandoning module Media (471)
[2017.09.11-17.53.09:603][308]LogModuleManager: Shutting down and abandoning module AndroidMediaEditor (468)
[2017.09.11-17.53.09:603][308]LogModuleManager: Shutting down and abandoning module CharacterAI (466)
[2017.09.11-17.53.09:603][308]LogModuleManager: Shutting down and abandoning module AudioCapture (464)
[2017.09.11-17.53.09:603][308]LogModuleManager: Shutting down and abandoning module SequenceRecorder (463)
[2017.09.11-17.53.09:604][308]LogModuleManager: Shutting down and abandoning module SmartSnapping (460)
[2017.09.11-17.53.09:604][308]LogModuleManager: Shutting down and abandoning module SessionServices (458)
[2017.09.11-17.53.09:604][308]LogModuleManager: Shutting down and abandoning module ViewportSnapping (456)
[2017.09.11-17.53.09:604][308]LogModuleManager: Shutting down and abandoning module ViewportInteraction (454)
[2017.09.11-17.53.09:604][308]LogModuleManager: Shutting down and abandoning module ClothPainter (452)
[2017.09.11-17.53.09:605][308]LogModuleManager: Shutting down and abandoning module LogVisualizer (450)
[2017.09.11-17.53.09:607][308]LogModuleManager: Shutting down and abandoning module IntroTutorials (448)
[2017.09.11-17.53.09:608][308]LogModuleManager: Shutting down and abandoning module GameProjectGeneration (447)
[2017.09.11-17.53.09:610][308]LogModuleManager: Shutting down and abandoning module EditorLiveStreaming (444)
[2017.09.11-17.53.09:610][308]LogModuleManager: Shutting down and abandoning module IOSPlatformEditor (442)
[2017.09.11-17.53.09:610][308]LogModuleManager: Shutting down and abandoning module HTML5PlatformEditor (440)
[2017.09.11-17.53.09:610][308]LogModuleManager: Shutting down and abandoning module AndroidPlatformEditor (438)
[2017.09.11-17.53.09:610][308]LogModuleManager: Shutting down and abandoning module AndroidDeviceDetection (437)
[2017.09.11-17.53.10:512][308]LogModuleManager: Shutting down and abandoning module IOSRuntimeSettings (434)
[2017.09.11-17.53.10:512][308]LogModuleManager: Shutting down and abandoning module AndroidRuntimeSettings (432)
[2017.09.11-17.53.10:512][308]LogModuleManager: Shutting down and abandoning module InputBindingEditor (430)
[2017.09.11-17.53.10:513][308]LogModuleManager: Shutting down and abandoning module MergeActors (428)
[2017.09.11-17.53.10:513][308]LogModuleManager: Shutting down and abandoning module SizeMap (426)
[2017.09.11-17.53.10:513][308]LogModuleManager: Shutting down and abandoning module TreeMap (424)
[2017.09.11-17.53.10:514][308]LogModuleManager: Shutting down and abandoning module ReferenceViewer (422)
[2017.09.11-17.53.10:514][308]LogModuleManager: Shutting down and abandoning module LocalizationDashboard (420)
[2017.09.11-17.53.10:515][308]LogModuleManager: Shutting down and abandoning module LocalizationService (419)
[2017.09.11-17.53.10:515][308]LogModuleManager: Shutting down and abandoning module HardwareTargeting (416)
[2017.09.11-17.53.10:515][308]LogModuleManager: Shutting down and abandoning module DeviceProfileEditor (414)
[2017.09.11-17.53.10:516][308]LogModuleManager: Shutting down and abandoning module UndoHistory (412)
[2017.09.11-17.53.10:516][308]LogModuleManager: Shutting down and abandoning module UserFeedback (410)
[2017.09.11-17.53.10:516][308]LogModuleManager: Shutting down and abandoning module XmlParser (408)
[2017.09.11-17.53.10:516][308]LogModuleManager: Shutting down and abandoning module Blutility (406)
[2017.09.11-17.53.10:516][308]LogModuleManager: Shutting down and abandoning module ProjectSettingsViewer (404)
[2017.09.11-17.53.10:517][308]LogModuleManager: Shutting down and abandoning module ProjectTargetPlatformEditor (403)
[2017.09.11-17.53.10:517][308]LogModuleManager: Shutting down and abandoning module EditorSettingsViewer (400)
[2017.09.11-17.53.10:517][308]LogModuleManager: Shutting down and abandoning module SettingsEditor (398)
[2017.09.11-17.53.10:518][308]LogModuleManager: Shutting down and abandoning module ProjectLauncher (396)
[2017.09.11-17.53.10:518][308]LogModuleManager: Shutting down and abandoning module SessionFrontend (394)
[2017.09.11-17.53.10:519][308]LogModuleManager: Shutting down and abandoning module ProfilerClient (392)
[2017.09.11-17.53.10:520][308]LogModuleManager: Shutting down and abandoning module DeviceManager (390)
[2017.09.11-17.53.10:520][308]LogModuleManager: Shutting down and abandoning module TargetDeviceServices (389)
[2017.09.11-17.53.10:585][308]LogModuleManager: Shutting down and abandoning module AutomationController (386)
[2017.09.11-17.53.10:586][308]LogModuleManager: Shutting down and abandoning module AutomationWindow (384)
[2017.09.11-17.53.10:587][308]LogModuleManager: Shutting down and abandoning module Layers (382)
[2017.09.11-17.53.10:588][308]LogModuleManager: Shutting down and abandoning module ComponentVisualizers (380)
[2017.09.11-17.53.10:588][308]LogModuleManager: Shutting down and abandoning module DetailCustomizations (378)
[2017.09.11-17.53.10:589][308]LogModuleManager: Shutting down and abandoning module PackagesDialog (376)
[2017.09.11-17.53.10:589][308]LogModuleManager: Shutting down and abandoning module Persona (374)
[2017.09.11-17.53.10:591][308]LogModuleManager: Shutting down and abandoning module AdvancedPreviewScene (373)
[2017.09.11-17.53.10:591][308]LogModuleManager: Shutting down and abandoning module AnimGraph (371)
[2017.09.11-17.53.10:591][308]LogModuleManager: Shutting down and abandoning module Kismet (368)
[2017.09.11-17.53.10:605][308]LogModuleManager: Shutting down and abandoning module ClassViewer (366)
[2017.09.11-17.53.10:605][308]LogModuleManager: Shutting down and abandoning module Toolbox (364)
[2017.09.11-17.53.10:605][308]LogModuleManager: Shutting down and abandoning module ModuleUI (362)
[2017.09.11-17.53.10:605][308]LogModuleManager: Shutting down and abandoning module MovieSceneTools (360)
[2017.09.11-17.53.10:606][308]LogModuleManager: Shutting down and abandoning module OutputLog (358)
[2017.09.11-17.53.10:607][308]LogModuleManager: Shutting down and abandoning module GammaUI (356)
[2017.09.11-17.53.10:607][308]LogModuleManager: Shutting down and abandoning module Documentation (354)
[2017.09.11-17.53.10:607][308]LogModuleManager: Shutting down and abandoning module MovieSceneTracks (352)
[2017.09.11-17.53.10:607][308]LogModuleManager: Shutting down and abandoning module MovieScene (350)
[2017.09.11-17.53.10:607][308]LogModuleManager: Shutting down and abandoning module Niagara (348)
[2017.09.11-17.53.10:607][308]LogModuleManager: Shutting down and abandoning module NiagaraEditor (347)
[2017.09.11-17.53.10:609][308]LogModuleManager: Shutting down and abandoning module StreamingPauseRendering (344)
[2017.09.11-17.53.10:609][308]LogModuleManager: Shutting down and abandoning module AnalyticsET (342)
[2017.09.11-17.53.10:609][308]LogModuleManager: Shutting down and abandoning module PortalServices (340)
[2017.09.11-17.53.10:609][308]LogModuleManager: Shutting down and abandoning module PortalRpc (338)
[2017.09.11-17.53.10:609][308]LogModuleManager: Shutting down and abandoning module MessagingRpc (336)
[2017.09.11-17.53.10:609][308]LogModuleManager: Shutting down and abandoning module AIModule (334)
[2017.09.11-17.53.10:609][308]LogModuleManager: Shutting down and abandoning module GameplayDebugger (333)
[2017.09.11-17.53.10:609][308]LogModuleManager: Shutting down and abandoning module AITestSuite (331)
[2017.09.11-17.53.10:610][308]LogModuleManager: Shutting down and abandoning module ProfilerService (328)
[2017.09.11-17.53.10:704][308]LogModuleManager: Shutting down and abandoning module TaskGraph (326)
[2017.09.11-17.53.10:706][308]LogModuleManager: Shutting down and abandoning module SteamVRController (324)
[2017.09.11-17.53.10:706][308]LogModuleManager: Shutting down and abandoning module SteamVR (322)
[2017.09.11-17.53.10:706][308]LogModuleManager: Shutting down and abandoning module ProceduralMeshComponentEditor (320)
[2017.09.11-17.53.10:706][308]LogModuleManager: Shutting down and abandoning module ProceduralMeshComponent (318)
[2017.09.11-17.53.10:706][308]LogModuleManager: Shutting down and abandoning module OculusLibrary (316)
[2017.09.11-17.53.10:706][308]LogModuleManager: Shutting down and abandoning module OculusInput (314)
[2017.09.11-17.53.10:706][308]LogModuleManager: Shutting down and abandoning module MobilePatchingUtils (312)
[2017.09.11-17.53.10:706][308]LogModuleManager: Shutting down and abandoning module CustomMeshComponent (310)
[2017.09.11-17.53.10:706][308]LogModuleManager: Shutting down and abandoning module CableComponent (308)
[2017.09.11-17.53.10:706][308]LogModuleManager: Shutting down and abandoning module ArchVisCharacter (306)
[2017.09.11-17.53.10:706][308]LogModuleManager: Shutting down and abandoning module AndroidPermission (304)
[2017.09.11-17.53.10:706][308]LogModuleManager: Shutting down and abandoning module MediaPlayerEditor (300)
[2017.09.11-17.53.10:707][308]LogModuleManager: Shutting down and abandoning module HTML5Networking (298)
[2017.09.11-17.53.10:708][308]LogModuleManager: Shutting down and abandoning module AlembicImporter (296)
[2017.09.11-17.53.10:708][308]LogModuleManager: Shutting down and abandoning module AlembicLibrary (295)
[2017.09.11-17.53.10:708][308]LogModuleManager: Shutting down and abandoning module GeometryCache (294)
[2017.09.11-17.53.10:708][308]LogModuleManager: Shutting down and abandoning module GeometryCacheEd (293)
[2017.09.11-17.53.10:708][308]LogModuleManager: Shutting down and abandoning module SuperSearchEditor (288)
[2017.09.11-17.53.10:708][308]LogModuleManager: Shutting down and abandoning module SuperSearch (287)
[2017.09.11-17.53.10:708][308]LogModuleManager: Shutting down and abandoning module SpeedTreeImporter (284)
[2017.09.11-17.53.10:708][308]LogModuleManager: Shutting down and abandoning module PluginBrowser (282)
[2017.09.11-17.53.10:709][308]LogModuleManager: Shutting down and abandoning module MobileLauncherProfileWizard (280)
[2017.09.11-17.53.10:710][308]LogModuleManager: Shutting down and abandoning module VisualStudioSourceCodeAccess (278)
[2017.09.11-17.53.10:710][308]LogModuleManager: Shutting down and abandoning module DesktopPlatform (277)
[2017.09.11-17.53.10:710][308]LogModuleManager: Shutting down and abandoning module UObjectPlugin (274)
[2017.09.11-17.53.10:710][308]LogModuleManager: Shutting down and abandoning module SubversionSourceControl (272)
[2017.09.11-17.53.10:710][308]LogModuleManager: Shutting down and abandoning module PerforceSourceControl (270)
[2017.09.11-17.53.10:711][308]LogModuleManager: Shutting down and abandoning module GitSourceControl (268)
[2017.09.11-17.53.10:711][308]LogModuleManager: Shutting down and abandoning module SourceControl (267)
[2017.09.11-17.53.10:711][308]LogModuleManager: Shutting down and abandoning module LightPropagationVolumeEditor (264)
[2017.09.11-17.53.10:711][308]LogModuleManager: Shutting down and abandoning module PaperTiledImporter (262)
[2017.09.11-17.53.10:711][308]LogModuleManager: Shutting down and abandoning module PaperSpriteSheetImporter (260)
[2017.09.11-17.53.10:711][308]LogModuleManager: Shutting down and abandoning module Paper2DEditor (258)
[2017.09.11-17.53.10:712][308]LogModuleManager: Shutting down and abandoning module MeshPaint (257)
[2017.09.11-17.53.10:713][308]LogModuleManager: Shutting down and abandoning module LevelEditor (255)
[2017.09.11-17.53.10:714][308]LogModuleManager: Shutting down and abandoning module PixelInspectorModule (254)
[2017.09.11-17.53.10:715][308]LogModuleManager: Shutting down and abandoning module MainFrame (252)
[2017.09.11-17.53.10:715][308]LogModuleManager: Shutting down and abandoning module HotReload (251)
[2017.09.11-17.53.10:716][308]LogModuleManager: Shutting down and abandoning module PhysXVehiclesEditor (246)
[2017.09.11-17.53.10:716][308]LogModuleManager: Shutting down and abandoning module PhysXVehicles (244)
[2017.09.11-17.53.10:716][308]LogModuleManager: Shutting down and abandoning module LocationServicesBPLibrary (242)
[2017.09.11-17.53.10:716][308]LogModuleManager: Shutting down and abandoning module ImmediatePhysicsEditor (240)
[2017.09.11-17.53.10:716][308]LogModuleManager: Shutting down and abandoning module ImmediatePhysics (238)
[2017.09.11-17.53.10:717][308]LogModuleManager: Shutting down and abandoning module UdpMessaging (236)
[2017.09.11-17.53.10:818][308]LogModuleManager: Shutting down and abandoning module TcpMessaging (234)
[2017.09.11-17.53.10:919][308]LogModuleManager: Shutting down and abandoning module GameplayTagsEditor (232)
[2017.09.11-17.53.10:920][308]LogModuleManager: Shutting down and abandoning module FacialAnimationEditor (230)
[2017.09.11-17.53.10:920][308]LogModuleManager: Shutting down and abandoning module FacialAnimation (228)
[2017.09.11-17.53.10:920][308]LogModuleManager: Shutting down and abandoning module AssetManagerEditor (226)
[2017.09.11-17.53.10:921][308]LogModuleManager: Shutting down and abandoning module GraphEditor (225)
[2017.09.11-17.53.10:921][308]LogModuleManager: Shutting down and abandoning module ContentBrowser (223)
[2017.09.11-17.53.10:923][308]LogModuleManager: Shutting down and abandoning module LightPropagationVolumeRuntime (220)
[2017.09.11-17.53.10:923][308]LogModuleManager: Shutting down and abandoning module Paper2D (218)
[2017.09.11-17.53.10:923][308]LogModuleManager: Shutting down and abandoning module WindowsMoviePlayer (216)
[2017.09.11-17.53.10:923][308]LogModuleManager: Shutting down and abandoning module WmfMedia (214)
[2017.09.11-17.53.10:923][308]LogModuleManager: Shutting down and abandoning module ClothingSystemEditor (212)
[2017.09.11-17.53.10:923][308]LogModuleManager: Shutting down and abandoning module ClothingSystemRuntime (210)
[2017.09.11-17.53.10:924][308]LogModuleManager: Shutting down and abandoning module MediaAssets (208)
[2017.09.11-17.53.10:924][308]LogModuleManager: Shutting down and abandoning module GameLiveStreaming (206)
[2017.09.11-17.53.10:924][308]LogModuleManager: Shutting down and abandoning module VREditor (204)
[2017.09.11-17.53.10:925][308]LogModuleManager: Shutting down and abandoning module StringTableEditor (202)
[2017.09.11-17.53.10:926][308]LogModuleManager: Shutting down and abandoning module GameplayTasksEditor (200)
[2017.09.11-17.53.10:926][308]LogModuleManager: Shutting down and abandoning module BehaviorTreeEditor (198)
[2017.09.11-17.53.10:927][308]LogModuleManager: Shutting down and abandoning module FunctionalTesting (196)
[2017.09.11-17.53.10:927][308]LogModuleManager: Shutting down and abandoning module CollisionAnalyzer (194)
[2017.09.11-17.53.10:928][308]LogModuleManager: Shutting down and abandoning module UMG (192)
[2017.09.11-17.53.10:928][308]LogModuleManager: Shutting down and abandoning module UMGEditor (191)
[2017.09.11-17.53.10:930][308]LogModuleManager: Shutting down and abandoning module Sequencer (190)
[2017.09.11-17.53.10:931][308]LogModuleManager: Shutting down and abandoning module AssetTools (188)
[2017.09.11-17.53.10:932][308]LogModuleManager: Shutting down and abandoning module MessageLog (187)
[2017.09.11-17.53.10:932][308]LogModuleManager: Shutting down and abandoning module WorkspaceMenuStructure (186)
[2017.09.11-17.53.10:933][308]LogModuleManager: Shutting down and abandoning module SlateReflector (180)
[2017.09.11-17.53.10:935][308]LogModuleManager: Shutting down and abandoning module Slate (178)
[2017.09.11-17.53.10:935][308]LogModuleManager: Shutting down and abandoning module EditorStyle (176)
[2017.09.11-17.53.10:937][308]LogModuleManager: Shutting down and abandoning module SourceCodeAccess (174)
[2017.09.11-17.53.10:937][308]LogModuleManager: Shutting down and abandoning module HeadMountedDisplay (172)
[2017.09.11-17.53.10:937][308]LogModuleManager: Shutting down and abandoning module XAudio2 (170)
[2017.09.11-17.53.10:937][308]LogModuleManager: Shutting down and abandoning module Networking (168)
[2017.09.11-17.53.10:937][308]LogModuleManager: Shutting down and abandoning module Core (164)
[2017.09.11-17.53.10:937][308]LogModuleManager: Shutting down and abandoning module AssetRegistry (162)
[2017.09.11-17.53.11:151][308]LogDirectoryWatcher: A directory notification for '../../../Engine/Content/' was aborted.
[2017.09.11-17.53.11:151][308]LogDirectoryWatcher: A directory notification for 'E:/Usuario/Ruben/UNIVERSIDAD/TFG/Postwar/Content/' was aborted.
[2017.09.11-17.53.11:151][308]LogDirectoryWatcher: A directory notification for '../../../Engine/Plugins/2D/Paper2D/Content/' was aborted.
[2017.09.11-17.53.11:151][308]LogDirectoryWatcher: A directory notification for '../../../Engine/Plugins/Runtime/GearVR/Content/' was aborted.
[2017.09.11-17.53.11:162][308]LogModuleManager: Shutting down and abandoning module DirectoryWatcher (161)
[2017.09.11-17.53.11:167][308]LogModuleManager: Shutting down and abandoning module KismetCompiler (158)
[2017.09.11-17.53.11:167][308]LogModuleManager: Shutting down and abandoning module LevelSequence (156)
[2017.09.11-17.53.11:167][308]LogModuleManager: Shutting down and abandoning module PhysXFormats (154)
[2017.09.11-17.53.11:167][308]LogModuleManager: Shutting down and abandoning module MeshUtilities (152)
[2017.09.11-17.53.11:168][308]LogModuleManager: Shutting down and abandoning module SimplygonSwarm (151)
[2017.09.11-17.53.11:169][308]LogModuleManager: Shutting down and abandoning module SimplygonMeshReduction (149)
[2017.09.11-17.53.11:169][308]LogModuleManager: Shutting down and abandoning module QuadricMeshReduction (147)
[2017.09.11-17.53.11:169][308]LogModuleManager: Shutting down and abandoning module DerivedDataCache (144)
[2017.09.11-17.53.11:267][308]LogDerivedDataCache: Shutdown
[2017.09.11-17.53.11:268][308]LogModuleManager: Shutting down and abandoning module TargetPlatform (142)
[2017.09.11-17.53.11:269][308]LogModuleManager: Shutting down and abandoning module VulkanShaderFormat (141)
[2017.09.11-17.53.11:269][308]LogModuleManager: Shutting down and abandoning module ShaderFormatVectorVM (139)
[2017.09.11-17.53.11:270][308]LogModuleManager: Shutting down and abandoning module ShaderFormatOpenGL (137)
[2017.09.11-17.53.11:270][308]LogModuleManager: Shutting down and abandoning module ShaderFormatD3D (135)
[2017.09.11-17.53.11:270][308]LogModuleManager: Shutting down and abandoning module MetalShaderFormat (133)
[2017.09.11-17.53.11:271][308]LogModuleManager: Shutting down and abandoning module TextureFormatUncompressed (131)
[2017.09.11-17.53.11:271][308]LogModuleManager: Shutting down and abandoning module TextureFormatPVR (129)
[2017.09.11-17.53.11:271][308]LogModuleManager: Shutting down and abandoning module TextureFormatDXT (127)
[2017.09.11-17.53.11:271][308]LogModuleManager: Shutting down and abandoning module TextureFormatIntelISPCTexComp (125)
[2017.09.11-17.53.11:271][308]LogModuleManager: Shutting down and abandoning module TextureFormatASTC (123)
[2017.09.11-17.53.11:271][308]LogModuleManager: Shutting down and abandoning module ImageWrapper (122)
[2017.09.11-17.53.11:271][308]LogModuleManager: Shutting down and abandoning module TextureFormatAndroid (119)
[2017.09.11-17.53.11:271][308]LogModuleManager: Shutting down and abandoning module AudioFormatOpus (117)
[2017.09.11-17.53.11:271][308]LogModuleManager: Shutting down and abandoning module AudioFormatOgg (115)
[2017.09.11-17.53.11:271][308]LogModuleManager: Shutting down and abandoning module AudioFormatADPCM (113)
[2017.09.11-17.53.11:271][308]LogModuleManager: Shutting down and abandoning module LinuxTargetPlatform (111)
[2017.09.11-17.53.11:271][308]LogModuleManager: Shutting down and abandoning module LinuxServerTargetPlatform (109)
[2017.09.11-17.53.11:271][308]LogModuleManager: Shutting down and abandoning module LinuxNoEditorTargetPlatform (107)
[2017.09.11-17.53.11:271][308]LogModuleManager: Shutting down and abandoning module LinuxClientTargetPlatform (105)
[2017.09.11-17.53.11:271][308]LogModuleManager: Shutting down and abandoning module TVOSTargetPlatform (103)
[2017.09.11-17.53.11:271][308]LogModuleManager: Shutting down and abandoning module Messaging (101)
[2017.09.11-17.53.11:271][308]LogModuleManager: Shutting down and abandoning module IOSTargetPlatform (99)
[2017.09.11-17.53.11:271][308]LogModuleManager: Shutting down and abandoning module HTML5TargetPlatform (97)
[2017.09.11-17.53.11:272][308]LogModuleManager: Shutting down and abandoning module Android_PVRTCTargetPlatform (95)
[2017.09.11-17.53.11:272][308]LogModuleManager: Shutting down and abandoning module Android_MultiTargetPlatform (93)
[2017.09.11-17.53.11:272][308]LogModuleManager: Shutting down and abandoning module Android_ETC2TargetPlatform (91)
[2017.09.11-17.53.11:272][308]LogModuleManager: Shutting down and abandoning module Android_ETC1TargetPlatform (89)
[2017.09.11-17.53.11:272][308]LogModuleManager: Shutting down and abandoning module Android_DXTTargetPlatform (87)
[2017.09.11-17.53.11:272][308]LogModuleManager: Shutting down and abandoning module Android_ATCTargetPlatform (85)
[2017.09.11-17.53.11:272][308]LogModuleManager: Shutting down and abandoning module Android_ASTCTargetPlatform (83)
[2017.09.11-17.53.11:272][308]LogModuleManager: Shutting down and abandoning module AndroidTargetPlatform (81)
[2017.09.11-17.53.11:272][308]LogModuleManager: Shutting down and abandoning module WindowsTargetPlatform (79)
[2017.09.11-17.53.11:272][308]LogModuleManager: Shutting down and abandoning module WindowsServerTargetPlatform (77)
[2017.09.11-17.53.11:272][308]LogModuleManager: Shutting down and abandoning module WindowsNoEditorTargetPlatform (75)
[2017.09.11-17.53.11:272][308]LogModuleManager: Shutting down and abandoning module WindowsClientTargetPlatform (73)
[2017.09.11-17.53.11:272][308]LogModuleManager: Shutting down and abandoning module MacTargetPlatform (71)
[2017.09.11-17.53.11:272][308]LogModuleManager: Shutting down and abandoning module MacServerTargetPlatform (69)
[2017.09.11-17.53.11:272][308]LogModuleManager: Shutting down and abandoning module MacNoEditorTargetPlatform (67)
[2017.09.11-17.53.11:272][308]LogModuleManager: Shutting down and abandoning module MacClientTargetPlatform (65)
[2017.09.11-17.53.11:272][308]LogModuleManager: Shutting down and abandoning module AllDesktopTargetPlatform (63)
[2017.09.11-17.53.11:272][308]LogModuleManager: Shutting down and abandoning module InputCore (60)
[2017.09.11-17.53.11:272][308]LogModuleManager: Shutting down and abandoning module Settings (58)
[2017.09.11-17.53.11:272][308]LogModuleManager: Shutting down and abandoning module OculusRift (56)
[2017.09.11-17.53.11:273][308]LogModuleManager: Shutting down and abandoning module GearVRController (54)
[2017.09.11-17.53.11:273][308]LogModuleManager: Shutting down and abandoning module GearVR (52)
[2017.09.11-17.53.11:273][308]LogModuleManager: Shutting down and abandoning module ExampleDeviceProfileSelector (50)
[2017.09.11-17.53.11:273][308]LogModuleManager: Shutting down and abandoning module OnlineBlueprintSupport (48)
[2017.09.11-17.53.11:273][308]LogModuleManager: Shutting down and abandoning module OnlineSubsystem (44)
[2017.09.11-17.53.11:273][308]LogOnline:Display: Unloading online subsystem: NULL
[2017.09.11-17.53.11:274][308]LogModuleManager: Shutting down and abandoning module XMPP (43)
[2017.09.11-17.53.11:276][308]LogModuleManager: Shutting down and abandoning module HTTP (41)
[2017.09.11-17.53.11:276][308]LogHttp:Display: Http module shutting down, but needs to wait on 1 outstanding Http requests:
[2017.09.11-17.53.11:276][308]LogHttp:Display: 	verb=[POST] url=[https://datarouter.ol.epicgames.com/datarouter/api/v1/public/data?SessionID=%7B77000F2B-4F27-F92A-68D8-69BF20F03F21%7D&AppID=UEEditor.Rocket.Release&AppVersion=4.16.2-3514769%2B%2B%2BUE4%2BRelease-4.16&UserID=78865e4d4a8ae815e8d400bc6125e577%7C5361294e5f654db5881228f5582e9124%7C456667b1-22e8-45ef-a524-8410a492a64f&AppEnvironment=datacollector-binary&UploadType=eteventstream] status=Processing
[2017.09.11-17.53.11:306][308]LogModuleManager: Shutting down and abandoning module SSL (40)
[2017.09.11-17.53.11:310][308]LogModuleManager: Shutting down and abandoning module HTTPChunkInstaller (36)
[2017.09.11-17.53.11:311][308]LogModuleManager: Shutting down and abandoning module AnimationModifiers (34)
[2017.09.11-17.53.11:311][308]LogModuleManager: Shutting down and abandoning module PropertyEditor (33)
[2017.09.11-17.53.11:311][308]LogModuleManager: Shutting down and abandoning module AudioEditor (30)
[2017.09.11-17.53.11:312][308]LogModuleManager: Shutting down and abandoning module TextureCompressor (28)
[2017.09.11-17.53.11:312][308]LogModuleManager: Shutting down and abandoning module ShaderCore (26)
[2017.09.11-17.53.11:312][308]LogModuleManager: Shutting down and abandoning module Landscape (24)
[2017.09.11-17.53.11:312][308]LogModuleManager: Shutting down and abandoning module SlateRHIRenderer (22)
[2017.09.11-17.53.11:318][308]LogModuleManager: Shutting down and abandoning module OpenGLDrv (20)
[2017.09.11-17.53.11:319][308]LogModuleManager: Shutting down and abandoning module D3D11RHI (18)
[2017.09.11-17.53.11:319][308]LogModuleManager: Shutting down and abandoning module AnimGraphRuntime (16)
[2017.09.11-17.53.11:320][308]LogModuleManager: Shutting down and abandoning module Renderer (14)
[2017.09.11-17.53.11:320][308]LogModuleManager: Shutting down and abandoning module Engine (12)
[2017.09.11-17.53.11:320][308]LogModuleManager: Shutting down and abandoning module CoreUObject (10)
[2017.09.11-17.53.11:320][308]LogModuleManager: Shutting down and abandoning module NetworkFile (8)
[2017.09.11-17.53.11:320][308]LogModuleManager: Shutting down and abandoning module StreamingFile (6)
[2017.09.11-17.53.11:320][308]LogModuleManager: Shutting down and abandoning module SandboxFile (4)
[2017.09.11-17.53.11:320][308]LogModuleManager: Shutting down and abandoning module PakFile (2)
[2017.09.11-17.53.11:322][308]LogExit: Exiting.
[2017.09.11-17.53.11:349][308]Log file closed, 09/11/17 19:53:11
